[ 2017-06-13T19:17:40+08:00 ] ::1 /SignUpSys/index.php/Home/Login
INFO: [ app_init ] --START--
INFO: Run Behavior\BuildLiteBehavior [ RunTime:0.000000s ]
INFO: [ app_init ] --END-- [ RunTime:0.001001s ]
INFO: [ app_begin ] --START--
INFO: Run Behavior\ReadHtmlCacheBehavior [ RunTime:0.000000s ]
INFO: [ app_begin ] --END-- [ RunTime:0.000000s ]
SQL: SHOW COLUMNS FROM `su_student_choice` [ RunTime:0.0020s ]
SQL: SHOW COLUMNS FROM `su_student` [ RunTime:0.0020s ]
INFO: [ view_parse ] --START--
INFO: [ template_filter ] --START--
INFO: Run Behavior\ContentReplaceBehavior [ RunTime:0.000000s ]
INFO: [ template_filter ] --END-- [ RunTime:0.000000s ]
NOTIC: [8] Use of undefined constant HOME_JS_URL - assumed 'HOME_JS_URL' E:\DevelopTools\xampp\htdocs\SignUpSys\Runtime\Cache\Home\29043a4c167ab71e7ddaec218a6a2780.php 第 37 行.
INFO: Run Behavior\ParseTemplateBehavior [ RunTime:0.061003s ]
INFO: [ view_parse ] --END-- [ RunTime:0.061003s ]
INFO: [ view_filter ] --START--
INFO: Run Behavior\WriteHtmlCacheBehavior [ RunTime:0.000000s ]
INFO: [ view_filter ] --END-- [ RunTime:0.000000s ]
INFO: [ app_end ] --START--
INFO: Run Behavior\ShowPageTraceBehavior [ RunTime:0.000000s ]
INFO: [ app_end ] --END-- [ RunTime:0.000000s ]

[ 2017-06-13T19:17:40+08:00 ] ::1 /SignUpSys/index.php/Home/Login/verifyImg
INFO: [ app_init ] --START--
INFO: Run Behavior\BuildLiteBehavior [ RunTime:0.000000s ]
INFO: [ app_init ] --END-- [ RunTime:0.000000s ]
INFO: [ app_begin ] --START--
INFO: Run Behavior\ReadHtmlCacheBehavior [ RunTime:0.000000s ]
INFO: [ app_begin ] --END-- [ RunTime:0.001000s ]
SQL: SHOW COLUMNS FROM `su_student_choice` [ RunTime:0.0700s ]
SQL: SHOW COLUMNS FROM `su_student` [ RunTime:0.0020s ]
INFO: [ app_end ] --START--
INFO: Run Behavior\ShowPageTraceBehavior [ RunTime:0.001000s ]
INFO: [ app_end ] --END-- [ RunTime:0.001000s ]

[ 2017-06-13T19:17:52+08:00 ] ::1 /SignUpSys/index.php/Home/Login/doLogin
INFO: [ app_init ] --START--
INFO: Run Behavior\BuildLiteBehavior [ RunTime:0.000000s ]
INFO: [ app_init ] --END-- [ RunTime:0.000000s ]
INFO: [ app_begin ] --START--
INFO: Run Behavior\ReadHtmlCacheBehavior [ RunTime:0.000000s ]
INFO: [ app_begin ] --END-- [ RunTime:0.000000s ]
SQL: SHOW COLUMNS FROM `su_student_choice` [ RunTime:0.0020s ]
SQL: SHOW COLUMNS FROM `su_student` [ RunTime:0.0020s ]
SQL: SELECT * FROM `su_student` WHERE ( stu_Number=123 )  [ RunTime:0.0000s ]
INFO: [ app_end ] --START--
INFO: Run Behavior\ShowPageTraceBehavior [ RunTime:0.001000s ]
INFO: [ app_end ] --END-- [ RunTime:0.001000s ]

[ 2017-06-13T19:17:52+08:00 ] ::1 /SignUpSys/index.php/Home/Practice/index
INFO: [ app_init ] --START--
INFO: Run Behavior\BuildLiteBehavior [ RunTime:0.000000s ]
INFO: [ app_init ] --END-- [ RunTime:0.000000s ]
INFO: [ app_begin ] --START--
INFO: Run Behavior\ReadHtmlCacheBehavior [ RunTime:0.001000s ]
INFO: [ app_begin ] --END-- [ RunTime:0.001000s ]
SQL: SHOW COLUMNS FROM `su_training_tree` [ RunTime:0.0020s ]
SQL: SHOW COLUMNS FROM `su_student` [ RunTime:0.0030s ]
SQL: SHOW COLUMNS FROM `su_student_training` [ RunTime:0.0020s ]
SQL: SHOW COLUMNS FROM `su_manager` [ RunTime:0.0020s ]
SQL: SELECT `stu_Name`,`stu_Grade`,`stu_Profession`,`stu_Class` FROM `su_student` WHERE ( stu_Number = 123 )  [ RunTime:0.0000s ]
SQL: SELECT tra_TrNodeId AS ttr_NodeId FROM `su_student_training` WHERE ( tra_StuNumber = 123 )  [ RunTime:0.0000s ]
SQL: SELECT `ttr_NodeId`,`ttr_ParentId`,`ttr_Name`,`ttr_Limit`,`ttr_Synopsis` FROM `su_training_tree` WHERE (  `ttr_NodeId` = '19' ) OR (  `ttr_NodeId` = '24' ) OR (  `ttr_NodeId` = '27' )  [ RunTime:0.0010s ]
SQL: SELECT COUNT(tra_StuNumber) AS count FROM `su_student_training` WHERE ( tra_TrNodeId = 19 )  [ RunTime:0.0010s ]
NOTIC: [8] Undefined variable: table E:\DevelopTools\xampp\htdocs\SignUpSys\App\Home\Controller\PracticeController.class.php 第 55 行.
SQL: SELECT COUNT(tra_StuNumber) AS count FROM `su_student_training` WHERE ( tra_TrNodeId = 24 )  [ RunTime:0.0000s ]
SQL: SELECT COUNT(tra_StuNumber) AS count FROM `su_student_training` WHERE ( tra_TrNodeId = 27 )  [ RunTime:0.0000s ]
SQL: SELECT `mg_Rule` FROM `su_manager` WHERE ( mg_Name = 'admin' )  [ RunTime:0.0000s ]
INFO: [ view_parse ] --START--
INFO: [ template_filter ] --START--
INFO: Run Behavior\ContentReplaceBehavior [ RunTime:0.000000s ]
INFO: [ template_filter ] --END-- [ RunTime:0.000000s ]
INFO: Run Behavior\ParseTemplateBehavior [ RunTime:0.007001s ]
INFO: [ view_parse ] --END-- [ RunTime:0.007001s ]
INFO: [ view_filter ] --START--
INFO: Run Behavior\WriteHtmlCacheBehavior [ RunTime:0.000000s ]
INFO: [ view_filter ] --END-- [ RunTime:0.000000s ]
INFO: [ app_end ] --START--
INFO: Run Behavior\ShowPageTraceBehavior [ RunTime:0.001000s ]
INFO: [ app_end ] --END-- [ RunTime:0.001000s ]

[ 2017-06-13T19:17:52+08:00 ] ::1 /SignUpSys/index.php/Home/Login/verifyImg?0.5114075202842525
INFO: [ app_init ] --START--
INFO: Run Behavior\BuildLiteBehavior [ RunTime:0.000000s ]
INFO: [ app_init ] --END-- [ RunTime:0.000000s ]
INFO: [ app_begin ] --START--
INFO: Run Behavior\ReadHtmlCacheBehavior [ RunTime:0.000000s ]
INFO: [ app_begin ] --END-- [ RunTime:0.000000s ]
SQL: SHOW COLUMNS FROM `su_student_choice` [ RunTime:0.0020s ]
SQL: SHOW COLUMNS FROM `su_student` [ RunTime:0.0020s ]
INFO: [ app_end ] --START--
INFO: Run Behavior\ShowPageTraceBehavior [ RunTime:0.000000s ]
INFO: [ app_end ] --END-- [ RunTime:0.001000s ]

[ 2017-06-13T19:17:53+08:00 ] ::1 /SignUpSys/index.php/Home/Practice/getTTree
INFO: [ app_init ] --START--
INFO: Run Behavior\BuildLiteBehavior [ RunTime:0.000000s ]
INFO: [ app_init ] --END-- [ RunTime:0.000000s ]
INFO: [ app_begin ] --START--
INFO: Run Behavior\ReadHtmlCacheBehavior [ RunTime:0.000000s ]
INFO: [ app_begin ] --END-- [ RunTime:0.000000s ]
SQL: SHOW COLUMNS FROM `su_training_tree` [ RunTime:0.0020s ]
SQL: SHOW COLUMNS FROM `su_student` [ RunTime:0.0020s ]
SQL: SHOW COLUMNS FROM `su_student_training` [ RunTime:0.0020s ]
SQL: SHOW COLUMNS FROM `su_manager` [ RunTime:0.0020s ]
SQL: SELECT `stu_Name`,`stu_Grade`,`stu_Profession`,`stu_Class` FROM `su_student` WHERE ( stu_Number = 123 )  [ RunTime:0.0000s ]
SQL: SELECT `ttr_NodeId`,`ttr_ParentId`,ttr_Name AS name,ttr_Level AS level,`ttr_Limit`,`ttr_Synopsis` FROM `su_training_tree` WHERE ( ttr_Name = '计算机科学与技术' )  [ RunTime:0.0000s ]
SQL: SELECT `ttr_NodeId`,`ttr_ParentId`,ttr_Name AS name,ttr_Level AS level,`ttr_Limit`,`ttr_Synopsis` FROM `su_training_tree` WHERE ( ttr_Name = '2014' AND ttr_ParentId = '5'  )  [ RunTime:0.0000s ]
SQL: SELECT tra_TrNodeId AS ttr_NodeId FROM `su_student_training` WHERE ( tra_StuNumber = 123 )  [ RunTime:0.0000s ]
SQL: SELECT ttr_ParentId AS ttr_NodeId FROM `su_training_tree` WHERE (  `ttr_NodeId` = '19' ) OR (  `ttr_NodeId` = '24' ) OR (  `ttr_NodeId` = '27' )  [ RunTime:0.0010s ]
SQL: SELECT `ttr_NodeId`,`ttr_ParentId`,ttr_Name AS name,ttr_Level AS level,`ttr_Limit`,`ttr_Synopsis` FROM `su_training_tree` WHERE `ttr_NodeId` NOT IN ('13','23','26') AND `ttr_ParentId` = 6  [ RunTime:0.0000s ]
INFO: [ app_end ] --START--
INFO: Run Behavior\ShowPageTraceBehavior [ RunTime:0.000000s ]
INFO: [ app_end ] --END-- [ RunTime:0.000000s ]

[ 2017-06-13T19:19:28+08:00 ] ::1 /SignUpSys/index.php/Home/Practice/logout
INFO: [ app_init ] --START--
INFO: Run Behavior\BuildLiteBehavior [ RunTime:0.000000s ]
INFO: [ app_init ] --END-- [ RunTime:0.000000s ]
INFO: [ app_begin ] --START--
INFO: Run Behavior\ReadHtmlCacheBehavior [ RunTime:0.002000s ]
INFO: [ app_begin ] --END-- [ RunTime:0.002000s ]
SQL: SHOW COLUMNS FROM `su_training_tree` [ RunTime:0.0020s ]
SQL: SHOW COLUMNS FROM `su_student` [ RunTime:0.0020s ]
SQL: SHOW COLUMNS FROM `su_student_training` [ RunTime:0.0010s ]
SQL: SHOW COLUMNS FROM `su_manager` [ RunTime:0.0010s ]
SQL: SELECT `stu_Name`,`stu_Grade`,`stu_Profession`,`stu_Class` FROM `su_student` WHERE ( stu_Number = 123 )  [ RunTime:0.0000s ]

[ 2017-06-13T19:19:28+08:00 ] ::1 /SignUpSys/index.php/Home/Practice/Login.html
INFO: [ app_init ] --START--
INFO: Run Behavior\BuildLiteBehavior [ RunTime:0.000000s ]
INFO: [ app_init ] --END-- [ RunTime:0.001001s ]
INFO: [ app_begin ] --START--
INFO: Run Behavior\ReadHtmlCacheBehavior [ RunTime:0.001000s ]
INFO: [ app_begin ] --END-- [ RunTime:0.001000s ]

[ 2017-06-13T19:19:28+08:00 ] ::1 /SignUpSys/index.php/Home/Login/index.html
INFO: [ app_init ] --START--
INFO: Run Behavior\BuildLiteBehavior [ RunTime:0.000000s ]
INFO: [ app_init ] --END-- [ RunTime:0.001000s ]
INFO: [ app_begin ] --START--
INFO: Run Behavior\ReadHtmlCacheBehavior [ RunTime:0.001000s ]
INFO: [ app_begin ] --END-- [ RunTime:0.001000s ]
SQL: SHOW COLUMNS FROM `su_student_choice` [ RunTime:0.0020s ]
SQL: SHOW COLUMNS FROM `su_student` [ RunTime:0.0020s ]
INFO: [ view_parse ] --START--
INFO: [ template_filter ] --START--
INFO: Run Behavior\ContentReplaceBehavior [ RunTime:0.000000s ]
INFO: [ template_filter ] --END-- [ RunTime:0.000000s ]
NOTIC: [8] Use of undefined constant HOME_JS_URL - assumed 'HOME_JS_URL' E:\DevelopTools\xampp\htdocs\SignUpSys\Runtime\Cache\Home\29043a4c167ab71e7ddaec218a6a2780.php 第 37 行.
INFO: Run Behavior\ParseTemplateBehavior [ RunTime:0.008001s ]
INFO: [ view_parse ] --END-- [ RunTime:0.008001s ]
INFO: [ view_filter ] --START--
INFO: Run Behavior\WriteHtmlCacheBehavior [ RunTime:0.001000s ]
INFO: [ view_filter ] --END-- [ RunTime:0.001000s ]
INFO: [ app_end ] --START--
INFO: Run Behavior\ShowPageTraceBehavior [ RunTime:0.001000s ]
INFO: [ app_end ] --END-- [ RunTime:0.001000s ]

[ 2017-06-13T19:19:28+08:00 ] ::1 /SignUpSys/index.php/Home/Login/verifyImg
INFO: [ app_init ] --START--
INFO: Run Behavior\BuildLiteBehavior [ RunTime:0.000000s ]
INFO: [ app_init ] --END-- [ RunTime:0.000000s ]
INFO: [ app_begin ] --START--
INFO: Run Behavior\ReadHtmlCacheBehavior [ RunTime:0.002001s ]
INFO: [ app_begin ] --END-- [ RunTime:0.002001s ]
SQL: SHOW COLUMNS FROM `su_student_choice` [ RunTime:0.0030s ]
SQL: SHOW COLUMNS FROM `su_student` [ RunTime:0.0020s ]
INFO: [ app_end ] --START--
INFO: Run Behavior\ShowPageTraceBehavior [ RunTime:0.003000s ]
INFO: [ app_end ] --END-- [ RunTime:0.003000s ]

[ 2017-06-13T19:31:18+08:00 ] ::1 /SignUpSys/index.php/Home/Login/doLogin
INFO: [ app_init ] --START--
INFO: Run Behavior\BuildLiteBehavior [ RunTime:0.000000s ]
INFO: [ app_init ] --END-- [ RunTime:0.001000s ]
INFO: [ app_begin ] --START--
INFO: Run Behavior\ReadHtmlCacheBehavior [ RunTime:0.001000s ]
INFO: [ app_begin ] --END-- [ RunTime:0.001000s ]
SQL: SHOW COLUMNS FROM `su_student_choice` [ RunTime:0.0020s ]
SQL: SHOW COLUMNS FROM `su_student` [ RunTime:0.0030s ]
SQL: SELECT * FROM `su_student` WHERE ( stu_Number=123 )  [ RunTime:0.0000s ]
INFO: [ app_end ] --START--
INFO: Run Behavior\ShowPageTraceBehavior [ RunTime:0.002001s ]
INFO: [ app_end ] --END-- [ RunTime:0.002001s ]

[ 2017-06-13T19:31:18+08:00 ] ::1 /SignUpSys/index.php/Home/Student/choice
INFO: [ app_init ] --START--
INFO: Run Behavior\BuildLiteBehavior [ RunTime:0.000000s ]
INFO: [ app_init ] --END-- [ RunTime:0.001000s ]
INFO: [ app_begin ] --START--
INFO: Run Behavior\ReadHtmlCacheBehavior [ RunTime:0.001000s ]
INFO: [ app_begin ] --END-- [ RunTime:0.001000s ]
SQL: SHOW COLUMNS FROM `su_course_tree` [ RunTime:0.0030s ]
SQL: SHOW COLUMNS FROM `su_student` [ RunTime:0.0020s ]
SQL: SHOW COLUMNS FROM `su_student_choice` [ RunTime:0.0020s ]
SQL: SHOW COLUMNS FROM `su_manager` [ RunTime:0.0020s ]
SQL: SELECT `stu_Name`,`stu_Grade`,`stu_Profession`,`stu_Class` FROM `su_student` WHERE ( stu_Number = 123 )  [ RunTime:0.0010s ]
SQL: SELECT * FROM `su_student_choice` WHERE ( ch_StuNumber = 123 )  [ RunTime:0.0010s ]
SQL: SELECT `mg_Rule` FROM `su_manager` WHERE ( mg_Name = 'admin' )  [ RunTime:0.0000s ]
SQL: SELECT `stu_Name`,`stu_Grade`,`stu_Profession`,`stu_Class` FROM `su_student` WHERE ( stu_Number = 123 )  [ RunTime:0.0000s ]
INFO: [ view_parse ] --START--
INFO: [ template_filter ] --START--
INFO: Run Behavior\ContentReplaceBehavior [ RunTime:0.000000s ]
INFO: [ template_filter ] --END-- [ RunTime:0.000000s ]
INFO: Run Behavior\ParseTemplateBehavior [ RunTime:0.018001s ]
INFO: [ view_parse ] --END-- [ RunTime:0.018001s ]
INFO: [ view_filter ] --START--
INFO: Run Behavior\WriteHtmlCacheBehavior [ RunTime:0.001000s ]
INFO: [ view_filter ] --END-- [ RunTime:0.001000s ]
INFO: [ app_end ] --START--
INFO: Run Behavior\ShowPageTraceBehavior [ RunTime:0.001000s ]
INFO: [ app_end ] --END-- [ RunTime:0.001000s ]

[ 2017-06-13T19:31:18+08:00 ] ::1 /SignUpSys/index.php/Home/Login/verifyImg?0.5492566589017185
INFO: [ app_init ] --START--
INFO: Run Behavior\BuildLiteBehavior [ RunTime:0.000000s ]
INFO: [ app_init ] --END-- [ RunTime:0.001000s ]
INFO: [ app_begin ] --START--
INFO: Run Behavior\ReadHtmlCacheBehavior [ RunTime:0.001000s ]
INFO: [ app_begin ] --END-- [ RunTime:0.001000s ]
SQL: SHOW COLUMNS FROM `su_student_choice` [ RunTime:0.0030s ]
SQL: SHOW COLUMNS FROM `su_student` [ RunTime:0.0030s ]
INFO: [ app_end ] --START--
INFO: Run Behavior\ShowPageTraceBehavior [ RunTime:0.001000s ]
INFO: [ app_end ] --END-- [ RunTime:0.001000s ]

[ 2017-06-13T19:31:19+08:00 ] ::1 /SignUpSys/index.php/Home/Student/getCTree
INFO: [ app_init ] --START--
INFO: Run Behavior\BuildLiteBehavior [ RunTime:0.000000s ]
INFO: [ app_init ] --END-- [ RunTime:0.000000s ]
INFO: [ app_begin ] --START--
INFO: Run Behavior\ReadHtmlCacheBehavior [ RunTime:0.001000s ]
INFO: [ app_begin ] --END-- [ RunTime:0.001000s ]
SQL: SHOW COLUMNS FROM `su_course_tree` [ RunTime:0.0020s ]
SQL: SHOW COLUMNS FROM `su_student` [ RunTime:0.0020s ]
SQL: SHOW COLUMNS FROM `su_student_choice` [ RunTime:0.0020s ]
SQL: SHOW COLUMNS FROM `su_manager` [ RunTime:0.0010s ]
SQL: SELECT `stu_Name`,`stu_Grade`,`stu_Profession`,`stu_Class` FROM `su_student` WHERE ( stu_Number = 123 )  [ RunTime:0.0000s ]
SQL: SELECT * FROM `su_student_choice` WHERE ( ch_StuNumber = 123 )  [ RunTime:0.0000s ]
SQL: SELECT `mg_Rule` FROM `su_manager` WHERE ( mg_Name = 'admin' )  [ RunTime:0.0000s ]
SQL: SELECT `ctr_NodeId`,`ctr_ParentId`,ctr_Name AS name,ctr_Level AS level,`ctr_Limit`,`ctr_Synopsis` FROM `su_course_tree` WHERE ( ctr_Name = '计算机科学与技术' )  [ RunTime:0.0010s ]
SQL: SELECT `ctr_NodeId`,`ctr_ParentId`,ctr_Name AS name,ctr_Level AS level,`ctr_Limit`,`ctr_Synopsis` FROM `su_course_tree` WHERE ( ctr_ParentId = 4 )  [ RunTime:0.0000s ]
SQL: SELECT `ctr_NodeId`,`ctr_ParentId`,ctr_Name AS name,ctr_Level AS level,`ctr_Limit`,`ctr_Synopsis` FROM `su_course_tree` WHERE ( ctr_ParentId = 5 )  [ RunTime:0.0000s ]
SQL: SELECT `ctr_NodeId`,`ctr_ParentId`,ctr_Name AS name,ctr_Level AS level,`ctr_Limit`,`ctr_Synopsis` FROM `su_course_tree` WHERE ( ctr_ParentId = 12 )  [ RunTime:0.0000s ]
SQL: SELECT `ctr_NodeId`,`ctr_ParentId`,ctr_Name AS name,ctr_Level AS level,`ctr_Limit`,`ctr_Synopsis` FROM `su_course_tree` WHERE ( ctr_ParentId = 14 )  [ RunTime:0.0010s ]
SQL: SELECT `ctr_NodeId`,`ctr_ParentId`,ctr_Name AS name,ctr_Level AS level,`ctr_Limit`,`ctr_Synopsis` FROM `su_course_tree` WHERE ( ctr_ParentId = 15 )  [ RunTime:0.0000s ]
SQL: SELECT `ctr_NodeId`,`ctr_ParentId`,ctr_Name AS name,ctr_Level AS level,`ctr_Limit`,`ctr_Synopsis` FROM `su_course_tree` WHERE ( ctr_ParentId = 16 )  [ RunTime:0.0000s ]
SQL: SELECT `ctr_NodeId`,`ctr_ParentId`,ctr_Name AS name,ctr_Level AS level,`ctr_Limit`,`ctr_Synopsis` FROM `su_course_tree` WHERE ( ctr_ParentId = 17 )  [ RunTime:0.0000s ]
SQL: SELECT `ctr_NodeId`,`ctr_ParentId`,ctr_Name AS name,ctr_Level AS level,`ctr_Limit`,`ctr_Synopsis` FROM `su_course_tree` WHERE ( ctr_ParentId = 18 )  [ RunTime:0.0010s ]
SQL: SELECT `ctr_NodeId`,`ctr_ParentId`,ctr_Name AS name,ctr_Level AS level,`ctr_Limit`,`ctr_Synopsis` FROM `su_course_tree` WHERE ( ctr_ParentId = 19 )  [ RunTime:0.0000s ]
SQL: SELECT `ctr_NodeId`,`ctr_ParentId`,ctr_Name AS name,ctr_Level AS level,`ctr_Limit`,`ctr_Synopsis` FROM `su_course_tree` WHERE ( ctr_ParentId = 20 )  [ RunTime:0.0000s ]
SQL: SELECT `ctr_NodeId`,`ctr_ParentId`,ctr_Name AS name,ctr_Level AS level,`ctr_Limit`,`ctr_Synopsis` FROM `su_course_tree` WHERE ( ctr_ParentId = 21 )  [ RunTime:0.0000s ]
SQL: SELECT `ctr_NodeId`,`ctr_ParentId`,ctr_Name AS name,ctr_Level AS level,`ctr_Limit`,`ctr_Synopsis` FROM `su_course_tree` WHERE ( ctr_ParentId = 22 )  [ RunTime:0.0010s ]
SQL: SELECT `ctr_NodeId`,`ctr_ParentId`,ctr_Name AS name,ctr_Level AS level,`ctr_Limit`,`ctr_Synopsis` FROM `su_course_tree` WHERE ( ctr_ParentId = 23 )  [ RunTime:0.0000s ]
SQL: SELECT `ctr_NodeId`,`ctr_ParentId`,ctr_Name AS name,ctr_Level AS level,`ctr_Limit`,`ctr_Synopsis` FROM `su_course_tree` WHERE ( ctr_ParentId = 24 )  [ RunTime:0.0000s ]
SQL: SELECT `ctr_NodeId`,`ctr_ParentId`,ctr_Name AS name,ctr_Level AS level,`ctr_Limit`,`ctr_Synopsis` FROM `su_course_tree` WHERE ( ctr_ParentId = 25 )  [ RunTime:0.0000s ]
SQL: SELECT `ctr_NodeId`,`ctr_ParentId`,ctr_Name AS name,ctr_Level AS level,`ctr_Limit`,`ctr_Synopsis` FROM `su_course_tree` WHERE ( ctr_ParentId = 26 )  [ RunTime:0.0010s ]
SQL: SELECT `ctr_NodeId`,`ctr_ParentId`,ctr_Name AS name,ctr_Level AS level,`ctr_Limit`,`ctr_Synopsis` FROM `su_course_tree` WHERE ( ctr_ParentId = 27 )  [ RunTime:0.0000s ]
SQL: SELECT `ctr_NodeId`,`ctr_ParentId`,ctr_Name AS name,ctr_Level AS level,`ctr_Limit`,`ctr_Synopsis` FROM `su_course_tree` WHERE ( ctr_ParentId = 28 )  [ RunTime:0.0000s ]
SQL: SELECT `ctr_NodeId`,`ctr_ParentId`,ctr_Name AS name,ctr_Level AS level,`ctr_Limit`,`ctr_Synopsis` FROM `su_course_tree` WHERE ( ctr_ParentId = 29 )  [ RunTime:0.0000s ]
SQL: SELECT `ctr_NodeId`,`ctr_ParentId`,ctr_Name AS name,ctr_Level AS level,`ctr_Limit`,`ctr_Synopsis` FROM `su_course_tree` WHERE ( ctr_ParentId = 30 )  [ RunTime:0.0010s ]
INFO: [ app_end ] --START--
INFO: Run Behavior\ShowPageTraceBehavior [ RunTime:0.001000s ]
INFO: [ app_end ] --END-- [ RunTime:0.001000s ]

[ 2017-06-13T19:32:17+08:00 ] ::1 /SignUpSys/index.php/Home/Student/result?pId=12,19&id=14,20,21
INFO: [ app_init ] --START--
INFO: Run Behavior\BuildLiteBehavior [ RunTime:0.000000s ]
INFO: [ app_init ] --END-- [ RunTime:0.000000s ]
INFO: [ app_begin ] --START--
INFO: Run Behavior\ReadHtmlCacheBehavior [ RunTime:0.001000s ]
INFO: [ app_begin ] --END-- [ RunTime:0.001000s ]
SQL: SHOW COLUMNS FROM `su_course_tree` [ RunTime:0.0020s ]
SQL: SHOW COLUMNS FROM `su_student` [ RunTime:0.0020s ]
SQL: SHOW COLUMNS FROM `su_student_choice` [ RunTime:0.0010s ]
SQL: SHOW COLUMNS FROM `su_manager` [ RunTime:0.0020s ]
SQL: SELECT `stu_Name`,`stu_Grade`,`stu_Profession`,`stu_Class` FROM `su_student` WHERE ( stu_Number = 123 )  [ RunTime:0.0000s ]
SQL: SELECT * FROM `su_student_choice` WHERE ( ch_StuNumber = 123 )  [ RunTime:0.0000s ]
SQL: SELECT `mg_Rule` FROM `su_manager` WHERE ( mg_Name = 'admin' )  [ RunTime:0.0000s ]
SQL: SELECT `ctr_Name`,`ctr_Limit`,`ctr_Synopsis` FROM `su_course_tree` WHERE (  `ctr_NodeId` = '12' ) OR (  `ctr_NodeId` = '19' )  [ RunTime:0.0000s ]
NOTIC: [8] Undefined variable: str E:\DevelopTools\xampp\htdocs\SignUpSys\App\Home\Controller\StudentController.class.php 第 130 行.
SQL: SELECT `ctr_NodeId`,`ctr_ParentId`,`ctr_Name`,`ctr_Synopsis` FROM `su_course_tree` WHERE (  `ctr_NodeId` = '14' ) OR (  `ctr_NodeId` = '20' ) OR (  `ctr_NodeId` = '21' )  [ RunTime:0.0000s ]
SQL: SELECT COUNT(ch_StuNumber) AS count FROM `su_student_choice` WHERE ( ch_TrNodeId = 14 )  [ RunTime:0.0000s ]
SQL: SELECT `ctr_Limit` FROM `su_course_tree` WHERE ( ctr_NodeId = 12 )  [ RunTime:0.0000s ]
NOTIC: [8] Undefined variable: table E:\DevelopTools\xampp\htdocs\SignUpSys\App\Home\Controller\StudentController.class.php 第 136 行.
SQL: SELECT COUNT(ch_StuNumber) AS count FROM `su_student_choice` WHERE ( ch_TrNodeId = 20 )  [ RunTime:0.0000s ]
SQL: SELECT `ctr_Limit` FROM `su_course_tree` WHERE ( ctr_NodeId = 19 )  [ RunTime:0.0000s ]
SQL: SELECT COUNT(ch_StuNumber) AS count FROM `su_student_choice` WHERE ( ch_TrNodeId = 21 )  [ RunTime:0.0000s ]
SQL: SELECT `ctr_Limit` FROM `su_course_tree` WHERE ( ctr_NodeId = 19 )  [ RunTime:0.0000s ]
INFO: [ view_parse ] --START--
INFO: [ template_filter ] --START--
INFO: Run Behavior\ContentReplaceBehavior [ RunTime:0.000000s ]
INFO: [ template_filter ] --END-- [ RunTime:0.001000s ]
NOTIC: [8] Undefined variable: error E:\DevelopTools\xampp\htdocs\SignUpSys\Runtime\Cache\Home\637c833c3bf70fd9f9bc7553aba8640d.php 第 48 行.
INFO: Run Behavior\ParseTemplateBehavior [ RunTime:0.024002s ]
INFO: [ view_parse ] --END-- [ RunTime:0.024002s ]
INFO: [ view_filter ] --START--
INFO: Run Behavior\WriteHtmlCacheBehavior [ RunTime:0.000000s ]
INFO: [ view_filter ] --END-- [ RunTime:0.000000s ]
INFO: [ app_end ] --START--
INFO: Run Behavior\ShowPageTraceBehavior [ RunTime:0.001000s ]
INFO: [ app_end ] --END-- [ RunTime:0.001000s ]

[ 2017-06-13T19:32:20+08:00 ] ::1 /SignUpSys/index.php/Home/Student/submitResult?ids=14%2C20%2C21
INFO: [ app_init ] --START--
INFO: Run Behavior\BuildLiteBehavior [ RunTime:0.000000s ]
INFO: [ app_init ] --END-- [ RunTime:0.002000s ]
INFO: [ app_begin ] --START--
INFO: Run Behavior\ReadHtmlCacheBehavior [ RunTime:0.002000s ]
INFO: [ app_begin ] --END-- [ RunTime:0.002000s ]
SQL: SHOW COLUMNS FROM `su_course_tree` [ RunTime:0.0020s ]
SQL: SHOW COLUMNS FROM `su_student` [ RunTime:0.0060s ]
SQL: SHOW COLUMNS FROM `su_student_choice` [ RunTime:0.0050s ]
SQL: SHOW COLUMNS FROM `su_manager` [ RunTime:0.0030s ]
SQL: SELECT `stu_Name`,`stu_Grade`,`stu_Profession`,`stu_Class` FROM `su_student` WHERE ( stu_Number = 123 )  [ RunTime:0.0000s ]
SQL: SELECT * FROM `su_student_choice` WHERE ( ch_StuNumber = 123 )  [ RunTime:0.0000s ]
SQL: SELECT `mg_Rule` FROM `su_manager` WHERE ( mg_Name = 'admin' )  [ RunTime:0.0000s ]
NOTIC: [8] Undefined variable: stu_Grade E:\DevelopTools\xampp\htdocs\SignUpSys\App\Home\Controller\StudentController.class.php 第 158 行.
NOTIC: [8] Undefined variable: stu_Grade E:\DevelopTools\xampp\htdocs\SignUpSys\App\Home\Controller\StudentController.class.php 第 158 行.
NOTIC: [8] Undefined variable: stu_Grade E:\DevelopTools\xampp\htdocs\SignUpSys\App\Home\Controller\StudentController.class.php 第 158 行.
SQL: INSERT INTO `su_student_choice` (`ch_TrNodeId`,`ch_StuNumber`) VALUES ('14','123') [ RunTime:0.0990s ]
SQL: INSERT INTO `su_student_choice` (`ch_TrNodeId`,`ch_StuNumber`) VALUES ('20','123') [ RunTime:0.0420s ]
SQL: INSERT INTO `su_student_choice` (`ch_TrNodeId`,`ch_StuNumber`) VALUES ('21','123') [ RunTime:0.1050s ]
INFO: [ app_end ] --START--
INFO: Run Behavior\ShowPageTraceBehavior [ RunTime:0.001000s ]
INFO: [ app_end ] --END-- [ RunTime:0.002000s ]

[ 2017-06-13T19:32:20+08:00 ] ::1 /SignUpSys/index.php/Home/Student/choiced
INFO: [ app_init ] --START--
INFO: Run Behavior\BuildLiteBehavior [ RunTime:0.000000s ]
INFO: [ app_init ] --END-- [ RunTime:0.001000s ]
INFO: [ app_begin ] --START--
INFO: Run Behavior\ReadHtmlCacheBehavior [ RunTime:0.001000s ]
INFO: [ app_begin ] --END-- [ RunTime:0.001000s ]
SQL: SHOW COLUMNS FROM `su_course_tree` [ RunTime:0.0020s ]
SQL: SHOW COLUMNS FROM `su_student` [ RunTime:0.0040s ]
SQL: SHOW COLUMNS FROM `su_student_choice` [ RunTime:0.0020s ]
SQL: SHOW COLUMNS FROM `su_manager` [ RunTime:0.0020s ]
SQL: SELECT `stu_Name`,`stu_Grade`,`stu_Profession`,`stu_Class` FROM `su_student` WHERE ( stu_Number = 123 )  [ RunTime:0.0000s ]
SQL: SELECT * FROM `su_student_choice` WHERE ( ch_StuNumber = 123 )  [ RunTime:0.0000s ]
SQL: SELECT `mg_Rule` FROM `su_manager` WHERE ( mg_Name = 'admin' )  [ RunTime:0.0010s ]
SQL: SELECT `stu_Name`,`stu_Grade`,`stu_Profession`,`stu_Class` FROM `su_student` WHERE ( stu_Number = 123 )  [ RunTime:0.0000s ]
SQL: SELECT ch_TrNodeId AS ctr_NodeId FROM `su_student_choice` WHERE ( ch_StuNumber = 123 )  [ RunTime:0.0000s ]
SQL: SELECT `ctr_NodeId`,`ctr_ParentId`,`ctr_Name`,`ctr_Synopsis` FROM `su_course_tree` WHERE (  `ctr_NodeId` = '14' ) OR (  `ctr_NodeId` = '20' ) OR (  `ctr_NodeId` = '21' )  [ RunTime:0.0000s ]
SQL: SELECT COUNT(ch_StuNumber) AS count FROM `su_student_choice` WHERE ( ch_TrNodeId = 14 )  [ RunTime:0.0000s ]
SQL: SELECT `ctr_Limit` FROM `su_course_tree` WHERE ( ctr_NodeId = 12 )  [ RunTime:0.0000s ]
NOTIC: [8] Undefined variable: table E:\DevelopTools\xampp\htdocs\SignUpSys\App\Home\Controller\StudentController.class.php 第 181 行.
SQL: SELECT COUNT(ch_StuNumber) AS count FROM `su_student_choice` WHERE ( ch_TrNodeId = 20 )  [ RunTime:0.0000s ]
SQL: SELECT `ctr_Limit` FROM `su_course_tree` WHERE ( ctr_NodeId = 19 )  [ RunTime:0.0000s ]
SQL: SELECT COUNT(ch_StuNumber) AS count FROM `su_student_choice` WHERE ( ch_TrNodeId = 21 )  [ RunTime:0.0000s ]
SQL: SELECT `ctr_Limit` FROM `su_course_tree` WHERE ( ctr_NodeId = 19 )  [ RunTime:0.0000s ]
INFO: [ view_parse ] --START--
INFO: [ template_filter ] --START--
INFO: Run Behavior\ContentReplaceBehavior [ RunTime:0.000000s ]
INFO: [ template_filter ] --END-- [ RunTime:0.001000s ]
INFO: Run Behavior\ParseTemplateBehavior [ RunTime:0.050003s ]
INFO: [ view_parse ] --END-- [ RunTime:0.050003s ]
INFO: [ view_filter ] --START--
INFO: Run Behavior\WriteHtmlCacheBehavior [ RunTime:0.000000s ]
INFO: [ view_filter ] --END-- [ RunTime:0.000000s ]
INFO: [ app_end ] --START--
INFO: Run Behavior\ShowPageTraceBehavior [ RunTime:0.001000s ]
INFO: [ app_end ] --END-- [ RunTime:0.001000s ]

[ 2017-06-13T23:25:03+08:00 ] ::1 /SignUpSys/index.php/Home/Student/choiced
INFO: [ app_init ] --START--
INFO: Run Behavior\BuildLiteBehavior [ RunTime:0.000000s ]
INFO: [ app_init ] --END-- [ RunTime:0.000000s ]
INFO: [ app_begin ] --START--
INFO: Run Behavior\ReadHtmlCacheBehavior [ RunTime:0.001000s ]
INFO: [ app_begin ] --END-- [ RunTime:0.001000s ]
SQL: SHOW COLUMNS FROM `su_course_tree` [ RunTime:0.0010s ]
SQL: SHOW COLUMNS FROM `su_student` [ RunTime:0.0020s ]
SQL: SHOW COLUMNS FROM `su_student_choice` [ RunTime:0.0010s ]
SQL: SHOW COLUMNS FROM `su_manager` [ RunTime:0.0030s ]
SQL: SELECT `stu_Name`,`stu_Grade`,`stu_Profession`,`stu_Class` FROM `su_student` WHERE ( stu_Number = 123 )  [ RunTime:0.0000s ]
SQL: SELECT * FROM `su_student_choice` WHERE ( ch_StuNumber = 123 )  [ RunTime:0.0000s ]
SQL: SELECT `mg_Rule` FROM `su_manager` WHERE ( mg_Name = 'admin' )  [ RunTime:0.0010s ]

[ 2017-06-13T23:25:03+08:00 ] ::1 /SignUpSys/index.php/Home/Student/choice.html
INFO: [ app_init ] --START--
INFO: Run Behavior\BuildLiteBehavior [ RunTime:0.000000s ]
INFO: [ app_init ] --END-- [ RunTime:0.000000s ]
INFO: [ app_begin ] --START--
INFO: Run Behavior\ReadHtmlCacheBehavior [ RunTime:0.000000s ]
INFO: [ app_begin ] --END-- [ RunTime:0.000000s ]
SQL: SHOW COLUMNS FROM `su_course_tree` [ RunTime:0.0020s ]
SQL: SHOW COLUMNS FROM `su_student` [ RunTime:0.0020s ]
SQL: SHOW COLUMNS FROM `su_student_choice` [ RunTime:0.0020s ]
SQL: SHOW COLUMNS FROM `su_manager` [ RunTime:0.0020s ]
SQL: SELECT `stu_Name`,`stu_Grade`,`stu_Profession`,`stu_Class` FROM `su_student` WHERE ( stu_Number = 123 )  [ RunTime:0.0010s ]
SQL: SELECT * FROM `su_student_choice` WHERE ( ch_StuNumber = 123 )  [ RunTime:0.0000s ]
SQL: SELECT `mg_Rule` FROM `su_manager` WHERE ( mg_Name = 'admin' )  [ RunTime:0.0000s ]
SQL: SELECT `stu_Name`,`stu_Grade`,`stu_Profession`,`stu_Class` FROM `su_student` WHERE ( stu_Number = 123 )  [ RunTime:0.0000s ]
INFO: [ view_parse ] --START--
INFO: [ template_filter ] --START--
INFO: Run Behavior\ContentReplaceBehavior [ RunTime:0.000000s ]
INFO: [ template_filter ] --END-- [ RunTime:0.000000s ]
INFO: Run Behavior\ParseTemplateBehavior [ RunTime:0.027002s ]
INFO: [ view_parse ] --END-- [ RunTime:0.027002s ]
INFO: [ view_filter ] --START--
INFO: Run Behavior\WriteHtmlCacheBehavior [ RunTime:0.000000s ]
INFO: [ view_filter ] --END-- [ RunTime:0.000000s ]
INFO: [ app_end ] --START--
INFO: Run Behavior\ShowPageTraceBehavior [ RunTime:0.001000s ]
INFO: [ app_end ] --END-- [ RunTime:0.001000s ]

[ 2017-06-13T23:25:04+08:00 ] ::1 /SignUpSys/index.php/Home/Student/getCTree
INFO: [ app_init ] --START--
INFO: Run Behavior\BuildLiteBehavior [ RunTime:0.000000s ]
INFO: [ app_init ] --END-- [ RunTime:0.000000s ]
INFO: [ app_begin ] --START--
INFO: Run Behavior\ReadHtmlCacheBehavior [ RunTime:0.000000s ]
INFO: [ app_begin ] --END-- [ RunTime:0.000000s ]
SQL: SHOW COLUMNS FROM `su_course_tree` [ RunTime:0.0030s ]
SQL: SHOW COLUMNS FROM `su_student` [ RunTime:0.0020s ]
SQL: SHOW COLUMNS FROM `su_student_choice` [ RunTime:0.0030s ]
SQL: SHOW COLUMNS FROM `su_manager` [ RunTime:0.0020s ]
SQL: SELECT `stu_Name`,`stu_Grade`,`stu_Profession`,`stu_Class` FROM `su_student` WHERE ( stu_Number = 123 )  [ RunTime:0.0000s ]
SQL: SELECT * FROM `su_student_choice` WHERE ( ch_StuNumber = 123 )  [ RunTime:0.0000s ]
SQL: SELECT `mg_Rule` FROM `su_manager` WHERE ( mg_Name = 'admin' )  [ RunTime:0.0000s ]
SQL: SELECT `ctr_NodeId`,`ctr_ParentId`,ctr_Name AS name,ctr_Level AS level,`ctr_Limit`,`ctr_Synopsis` FROM `su_course_tree` WHERE ( ctr_Name = '计算机科学与技术' )  [ RunTime:0.0000s ]
SQL: SELECT `ctr_NodeId`,`ctr_ParentId`,ctr_Name AS name,ctr_Level AS level,`ctr_Limit`,`ctr_Synopsis` FROM `su_course_tree` WHERE ( ctr_ParentId = 4 )  [ RunTime:0.0010s ]
SQL: SELECT `ctr_NodeId`,`ctr_ParentId`,ctr_Name AS name,ctr_Level AS level,`ctr_Limit`,`ctr_Synopsis` FROM `su_course_tree` WHERE ( ctr_ParentId = 5 )  [ RunTime:0.0000s ]
SQL: SELECT `ctr_NodeId`,`ctr_ParentId`,ctr_Name AS name,ctr_Level AS level,`ctr_Limit`,`ctr_Synopsis` FROM `su_course_tree` WHERE ( ctr_ParentId = 12 )  [ RunTime:0.0000s ]
SQL: SELECT `ctr_NodeId`,`ctr_ParentId`,ctr_Name AS name,ctr_Level AS level,`ctr_Limit`,`ctr_Synopsis` FROM `su_course_tree` WHERE ( ctr_ParentId = 14 )  [ RunTime:0.0010s ]
SQL: SELECT `ctr_NodeId`,`ctr_ParentId`,ctr_Name AS name,ctr_Level AS level,`ctr_Limit`,`ctr_Synopsis` FROM `su_course_tree` WHERE ( ctr_ParentId = 15 )  [ RunTime:0.0000s ]
SQL: SELECT `ctr_NodeId`,`ctr_ParentId`,ctr_Name AS name,ctr_Level AS level,`ctr_Limit`,`ctr_Synopsis` FROM `su_course_tree` WHERE ( ctr_ParentId = 16 )  [ RunTime:0.0000s ]
SQL: SELECT `ctr_NodeId`,`ctr_ParentId`,ctr_Name AS name,ctr_Level AS level,`ctr_Limit`,`ctr_Synopsis` FROM `su_course_tree` WHERE ( ctr_ParentId = 17 )  [ RunTime:0.0000s ]
SQL: SELECT `ctr_NodeId`,`ctr_ParentId`,ctr_Name AS name,ctr_Level AS level,`ctr_Limit`,`ctr_Synopsis` FROM `su_course_tree` WHERE ( ctr_ParentId = 18 )  [ RunTime:0.0010s ]
SQL: SELECT `ctr_NodeId`,`ctr_ParentId`,ctr_Name AS name,ctr_Level AS level,`ctr_Limit`,`ctr_Synopsis` FROM `su_course_tree` WHERE ( ctr_ParentId = 19 )  [ RunTime:0.0000s ]
SQL: SELECT `ctr_NodeId`,`ctr_ParentId`,ctr_Name AS name,ctr_Level AS level,`ctr_Limit`,`ctr_Synopsis` FROM `su_course_tree` WHERE ( ctr_ParentId = 20 )  [ RunTime:0.0000s ]
SQL: SELECT `ctr_NodeId`,`ctr_ParentId`,ctr_Name AS name,ctr_Level AS level,`ctr_Limit`,`ctr_Synopsis` FROM `su_course_tree` WHERE ( ctr_ParentId = 21 )  [ RunTime:0.0010s ]
SQL: SELECT `ctr_NodeId`,`ctr_ParentId`,ctr_Name AS name,ctr_Level AS level,`ctr_Limit`,`ctr_Synopsis` FROM `su_course_tree` WHERE ( ctr_ParentId = 22 )  [ RunTime:0.0000s ]
SQL: SELECT `ctr_NodeId`,`ctr_ParentId`,ctr_Name AS name,ctr_Level AS level,`ctr_Limit`,`ctr_Synopsis` FROM `su_course_tree` WHERE ( ctr_ParentId = 23 )  [ RunTime:0.0000s ]
SQL: SELECT `ctr_NodeId`,`ctr_ParentId`,ctr_Name AS name,ctr_Level AS level,`ctr_Limit`,`ctr_Synopsis` FROM `su_course_tree` WHERE ( ctr_ParentId = 24 )  [ RunTime:0.0000s ]
SQL: SELECT `ctr_NodeId`,`ctr_ParentId`,ctr_Name AS name,ctr_Level AS level,`ctr_Limit`,`ctr_Synopsis` FROM `su_course_tree` WHERE ( ctr_ParentId = 25 )  [ RunTime:0.0000s ]
SQL: SELECT `ctr_NodeId`,`ctr_ParentId`,ctr_Name AS name,ctr_Level AS level,`ctr_Limit`,`ctr_Synopsis` FROM `su_course_tree` WHERE ( ctr_ParentId = 26 )  [ RunTime:0.0000s ]
SQL: SELECT `ctr_NodeId`,`ctr_ParentId`,ctr_Name AS name,ctr_Level AS level,`ctr_Limit`,`ctr_Synopsis` FROM `su_course_tree` WHERE ( ctr_ParentId = 27 )  [ RunTime:0.0000s ]
SQL: SELECT `ctr_NodeId`,`ctr_ParentId`,ctr_Name AS name,ctr_Level AS level,`ctr_Limit`,`ctr_Synopsis` FROM `su_course_tree` WHERE ( ctr_ParentId = 28 )  [ RunTime:0.0010s ]
SQL: SELECT `ctr_NodeId`,`ctr_ParentId`,ctr_Name AS name,ctr_Level AS level,`ctr_Limit`,`ctr_Synopsis` FROM `su_course_tree` WHERE ( ctr_ParentId = 29 )  [ RunTime:0.0000s ]
SQL: SELECT `ctr_NodeId`,`ctr_ParentId`,ctr_Name AS name,ctr_Level AS level,`ctr_Limit`,`ctr_Synopsis` FROM `su_course_tree` WHERE ( ctr_ParentId = 30 )  [ RunTime:0.0000s ]
INFO: [ app_end ] --START--
INFO: Run Behavior\ShowPageTraceBehavior [ RunTime:0.001000s ]
INFO: [ app_end ] --END-- [ RunTime:0.001000s ]

[ 2017-06-13T23:25:09+08:00 ] ::1 /SignUpSys/index.php/Home/Student/result?pId=12,19&id=14,20,21
INFO: [ app_init ] --START--
INFO: Run Behavior\BuildLiteBehavior [ RunTime:0.000000s ]
INFO: [ app_init ] --END-- [ RunTime:0.001000s ]
INFO: [ app_begin ] --START--
INFO: Run Behavior\ReadHtmlCacheBehavior [ RunTime:0.001000s ]
INFO: [ app_begin ] --END-- [ RunTime:0.001000s ]
SQL: SHOW COLUMNS FROM `su_course_tree` [ RunTime:0.0030s ]
SQL: SHOW COLUMNS FROM `su_student` [ RunTime:0.0030s ]
SQL: SHOW COLUMNS FROM `su_student_choice` [ RunTime:0.0020s ]
SQL: SHOW COLUMNS FROM `su_manager` [ RunTime:0.0020s ]
SQL: SELECT `stu_Name`,`stu_Grade`,`stu_Profession`,`stu_Class` FROM `su_student` WHERE ( stu_Number = 123 )  [ RunTime:0.0010s ]
SQL: SELECT * FROM `su_student_choice` WHERE ( ch_StuNumber = 123 )  [ RunTime:0.0000s ]
SQL: SELECT `mg_Rule` FROM `su_manager` WHERE ( mg_Name = 'admin' )  [ RunTime:0.0000s ]
SQL: SELECT `ctr_Name`,`ctr_Limit`,`ctr_Synopsis` FROM `su_course_tree` WHERE (  `ctr_NodeId` = '12' ) OR (  `ctr_NodeId` = '19' )  [ RunTime:0.0000s ]
NOTIC: [8] Undefined variable: str E:\DevelopTools\xampp\htdocs\SignUpSys\App\Home\Controller\StudentController.class.php 第 130 行.
SQL: SELECT `ctr_NodeId`,`ctr_ParentId`,`ctr_Name`,`ctr_Synopsis` FROM `su_course_tree` WHERE (  `ctr_NodeId` = '14' ) OR (  `ctr_NodeId` = '20' ) OR (  `ctr_NodeId` = '21' )  [ RunTime:0.0000s ]
SQL: SELECT COUNT(ch_StuNumber) AS count FROM `su_student_choice` WHERE ( ch_TrNodeId = 14 )  [ RunTime:0.0000s ]
SQL: SELECT `ctr_Limit` FROM `su_course_tree` WHERE ( ctr_NodeId = 12 )  [ RunTime:0.0000s ]
NOTIC: [8] Undefined variable: table E:\DevelopTools\xampp\htdocs\SignUpSys\App\Home\Controller\StudentController.class.php 第 136 行.
SQL: SELECT COUNT(ch_StuNumber) AS count FROM `su_student_choice` WHERE ( ch_TrNodeId = 20 )  [ RunTime:0.0000s ]
SQL: SELECT `ctr_Limit` FROM `su_course_tree` WHERE ( ctr_NodeId = 19 )  [ RunTime:0.0000s ]
SQL: SELECT COUNT(ch_StuNumber) AS count FROM `su_student_choice` WHERE ( ch_TrNodeId = 21 )  [ RunTime:0.0000s ]
SQL: SELECT `ctr_Limit` FROM `su_course_tree` WHERE ( ctr_NodeId = 19 )  [ RunTime:0.0010s ]
INFO: [ view_parse ] --START--
INFO: [ template_filter ] --START--
INFO: Run Behavior\ContentReplaceBehavior [ RunTime:0.000000s ]
INFO: [ template_filter ] --END-- [ RunTime:0.000000s ]
NOTIC: [8] Undefined variable: error E:\DevelopTools\xampp\htdocs\SignUpSys\Runtime\Cache\Home\637c833c3bf70fd9f9bc7553aba8640d.php 第 48 行.
INFO: Run Behavior\ParseTemplateBehavior [ RunTime:0.032002s ]
INFO: [ view_parse ] --END-- [ RunTime:0.032002s ]
INFO: [ view_filter ] --START--
INFO: Run Behavior\WriteHtmlCacheBehavior [ RunTime:0.001000s ]
INFO: [ view_filter ] --END-- [ RunTime:0.001000s ]
INFO: [ app_end ] --START--
INFO: Run Behavior\ShowPageTraceBehavior [ RunTime:0.000000s ]
INFO: [ app_end ] --END-- [ RunTime:0.000000s ]

[ 2017-06-13T23:25:13+08:00 ] ::1 /SignUpSys/index.php/Home/Student/submitResult?ids=14%2C20%2C21
INFO: [ app_init ] --START--
INFO: Run Behavior\BuildLiteBehavior [ RunTime:0.000000s ]
INFO: [ app_init ] --END-- [ RunTime:0.000000s ]
INFO: [ app_begin ] --START--
INFO: Run Behavior\ReadHtmlCacheBehavior [ RunTime:0.001000s ]
INFO: [ app_begin ] --END-- [ RunTime:0.001000s ]
SQL: SHOW COLUMNS FROM `su_course_tree` [ RunTime:0.0020s ]
SQL: SHOW COLUMNS FROM `su_student` [ RunTime:0.0020s ]
SQL: SHOW COLUMNS FROM `su_student_choice` [ RunTime:0.0020s ]
SQL: SHOW COLUMNS FROM `su_manager` [ RunTime:0.0020s ]
SQL: SELECT `stu_Name`,`stu_Grade`,`stu_Profession`,`stu_Class` FROM `su_student` WHERE ( stu_Number = 123 )  [ RunTime:0.0010s ]
SQL: SELECT * FROM `su_student_choice` WHERE ( ch_StuNumber = 123 )  [ RunTime:0.0000s ]
SQL: SELECT `mg_Rule` FROM `su_manager` WHERE ( mg_Name = 'admin' )  [ RunTime:0.0000s ]
NOTIC: [8] Undefined variable: stu_Grade E:\DevelopTools\xampp\htdocs\SignUpSys\App\Home\Controller\StudentController.class.php 第 158 行.
NOTIC: [8] Undefined variable: stu_Grade E:\DevelopTools\xampp\htdocs\SignUpSys\App\Home\Controller\StudentController.class.php 第 158 行.
NOTIC: [8] Undefined variable: stu_Grade E:\DevelopTools\xampp\htdocs\SignUpSys\App\Home\Controller\StudentController.class.php 第 158 行.
SQL: INSERT INTO `su_student_choice` (`ch_TrNodeId`,`ch_StuNumber`) VALUES ('14','123') [ RunTime:0.0860s ]
SQL: INSERT INTO `su_student_choice` (`ch_TrNodeId`,`ch_StuNumber`) VALUES ('20','123') [ RunTime:0.0540s ]
SQL: INSERT INTO `su_student_choice` (`ch_TrNodeId`,`ch_StuNumber`) VALUES ('21','123') [ RunTime:0.0780s ]
INFO: [ app_end ] --START--
INFO: Run Behavior\ShowPageTraceBehavior [ RunTime:0.000000s ]
INFO: [ app_end ] --END-- [ RunTime:0.000000s ]

[ 2017-06-13T23:25:13+08:00 ] ::1 /SignUpSys/index.php/Home/Student/choiced
INFO: [ app_init ] --START--
INFO: Run Behavior\BuildLiteBehavior [ RunTime:0.000000s ]
INFO: [ app_init ] --END-- [ RunTime:0.000000s ]
INFO: [ app_begin ] --START--
INFO: Run Behavior\ReadHtmlCacheBehavior [ RunTime:0.001000s ]
INFO: [ app_begin ] --END-- [ RunTime:0.001000s ]
SQL: SHOW COLUMNS FROM `su_course_tree` [ RunTime:0.0020s ]
SQL: SHOW COLUMNS FROM `su_student` [ RunTime:0.0020s ]
SQL: SHOW COLUMNS FROM `su_student_choice` [ RunTime:0.0010s ]
SQL: SHOW COLUMNS FROM `su_manager` [ RunTime:0.0010s ]
SQL: SELECT `stu_Name`,`stu_Grade`,`stu_Profession`,`stu_Class` FROM `su_student` WHERE ( stu_Number = 123 )  [ RunTime:0.0000s ]
SQL: SELECT * FROM `su_student_choice` WHERE ( ch_StuNumber = 123 )  [ RunTime:0.0000s ]
SQL: SELECT `mg_Rule` FROM `su_manager` WHERE ( mg_Name = 'admin' )  [ RunTime:0.0000s ]
SQL: SELECT `stu_Name`,`stu_Grade`,`stu_Profession`,`stu_Class` FROM `su_student` WHERE ( stu_Number = 123 )  [ RunTime:0.0000s ]
SQL: SELECT ch_TrNodeId AS ctr_NodeId FROM `su_student_choice` WHERE ( ch_StuNumber = 123 )  [ RunTime:0.0000s ]
SQL: SELECT `ctr_NodeId`,`ctr_ParentId`,`ctr_Name`,`ctr_Synopsis` FROM `su_course_tree` WHERE (  `ctr_NodeId` = '14' ) OR (  `ctr_NodeId` = '20' ) OR (  `ctr_NodeId` = '21' )  [ RunTime:0.0000s ]
SQL: SELECT COUNT(ch_StuNumber) AS count FROM `su_student_choice` WHERE ( ch_TrNodeId = 14 )  [ RunTime:0.0000s ]
SQL: SELECT `ctr_Limit` FROM `su_course_tree` WHERE ( ctr_NodeId = 12 )  [ RunTime:0.0000s ]
NOTIC: [8] Undefined variable: table E:\DevelopTools\xampp\htdocs\SignUpSys\App\Home\Controller\StudentController.class.php 第 181 行.
SQL: SELECT COUNT(ch_StuNumber) AS count FROM `su_student_choice` WHERE ( ch_TrNodeId = 20 )  [ RunTime:0.0010s ]
SQL: SELECT `ctr_Limit` FROM `su_course_tree` WHERE ( ctr_NodeId = 19 )  [ RunTime:0.0000s ]
SQL: SELECT COUNT(ch_StuNumber) AS count FROM `su_student_choice` WHERE ( ch_TrNodeId = 21 )  [ RunTime:0.0000s ]
SQL: SELECT `ctr_Limit` FROM `su_course_tree` WHERE ( ctr_NodeId = 19 )  [ RunTime:0.0000s ]
INFO: [ view_parse ] --START--
INFO: [ template_filter ] --START--
INFO: Run Behavior\ContentReplaceBehavior [ RunTime:0.000000s ]
INFO: [ template_filter ] --END-- [ RunTime:0.000000s ]
INFO: Run Behavior\ParseTemplateBehavior [ RunTime:0.023001s ]
INFO: [ view_parse ] --END-- [ RunTime:0.023001s ]
INFO: [ view_filter ] --START--
INFO: Run Behavior\WriteHtmlCacheBehavior [ RunTime:0.000000s ]
INFO: [ view_filter ] --END-- [ RunTime:0.000000s ]
INFO: [ app_end ] --START--
INFO: Run Behavior\ShowPageTraceBehavior [ RunTime:0.001000s ]
INFO: [ app_end ] --END-- [ RunTime:0.001000s ]

[ 2017-06-13T23:34:36+08:00 ] ::1 /SignUpSys/index.php/Home/Student/choiced
INFO: [ app_init ] --START--
INFO: Run Behavior\BuildLiteBehavior [ RunTime:0.000000s ]
INFO: [ app_init ] --END-- [ RunTime:0.000000s ]
INFO: [ app_begin ] --START--
INFO: Run Behavior\ReadHtmlCacheBehavior [ RunTime:0.001000s ]
INFO: [ app_begin ] --END-- [ RunTime:0.001000s ]
SQL: SHOW COLUMNS FROM `su_course_tree` [ RunTime:0.0020s ]
SQL: SHOW COLUMNS FROM `su_student` [ RunTime:0.0020s ]
SQL: SHOW COLUMNS FROM `su_student_choice` [ RunTime:0.0020s ]
SQL: SHOW COLUMNS FROM `su_manager` [ RunTime:0.0020s ]
SQL: SELECT `stu_Name`,`stu_Grade`,`stu_Profession`,`stu_Class` FROM `su_student` WHERE ( stu_Number = 123 )  [ RunTime:0.0000s ]
SQL: SELECT * FROM `su_student_choice` WHERE ( ch_StuNumber = 123 )  [ RunTime:0.0000s ]
SQL: SELECT `mg_Rule` FROM `su_manager` WHERE ( mg_Name = 'admin' )  [ RunTime:0.0000s ]

[ 2017-06-13T23:34:36+08:00 ] ::1 /SignUpSys/index.php/Home/Student/choice.html
INFO: [ app_init ] --START--
INFO: Run Behavior\BuildLiteBehavior [ RunTime:0.000000s ]
INFO: [ app_init ] --END-- [ RunTime:0.001000s ]
INFO: [ app_begin ] --START--
INFO: Run Behavior\ReadHtmlCacheBehavior [ RunTime:0.001000s ]
INFO: [ app_begin ] --END-- [ RunTime:0.001000s ]
SQL: SHOW COLUMNS FROM `su_course_tree` [ RunTime:0.0020s ]
SQL: SHOW COLUMNS FROM `su_student` [ RunTime:0.0030s ]
SQL: SHOW COLUMNS FROM `su_student_choice` [ RunTime:0.0020s ]
SQL: SHOW COLUMNS FROM `su_manager` [ RunTime:0.0010s ]
SQL: SELECT `stu_Name`,`stu_Grade`,`stu_Profession`,`stu_Class` FROM `su_student` WHERE ( stu_Number = 123 )  [ RunTime:0.0000s ]
SQL: SELECT * FROM `su_student_choice` WHERE ( ch_StuNumber = 123 )  [ RunTime:0.0000s ]
SQL: SELECT `mg_Rule` FROM `su_manager` WHERE ( mg_Name = 'admin' )  [ RunTime:0.0000s ]
SQL: SELECT `stu_Name`,`stu_Grade`,`stu_Profession`,`stu_Class` FROM `su_student` WHERE ( stu_Number = 123 )  [ RunTime:0.0000s ]
INFO: [ view_parse ] --START--
INFO: [ template_filter ] --START--
INFO: Run Behavior\ContentReplaceBehavior [ RunTime:0.000000s ]
INFO: [ template_filter ] --END-- [ RunTime:0.000000s ]
INFO: Run Behavior\ParseTemplateBehavior [ RunTime:0.006001s ]
INFO: [ view_parse ] --END-- [ RunTime:0.006001s ]
INFO: [ view_filter ] --START--
INFO: Run Behavior\WriteHtmlCacheBehavior [ RunTime:0.001000s ]
INFO: [ view_filter ] --END-- [ RunTime:0.001000s ]
INFO: [ app_end ] --START--
INFO: Run Behavior\ShowPageTraceBehavior [ RunTime:0.001000s ]
INFO: [ app_end ] --END-- [ RunTime:0.001000s ]

[ 2017-06-13T23:34:37+08:00 ] ::1 /SignUpSys/index.php/Home/Student/getCTree
INFO: [ app_init ] --START--
INFO: Run Behavior\BuildLiteBehavior [ RunTime:0.000000s ]
INFO: [ app_init ] --END-- [ RunTime:0.000000s ]
INFO: [ app_begin ] --START--
INFO: Run Behavior\ReadHtmlCacheBehavior [ RunTime:0.001000s ]
INFO: [ app_begin ] --END-- [ RunTime:0.001000s ]
SQL: SHOW COLUMNS FROM `su_course_tree` [ RunTime:0.0020s ]
SQL: SHOW COLUMNS FROM `su_student` [ RunTime:0.0020s ]
SQL: SHOW COLUMNS FROM `su_student_choice` [ RunTime:0.0020s ]
SQL: SHOW COLUMNS FROM `su_manager` [ RunTime:0.0020s ]
SQL: SELECT `stu_Name`,`stu_Grade`,`stu_Profession`,`stu_Class` FROM `su_student` WHERE ( stu_Number = 123 )  [ RunTime:0.0000s ]
SQL: SELECT * FROM `su_student_choice` WHERE ( ch_StuNumber = 123 )  [ RunTime:0.0000s ]
SQL: SELECT `mg_Rule` FROM `su_manager` WHERE ( mg_Name = 'admin' )  [ RunTime:0.0000s ]
SQL: SELECT `ctr_NodeId`,`ctr_ParentId`,ctr_Name AS name,ctr_Level AS level,`ctr_Limit`,`ctr_Synopsis` FROM `su_course_tree` WHERE ( ctr_Name = '计算机科学与技术' )  [ RunTime:0.0000s ]
SQL: SELECT `ctr_NodeId`,`ctr_ParentId`,ctr_Name AS name,ctr_Level AS level,`ctr_Limit`,`ctr_Synopsis` FROM `su_course_tree` WHERE ( ctr_ParentId = 4 )  [ RunTime:0.0010s ]
SQL: SELECT `ctr_NodeId`,`ctr_ParentId`,ctr_Name AS name,ctr_Level AS level,`ctr_Limit`,`ctr_Synopsis` FROM `su_course_tree` WHERE ( ctr_ParentId = 5 )  [ RunTime:0.0000s ]
SQL: SELECT `ctr_NodeId`,`ctr_ParentId`,ctr_Name AS name,ctr_Level AS level,`ctr_Limit`,`ctr_Synopsis` FROM `su_course_tree` WHERE ( ctr_ParentId = 12 )  [ RunTime:0.0000s ]
SQL: SELECT `ctr_NodeId`,`ctr_ParentId`,ctr_Name AS name,ctr_Level AS level,`ctr_Limit`,`ctr_Synopsis` FROM `su_course_tree` WHERE ( ctr_ParentId = 14 )  [ RunTime:0.0000s ]
SQL: SELECT `ctr_NodeId`,`ctr_ParentId`,ctr_Name AS name,ctr_Level AS level,`ctr_Limit`,`ctr_Synopsis` FROM `su_course_tree` WHERE ( ctr_ParentId = 15 )  [ RunTime:0.0000s ]
SQL: SELECT `ctr_NodeId`,`ctr_ParentId`,ctr_Name AS name,ctr_Level AS level,`ctr_Limit`,`ctr_Synopsis` FROM `su_course_tree` WHERE ( ctr_ParentId = 16 )  [ RunTime:0.0000s ]
SQL: SELECT `ctr_NodeId`,`ctr_ParentId`,ctr_Name AS name,ctr_Level AS level,`ctr_Limit`,`ctr_Synopsis` FROM `su_course_tree` WHERE ( ctr_ParentId = 17 )  [ RunTime:0.0000s ]
SQL: SELECT `ctr_NodeId`,`ctr_ParentId`,ctr_Name AS name,ctr_Level AS level,`ctr_Limit`,`ctr_Synopsis` FROM `su_course_tree` WHERE ( ctr_ParentId = 18 )  [ RunTime:0.0010s ]
SQL: SELECT `ctr_NodeId`,`ctr_ParentId`,ctr_Name AS name,ctr_Level AS level,`ctr_Limit`,`ctr_Synopsis` FROM `su_course_tree` WHERE ( ctr_ParentId = 19 )  [ RunTime:0.0000s ]
SQL: SELECT `ctr_NodeId`,`ctr_ParentId`,ctr_Name AS name,ctr_Level AS level,`ctr_Limit`,`ctr_Synopsis` FROM `su_course_tree` WHERE ( ctr_ParentId = 20 )  [ RunTime:0.0010s ]
SQL: SELECT `ctr_NodeId`,`ctr_ParentId`,ctr_Name AS name,ctr_Level AS level,`ctr_Limit`,`ctr_Synopsis` FROM `su_course_tree` WHERE ( ctr_ParentId = 21 )  [ RunTime:0.0000s ]
SQL: SELECT `ctr_NodeId`,`ctr_ParentId`,ctr_Name AS name,ctr_Level AS level,`ctr_Limit`,`ctr_Synopsis` FROM `su_course_tree` WHERE ( ctr_ParentId = 22 )  [ RunTime:0.0000s ]
SQL: SELECT `ctr_NodeId`,`ctr_ParentId`,ctr_Name AS name,ctr_Level AS level,`ctr_Limit`,`ctr_Synopsis` FROM `su_course_tree` WHERE ( ctr_ParentId = 23 )  [ RunTime:0.0010s ]
SQL: SELECT `ctr_NodeId`,`ctr_ParentId`,ctr_Name AS name,ctr_Level AS level,`ctr_Limit`,`ctr_Synopsis` FROM `su_course_tree` WHERE ( ctr_ParentId = 24 )  [ RunTime:0.0000s ]
SQL: SELECT `ctr_NodeId`,`ctr_ParentId`,ctr_Name AS name,ctr_Level AS level,`ctr_Limit`,`ctr_Synopsis` FROM `su_course_tree` WHERE ( ctr_ParentId = 25 )  [ RunTime:0.0000s ]
SQL: SELECT `ctr_NodeId`,`ctr_ParentId`,ctr_Name AS name,ctr_Level AS level,`ctr_Limit`,`ctr_Synopsis` FROM `su_course_tree` WHERE ( ctr_ParentId = 26 )  [ RunTime:0.0000s ]
SQL: SELECT `ctr_NodeId`,`ctr_ParentId`,ctr_Name AS name,ctr_Level AS level,`ctr_Limit`,`ctr_Synopsis` FROM `su_course_tree` WHERE ( ctr_ParentId = 27 )  [ RunTime:0.0000s ]
SQL: SELECT `ctr_NodeId`,`ctr_ParentId`,ctr_Name AS name,ctr_Level AS level,`ctr_Limit`,`ctr_Synopsis` FROM `su_course_tree` WHERE ( ctr_ParentId = 28 )  [ RunTime:0.0000s ]
SQL: SELECT `ctr_NodeId`,`ctr_ParentId`,ctr_Name AS name,ctr_Level AS level,`ctr_Limit`,`ctr_Synopsis` FROM `su_course_tree` WHERE ( ctr_ParentId = 29 )  [ RunTime:0.0000s ]
SQL: SELECT `ctr_NodeId`,`ctr_ParentId`,ctr_Name AS name,ctr_Level AS level,`ctr_Limit`,`ctr_Synopsis` FROM `su_course_tree` WHERE ( ctr_ParentId = 30 )  [ RunTime:0.0010s ]
INFO: [ app_end ] --START--
INFO: Run Behavior\ShowPageTraceBehavior [ RunTime:0.000000s ]
INFO: [ app_end ] --END-- [ RunTime:0.000000s ]

[ 2017-06-13T23:34:40+08:00 ] ::1 /SignUpSys/index.php/Home/Student/result?pId=12,19&id=14,20,21
INFO: [ app_init ] --START--
INFO: Run Behavior\BuildLiteBehavior [ RunTime:0.001000s ]
INFO: [ app_init ] --END-- [ RunTime:0.001000s ]
INFO: [ app_begin ] --START--
INFO: Run Behavior\ReadHtmlCacheBehavior [ RunTime:0.001000s ]
INFO: [ app_begin ] --END-- [ RunTime:0.001000s ]
SQL: SHOW COLUMNS FROM `su_course_tree` [ RunTime:0.0020s ]
SQL: SHOW COLUMNS FROM `su_student` [ RunTime:0.0020s ]
SQL: SHOW COLUMNS FROM `su_student_choice` [ RunTime:0.0020s ]
SQL: SHOW COLUMNS FROM `su_manager` [ RunTime:0.0050s ]
SQL: SELECT `stu_Name`,`stu_Grade`,`stu_Profession`,`stu_Class` FROM `su_student` WHERE ( stu_Number = 123 )  [ RunTime:0.0010s ]
SQL: SELECT * FROM `su_student_choice` WHERE ( ch_StuNumber = 123 )  [ RunTime:0.0000s ]
SQL: SELECT `mg_Rule` FROM `su_manager` WHERE ( mg_Name = 'admin' )  [ RunTime:0.0000s ]
SQL: SELECT `ctr_Name`,`ctr_Limit`,`ctr_Synopsis` FROM `su_course_tree` WHERE (  `ctr_NodeId` = '12' ) OR (  `ctr_NodeId` = '19' )  [ RunTime:0.0010s ]
NOTIC: [8] Undefined variable: str E:\DevelopTools\xampp\htdocs\SignUpSys\App\Home\Controller\StudentController.class.php 第 130 行.
SQL: SELECT `ctr_NodeId`,`ctr_ParentId`,`ctr_Name`,`ctr_Synopsis` FROM `su_course_tree` WHERE (  `ctr_NodeId` = '14' ) OR (  `ctr_NodeId` = '20' ) OR (  `ctr_NodeId` = '21' )  [ RunTime:0.0000s ]
SQL: SELECT COUNT(ch_StuNumber) AS count FROM `su_student_choice` WHERE ( ch_TrNodeId = 14 )  [ RunTime:0.0000s ]
SQL: SELECT `ctr_Limit` FROM `su_course_tree` WHERE ( ctr_NodeId = 12 )  [ RunTime:0.0000s ]
NOTIC: [8] Undefined variable: table E:\DevelopTools\xampp\htdocs\SignUpSys\App\Home\Controller\StudentController.class.php 第 136 行.
SQL: SELECT COUNT(ch_StuNumber) AS count FROM `su_student_choice` WHERE ( ch_TrNodeId = 20 )  [ RunTime:0.0010s ]
SQL: SELECT `ctr_Limit` FROM `su_course_tree` WHERE ( ctr_NodeId = 19 )  [ RunTime:0.0000s ]
SQL: SELECT COUNT(ch_StuNumber) AS count FROM `su_student_choice` WHERE ( ch_TrNodeId = 21 )  [ RunTime:0.0000s ]
SQL: SELECT `ctr_Limit` FROM `su_course_tree` WHERE ( ctr_NodeId = 19 )  [ RunTime:0.0000s ]
INFO: [ view_parse ] --START--
INFO: [ template_filter ] --START--
INFO: Run Behavior\ContentReplaceBehavior [ RunTime:0.000000s ]
INFO: [ template_filter ] --END-- [ RunTime:0.000000s ]
NOTIC: [8] Undefined variable: error E:\DevelopTools\xampp\htdocs\SignUpSys\Runtime\Cache\Home\637c833c3bf70fd9f9bc7553aba8640d.php 第 48 行.
INFO: Run Behavior\ParseTemplateBehavior [ RunTime:0.005000s ]
INFO: [ view_parse ] --END-- [ RunTime:0.005000s ]
INFO: [ view_filter ] --START--
INFO: Run Behavior\WriteHtmlCacheBehavior [ RunTime:0.001000s ]
INFO: [ view_filter ] --END-- [ RunTime:0.001000s ]
INFO: [ app_end ] --START--
INFO: Run Behavior\ShowPageTraceBehavior [ RunTime:0.000000s ]
INFO: [ app_end ] --END-- [ RunTime:0.000000s ]

[ 2017-06-13T23:34:43+08:00 ] ::1 /SignUpSys/index.php/Home/Student/submitResult?ids=14%2C20%2C21
INFO: [ app_init ] --START--
INFO: Run Behavior\BuildLiteBehavior [ RunTime:0.000000s ]
INFO: [ app_init ] --END-- [ RunTime:0.000000s ]
INFO: [ app_begin ] --START--
INFO: Run Behavior\ReadHtmlCacheBehavior [ RunTime:0.001000s ]
INFO: [ app_begin ] --END-- [ RunTime:0.001000s ]
SQL: SHOW COLUMNS FROM `su_course_tree` [ RunTime:0.0020s ]
SQL: SHOW COLUMNS FROM `su_student` [ RunTime:0.0020s ]
SQL: SHOW COLUMNS FROM `su_student_choice` [ RunTime:0.0020s ]
SQL: SHOW COLUMNS FROM `su_manager` [ RunTime:0.0020s ]
SQL: SELECT `stu_Name`,`stu_Grade`,`stu_Profession`,`stu_Class` FROM `su_student` WHERE ( stu_Number = 123 )  [ RunTime:0.0000s ]
SQL: SELECT * FROM `su_student_choice` WHERE ( ch_StuNumber = 123 )  [ RunTime:0.0000s ]
SQL: SELECT `mg_Rule` FROM `su_manager` WHERE ( mg_Name = 'admin' )  [ RunTime:0.0000s ]
NOTIC: [8] Undefined variable: stu_Grade E:\DevelopTools\xampp\htdocs\SignUpSys\App\Home\Controller\StudentController.class.php 第 158 行.
NOTIC: [8] Undefined variable: stu_Grade E:\DevelopTools\xampp\htdocs\SignUpSys\App\Home\Controller\StudentController.class.php 第 158 行.
NOTIC: [8] Undefined variable: stu_Grade E:\DevelopTools\xampp\htdocs\SignUpSys\App\Home\Controller\StudentController.class.php 第 158 行.
SQL: INSERT INTO `su_student_choice` (`ch_TrNodeId`,`ch_StuNumber`) VALUES ('14','123') [ RunTime:0.1940s ]
SQL: INSERT INTO `su_student_choice` (`ch_TrNodeId`,`ch_StuNumber`) VALUES ('20','123') [ RunTime:0.2960s ]
SQL: INSERT INTO `su_student_choice` (`ch_TrNodeId`,`ch_StuNumber`) VALUES ('21','123') [ RunTime:0.2900s ]
INFO: [ app_end ] --START--
INFO: Run Behavior\ShowPageTraceBehavior [ RunTime:0.001000s ]
INFO: [ app_end ] --END-- [ RunTime:0.001000s ]

[ 2017-06-13T23:34:43+08:00 ] ::1 /SignUpSys/index.php/Home/Student/choiced
INFO: [ app_init ] --START--
INFO: Run Behavior\BuildLiteBehavior [ RunTime:0.000000s ]
INFO: [ app_init ] --END-- [ RunTime:0.000000s ]
INFO: [ app_begin ] --START--
INFO: Run Behavior\ReadHtmlCacheBehavior [ RunTime:0.001000s ]
INFO: [ app_begin ] --END-- [ RunTime:0.001000s ]
SQL: SHOW COLUMNS FROM `su_course_tree` [ RunTime:0.0020s ]
SQL: SHOW COLUMNS FROM `su_student` [ RunTime:0.0020s ]
SQL: SHOW COLUMNS FROM `su_student_choice` [ RunTime:0.0020s ]
SQL: SHOW COLUMNS FROM `su_manager` [ RunTime:0.0030s ]
SQL: SELECT `stu_Name`,`stu_Grade`,`stu_Profession`,`stu_Class` FROM `su_student` WHERE ( stu_Number = 123 )  [ RunTime:0.0000s ]
SQL: SELECT * FROM `su_student_choice` WHERE ( ch_StuNumber = 123 )  [ RunTime:0.0000s ]
SQL: SELECT `mg_Rule` FROM `su_manager` WHERE ( mg_Name = 'admin' )  [ RunTime:0.0000s ]
SQL: SELECT `stu_Name`,`stu_Grade`,`stu_Profession`,`stu_Class` FROM `su_student` WHERE ( stu_Number = 123 )  [ RunTime:0.0000s ]
SQL: SELECT ch_TrNodeId AS ctr_NodeId FROM `su_student_choice` WHERE ( ch_StuNumber = 123 )  [ RunTime:0.0000s ]
SQL: SELECT `ctr_NodeId`,`ctr_ParentId`,`ctr_Name`,`ctr_Synopsis` FROM `su_course_tree` WHERE (  `ctr_NodeId` = '14' ) OR (  `ctr_NodeId` = '20' ) OR (  `ctr_NodeId` = '21' )  [ RunTime:0.0000s ]
SQL: SELECT COUNT(ch_StuNumber) AS count FROM `su_student_choice` WHERE ( ch_TrNodeId = 14 )  [ RunTime:0.0000s ]
SQL: SELECT `ctr_Limit` FROM `su_course_tree` WHERE ( ctr_NodeId = 12 )  [ RunTime:0.0000s ]
NOTIC: [8] Undefined variable: table E:\DevelopTools\xampp\htdocs\SignUpSys\App\Home\Controller\StudentController.class.php 第 181 行.
SQL: SELECT COUNT(ch_StuNumber) AS count FROM `su_student_choice` WHERE ( ch_TrNodeId = 20 )  [ RunTime:0.0000s ]
SQL: SELECT `ctr_Limit` FROM `su_course_tree` WHERE ( ctr_NodeId = 19 )  [ RunTime:0.0000s ]
SQL: SELECT COUNT(ch_StuNumber) AS count FROM `su_student_choice` WHERE ( ch_TrNodeId = 21 )  [ RunTime:0.0000s ]
SQL: SELECT `ctr_Limit` FROM `su_course_tree` WHERE ( ctr_NodeId = 19 )  [ RunTime:0.0010s ]
INFO: [ view_parse ] --START--
INFO: [ template_filter ] --START--
INFO: Run Behavior\ContentReplaceBehavior [ RunTime:0.000000s ]
INFO: [ template_filter ] --END-- [ RunTime:0.000000s ]
INFO: Run Behavior\ParseTemplateBehavior [ RunTime:0.006000s ]
INFO: [ view_parse ] --END-- [ RunTime:0.006000s ]
INFO: [ view_filter ] --START--
INFO: Run Behavior\WriteHtmlCacheBehavior [ RunTime:0.000000s ]
INFO: [ view_filter ] --END-- [ RunTime:0.000000s ]
INFO: [ app_end ] --START--
INFO: Run Behavior\ShowPageTraceBehavior [ RunTime:0.001000s ]
INFO: [ app_end ] --END-- [ RunTime:0.001000s ]

[ 2017-06-13T23:42:29+08:00 ] ::1 /SignUpSys/index.php/Home/Student/choiced
INFO: [ app_init ] --START--
INFO: Run Behavior\BuildLiteBehavior [ RunTime:0.000000s ]
INFO: [ app_init ] --END-- [ RunTime:0.000000s ]
INFO: [ app_begin ] --START--
INFO: Run Behavior\ReadHtmlCacheBehavior [ RunTime:0.000000s ]
INFO: [ app_begin ] --END-- [ RunTime:0.000000s ]
SQL: SHOW COLUMNS FROM `su_course_tree` [ RunTime:0.0020s ]
SQL: SHOW COLUMNS FROM `su_student` [ RunTime:0.0020s ]
SQL: SHOW COLUMNS FROM `su_student_choice` [ RunTime:0.0020s ]
SQL: SHOW COLUMNS FROM `su_manager` [ RunTime:0.0020s ]
SQL: SELECT `stu_Name`,`stu_Grade`,`stu_Profession`,`stu_Class` FROM `su_student` WHERE ( stu_Number = 123 )  [ RunTime:0.0000s ]
SQL: SELECT * FROM `su_student_choice` WHERE ( ch_StuNumber = 123 )  [ RunTime:0.0000s ]
SQL: SELECT `mg_Rule` FROM `su_manager` WHERE ( mg_Name = 'admin' )  [ RunTime:0.0000s ]

[ 2017-06-13T23:42:29+08:00 ] ::1 /SignUpSys/index.php/Home/Student/choice.html
INFO: [ app_init ] --START--
INFO: Run Behavior\BuildLiteBehavior [ RunTime:0.000000s ]
INFO: [ app_init ] --END-- [ RunTime:0.001000s ]
INFO: [ app_begin ] --START--
INFO: Run Behavior\ReadHtmlCacheBehavior [ RunTime:0.001000s ]
INFO: [ app_begin ] --END-- [ RunTime:0.001000s ]
SQL: SHOW COLUMNS FROM `su_course_tree` [ RunTime:0.0020s ]
SQL: SHOW COLUMNS FROM `su_student` [ RunTime:0.0010s ]
SQL: SHOW COLUMNS FROM `su_student_choice` [ RunTime:0.0020s ]
SQL: SHOW COLUMNS FROM `su_manager` [ RunTime:0.0020s ]
SQL: SELECT `stu_Name`,`stu_Grade`,`stu_Profession`,`stu_Class` FROM `su_student` WHERE ( stu_Number = 123 )  [ RunTime:0.0010s ]
SQL: SELECT * FROM `su_student_choice` WHERE ( ch_StuNumber = 123 )  [ RunTime:0.0000s ]
SQL: SELECT `mg_Rule` FROM `su_manager` WHERE ( mg_Name = 'admin' )  [ RunTime:0.0000s ]
SQL: SELECT `stu_Name`,`stu_Grade`,`stu_Profession`,`stu_Class` FROM `su_student` WHERE ( stu_Number = 123 )  [ RunTime:0.0000s ]
INFO: [ view_parse ] --START--
INFO: [ template_filter ] --START--
INFO: Run Behavior\ContentReplaceBehavior [ RunTime:0.000000s ]
INFO: [ template_filter ] --END-- [ RunTime:0.000000s ]
INFO: Run Behavior\ParseTemplateBehavior [ RunTime:0.007001s ]
INFO: [ view_parse ] --END-- [ RunTime:0.007001s ]
INFO: [ view_filter ] --START--
INFO: Run Behavior\WriteHtmlCacheBehavior [ RunTime:0.001000s ]
INFO: [ view_filter ] --END-- [ RunTime:0.001000s ]
INFO: [ app_end ] --START--
INFO: Run Behavior\ShowPageTraceBehavior [ RunTime:0.001000s ]
INFO: [ app_end ] --END-- [ RunTime:0.001000s ]

[ 2017-06-13T23:42:29+08:00 ] ::1 /SignUpSys/index.php/Home/Student/getCTree
INFO: [ app_init ] --START--
INFO: Run Behavior\BuildLiteBehavior [ RunTime:0.000000s ]
INFO: [ app_init ] --END-- [ RunTime:0.001000s ]
INFO: [ app_begin ] --START--
INFO: Run Behavior\ReadHtmlCacheBehavior [ RunTime:0.001000s ]
INFO: [ app_begin ] --END-- [ RunTime:0.001000s ]
SQL: SHOW COLUMNS FROM `su_course_tree` [ RunTime:0.0010s ]
SQL: SHOW COLUMNS FROM `su_student` [ RunTime:0.0020s ]
SQL: SHOW COLUMNS FROM `su_student_choice` [ RunTime:0.0020s ]
SQL: SHOW COLUMNS FROM `su_manager` [ RunTime:0.0010s ]
SQL: SELECT `stu_Name`,`stu_Grade`,`stu_Profession`,`stu_Class` FROM `su_student` WHERE ( stu_Number = 123 )  [ RunTime:0.0000s ]
SQL: SELECT * FROM `su_student_choice` WHERE ( ch_StuNumber = 123 )  [ RunTime:0.0000s ]
SQL: SELECT `mg_Rule` FROM `su_manager` WHERE ( mg_Name = 'admin' )  [ RunTime:0.0000s ]
SQL: SELECT `ctr_NodeId`,`ctr_ParentId`,ctr_Name AS name,ctr_Level AS level,`ctr_Limit`,`ctr_Synopsis` FROM `su_course_tree` WHERE ( ctr_Name = '计算机科学与技术' )  [ RunTime:0.0010s ]
SQL: SELECT `ctr_NodeId`,`ctr_ParentId`,ctr_Name AS name,ctr_Level AS level,`ctr_Limit`,`ctr_Synopsis` FROM `su_course_tree` WHERE ( ctr_ParentId = 4 )  [ RunTime:0.0000s ]
SQL: SELECT `ctr_NodeId`,`ctr_ParentId`,ctr_Name AS name,ctr_Level AS level,`ctr_Limit`,`ctr_Synopsis` FROM `su_course_tree` WHERE ( ctr_ParentId = 5 )  [ RunTime:0.0000s ]
SQL: SELECT `ctr_NodeId`,`ctr_ParentId`,ctr_Name AS name,ctr_Level AS level,`ctr_Limit`,`ctr_Synopsis` FROM `su_course_tree` WHERE ( ctr_ParentId = 12 )  [ RunTime:0.0010s ]
SQL: SELECT `ctr_NodeId`,`ctr_ParentId`,ctr_Name AS name,ctr_Level AS level,`ctr_Limit`,`ctr_Synopsis` FROM `su_course_tree` WHERE ( ctr_ParentId = 14 )  [ RunTime:0.0000s ]
SQL: SELECT `ctr_NodeId`,`ctr_ParentId`,ctr_Name AS name,ctr_Level AS level,`ctr_Limit`,`ctr_Synopsis` FROM `su_course_tree` WHERE ( ctr_ParentId = 15 )  [ RunTime:0.0000s ]
SQL: SELECT `ctr_NodeId`,`ctr_ParentId`,ctr_Name AS name,ctr_Level AS level,`ctr_Limit`,`ctr_Synopsis` FROM `su_course_tree` WHERE ( ctr_ParentId = 16 )  [ RunTime:0.0000s ]
SQL: SELECT `ctr_NodeId`,`ctr_ParentId`,ctr_Name AS name,ctr_Level AS level,`ctr_Limit`,`ctr_Synopsis` FROM `su_course_tree` WHERE ( ctr_ParentId = 17 )  [ RunTime:0.0000s ]
SQL: SELECT `ctr_NodeId`,`ctr_ParentId`,ctr_Name AS name,ctr_Level AS level,`ctr_Limit`,`ctr_Synopsis` FROM `su_course_tree` WHERE ( ctr_ParentId = 18 )  [ RunTime:0.0000s ]
SQL: SELECT `ctr_NodeId`,`ctr_ParentId`,ctr_Name AS name,ctr_Level AS level,`ctr_Limit`,`ctr_Synopsis` FROM `su_course_tree` WHERE ( ctr_ParentId = 19 )  [ RunTime:0.0000s ]
SQL: SELECT `ctr_NodeId`,`ctr_ParentId`,ctr_Name AS name,ctr_Level AS level,`ctr_Limit`,`ctr_Synopsis` FROM `su_course_tree` WHERE ( ctr_ParentId = 20 )  [ RunTime:0.0000s ]
SQL: SELECT `ctr_NodeId`,`ctr_ParentId`,ctr_Name AS name,ctr_Level AS level,`ctr_Limit`,`ctr_Synopsis` FROM `su_course_tree` WHERE ( ctr_ParentId = 21 )  [ RunTime:0.0010s ]
SQL: SELECT `ctr_NodeId`,`ctr_ParentId`,ctr_Name AS name,ctr_Level AS level,`ctr_Limit`,`ctr_Synopsis` FROM `su_course_tree` WHERE ( ctr_ParentId = 22 )  [ RunTime:0.0000s ]
SQL: SELECT `ctr_NodeId`,`ctr_ParentId`,ctr_Name AS name,ctr_Level AS level,`ctr_Limit`,`ctr_Synopsis` FROM `su_course_tree` WHERE ( ctr_ParentId = 23 )  [ RunTime:0.0000s ]
SQL: SELECT `ctr_NodeId`,`ctr_ParentId`,ctr_Name AS name,ctr_Level AS level,`ctr_Limit`,`ctr_Synopsis` FROM `su_course_tree` WHERE ( ctr_ParentId = 24 )  [ RunTime:0.0000s ]
SQL: SELECT `ctr_NodeId`,`ctr_ParentId`,ctr_Name AS name,ctr_Level AS level,`ctr_Limit`,`ctr_Synopsis` FROM `su_course_tree` WHERE ( ctr_ParentId = 25 )  [ RunTime:0.0000s ]
SQL: SELECT `ctr_NodeId`,`ctr_ParentId`,ctr_Name AS name,ctr_Level AS level,`ctr_Limit`,`ctr_Synopsis` FROM `su_course_tree` WHERE ( ctr_ParentId = 26 )  [ RunTime:0.0000s ]
SQL: SELECT `ctr_NodeId`,`ctr_ParentId`,ctr_Name AS name,ctr_Level AS level,`ctr_Limit`,`ctr_Synopsis` FROM `su_course_tree` WHERE ( ctr_ParentId = 27 )  [ RunTime:0.0000s ]
SQL: SELECT `ctr_NodeId`,`ctr_ParentId`,ctr_Name AS name,ctr_Level AS level,`ctr_Limit`,`ctr_Synopsis` FROM `su_course_tree` WHERE ( ctr_ParentId = 28 )  [ RunTime:0.0000s ]
SQL: SELECT `ctr_NodeId`,`ctr_ParentId`,ctr_Name AS name,ctr_Level AS level,`ctr_Limit`,`ctr_Synopsis` FROM `su_course_tree` WHERE ( ctr_ParentId = 29 )  [ RunTime:0.0010s ]
SQL: SELECT `ctr_NodeId`,`ctr_ParentId`,ctr_Name AS name,ctr_Level AS level,`ctr_Limit`,`ctr_Synopsis` FROM `su_course_tree` WHERE ( ctr_ParentId = 30 )  [ RunTime:0.0000s ]
INFO: [ app_end ] --START--
INFO: Run Behavior\ShowPageTraceBehavior [ RunTime:0.001000s ]
INFO: [ app_end ] --END-- [ RunTime:0.001000s ]

[ 2017-06-13T23:42:33+08:00 ] ::1 /SignUpSys/index.php/Home/Student/result?pId=12,19&id=14,20,21
INFO: [ app_init ] --START--
INFO: Run Behavior\BuildLiteBehavior [ RunTime:0.000000s ]
INFO: [ app_init ] --END-- [ RunTime:0.000000s ]
INFO: [ app_begin ] --START--
INFO: Run Behavior\ReadHtmlCacheBehavior [ RunTime:0.000000s ]
INFO: [ app_begin ] --END-- [ RunTime:0.000000s ]
SQL: SHOW COLUMNS FROM `su_course_tree` [ RunTime:0.0020s ]
SQL: SHOW COLUMNS FROM `su_student` [ RunTime:0.0010s ]
SQL: SHOW COLUMNS FROM `su_student_choice` [ RunTime:0.0020s ]
SQL: SHOW COLUMNS FROM `su_manager` [ RunTime:0.0010s ]
SQL: SELECT `stu_Name`,`stu_Grade`,`stu_Profession`,`stu_Class` FROM `su_student` WHERE ( stu_Number = 123 )  [ RunTime:0.0000s ]
SQL: SELECT * FROM `su_student_choice` WHERE ( ch_StuNumber = 123 )  [ RunTime:0.0000s ]
SQL: SELECT `mg_Rule` FROM `su_manager` WHERE ( mg_Name = 'admin' )  [ RunTime:0.0000s ]
SQL: SELECT `ctr_Name`,`ctr_Limit`,`ctr_Synopsis` FROM `su_course_tree` WHERE (  `ctr_NodeId` = '12' ) OR (  `ctr_NodeId` = '19' )  [ RunTime:0.0010s ]
NOTIC: [8] Undefined variable: str E:\DevelopTools\xampp\htdocs\SignUpSys\App\Home\Controller\StudentController.class.php 第 130 行.
SQL: SELECT `ctr_NodeId`,`ctr_ParentId`,`ctr_Name`,`ctr_Synopsis` FROM `su_course_tree` WHERE (  `ctr_NodeId` = '14' ) OR (  `ctr_NodeId` = '20' ) OR (  `ctr_NodeId` = '21' )  [ RunTime:0.0000s ]
SQL: SELECT COUNT(ch_StuNumber) AS count FROM `su_student_choice` WHERE ( ch_TrNodeId = 14 )  [ RunTime:0.0000s ]
SQL: SELECT `ctr_Limit` FROM `su_course_tree` WHERE ( ctr_NodeId = 12 )  [ RunTime:0.0000s ]
NOTIC: [8] Undefined variable: table E:\DevelopTools\xampp\htdocs\SignUpSys\App\Home\Controller\StudentController.class.php 第 136 行.
SQL: SELECT COUNT(ch_StuNumber) AS count FROM `su_student_choice` WHERE ( ch_TrNodeId = 20 )  [ RunTime:0.0010s ]
SQL: SELECT `ctr_Limit` FROM `su_course_tree` WHERE ( ctr_NodeId = 19 )  [ RunTime:0.0000s ]
SQL: SELECT COUNT(ch_StuNumber) AS count FROM `su_student_choice` WHERE ( ch_TrNodeId = 21 )  [ RunTime:0.0000s ]
SQL: SELECT `ctr_Limit` FROM `su_course_tree` WHERE ( ctr_NodeId = 19 )  [ RunTime:0.0000s ]
INFO: [ view_parse ] --START--
INFO: [ template_filter ] --START--
INFO: Run Behavior\ContentReplaceBehavior [ RunTime:0.000000s ]
INFO: [ template_filter ] --END-- [ RunTime:0.000000s ]
NOTIC: [8] Undefined variable: error E:\DevelopTools\xampp\htdocs\SignUpSys\Runtime\Cache\Home\637c833c3bf70fd9f9bc7553aba8640d.php 第 48 行.
INFO: Run Behavior\ParseTemplateBehavior [ RunTime:0.005000s ]
INFO: [ view_parse ] --END-- [ RunTime:0.005000s ]
INFO: [ view_filter ] --START--
INFO: Run Behavior\WriteHtmlCacheBehavior [ RunTime:0.000000s ]
INFO: [ view_filter ] --END-- [ RunTime:0.000000s ]
INFO: [ app_end ] --START--
INFO: Run Behavior\ShowPageTraceBehavior [ RunTime:0.001001s ]
INFO: [ app_end ] --END-- [ RunTime:0.001001s ]

[ 2017-06-13T23:42:35+08:00 ] ::1 /SignUpSys/index.php/Home/Student/submitResult?ids=14%2C20%2C21
INFO: [ app_init ] --START--
INFO: Run Behavior\BuildLiteBehavior [ RunTime:0.000000s ]
INFO: [ app_init ] --END-- [ RunTime:0.000000s ]
INFO: [ app_begin ] --START--
INFO: Run Behavior\ReadHtmlCacheBehavior [ RunTime:0.001000s ]
INFO: [ app_begin ] --END-- [ RunTime:0.001000s ]
SQL: SHOW COLUMNS FROM `su_course_tree` [ RunTime:0.0020s ]
SQL: SHOW COLUMNS FROM `su_student` [ RunTime:0.0020s ]
SQL: SHOW COLUMNS FROM `su_student_choice` [ RunTime:0.0030s ]
SQL: SHOW COLUMNS FROM `su_manager` [ RunTime:0.0030s ]
SQL: SELECT `stu_Name`,`stu_Grade`,`stu_Profession`,`stu_Class` FROM `su_student` WHERE ( stu_Number = 123 )  [ RunTime:0.0000s ]
SQL: SELECT * FROM `su_student_choice` WHERE ( ch_StuNumber = 123 )  [ RunTime:0.0000s ]
SQL: SELECT `mg_Rule` FROM `su_manager` WHERE ( mg_Name = 'admin' )  [ RunTime:0.0000s ]
NOTIC: [8] Undefined variable: stu_Grade E:\DevelopTools\xampp\htdocs\SignUpSys\App\Home\Controller\StudentController.class.php 第 158 行.
NOTIC: [8] Undefined variable: stu_Grade E:\DevelopTools\xampp\htdocs\SignUpSys\App\Home\Controller\StudentController.class.php 第 158 行.
NOTIC: [8] Undefined variable: stu_Grade E:\DevelopTools\xampp\htdocs\SignUpSys\App\Home\Controller\StudentController.class.php 第 158 行.
SQL: INSERT INTO `su_student_choice` (`ch_TrNodeId`,`ch_StuNumber`) VALUES ('14','123') [ RunTime:0.1590s ]
SQL: INSERT INTO `su_student_choice` (`ch_TrNodeId`,`ch_StuNumber`) VALUES ('20','123') [ RunTime:0.0440s ]
SQL: INSERT INTO `su_student_choice` (`ch_TrNodeId`,`ch_StuNumber`) VALUES ('21','123') [ RunTime:0.1050s ]
INFO: [ app_end ] --START--
INFO: Run Behavior\ShowPageTraceBehavior [ RunTime:0.001000s ]
INFO: [ app_end ] --END-- [ RunTime:0.001000s ]

[ 2017-06-13T23:42:35+08:00 ] ::1 /SignUpSys/index.php/Home/Student/choiced
INFO: [ app_init ] --START--
INFO: Run Behavior\BuildLiteBehavior [ RunTime:0.000000s ]
INFO: [ app_init ] --END-- [ RunTime:0.001000s ]
INFO: [ app_begin ] --START--
INFO: Run Behavior\ReadHtmlCacheBehavior [ RunTime:0.001000s ]
INFO: [ app_begin ] --END-- [ RunTime:0.001000s ]
SQL: SHOW COLUMNS FROM `su_course_tree` [ RunTime:0.0020s ]
SQL: SHOW COLUMNS FROM `su_student` [ RunTime:0.0020s ]
SQL: SHOW COLUMNS FROM `su_student_choice` [ RunTime:0.0020s ]
SQL: SHOW COLUMNS FROM `su_manager` [ RunTime:0.0020s ]
SQL: SELECT `stu_Name`,`stu_Grade`,`stu_Profession`,`stu_Class` FROM `su_student` WHERE ( stu_Number = 123 )  [ RunTime:0.0010s ]
SQL: SELECT * FROM `su_student_choice` WHERE ( ch_StuNumber = 123 )  [ RunTime:0.0000s ]
SQL: SELECT `mg_Rule` FROM `su_manager` WHERE ( mg_Name = 'admin' )  [ RunTime:0.0000s ]
SQL: SELECT `stu_Name`,`stu_Grade`,`stu_Profession`,`stu_Class` FROM `su_student` WHERE ( stu_Number = 123 )  [ RunTime:0.0010s ]
SQL: SELECT ch_TrNodeId AS ctr_NodeId FROM `su_student_choice` WHERE ( ch_StuNumber = 123 )  [ RunTime:0.0000s ]
SQL: SELECT `ctr_NodeId`,`ctr_ParentId`,`ctr_Name`,`ctr_Synopsis` FROM `su_course_tree` WHERE (  `ctr_NodeId` = '14' ) OR (  `ctr_NodeId` = '20' ) OR (  `ctr_NodeId` = '21' )  [ RunTime:0.0000s ]
SQL: SELECT COUNT(ch_StuNumber) AS count FROM `su_student_choice` WHERE ( ch_TrNodeId = 14 )  [ RunTime:0.0000s ]
SQL: SELECT `ctr_Limit` FROM `su_course_tree` WHERE ( ctr_NodeId = 12 )  [ RunTime:0.0000s ]
NOTIC: [8] Undefined variable: table E:\DevelopTools\xampp\htdocs\SignUpSys\App\Home\Controller\StudentController.class.php 第 181 行.
SQL: SELECT COUNT(ch_StuNumber) AS count FROM `su_student_choice` WHERE ( ch_TrNodeId = 20 )  [ RunTime:0.0000s ]
SQL: SELECT `ctr_Limit` FROM `su_course_tree` WHERE ( ctr_NodeId = 19 )  [ RunTime:0.0000s ]
SQL: SELECT COUNT(ch_StuNumber) AS count FROM `su_student_choice` WHERE ( ch_TrNodeId = 21 )  [ RunTime:0.0010s ]
SQL: SELECT `ctr_Limit` FROM `su_course_tree` WHERE ( ctr_NodeId = 19 )  [ RunTime:0.0000s ]
INFO: [ view_parse ] --START--
INFO: [ template_filter ] --START--
INFO: Run Behavior\ContentReplaceBehavior [ RunTime:0.000000s ]
INFO: [ template_filter ] --END-- [ RunTime:0.000000s ]
INFO: Run Behavior\ParseTemplateBehavior [ RunTime:0.006000s ]
INFO: [ view_parse ] --END-- [ RunTime:0.006000s ]
INFO: [ view_filter ] --START--
INFO: Run Behavior\WriteHtmlCacheBehavior [ RunTime:0.000000s ]
INFO: [ view_filter ] --END-- [ RunTime:0.000000s ]
INFO: [ app_end ] --START--
INFO: Run Behavior\ShowPageTraceBehavior [ RunTime:0.001000s ]
INFO: [ app_end ] --END-- [ RunTime:0.001000s ]

[ 2017-06-13T23:54:03+08:00 ] ::1 /SignUpSys/index.php/Home/Student/choiced
INFO: [ app_init ] --START--
INFO: Run Behavior\BuildLiteBehavior [ RunTime:0.000000s ]
INFO: [ app_init ] --END-- [ RunTime:0.000000s ]
INFO: [ app_begin ] --START--
INFO: Run Behavior\ReadHtmlCacheBehavior [ RunTime:0.001000s ]
INFO: [ app_begin ] --END-- [ RunTime:0.001000s ]
SQL: SHOW COLUMNS FROM `su_course_tree` [ RunTime:0.0020s ]
SQL: SHOW COLUMNS FROM `su_student` [ RunTime:0.0020s ]
SQL: SHOW COLUMNS FROM `su_student_choice` [ RunTime:0.0020s ]
SQL: SHOW COLUMNS FROM `su_manager` [ RunTime:0.0020s ]
SQL: SELECT `stu_Name`,`stu_Grade`,`stu_Profession`,`stu_Class` FROM `su_student` WHERE ( stu_Number = 123 )  [ RunTime:0.0000s ]
SQL: SELECT * FROM `su_student_choice` WHERE ( ch_StuNumber = 123 )  [ RunTime:0.0000s ]
SQL: SELECT `mg_Rule` FROM `su_manager` WHERE ( mg_Name = 'admin' )  [ RunTime:0.0000s ]

[ 2017-06-13T23:54:03+08:00 ] ::1 /SignUpSys/index.php/Home/Student/choice.html
INFO: [ app_init ] --START--
INFO: Run Behavior\BuildLiteBehavior [ RunTime:0.000000s ]
INFO: [ app_init ] --END-- [ RunTime:0.000000s ]
INFO: [ app_begin ] --START--
INFO: Run Behavior\ReadHtmlCacheBehavior [ RunTime:0.001000s ]
INFO: [ app_begin ] --END-- [ RunTime:0.001000s ]
SQL: SHOW COLUMNS FROM `su_course_tree` [ RunTime:0.0020s ]
SQL: SHOW COLUMNS FROM `su_student` [ RunTime:0.0020s ]
SQL: SHOW COLUMNS FROM `su_student_choice` [ RunTime:0.0020s ]
SQL: SHOW COLUMNS FROM `su_manager` [ RunTime:0.0010s ]
SQL: SELECT `stu_Name`,`stu_Grade`,`stu_Profession`,`stu_Class` FROM `su_student` WHERE ( stu_Number = 123 )  [ RunTime:0.0000s ]
SQL: SELECT * FROM `su_student_choice` WHERE ( ch_StuNumber = 123 )  [ RunTime:0.0000s ]
SQL: SELECT `mg_Rule` FROM `su_manager` WHERE ( mg_Name = 'admin' )  [ RunTime:0.0000s ]
SQL: SELECT `stu_Name`,`stu_Grade`,`stu_Profession`,`stu_Class` FROM `su_student` WHERE ( stu_Number = 123 )  [ RunTime:0.0000s ]
INFO: [ view_parse ] --START--
INFO: [ template_filter ] --START--
INFO: Run Behavior\ContentReplaceBehavior [ RunTime:0.000000s ]
INFO: [ template_filter ] --END-- [ RunTime:0.000000s ]
INFO: Run Behavior\ParseTemplateBehavior [ RunTime:0.006000s ]
INFO: [ view_parse ] --END-- [ RunTime:0.006000s ]
INFO: [ view_filter ] --START--
INFO: Run Behavior\WriteHtmlCacheBehavior [ RunTime:0.001001s ]
INFO: [ view_filter ] --END-- [ RunTime:0.001001s ]
INFO: [ app_end ] --START--
INFO: Run Behavior\ShowPageTraceBehavior [ RunTime:0.001000s ]
INFO: [ app_end ] --END-- [ RunTime:0.001000s ]

[ 2017-06-13T23:54:03+08:00 ] ::1 /SignUpSys/index.php/Home/Student/getCTree
INFO: [ app_init ] --START--
INFO: Run Behavior\BuildLiteBehavior [ RunTime:0.000000s ]
INFO: [ app_init ] --END-- [ RunTime:0.000000s ]
INFO: [ app_begin ] --START--
INFO: Run Behavior\ReadHtmlCacheBehavior [ RunTime:0.001000s ]
INFO: [ app_begin ] --END-- [ RunTime:0.001000s ]
SQL: SHOW COLUMNS FROM `su_course_tree` [ RunTime:0.0020s ]
SQL: SHOW COLUMNS FROM `su_student` [ RunTime:0.0010s ]
SQL: SHOW COLUMNS FROM `su_student_choice` [ RunTime:0.0020s ]
SQL: SHOW COLUMNS FROM `su_manager` [ RunTime:0.0020s ]
SQL: SELECT `stu_Name`,`stu_Grade`,`stu_Profession`,`stu_Class` FROM `su_student` WHERE ( stu_Number = 123 )  [ RunTime:0.0000s ]
SQL: SELECT * FROM `su_student_choice` WHERE ( ch_StuNumber = 123 )  [ RunTime:0.0000s ]
SQL: SELECT `mg_Rule` FROM `su_manager` WHERE ( mg_Name = 'admin' )  [ RunTime:0.0000s ]
SQL: SELECT `ctr_NodeId`,`ctr_ParentId`,ctr_Name AS name,ctr_Level AS level,`ctr_Limit`,`ctr_Synopsis` FROM `su_course_tree` WHERE ( ctr_Name = '计算机科学与技术' )  [ RunTime:0.0000s ]
SQL: SELECT `ctr_NodeId`,`ctr_ParentId`,ctr_Name AS name,ctr_Level AS level,`ctr_Limit`,`ctr_Synopsis` FROM `su_course_tree` WHERE ( ctr_ParentId = 4 )  [ RunTime:0.0000s ]
SQL: SELECT `ctr_NodeId`,`ctr_ParentId`,ctr_Name AS name,ctr_Level AS level,`ctr_Limit`,`ctr_Synopsis` FROM `su_course_tree` WHERE ( ctr_ParentId = 5 )  [ RunTime:0.0000s ]
SQL: SELECT `ctr_NodeId`,`ctr_ParentId`,ctr_Name AS name,ctr_Level AS level,`ctr_Limit`,`ctr_Synopsis` FROM `su_course_tree` WHERE ( ctr_ParentId = 12 )  [ RunTime:0.0000s ]
SQL: SELECT `ctr_NodeId`,`ctr_ParentId`,ctr_Name AS name,ctr_Level AS level,`ctr_Limit`,`ctr_Synopsis` FROM `su_course_tree` WHERE ( ctr_ParentId = 14 )  [ RunTime:0.0000s ]
SQL: SELECT `ctr_NodeId`,`ctr_ParentId`,ctr_Name AS name,ctr_Level AS level,`ctr_Limit`,`ctr_Synopsis` FROM `su_course_tree` WHERE ( ctr_ParentId = 15 )  [ RunTime:0.0000s ]
SQL: SELECT `ctr_NodeId`,`ctr_ParentId`,ctr_Name AS name,ctr_Level AS level,`ctr_Limit`,`ctr_Synopsis` FROM `su_course_tree` WHERE ( ctr_ParentId = 16 )  [ RunTime:0.0000s ]
SQL: SELECT `ctr_NodeId`,`ctr_ParentId`,ctr_Name AS name,ctr_Level AS level,`ctr_Limit`,`ctr_Synopsis` FROM `su_course_tree` WHERE ( ctr_ParentId = 17 )  [ RunTime:0.0010s ]
SQL: SELECT `ctr_NodeId`,`ctr_ParentId`,ctr_Name AS name,ctr_Level AS level,`ctr_Limit`,`ctr_Synopsis` FROM `su_course_tree` WHERE ( ctr_ParentId = 18 )  [ RunTime:0.0000s ]
SQL: SELECT `ctr_NodeId`,`ctr_ParentId`,ctr_Name AS name,ctr_Level AS level,`ctr_Limit`,`ctr_Synopsis` FROM `su_course_tree` WHERE ( ctr_ParentId = 19 )  [ RunTime:0.0000s ]
SQL: SELECT `ctr_NodeId`,`ctr_ParentId`,ctr_Name AS name,ctr_Level AS level,`ctr_Limit`,`ctr_Synopsis` FROM `su_course_tree` WHERE ( ctr_ParentId = 20 )  [ RunTime:0.0010s ]
SQL: SELECT `ctr_NodeId`,`ctr_ParentId`,ctr_Name AS name,ctr_Level AS level,`ctr_Limit`,`ctr_Synopsis` FROM `su_course_tree` WHERE ( ctr_ParentId = 21 )  [ RunTime:0.0000s ]
SQL: SELECT `ctr_NodeId`,`ctr_ParentId`,ctr_Name AS name,ctr_Level AS level,`ctr_Limit`,`ctr_Synopsis` FROM `su_course_tree` WHERE ( ctr_ParentId = 22 )  [ RunTime:0.0000s ]
SQL: SELECT `ctr_NodeId`,`ctr_ParentId`,ctr_Name AS name,ctr_Level AS level,`ctr_Limit`,`ctr_Synopsis` FROM `su_course_tree` WHERE ( ctr_ParentId = 23 )  [ RunTime:0.0000s ]
SQL: SELECT `ctr_NodeId`,`ctr_ParentId`,ctr_Name AS name,ctr_Level AS level,`ctr_Limit`,`ctr_Synopsis` FROM `su_course_tree` WHERE ( ctr_ParentId = 24 )  [ RunTime:0.0000s ]
SQL: SELECT `ctr_NodeId`,`ctr_ParentId`,ctr_Name AS name,ctr_Level AS level,`ctr_Limit`,`ctr_Synopsis` FROM `su_course_tree` WHERE ( ctr_ParentId = 25 )  [ RunTime:0.0000s ]
SQL: SELECT `ctr_NodeId`,`ctr_ParentId`,ctr_Name AS name,ctr_Level AS level,`ctr_Limit`,`ctr_Synopsis` FROM `su_course_tree` WHERE ( ctr_ParentId = 26 )  [ RunTime:0.0000s ]
SQL: SELECT `ctr_NodeId`,`ctr_ParentId`,ctr_Name AS name,ctr_Level AS level,`ctr_Limit`,`ctr_Synopsis` FROM `su_course_tree` WHERE ( ctr_ParentId = 27 )  [ RunTime:0.0000s ]
SQL: SELECT `ctr_NodeId`,`ctr_ParentId`,ctr_Name AS name,ctr_Level AS level,`ctr_Limit`,`ctr_Synopsis` FROM `su_course_tree` WHERE ( ctr_ParentId = 28 )  [ RunTime:0.0000s ]
SQL: SELECT `ctr_NodeId`,`ctr_ParentId`,ctr_Name AS name,ctr_Level AS level,`ctr_Limit`,`ctr_Synopsis` FROM `su_course_tree` WHERE ( ctr_ParentId = 29 )  [ RunTime:0.0000s ]
SQL: SELECT `ctr_NodeId`,`ctr_ParentId`,ctr_Name AS name,ctr_Level AS level,`ctr_Limit`,`ctr_Synopsis` FROM `su_course_tree` WHERE ( ctr_ParentId = 30 )  [ RunTime:0.0010s ]
INFO: [ app_end ] --START--
INFO: Run Behavior\ShowPageTraceBehavior [ RunTime:0.001000s ]
INFO: [ app_end ] --END-- [ RunTime:0.001000s ]

[ 2017-06-13T23:54:08+08:00 ] ::1 /SignUpSys/index.php/Home/Student/result?pId=12,19&id=14,20,21
INFO: [ app_init ] --START--
INFO: Run Behavior\BuildLiteBehavior [ RunTime:0.000000s ]
INFO: [ app_init ] --END-- [ RunTime:0.001000s ]
INFO: [ app_begin ] --START--
INFO: Run Behavior\ReadHtmlCacheBehavior [ RunTime:0.001000s ]
INFO: [ app_begin ] --END-- [ RunTime:0.001000s ]
SQL: SHOW COLUMNS FROM `su_course_tree` [ RunTime:0.0020s ]
SQL: SHOW COLUMNS FROM `su_student` [ RunTime:0.0020s ]
SQL: SHOW COLUMNS FROM `su_student_choice` [ RunTime:0.0020s ]
SQL: SHOW COLUMNS FROM `su_manager` [ RunTime:0.0020s ]
SQL: SELECT `stu_Name`,`stu_Grade`,`stu_Profession`,`stu_Class` FROM `su_student` WHERE ( stu_Number = 123 )  [ RunTime:0.0000s ]
SQL: SELECT * FROM `su_student_choice` WHERE ( ch_StuNumber = 123 )  [ RunTime:0.0000s ]
SQL: SELECT `mg_Rule` FROM `su_manager` WHERE ( mg_Name = 'admin' )  [ RunTime:0.0000s ]
SQL: SELECT `ctr_Name`,`ctr_Limit`,`ctr_Synopsis` FROM `su_course_tree` WHERE (  `ctr_NodeId` = '12' ) OR (  `ctr_NodeId` = '19' )  [ RunTime:0.0000s ]
NOTIC: [8] Undefined variable: str E:\DevelopTools\xampp\htdocs\SignUpSys\App\Home\Controller\StudentController.class.php 第 130 行.
SQL: SELECT `ctr_NodeId`,`ctr_ParentId`,`ctr_Name`,`ctr_Synopsis` FROM `su_course_tree` WHERE (  `ctr_NodeId` = '14' ) OR (  `ctr_NodeId` = '20' ) OR (  `ctr_NodeId` = '21' )  [ RunTime:0.0000s ]
SQL: SELECT COUNT(ch_StuNumber) AS count FROM `su_student_choice` WHERE ( ch_TrNodeId = 14 )  [ RunTime:0.0010s ]
SQL: SELECT `ctr_Limit` FROM `su_course_tree` WHERE ( ctr_NodeId = 12 )  [ RunTime:0.0000s ]
NOTIC: [8] Undefined variable: table E:\DevelopTools\xampp\htdocs\SignUpSys\App\Home\Controller\StudentController.class.php 第 136 行.
SQL: SELECT COUNT(ch_StuNumber) AS count FROM `su_student_choice` WHERE ( ch_TrNodeId = 20 )  [ RunTime:0.0000s ]
SQL: SELECT `ctr_Limit` FROM `su_course_tree` WHERE ( ctr_NodeId = 19 )  [ RunTime:0.0000s ]
SQL: SELECT COUNT(ch_StuNumber) AS count FROM `su_student_choice` WHERE ( ch_TrNodeId = 21 )  [ RunTime:0.0000s ]
SQL: SELECT `ctr_Limit` FROM `su_course_tree` WHERE ( ctr_NodeId = 19 )  [ RunTime:0.0000s ]
INFO: [ view_parse ] --START--
INFO: [ template_filter ] --START--
INFO: Run Behavior\ContentReplaceBehavior [ RunTime:0.000000s ]
INFO: [ template_filter ] --END-- [ RunTime:0.000000s ]
NOTIC: [8] Undefined variable: error E:\DevelopTools\xampp\htdocs\SignUpSys\Runtime\Cache\Home\637c833c3bf70fd9f9bc7553aba8640d.php 第 48 行.
INFO: Run Behavior\ParseTemplateBehavior [ RunTime:0.006000s ]
INFO: [ view_parse ] --END-- [ RunTime:0.006000s ]
INFO: [ view_filter ] --START--
INFO: Run Behavior\WriteHtmlCacheBehavior [ RunTime:0.000000s ]
INFO: [ view_filter ] --END-- [ RunTime:0.000000s ]
INFO: [ app_end ] --START--
INFO: Run Behavior\ShowPageTraceBehavior [ RunTime:0.001000s ]
INFO: [ app_end ] --END-- [ RunTime:0.001000s ]

[ 2017-06-13T23:54:09+08:00 ] ::1 /SignUpSys/index.php/Home/Student/submitResult?ids=14%2C20%2C21
INFO: [ app_init ] --START--
INFO: Run Behavior\BuildLiteBehavior [ RunTime:0.000000s ]
INFO: [ app_init ] --END-- [ RunTime:0.000000s ]
INFO: [ app_begin ] --START--
INFO: Run Behavior\ReadHtmlCacheBehavior [ RunTime:0.001000s ]
INFO: [ app_begin ] --END-- [ RunTime:0.001000s ]
SQL: SHOW COLUMNS FROM `su_course_tree` [ RunTime:0.0020s ]
SQL: SHOW COLUMNS FROM `su_student` [ RunTime:0.0020s ]
SQL: SHOW COLUMNS FROM `su_student_choice` [ RunTime:0.0020s ]
SQL: SHOW COLUMNS FROM `su_manager` [ RunTime:0.0020s ]
SQL: SELECT `stu_Name`,`stu_Grade`,`stu_Profession`,`stu_Class` FROM `su_student` WHERE ( stu_Number = 123 )  [ RunTime:0.0010s ]
SQL: SELECT * FROM `su_student_choice` WHERE ( ch_StuNumber = 123 )  [ RunTime:0.0000s ]
SQL: SELECT `mg_Rule` FROM `su_manager` WHERE ( mg_Name = 'admin' )  [ RunTime:0.0000s ]
NOTIC: [8] Undefined variable: stu_Grade E:\DevelopTools\xampp\htdocs\SignUpSys\App\Home\Controller\StudentController.class.php 第 158 行.
NOTIC: [8] Undefined variable: stu_Grade E:\DevelopTools\xampp\htdocs\SignUpSys\App\Home\Controller\StudentController.class.php 第 158 行.
NOTIC: [8] Undefined variable: stu_Grade E:\DevelopTools\xampp\htdocs\SignUpSys\App\Home\Controller\StudentController.class.php 第 158 行.
NOTIC: [8] Undefined offset: 0 E:\DevelopTools\xampp\htdocs\SignUpSys\ThinkPHP\Library\Think\Db\Driver.class.php 第 803 行.
SQL: INSERT INTO `su_student_choice` (`ch_TrNodeId`,`ch_StuNumber`) VALUES ('14','123') [ RunTime:0.1470s ]
NOTIC: [8] Undefined offset: 0 E:\DevelopTools\xampp\htdocs\SignUpSys\ThinkPHP\Library\Think\Db\Driver.class.php 第 803 行.
SQL: INSERT INTO `su_student_choice` (`ch_TrNodeId`,`ch_StuNumber`) VALUES ('20','123') [ RunTime:0.2040s ]
NOTIC: [8] Undefined offset: 0 E:\DevelopTools\xampp\htdocs\SignUpSys\ThinkPHP\Library\Think\Db\Driver.class.php 第 803 行.
SQL: INSERT INTO `su_student_choice` (`ch_TrNodeId`,`ch_StuNumber`) VALUES ('21','123') [ RunTime:0.1390s ]
INFO: [ app_end ] --START--
INFO: Run Behavior\ShowPageTraceBehavior [ RunTime:0.001000s ]
INFO: [ app_end ] --END-- [ RunTime:0.001000s ]

[ 2017-06-13T23:54:10+08:00 ] ::1 /SignUpSys/index.php/Home/Student/choiced
INFO: [ app_init ] --START--
INFO: Run Behavior\BuildLiteBehavior [ RunTime:0.000000s ]
INFO: [ app_init ] --END-- [ RunTime:0.000000s ]
INFO: [ app_begin ] --START--
INFO: Run Behavior\ReadHtmlCacheBehavior [ RunTime:0.001000s ]
INFO: [ app_begin ] --END-- [ RunTime:0.001000s ]
SQL: SHOW COLUMNS FROM `su_course_tree` [ RunTime:0.0030s ]
SQL: SHOW COLUMNS FROM `su_student` [ RunTime:0.0030s ]
SQL: SHOW COLUMNS FROM `su_student_choice` [ RunTime:0.0030s ]
SQL: SHOW COLUMNS FROM `su_manager` [ RunTime:0.0020s ]
SQL: SELECT `stu_Name`,`stu_Grade`,`stu_Profession`,`stu_Class` FROM `su_student` WHERE ( stu_Number = 123 )  [ RunTime:0.0010s ]
SQL: SELECT * FROM `su_student_choice` WHERE ( ch_StuNumber = 123 )  [ RunTime:0.0010s ]
SQL: SELECT `mg_Rule` FROM `su_manager` WHERE ( mg_Name = 'admin' )  [ RunTime:0.0000s ]
SQL: SELECT `stu_Name`,`stu_Grade`,`stu_Profession`,`stu_Class` FROM `su_student` WHERE ( stu_Number = 123 )  [ RunTime:0.0010s ]
SQL: SELECT ch_TrNodeId AS ctr_NodeId FROM `su_student_choice` WHERE ( ch_StuNumber = 123 )  [ RunTime:0.0000s ]
SQL: SELECT `ctr_NodeId`,`ctr_ParentId`,`ctr_Name`,`ctr_Synopsis` FROM `su_course_tree` WHERE (  `ctr_NodeId` = '14' ) OR (  `ctr_NodeId` = '20' ) OR (  `ctr_NodeId` = '21' )  [ RunTime:0.0010s ]
SQL: SELECT COUNT(ch_StuNumber) AS count FROM `su_student_choice` WHERE ( ch_TrNodeId = 14 )  [ RunTime:0.0000s ]
SQL: SELECT `ctr_Limit` FROM `su_course_tree` WHERE ( ctr_NodeId = 12 )  [ RunTime:0.0000s ]
NOTIC: [8] Undefined variable: table E:\DevelopTools\xampp\htdocs\SignUpSys\App\Home\Controller\StudentController.class.php 第 181 行.
SQL: SELECT COUNT(ch_StuNumber) AS count FROM `su_student_choice` WHERE ( ch_TrNodeId = 20 )  [ RunTime:0.0000s ]
SQL: SELECT `ctr_Limit` FROM `su_course_tree` WHERE ( ctr_NodeId = 19 )  [ RunTime:0.0000s ]
SQL: SELECT COUNT(ch_StuNumber) AS count FROM `su_student_choice` WHERE ( ch_TrNodeId = 21 )  [ RunTime:0.0000s ]
SQL: SELECT `ctr_Limit` FROM `su_course_tree` WHERE ( ctr_NodeId = 19 )  [ RunTime:0.0000s ]
INFO: [ view_parse ] --START--
INFO: [ template_filter ] --START--
INFO: Run Behavior\ContentReplaceBehavior [ RunTime:0.000000s ]
INFO: [ template_filter ] --END-- [ RunTime:0.000000s ]
INFO: Run Behavior\ParseTemplateBehavior [ RunTime:0.008000s ]
INFO: [ view_parse ] --END-- [ RunTime:0.008000s ]
INFO: [ view_filter ] --START--
INFO: Run Behavior\WriteHtmlCacheBehavior [ RunTime:0.001000s ]
INFO: [ view_filter ] --END-- [ RunTime:0.001000s ]
INFO: [ app_end ] --START--
INFO: Run Behavior\ShowPageTraceBehavior [ RunTime:0.001000s ]
INFO: [ app_end ] --END-- [ RunTime:0.001000s ]

[ 2017-06-13T23:55:35+08:00 ] ::1 /SignUpSys/index.php/Home/Student/choiced
INFO: [ app_init ] --START--
INFO: Run Behavior\BuildLiteBehavior [ RunTime:0.000000s ]
INFO: [ app_init ] --END-- [ RunTime:0.001000s ]
INFO: [ app_begin ] --START--
INFO: Run Behavior\ReadHtmlCacheBehavior [ RunTime:0.000000s ]
INFO: [ app_begin ] --END-- [ RunTime:0.000000s ]
SQL: SHOW COLUMNS FROM `su_course_tree` [ RunTime:0.0020s ]
SQL: SHOW COLUMNS FROM `su_student` [ RunTime:0.0020s ]
SQL: SHOW COLUMNS FROM `su_student_choice` [ RunTime:0.0010s ]
SQL: SHOW COLUMNS FROM `su_manager` [ RunTime:0.0020s ]
SQL: SELECT `stu_Name`,`stu_Grade`,`stu_Profession`,`stu_Class` FROM `su_student` WHERE ( stu_Number = 123 )  [ RunTime:0.0010s ]
SQL: SELECT * FROM `su_student_choice` WHERE ( ch_StuNumber = 123 )  [ RunTime:0.0000s ]
SQL: SELECT `mg_Rule` FROM `su_manager` WHERE ( mg_Name = 'admin' )  [ RunTime:0.0000s ]

[ 2017-06-13T23:55:35+08:00 ] ::1 /SignUpSys/index.php/Home/Student/choice.html
INFO: [ app_init ] --START--
INFO: Run Behavior\BuildLiteBehavior [ RunTime:0.000000s ]
INFO: [ app_init ] --END-- [ RunTime:0.001000s ]
INFO: [ app_begin ] --START--
INFO: Run Behavior\ReadHtmlCacheBehavior [ RunTime:0.001000s ]
INFO: [ app_begin ] --END-- [ RunTime:0.001000s ]
SQL: SHOW COLUMNS FROM `su_course_tree` [ RunTime:0.0020s ]
SQL: SHOW COLUMNS FROM `su_student` [ RunTime:0.0020s ]
SQL: SHOW COLUMNS FROM `su_student_choice` [ RunTime:0.0020s ]
SQL: SHOW COLUMNS FROM `su_manager` [ RunTime:0.0020s ]
SQL: SELECT `stu_Name`,`stu_Grade`,`stu_Profession`,`stu_Class` FROM `su_student` WHERE ( stu_Number = 123 )  [ RunTime:0.0000s ]
SQL: SELECT * FROM `su_student_choice` WHERE ( ch_StuNumber = 123 )  [ RunTime:0.0000s ]
SQL: SELECT `mg_Rule` FROM `su_manager` WHERE ( mg_Name = 'admin' )  [ RunTime:0.0000s ]
SQL: SELECT `stu_Name`,`stu_Grade`,`stu_Profession`,`stu_Class` FROM `su_student` WHERE ( stu_Number = 123 )  [ RunTime:0.0000s ]
INFO: [ view_parse ] --START--
INFO: [ template_filter ] --START--
INFO: Run Behavior\ContentReplaceBehavior [ RunTime:0.000000s ]
INFO: [ template_filter ] --END-- [ RunTime:0.000000s ]
INFO: Run Behavior\ParseTemplateBehavior [ RunTime:0.006000s ]
INFO: [ view_parse ] --END-- [ RunTime:0.006000s ]
INFO: [ view_filter ] --START--
INFO: Run Behavior\WriteHtmlCacheBehavior [ RunTime:0.001000s ]
INFO: [ view_filter ] --END-- [ RunTime:0.001000s ]
INFO: [ app_end ] --START--
INFO: Run Behavior\ShowPageTraceBehavior [ RunTime:0.001000s ]
INFO: [ app_end ] --END-- [ RunTime:0.001000s ]

[ 2017-06-13T23:55:35+08:00 ] ::1 /SignUpSys/index.php/Home/Student/getCTree
INFO: [ app_init ] --START--
INFO: Run Behavior\BuildLiteBehavior [ RunTime:0.000000s ]
INFO: [ app_init ] --END-- [ RunTime:0.000000s ]
INFO: [ app_begin ] --START--
INFO: Run Behavior\ReadHtmlCacheBehavior [ RunTime:0.001000s ]
INFO: [ app_begin ] --END-- [ RunTime:0.001000s ]
SQL: SHOW COLUMNS FROM `su_course_tree` [ RunTime:0.0020s ]
SQL: SHOW COLUMNS FROM `su_student` [ RunTime:0.0020s ]
SQL: SHOW COLUMNS FROM `su_student_choice` [ RunTime:0.0020s ]
SQL: SHOW COLUMNS FROM `su_manager` [ RunTime:0.0010s ]
SQL: SELECT `stu_Name`,`stu_Grade`,`stu_Profession`,`stu_Class` FROM `su_student` WHERE ( stu_Number = 123 )  [ RunTime:0.0000s ]
SQL: SELECT * FROM `su_student_choice` WHERE ( ch_StuNumber = 123 )  [ RunTime:0.0000s ]
SQL: SELECT `mg_Rule` FROM `su_manager` WHERE ( mg_Name = 'admin' )  [ RunTime:0.0000s ]
SQL: SELECT `ctr_NodeId`,`ctr_ParentId`,ctr_Name AS name,ctr_Level AS level,`ctr_Limit`,`ctr_Synopsis` FROM `su_course_tree` WHERE ( ctr_Name = '计算机科学与技术' )  [ RunTime:0.0000s ]
SQL: SELECT `ctr_NodeId`,`ctr_ParentId`,ctr_Name AS name,ctr_Level AS level,`ctr_Limit`,`ctr_Synopsis` FROM `su_course_tree` WHERE ( ctr_ParentId = 4 )  [ RunTime:0.0000s ]
SQL: SELECT `ctr_NodeId`,`ctr_ParentId`,ctr_Name AS name,ctr_Level AS level,`ctr_Limit`,`ctr_Synopsis` FROM `su_course_tree` WHERE ( ctr_ParentId = 5 )  [ RunTime:0.0000s ]
SQL: SELECT `ctr_NodeId`,`ctr_ParentId`,ctr_Name AS name,ctr_Level AS level,`ctr_Limit`,`ctr_Synopsis` FROM `su_course_tree` WHERE ( ctr_ParentId = 12 )  [ RunTime:0.0010s ]
SQL: SELECT `ctr_NodeId`,`ctr_ParentId`,ctr_Name AS name,ctr_Level AS level,`ctr_Limit`,`ctr_Synopsis` FROM `su_course_tree` WHERE ( ctr_ParentId = 14 )  [ RunTime:0.0000s ]
SQL: SELECT `ctr_NodeId`,`ctr_ParentId`,ctr_Name AS name,ctr_Level AS level,`ctr_Limit`,`ctr_Synopsis` FROM `su_course_tree` WHERE ( ctr_ParentId = 15 )  [ RunTime:0.0010s ]
SQL: SELECT `ctr_NodeId`,`ctr_ParentId`,ctr_Name AS name,ctr_Level AS level,`ctr_Limit`,`ctr_Synopsis` FROM `su_course_tree` WHERE ( ctr_ParentId = 16 )  [ RunTime:0.0010s ]
SQL: SELECT `ctr_NodeId`,`ctr_ParentId`,ctr_Name AS name,ctr_Level AS level,`ctr_Limit`,`ctr_Synopsis` FROM `su_course_tree` WHERE ( ctr_ParentId = 17 )  [ RunTime:0.0000s ]
SQL: SELECT `ctr_NodeId`,`ctr_ParentId`,ctr_Name AS name,ctr_Level AS level,`ctr_Limit`,`ctr_Synopsis` FROM `su_course_tree` WHERE ( ctr_ParentId = 18 )  [ RunTime:0.0000s ]
SQL: SELECT `ctr_NodeId`,`ctr_ParentId`,ctr_Name AS name,ctr_Level AS level,`ctr_Limit`,`ctr_Synopsis` FROM `su_course_tree` WHERE ( ctr_ParentId = 19 )  [ RunTime:0.0010s ]
SQL: SELECT `ctr_NodeId`,`ctr_ParentId`,ctr_Name AS name,ctr_Level AS level,`ctr_Limit`,`ctr_Synopsis` FROM `su_course_tree` WHERE ( ctr_ParentId = 20 )  [ RunTime:0.0000s ]
SQL: SELECT `ctr_NodeId`,`ctr_ParentId`,ctr_Name AS name,ctr_Level AS level,`ctr_Limit`,`ctr_Synopsis` FROM `su_course_tree` WHERE ( ctr_ParentId = 21 )  [ RunTime:0.0000s ]
SQL: SELECT `ctr_NodeId`,`ctr_ParentId`,ctr_Name AS name,ctr_Level AS level,`ctr_Limit`,`ctr_Synopsis` FROM `su_course_tree` WHERE ( ctr_ParentId = 22 )  [ RunTime:0.0010s ]
SQL: SELECT `ctr_NodeId`,`ctr_ParentId`,ctr_Name AS name,ctr_Level AS level,`ctr_Limit`,`ctr_Synopsis` FROM `su_course_tree` WHERE ( ctr_ParentId = 23 )  [ RunTime:0.0000s ]
SQL: SELECT `ctr_NodeId`,`ctr_ParentId`,ctr_Name AS name,ctr_Level AS level,`ctr_Limit`,`ctr_Synopsis` FROM `su_course_tree` WHERE ( ctr_ParentId = 24 )  [ RunTime:0.0010s ]
SQL: SELECT `ctr_NodeId`,`ctr_ParentId`,ctr_Name AS name,ctr_Level AS level,`ctr_Limit`,`ctr_Synopsis` FROM `su_course_tree` WHERE ( ctr_ParentId = 25 )  [ RunTime:0.0000s ]
SQL: SELECT `ctr_NodeId`,`ctr_ParentId`,ctr_Name AS name,ctr_Level AS level,`ctr_Limit`,`ctr_Synopsis` FROM `su_course_tree` WHERE ( ctr_ParentId = 26 )  [ RunTime:0.0010s ]
SQL: SELECT `ctr_NodeId`,`ctr_ParentId`,ctr_Name AS name,ctr_Level AS level,`ctr_Limit`,`ctr_Synopsis` FROM `su_course_tree` WHERE ( ctr_ParentId = 27 )  [ RunTime:0.0000s ]
SQL: SELECT `ctr_NodeId`,`ctr_ParentId`,ctr_Name AS name,ctr_Level AS level,`ctr_Limit`,`ctr_Synopsis` FROM `su_course_tree` WHERE ( ctr_ParentId = 28 )  [ RunTime:0.0000s ]
SQL: SELECT `ctr_NodeId`,`ctr_ParentId`,ctr_Name AS name,ctr_Level AS level,`ctr_Limit`,`ctr_Synopsis` FROM `su_course_tree` WHERE ( ctr_ParentId = 29 )  [ RunTime:0.0000s ]
SQL: SELECT `ctr_NodeId`,`ctr_ParentId`,ctr_Name AS name,ctr_Level AS level,`ctr_Limit`,`ctr_Synopsis` FROM `su_course_tree` WHERE ( ctr_ParentId = 30 )  [ RunTime:0.0000s ]
INFO: [ app_end ] --START--
INFO: Run Behavior\ShowPageTraceBehavior [ RunTime:0.001000s ]
INFO: [ app_end ] --END-- [ RunTime:0.001000s ]

[ 2017-06-13T23:55:38+08:00 ] ::1 /SignUpSys/index.php/Home/Student/result?pId=12,19&id=14,20,21
INFO: [ app_init ] --START--
INFO: Run Behavior\BuildLiteBehavior [ RunTime:0.000000s ]
INFO: [ app_init ] --END-- [ RunTime:0.000000s ]
INFO: [ app_begin ] --START--
INFO: Run Behavior\ReadHtmlCacheBehavior [ RunTime:0.001000s ]
INFO: [ app_begin ] --END-- [ RunTime:0.001000s ]
SQL: SHOW COLUMNS FROM `su_course_tree` [ RunTime:0.0020s ]
SQL: SHOW COLUMNS FROM `su_student` [ RunTime:0.0020s ]
SQL: SHOW COLUMNS FROM `su_student_choice` [ RunTime:0.0020s ]
SQL: SHOW COLUMNS FROM `su_manager` [ RunTime:0.0020s ]
SQL: SELECT `stu_Name`,`stu_Grade`,`stu_Profession`,`stu_Class` FROM `su_student` WHERE ( stu_Number = 123 )  [ RunTime:0.0000s ]
SQL: SELECT * FROM `su_student_choice` WHERE ( ch_StuNumber = 123 )  [ RunTime:0.0000s ]
SQL: SELECT `mg_Rule` FROM `su_manager` WHERE ( mg_Name = 'admin' )  [ RunTime:0.0000s ]
SQL: SELECT `ctr_Name`,`ctr_Limit`,`ctr_Synopsis` FROM `su_course_tree` WHERE (  `ctr_NodeId` = '12' ) OR (  `ctr_NodeId` = '19' )  [ RunTime:0.0010s ]
NOTIC: [8] Undefined variable: str E:\DevelopTools\xampp\htdocs\SignUpSys\App\Home\Controller\StudentController.class.php 第 130 行.
SQL: SELECT `ctr_NodeId`,`ctr_ParentId`,`ctr_Name`,`ctr_Synopsis` FROM `su_course_tree` WHERE (  `ctr_NodeId` = '14' ) OR (  `ctr_NodeId` = '20' ) OR (  `ctr_NodeId` = '21' )  [ RunTime:0.0000s ]
SQL: SELECT COUNT(ch_StuNumber) AS count FROM `su_student_choice` WHERE ( ch_TrNodeId = 14 )  [ RunTime:0.0000s ]
SQL: SELECT `ctr_Limit` FROM `su_course_tree` WHERE ( ctr_NodeId = 12 )  [ RunTime:0.0000s ]
NOTIC: [8] Undefined variable: table E:\DevelopTools\xampp\htdocs\SignUpSys\App\Home\Controller\StudentController.class.php 第 136 行.
SQL: SELECT COUNT(ch_StuNumber) AS count FROM `su_student_choice` WHERE ( ch_TrNodeId = 20 )  [ RunTime:0.0000s ]
SQL: SELECT `ctr_Limit` FROM `su_course_tree` WHERE ( ctr_NodeId = 19 )  [ RunTime:0.0000s ]
SQL: SELECT COUNT(ch_StuNumber) AS count FROM `su_student_choice` WHERE ( ch_TrNodeId = 21 )  [ RunTime:0.0000s ]
SQL: SELECT `ctr_Limit` FROM `su_course_tree` WHERE ( ctr_NodeId = 19 )  [ RunTime:0.0000s ]
INFO: [ view_parse ] --START--
INFO: [ template_filter ] --START--
INFO: Run Behavior\ContentReplaceBehavior [ RunTime:0.000000s ]
INFO: [ template_filter ] --END-- [ RunTime:0.000000s ]
NOTIC: [8] Undefined variable: error E:\DevelopTools\xampp\htdocs\SignUpSys\Runtime\Cache\Home\637c833c3bf70fd9f9bc7553aba8640d.php 第 48 行.
INFO: Run Behavior\ParseTemplateBehavior [ RunTime:0.005000s ]
INFO: [ view_parse ] --END-- [ RunTime:0.005000s ]
INFO: [ view_filter ] --START--
INFO: Run Behavior\WriteHtmlCacheBehavior [ RunTime:0.001000s ]
INFO: [ view_filter ] --END-- [ RunTime:0.001000s ]
INFO: [ app_end ] --START--
INFO: Run Behavior\ShowPageTraceBehavior [ RunTime:0.000000s ]
INFO: [ app_end ] --END-- [ RunTime:0.000000s ]

[ 2017-06-13T23:55:41+08:00 ] ::1 /SignUpSys/index.php/Home/Student/submitResult?ids=14%2C20%2C21
INFO: [ app_init ] --START--
INFO: Run Behavior\BuildLiteBehavior [ RunTime:0.000000s ]
INFO: [ app_init ] --END-- [ RunTime:0.000000s ]
INFO: [ app_begin ] --START--
INFO: Run Behavior\ReadHtmlCacheBehavior [ RunTime:0.000000s ]
INFO: [ app_begin ] --END-- [ RunTime:0.000000s ]
SQL: SHOW COLUMNS FROM `su_course_tree` [ RunTime:0.0020s ]
SQL: SHOW COLUMNS FROM `su_student` [ RunTime:0.0020s ]
SQL: SHOW COLUMNS FROM `su_student_choice` [ RunTime:0.0020s ]
SQL: SHOW COLUMNS FROM `su_manager` [ RunTime:0.0020s ]
SQL: SELECT `stu_Name`,`stu_Grade`,`stu_Profession`,`stu_Class` FROM `su_student` WHERE ( stu_Number = 123 )  [ RunTime:0.0000s ]
SQL: SELECT * FROM `su_student_choice` WHERE ( ch_StuNumber = 123 )  [ RunTime:0.0010s ]
SQL: SELECT `mg_Rule` FROM `su_manager` WHERE ( mg_Name = 'admin' )  [ RunTime:0.0000s ]
SQL: INSERT INTO `su_student_choice` (`ch_TrNodeId`,`ch_StuNumber`,`ch_StuGrade`) VALUES ('14','123','2015') [ RunTime:0.1000s ]
SQL: INSERT INTO `su_student_choice` (`ch_TrNodeId`,`ch_StuNumber`,`ch_StuGrade`) VALUES ('20','123','2015') [ RunTime:0.0280s ]
SQL: INSERT INTO `su_student_choice` (`ch_TrNodeId`,`ch_StuNumber`,`ch_StuGrade`) VALUES ('21','123','2015') [ RunTime:0.0390s ]
INFO: [ app_end ] --START--
INFO: Run Behavior\ShowPageTraceBehavior [ RunTime:0.000000s ]
INFO: [ app_end ] --END-- [ RunTime:0.000000s ]

[ 2017-06-13T23:55:41+08:00 ] ::1 /SignUpSys/index.php/Home/Student/choiced
INFO: [ app_init ] --START--
INFO: Run Behavior\BuildLiteBehavior [ RunTime:0.000000s ]
INFO: [ app_init ] --END-- [ RunTime:0.001000s ]
INFO: [ app_begin ] --START--
INFO: Run Behavior\ReadHtmlCacheBehavior [ RunTime:0.001000s ]
INFO: [ app_begin ] --END-- [ RunTime:0.001000s ]
SQL: SHOW COLUMNS FROM `su_course_tree` [ RunTime:0.0020s ]
SQL: SHOW COLUMNS FROM `su_student` [ RunTime:0.0010s ]
SQL: SHOW COLUMNS FROM `su_student_choice` [ RunTime:0.0020s ]
SQL: SHOW COLUMNS FROM `su_manager` [ RunTime:0.0020s ]
SQL: SELECT `stu_Name`,`stu_Grade`,`stu_Profession`,`stu_Class` FROM `su_student` WHERE ( stu_Number = 123 )  [ RunTime:0.0010s ]
SQL: SELECT * FROM `su_student_choice` WHERE ( ch_StuNumber = 123 )  [ RunTime:0.0000s ]
SQL: SELECT `mg_Rule` FROM `su_manager` WHERE ( mg_Name = 'admin' )  [ RunTime:0.0000s ]
SQL: SELECT `stu_Name`,`stu_Grade`,`stu_Profession`,`stu_Class` FROM `su_student` WHERE ( stu_Number = 123 )  [ RunTime:0.0010s ]
SQL: SELECT ch_TrNodeId AS ctr_NodeId FROM `su_student_choice` WHERE ( ch_StuNumber = 123 )  [ RunTime:0.0000s ]
SQL: SELECT `ctr_NodeId`,`ctr_ParentId`,`ctr_Name`,`ctr_Synopsis` FROM `su_course_tree` WHERE (  `ctr_NodeId` = '14' ) OR (  `ctr_NodeId` = '20' ) OR (  `ctr_NodeId` = '21' )  [ RunTime:0.0000s ]
SQL: SELECT COUNT(ch_StuNumber) AS count FROM `su_student_choice` WHERE ( ch_TrNodeId = 14 )  [ RunTime:0.0000s ]
SQL: SELECT `ctr_Limit` FROM `su_course_tree` WHERE ( ctr_NodeId = 12 )  [ RunTime:0.0000s ]
NOTIC: [8] Undefined variable: table E:\DevelopTools\xampp\htdocs\SignUpSys\App\Home\Controller\StudentController.class.php 第 181 行.
SQL: SELECT COUNT(ch_StuNumber) AS count FROM `su_student_choice` WHERE ( ch_TrNodeId = 20 )  [ RunTime:0.0000s ]
SQL: SELECT `ctr_Limit` FROM `su_course_tree` WHERE ( ctr_NodeId = 19 )  [ RunTime:0.0000s ]
SQL: SELECT COUNT(ch_StuNumber) AS count FROM `su_student_choice` WHERE ( ch_TrNodeId = 21 )  [ RunTime:0.0000s ]
SQL: SELECT `ctr_Limit` FROM `su_course_tree` WHERE ( ctr_NodeId = 19 )  [ RunTime:0.0000s ]
INFO: [ view_parse ] --START--
INFO: [ template_filter ] --START--
INFO: Run Behavior\ContentReplaceBehavior [ RunTime:0.000000s ]
INFO: [ template_filter ] --END-- [ RunTime:0.000000s ]
INFO: Run Behavior\ParseTemplateBehavior [ RunTime:0.005000s ]
INFO: [ view_parse ] --END-- [ RunTime:0.005000s ]
INFO: [ view_filter ] --START--
INFO: Run Behavior\WriteHtmlCacheBehavior [ RunTime:0.001000s ]
INFO: [ view_filter ] --END-- [ RunTime:0.001000s ]
INFO: [ app_end ] --START--
INFO: Run Behavior\ShowPageTraceBehavior [ RunTime:0.000000s ]
INFO: [ app_end ] --END-- [ RunTime:0.000000s ]

