[ 2017-03-23T18:10:04+08:00 ] ::1 /SignUpSys/index.php/Home/Login
INFO: [ app_init ] --START--
INFO: Run Behavior\BuildLiteBehavior [ RunTime:0.000000s ]
INFO: [ app_init ] --END-- [ RunTime:0.003000s ]
INFO: [ app_begin ] --START--
INFO: Run Behavior\ReadHtmlCacheBehavior [ RunTime:0.001000s ]
INFO: [ app_begin ] --END-- [ RunTime:0.001000s ]
SQL: SHOW COLUMNS FROM `su_student_choice` [ RunTime:0.0020s ]
SQL: SHOW COLUMNS FROM `su_student` [ RunTime:0.0010s ]
INFO: [ view_parse ] --START--
INFO: [ template_filter ] --START--
INFO: Run Behavior\ContentReplaceBehavior [ RunTime:0.000000s ]
INFO: [ template_filter ] --END-- [ RunTime:0.001000s ]
NOTIC: [8] Use of undefined constant HOME_JS_URL - assumed 'HOME_JS_URL' E:\DevelopTools\xampp\htdocs\SignUpSys\Runtime\Cache\Home\29043a4c167ab71e7ddaec218a6a2780.php 第 37 行.
INFO: Run Behavior\ParseTemplateBehavior [ RunTime:0.005000s ]
INFO: [ view_parse ] --END-- [ RunTime:0.006000s ]
INFO: [ view_filter ] --START--
INFO: Run Behavior\WriteHtmlCacheBehavior [ RunTime:0.000000s ]
INFO: [ view_filter ] --END-- [ RunTime:0.000000s ]
INFO: [ app_end ] --START--
INFO: Run Behavior\ShowPageTraceBehavior [ RunTime:0.001000s ]
INFO: [ app_end ] --END-- [ RunTime:0.001000s ]

[ 2017-03-23T18:10:04+08:00 ] ::1 /SignUpSys/index.php/Home/Login/verifyImg
INFO: [ app_init ] --START--
INFO: Run Behavior\BuildLiteBehavior [ RunTime:0.000000s ]
INFO: [ app_init ] --END-- [ RunTime:0.001000s ]
INFO: [ app_begin ] --START--
INFO: Run Behavior\ReadHtmlCacheBehavior [ RunTime:0.001000s ]
INFO: [ app_begin ] --END-- [ RunTime:0.001000s ]
SQL: SHOW COLUMNS FROM `su_student_choice` [ RunTime:0.0020s ]
SQL: SHOW COLUMNS FROM `su_student` [ RunTime:0.0030s ]
INFO: [ app_end ] --START--
INFO: Run Behavior\ShowPageTraceBehavior [ RunTime:0.001000s ]
INFO: [ app_end ] --END-- [ RunTime:0.001000s ]

[ 2017-03-23T18:10:07+08:00 ] ::1 /SignUpSys/index.php/Home/Login
INFO: [ app_init ] --START--
INFO: Run Behavior\BuildLiteBehavior [ RunTime:0.000000s ]
INFO: [ app_init ] --END-- [ RunTime:0.000000s ]
INFO: [ app_begin ] --START--
INFO: Run Behavior\ReadHtmlCacheBehavior [ RunTime:0.000000s ]
INFO: [ app_begin ] --END-- [ RunTime:0.000000s ]
SQL: SHOW COLUMNS FROM `su_student_choice` [ RunTime:0.0030s ]
SQL: SHOW COLUMNS FROM `su_student` [ RunTime:0.0030s ]
INFO: [ view_parse ] --START--
INFO: [ template_filter ] --START--
INFO: Run Behavior\ContentReplaceBehavior [ RunTime:0.001000s ]
INFO: [ template_filter ] --END-- [ RunTime:0.001000s ]
NOTIC: [8] Use of undefined constant HOME_JS_URL - assumed 'HOME_JS_URL' E:\DevelopTools\xampp\htdocs\SignUpSys\Runtime\Cache\Home\29043a4c167ab71e7ddaec218a6a2780.php 第 37 行.
INFO: Run Behavior\ParseTemplateBehavior [ RunTime:0.008000s ]
INFO: [ view_parse ] --END-- [ RunTime:0.009000s ]
INFO: [ view_filter ] --START--
INFO: Run Behavior\WriteHtmlCacheBehavior [ RunTime:0.000000s ]
INFO: [ view_filter ] --END-- [ RunTime:0.000000s ]
INFO: [ app_end ] --START--
INFO: Run Behavior\ShowPageTraceBehavior [ RunTime:0.000000s ]
INFO: [ app_end ] --END-- [ RunTime:0.001000s ]

[ 2017-03-23T18:10:08+08:00 ] ::1 /SignUpSys/index.php/Home/Login/verifyImg
INFO: [ app_init ] --START--
INFO: Run Behavior\BuildLiteBehavior [ RunTime:0.000000s ]
INFO: [ app_init ] --END-- [ RunTime:0.001000s ]
INFO: [ app_begin ] --START--
INFO: Run Behavior\ReadHtmlCacheBehavior [ RunTime:0.001000s ]
INFO: [ app_begin ] --END-- [ RunTime:0.001000s ]
SQL: SHOW COLUMNS FROM `su_student_choice` [ RunTime:0.0020s ]
SQL: SHOW COLUMNS FROM `su_student` [ RunTime:0.0020s ]
INFO: [ app_end ] --START--
INFO: Run Behavior\ShowPageTraceBehavior [ RunTime:0.001000s ]
INFO: [ app_end ] --END-- [ RunTime:0.001000s ]

[ 2017-03-23T18:12:19+08:00 ] ::1 /SignUpSys/index.php/Home/Login
INFO: [ app_init ] --START--
INFO: Run Behavior\BuildLiteBehavior [ RunTime:0.000000s ]
INFO: [ app_init ] --END-- [ RunTime:0.001001s ]
INFO: [ app_begin ] --START--
INFO: Run Behavior\ReadHtmlCacheBehavior [ RunTime:0.001000s ]
INFO: [ app_begin ] --END-- [ RunTime:0.001000s ]
SQL: SHOW COLUMNS FROM `su_student_choice` [ RunTime:0.0050s ]
SQL: SHOW COLUMNS FROM `su_student` [ RunTime:0.0020s ]
INFO: [ view_parse ] --START--
INFO: [ template_filter ] --START--
INFO: Run Behavior\ContentReplaceBehavior [ RunTime:0.000000s ]
INFO: [ template_filter ] --END-- [ RunTime:0.000000s ]
NOTIC: [8] Use of undefined constant HOME_JS_URL - assumed 'HOME_JS_URL' E:\DevelopTools\xampp\htdocs\SignUpSys\Runtime\Cache\Home\29043a4c167ab71e7ddaec218a6a2780.php 第 37 行.
INFO: Run Behavior\ParseTemplateBehavior [ RunTime:0.005000s ]
INFO: [ view_parse ] --END-- [ RunTime:0.005000s ]
INFO: [ view_filter ] --START--
INFO: Run Behavior\WriteHtmlCacheBehavior [ RunTime:0.000000s ]
INFO: [ view_filter ] --END-- [ RunTime:0.001000s ]
INFO: [ app_end ] --START--
INFO: Run Behavior\ShowPageTraceBehavior [ RunTime:0.000000s ]
INFO: [ app_end ] --END-- [ RunTime:0.000000s ]

[ 2017-03-23T18:12:19+08:00 ] ::1 /SignUpSys/index.php/Home/Login/verifyImg
INFO: [ app_init ] --START--
INFO: Run Behavior\BuildLiteBehavior [ RunTime:0.000000s ]
INFO: [ app_init ] --END-- [ RunTime:0.001000s ]
INFO: [ app_begin ] --START--
INFO: Run Behavior\ReadHtmlCacheBehavior [ RunTime:0.000000s ]
INFO: [ app_begin ] --END-- [ RunTime:0.000000s ]
SQL: SHOW COLUMNS FROM `su_student_choice` [ RunTime:0.0020s ]
SQL: SHOW COLUMNS FROM `su_student` [ RunTime:0.0020s ]
INFO: [ app_end ] --START--
INFO: Run Behavior\ShowPageTraceBehavior [ RunTime:0.001000s ]
INFO: [ app_end ] --END-- [ RunTime:0.001000s ]

[ 2017-03-23T18:12:33+08:00 ] ::1 /SignUpSys/index.php/Home/Login/doLogin
INFO: [ app_init ] --START--
INFO: Run Behavior\BuildLiteBehavior [ RunTime:0.000000s ]
INFO: [ app_init ] --END-- [ RunTime:0.000000s ]
INFO: [ app_begin ] --START--
INFO: Run Behavior\ReadHtmlCacheBehavior [ RunTime:0.001000s ]
INFO: [ app_begin ] --END-- [ RunTime:0.001000s ]
SQL: SHOW COLUMNS FROM `su_student_choice` [ RunTime:0.0020s ]
SQL: SHOW COLUMNS FROM `su_student` [ RunTime:0.0020s ]
SQL: SELECT * FROM `su_student` WHERE ( stu_Number=123 )  [ RunTime:0.0000s ]
SQL: SELECT * FROM `su_student_choice` WHERE ( ch_StuNumber = 123 )  [ RunTime:0.0000s ]
INFO: [ app_end ] --START--
INFO: Run Behavior\ShowPageTraceBehavior [ RunTime:0.001000s ]
INFO: [ app_end ] --END-- [ RunTime:0.001000s ]

[ 2017-03-23T18:12:33+08:00 ] ::1 /SignUpSys/index.php/Home/Login/verifyImg?0.9738419703191077
INFO: [ app_init ] --START--
INFO: Run Behavior\BuildLiteBehavior [ RunTime:0.000000s ]
INFO: [ app_init ] --END-- [ RunTime:0.000000s ]
INFO: [ app_begin ] --START--
INFO: Run Behavior\ReadHtmlCacheBehavior [ RunTime:0.001000s ]
INFO: [ app_begin ] --END-- [ RunTime:0.001000s ]
SQL: SHOW COLUMNS FROM `su_student_choice` [ RunTime:0.0020s ]
SQL: SHOW COLUMNS FROM `su_student` [ RunTime:0.0040s ]
INFO: [ app_end ] --START--
INFO: Run Behavior\ShowPageTraceBehavior [ RunTime:0.001001s ]
INFO: [ app_end ] --END-- [ RunTime:0.001001s ]

[ 2017-03-23T18:12:33+08:00 ] ::1 /SignUpSys/index.php/Home/Student/choiced
INFO: [ app_init ] --START--
INFO: Run Behavior\BuildLiteBehavior [ RunTime:0.000000s ]
INFO: [ app_init ] --END-- [ RunTime:0.000000s ]
INFO: [ app_begin ] --START--
INFO: Run Behavior\ReadHtmlCacheBehavior [ RunTime:0.001000s ]
INFO: [ app_begin ] --END-- [ RunTime:0.001000s ]
SQL: SHOW COLUMNS FROM `su_course_tree` [ RunTime:0.0020s ]
SQL: SHOW COLUMNS FROM `su_student` [ RunTime:0.0030s ]
SQL: SHOW COLUMNS FROM `su_student_choice` [ RunTime:0.0020s ]
SQL: SELECT `stu_Name`,`stu_Grade`,`stu_Profession`,`stu_Class` FROM `su_student` WHERE ( stu_Number = 123 )  [ RunTime:0.0000s ]
SQL: SELECT * FROM `su_student_choice` WHERE ( ch_StuNumber = 123 )  [ RunTime:0.0000s ]
SQL: SELECT `stu_Name`,`stu_Grade`,`stu_Profession`,`stu_Class` FROM `su_student` WHERE ( stu_Number = 123 )  [ RunTime:0.0000s ]
SQL: SELECT ch_TrNodeId AS ctr_NodeId FROM `su_student_choice` WHERE ( ch_StuNumber = 123 )  [ RunTime:0.0010s ]
SQL: SELECT `ctr_NodeId`,`ctr_ParentId`,`ctr_Name`,`ctr_Synopsis` FROM `su_course_tree` WHERE (  `ctr_NodeId` = '16' ) OR (  `ctr_NodeId` = '17' ) OR (  `ctr_NodeId` = '26' ) OR (  `ctr_NodeId` = '27' )  [ RunTime:0.0000s ]
SQL: SELECT COUNT(ch_StuNumber) AS count FROM `su_student_choice` WHERE ( ch_TrNodeId = 16 )  [ RunTime:0.0000s ]
SQL: SELECT `ctr_Limit` FROM `su_course_tree` WHERE ( ctr_NodeId = 15 )  [ RunTime:0.0010s ]
NOTIC: [8] Undefined variable: table E:\DevelopTools\xampp\htdocs\SignUpSys\App\Home\Controller\StudentController.class.php 第 170 行.
SQL: SELECT COUNT(ch_StuNumber) AS count FROM `su_student_choice` WHERE ( ch_TrNodeId = 17 )  [ RunTime:0.0000s ]
SQL: SELECT `ctr_Limit` FROM `su_course_tree` WHERE ( ctr_NodeId = 15 )  [ RunTime:0.0000s ]
SQL: SELECT COUNT(ch_StuNumber) AS count FROM `su_student_choice` WHERE ( ch_TrNodeId = 26 )  [ RunTime:0.0010s ]
SQL: SELECT `ctr_Limit` FROM `su_course_tree` WHERE ( ctr_NodeId = 25 )  [ RunTime:0.0000s ]
SQL: SELECT COUNT(ch_StuNumber) AS count FROM `su_student_choice` WHERE ( ch_TrNodeId = 27 )  [ RunTime:0.0000s ]
SQL: SELECT `ctr_Limit` FROM `su_course_tree` WHERE ( ctr_NodeId = 25 )  [ RunTime:0.0000s ]
INFO: [ view_parse ] --START--
INFO: [ template_filter ] --START--
INFO: Run Behavior\ContentReplaceBehavior [ RunTime:0.000000s ]
INFO: [ template_filter ] --END-- [ RunTime:0.000000s ]
INFO: Run Behavior\ParseTemplateBehavior [ RunTime:0.024001s ]
INFO: [ view_parse ] --END-- [ RunTime:0.024001s ]
INFO: [ view_filter ] --START--
INFO: Run Behavior\WriteHtmlCacheBehavior [ RunTime:0.000000s ]
INFO: [ view_filter ] --END-- [ RunTime:0.000000s ]
INFO: [ app_end ] --START--
INFO: Run Behavior\ShowPageTraceBehavior [ RunTime:0.001000s ]
INFO: [ app_end ] --END-- [ RunTime:0.001000s ]

[ 2017-03-23T18:13:15+08:00 ] ::1 /SignUpSys/index.php/Home/Student/choiced
INFO: [ app_init ] --START--
INFO: Run Behavior\BuildLiteBehavior [ RunTime:0.000000s ]
INFO: [ app_init ] --END-- [ RunTime:0.000000s ]
INFO: [ app_begin ] --START--
INFO: Run Behavior\ReadHtmlCacheBehavior [ RunTime:0.001000s ]
INFO: [ app_begin ] --END-- [ RunTime:0.001000s ]
SQL: SHOW COLUMNS FROM `su_course_tree` [ RunTime:0.0020s ]
SQL: SHOW COLUMNS FROM `su_student` [ RunTime:0.0010s ]
SQL: SHOW COLUMNS FROM `su_student_choice` [ RunTime:0.0020s ]
SQL: SELECT `stu_Name`,`stu_Grade`,`stu_Profession`,`stu_Class` FROM `su_student` WHERE ( stu_Number = 123 )  [ RunTime:0.0000s ]
SQL: SELECT * FROM `su_student_choice` WHERE ( ch_StuNumber = 123 )  [ RunTime:0.0000s ]

[ 2017-03-23T18:13:15+08:00 ] ::1 /SignUpSys/index.php/Student/choice.html
INFO: [ app_init ] --START--
INFO: Run Behavior\BuildLiteBehavior [ RunTime:0.000000s ]
INFO: [ app_init ] --END-- [ RunTime:0.000000s ]
INFO: [ app_begin ] --START--
INFO: Run Behavior\ReadHtmlCacheBehavior [ RunTime:0.000000s ]
INFO: [ app_begin ] --END-- [ RunTime:0.000000s ]
SQL: SHOW COLUMNS FROM `su_course_tree` [ RunTime:0.0020s ]
SQL: SHOW COLUMNS FROM `su_student` [ RunTime:0.0010s ]
SQL: SHOW COLUMNS FROM `su_student_choice` [ RunTime:0.0010s ]
SQL: SELECT `stu_Name`,`stu_Grade`,`stu_Profession`,`stu_Class` FROM `su_student` WHERE ( stu_Number = 123 )  [ RunTime:0.0000s ]
SQL: SELECT * FROM `su_student_choice` WHERE ( ch_StuNumber = 123 )  [ RunTime:0.0000s ]
SQL: SELECT `stu_Name`,`stu_Grade`,`stu_Profession`,`stu_Class` FROM `su_student` WHERE ( stu_Number = 123 )  [ RunTime:0.0000s ]
INFO: [ view_parse ] --START--
INFO: [ template_filter ] --START--
INFO: Run Behavior\ContentReplaceBehavior [ RunTime:0.000000s ]
INFO: [ template_filter ] --END-- [ RunTime:0.000000s ]
INFO: Run Behavior\ParseTemplateBehavior [ RunTime:0.019001s ]
INFO: [ view_parse ] --END-- [ RunTime:0.019001s ]
INFO: [ view_filter ] --START--
INFO: Run Behavior\WriteHtmlCacheBehavior [ RunTime:0.000000s ]
INFO: [ view_filter ] --END-- [ RunTime:0.000000s ]
INFO: [ app_end ] --START--
INFO: Run Behavior\ShowPageTraceBehavior [ RunTime:0.000000s ]
INFO: [ app_end ] --END-- [ RunTime:0.000000s ]

[ 2017-03-23T18:13:16+08:00 ] ::1 /SignUpSys/index.php/Home/Student/getCTree
INFO: [ app_init ] --START--
INFO: Run Behavior\BuildLiteBehavior [ RunTime:0.000000s ]
INFO: [ app_init ] --END-- [ RunTime:0.000000s ]
INFO: [ app_begin ] --START--
INFO: Run Behavior\ReadHtmlCacheBehavior [ RunTime:0.002001s ]
INFO: [ app_begin ] --END-- [ RunTime:0.002001s ]
SQL: SHOW COLUMNS FROM `su_course_tree` [ RunTime:0.0020s ]
SQL: SHOW COLUMNS FROM `su_student` [ RunTime:0.0020s ]
SQL: SHOW COLUMNS FROM `su_student_choice` [ RunTime:0.0040s ]
SQL: SELECT `stu_Name`,`stu_Grade`,`stu_Profession`,`stu_Class` FROM `su_student` WHERE ( stu_Number = 123 )  [ RunTime:0.0000s ]
SQL: SELECT * FROM `su_student_choice` WHERE ( ch_StuNumber = 123 )  [ RunTime:0.0000s ]
SQL: SELECT `ctr_NodeId`,`ctr_ParentId`,ctr_Name AS name,ctr_Level AS level,`ctr_Limit`,`ctr_Synopsis` FROM `su_course_tree` WHERE ( ctr_Name = '计算机科学与技术' )  [ RunTime:0.0000s ]
SQL: SELECT `ctr_NodeId`,`ctr_ParentId`,ctr_Name AS name,ctr_Level AS level,`ctr_Limit`,`ctr_Synopsis` FROM `su_course_tree` WHERE ( ctr_ParentId = 4 )  [ RunTime:0.0000s ]
SQL: SELECT `ctr_NodeId`,`ctr_ParentId`,ctr_Name AS name,ctr_Level AS level,`ctr_Limit`,`ctr_Synopsis` FROM `su_course_tree` WHERE ( ctr_ParentId = 5 )  [ RunTime:0.0000s ]
SQL: SELECT `ctr_NodeId`,`ctr_ParentId`,ctr_Name AS name,ctr_Level AS level,`ctr_Limit`,`ctr_Synopsis` FROM `su_course_tree` WHERE ( ctr_ParentId = 12 )  [ RunTime:0.0000s ]
SQL: SELECT `ctr_NodeId`,`ctr_ParentId`,ctr_Name AS name,ctr_Level AS level,`ctr_Limit`,`ctr_Synopsis` FROM `su_course_tree` WHERE ( ctr_ParentId = 14 )  [ RunTime:0.0000s ]
SQL: SELECT `ctr_NodeId`,`ctr_ParentId`,ctr_Name AS name,ctr_Level AS level,`ctr_Limit`,`ctr_Synopsis` FROM `su_course_tree` WHERE ( ctr_ParentId = 15 )  [ RunTime:0.0000s ]
SQL: SELECT `ctr_NodeId`,`ctr_ParentId`,ctr_Name AS name,ctr_Level AS level,`ctr_Limit`,`ctr_Synopsis` FROM `su_course_tree` WHERE ( ctr_ParentId = 16 )  [ RunTime:0.0000s ]
SQL: SELECT `ctr_NodeId`,`ctr_ParentId`,ctr_Name AS name,ctr_Level AS level,`ctr_Limit`,`ctr_Synopsis` FROM `su_course_tree` WHERE ( ctr_ParentId = 17 )  [ RunTime:0.0000s ]
SQL: SELECT `ctr_NodeId`,`ctr_ParentId`,ctr_Name AS name,ctr_Level AS level,`ctr_Limit`,`ctr_Synopsis` FROM `su_course_tree` WHERE ( ctr_ParentId = 18 )  [ RunTime:0.0000s ]
SQL: SELECT `ctr_NodeId`,`ctr_ParentId`,ctr_Name AS name,ctr_Level AS level,`ctr_Limit`,`ctr_Synopsis` FROM `su_course_tree` WHERE ( ctr_ParentId = 19 )  [ RunTime:0.0000s ]
SQL: SELECT `ctr_NodeId`,`ctr_ParentId`,ctr_Name AS name,ctr_Level AS level,`ctr_Limit`,`ctr_Synopsis` FROM `su_course_tree` WHERE ( ctr_ParentId = 20 )  [ RunTime:0.0000s ]
SQL: SELECT `ctr_NodeId`,`ctr_ParentId`,ctr_Name AS name,ctr_Level AS level,`ctr_Limit`,`ctr_Synopsis` FROM `su_course_tree` WHERE ( ctr_ParentId = 21 )  [ RunTime:0.0000s ]
SQL: SELECT `ctr_NodeId`,`ctr_ParentId`,ctr_Name AS name,ctr_Level AS level,`ctr_Limit`,`ctr_Synopsis` FROM `su_course_tree` WHERE ( ctr_ParentId = 22 )  [ RunTime:0.0010s ]
SQL: SELECT `ctr_NodeId`,`ctr_ParentId`,ctr_Name AS name,ctr_Level AS level,`ctr_Limit`,`ctr_Synopsis` FROM `su_course_tree` WHERE ( ctr_ParentId = 23 )  [ RunTime:0.0000s ]
SQL: SELECT `ctr_NodeId`,`ctr_ParentId`,ctr_Name AS name,ctr_Level AS level,`ctr_Limit`,`ctr_Synopsis` FROM `su_course_tree` WHERE ( ctr_ParentId = 24 )  [ RunTime:0.0000s ]
SQL: SELECT `ctr_NodeId`,`ctr_ParentId`,ctr_Name AS name,ctr_Level AS level,`ctr_Limit`,`ctr_Synopsis` FROM `su_course_tree` WHERE ( ctr_ParentId = 25 )  [ RunTime:0.0000s ]
SQL: SELECT `ctr_NodeId`,`ctr_ParentId`,ctr_Name AS name,ctr_Level AS level,`ctr_Limit`,`ctr_Synopsis` FROM `su_course_tree` WHERE ( ctr_ParentId = 26 )  [ RunTime:0.0000s ]
SQL: SELECT `ctr_NodeId`,`ctr_ParentId`,ctr_Name AS name,ctr_Level AS level,`ctr_Limit`,`ctr_Synopsis` FROM `su_course_tree` WHERE ( ctr_ParentId = 27 )  [ RunTime:0.0000s ]
SQL: SELECT `ctr_NodeId`,`ctr_ParentId`,ctr_Name AS name,ctr_Level AS level,`ctr_Limit`,`ctr_Synopsis` FROM `su_course_tree` WHERE ( ctr_ParentId = 28 )  [ RunTime:0.0000s ]
SQL: SELECT `ctr_NodeId`,`ctr_ParentId`,ctr_Name AS name,ctr_Level AS level,`ctr_Limit`,`ctr_Synopsis` FROM `su_course_tree` WHERE ( ctr_ParentId = 29 )  [ RunTime:0.0000s ]
SQL: SELECT `ctr_NodeId`,`ctr_ParentId`,ctr_Name AS name,ctr_Level AS level,`ctr_Limit`,`ctr_Synopsis` FROM `su_course_tree` WHERE ( ctr_ParentId = 30 )  [ RunTime:0.0000s ]
INFO: [ app_end ] --START--
INFO: Run Behavior\ShowPageTraceBehavior [ RunTime:0.001000s ]
INFO: [ app_end ] --END-- [ RunTime:0.001000s ]

[ 2017-03-23T18:13:20+08:00 ] ::1 /SignUpSys/index.php/Home/Student/getCount?nodeId=14
INFO: [ app_init ] --START--
INFO: Run Behavior\BuildLiteBehavior [ RunTime:0.000000s ]
INFO: [ app_init ] --END-- [ RunTime:0.000000s ]
INFO: [ app_begin ] --START--
INFO: Run Behavior\ReadHtmlCacheBehavior [ RunTime:0.000000s ]
INFO: [ app_begin ] --END-- [ RunTime:0.000000s ]
SQL: SHOW COLUMNS FROM `su_course_tree` [ RunTime:0.0020s ]
SQL: SHOW COLUMNS FROM `su_student` [ RunTime:0.0010s ]
SQL: SHOW COLUMNS FROM `su_student_choice` [ RunTime:0.0020s ]
SQL: SELECT `stu_Name`,`stu_Grade`,`stu_Profession`,`stu_Class` FROM `su_student` WHERE ( stu_Number = 123 )  [ RunTime:0.0000s ]
SQL: SELECT * FROM `su_student_choice` WHERE ( ch_StuNumber = 123 )  [ RunTime:0.0000s ]
SQL: SELECT COUNT(ch_StuNumber) AS count FROM `su_student_choice` WHERE ( ch_TrNodeId = 14 )  [ RunTime:0.0010s ]
INFO: [ app_end ] --START--
INFO: Run Behavior\ShowPageTraceBehavior [ RunTime:0.000000s ]
INFO: [ app_end ] --END-- [ RunTime:0.000000s ]

[ 2017-03-23T18:13:22+08:00 ] ::1 /SignUpSys/index.php/Home/Student/getCount?nodeId=16
INFO: [ app_init ] --START--
INFO: Run Behavior\BuildLiteBehavior [ RunTime:0.000000s ]
INFO: [ app_init ] --END-- [ RunTime:0.000000s ]
INFO: [ app_begin ] --START--
INFO: Run Behavior\ReadHtmlCacheBehavior [ RunTime:0.001000s ]
INFO: [ app_begin ] --END-- [ RunTime:0.001000s ]
SQL: SHOW COLUMNS FROM `su_course_tree` [ RunTime:0.0010s ]
SQL: SHOW COLUMNS FROM `su_student` [ RunTime:0.0010s ]
SQL: SHOW COLUMNS FROM `su_student_choice` [ RunTime:0.0010s ]
SQL: SELECT `stu_Name`,`stu_Grade`,`stu_Profession`,`stu_Class` FROM `su_student` WHERE ( stu_Number = 123 )  [ RunTime:0.0000s ]
SQL: SELECT * FROM `su_student_choice` WHERE ( ch_StuNumber = 123 )  [ RunTime:0.0000s ]
SQL: SELECT COUNT(ch_StuNumber) AS count FROM `su_student_choice` WHERE ( ch_TrNodeId = 16 )  [ RunTime:0.0000s ]
INFO: [ app_end ] --START--
INFO: Run Behavior\ShowPageTraceBehavior [ RunTime:0.001000s ]
INFO: [ app_end ] --END-- [ RunTime:0.001000s ]

[ 2017-03-23T18:13:22+08:00 ] ::1 /SignUpSys/index.php/Home/Student/getCount?nodeId=17
INFO: [ app_init ] --START--
INFO: Run Behavior\BuildLiteBehavior [ RunTime:0.000000s ]
INFO: [ app_init ] --END-- [ RunTime:0.000000s ]
INFO: [ app_begin ] --START--
INFO: Run Behavior\ReadHtmlCacheBehavior [ RunTime:0.001000s ]
INFO: [ app_begin ] --END-- [ RunTime:0.001000s ]
SQL: SHOW COLUMNS FROM `su_course_tree` [ RunTime:0.0020s ]
SQL: SHOW COLUMNS FROM `su_student` [ RunTime:0.0020s ]
SQL: SHOW COLUMNS FROM `su_student_choice` [ RunTime:0.0020s ]
SQL: SELECT `stu_Name`,`stu_Grade`,`stu_Profession`,`stu_Class` FROM `su_student` WHERE ( stu_Number = 123 )  [ RunTime:0.0000s ]
SQL: SELECT * FROM `su_student_choice` WHERE ( ch_StuNumber = 123 )  [ RunTime:0.0000s ]
SQL: SELECT COUNT(ch_StuNumber) AS count FROM `su_student_choice` WHERE ( ch_TrNodeId = 17 )  [ RunTime:0.0000s ]
INFO: [ app_end ] --START--
INFO: Run Behavior\ShowPageTraceBehavior [ RunTime:0.000000s ]
INFO: [ app_end ] --END-- [ RunTime:0.000000s ]

[ 2017-03-23T18:13:38+08:00 ] ::1 /SignUpSys/index.php/Home/Student/result?pId=12,22&id=14,23,24
INFO: [ app_init ] --START--
INFO: Run Behavior\BuildLiteBehavior [ RunTime:0.000000s ]
INFO: [ app_init ] --END-- [ RunTime:0.001000s ]
INFO: [ app_begin ] --START--
INFO: Run Behavior\ReadHtmlCacheBehavior [ RunTime:0.000000s ]
INFO: [ app_begin ] --END-- [ RunTime:0.000000s ]
SQL: SHOW COLUMNS FROM `su_course_tree` [ RunTime:0.0020s ]
SQL: SHOW COLUMNS FROM `su_student` [ RunTime:0.0020s ]
SQL: SHOW COLUMNS FROM `su_student_choice` [ RunTime:0.0010s ]
SQL: SELECT `stu_Name`,`stu_Grade`,`stu_Profession`,`stu_Class` FROM `su_student` WHERE ( stu_Number = 123 )  [ RunTime:0.0000s ]
SQL: SELECT * FROM `su_student_choice` WHERE ( ch_StuNumber = 123 )  [ RunTime:0.0000s ]
SQL: SELECT `ctr_Name`,`ctr_Limit`,`ctr_Synopsis` FROM `su_course_tree` WHERE (  `ctr_NodeId` = '12' ) OR (  `ctr_NodeId` = '22' )  [ RunTime:0.0000s ]
NOTIC: [8] Undefined variable: str E:\DevelopTools\xampp\htdocs\SignUpSys\App\Home\Controller\StudentController.class.php 第 120 行.
SQL: SELECT `ctr_NodeId`,`ctr_ParentId`,`ctr_Name`,`ctr_Synopsis` FROM `su_course_tree` WHERE (  `ctr_NodeId` = '14' ) OR (  `ctr_NodeId` = '23' ) OR (  `ctr_NodeId` = '24' )  [ RunTime:0.0000s ]
SQL: SELECT COUNT(ch_StuNumber) AS count FROM `su_student_choice` WHERE ( ch_TrNodeId = 14 )  [ RunTime:0.0000s ]
SQL: SELECT `ctr_Limit` FROM `su_course_tree` WHERE ( ctr_NodeId = 12 )  [ RunTime:0.0000s ]
NOTIC: [8] Undefined variable: table E:\DevelopTools\xampp\htdocs\SignUpSys\App\Home\Controller\StudentController.class.php 第 126 行.
SQL: SELECT COUNT(ch_StuNumber) AS count FROM `su_student_choice` WHERE ( ch_TrNodeId = 23 )  [ RunTime:0.0000s ]
SQL: SELECT `ctr_Limit` FROM `su_course_tree` WHERE ( ctr_NodeId = 22 )  [ RunTime:0.0000s ]
SQL: SELECT COUNT(ch_StuNumber) AS count FROM `su_student_choice` WHERE ( ch_TrNodeId = 24 )  [ RunTime:0.0010s ]
SQL: SELECT `ctr_Limit` FROM `su_course_tree` WHERE ( ctr_NodeId = 22 )  [ RunTime:0.0000s ]
INFO: [ view_parse ] --START--
INFO: [ template_filter ] --START--
INFO: Run Behavior\ContentReplaceBehavior [ RunTime:0.000000s ]
INFO: [ template_filter ] --END-- [ RunTime:0.000000s ]
NOTIC: [8] Undefined variable: error E:\DevelopTools\xampp\htdocs\SignUpSys\Runtime\Cache\Home\637c833c3bf70fd9f9bc7553aba8640d.php 第 48 行.
INFO: Run Behavior\ParseTemplateBehavior [ RunTime:0.007000s ]
INFO: [ view_parse ] --END-- [ RunTime:0.007000s ]
INFO: [ view_filter ] --START--
INFO: Run Behavior\WriteHtmlCacheBehavior [ RunTime:0.001000s ]
INFO: [ view_filter ] --END-- [ RunTime:0.001000s ]
INFO: [ app_end ] --START--
INFO: Run Behavior\ShowPageTraceBehavior [ RunTime:0.000000s ]
INFO: [ app_end ] --END-- [ RunTime:0.000000s ]

[ 2017-03-23T18:13:46+08:00 ] ::1 /SignUpSys/index.php/Home/Student/submitResult?ids=14%2C23%2C24
INFO: [ app_init ] --START--
INFO: Run Behavior\BuildLiteBehavior [ RunTime:0.000000s ]
INFO: [ app_init ] --END-- [ RunTime:0.000000s ]
INFO: [ app_begin ] --START--
INFO: Run Behavior\ReadHtmlCacheBehavior [ RunTime:0.000000s ]
INFO: [ app_begin ] --END-- [ RunTime:0.000000s ]
SQL: SHOW COLUMNS FROM `su_course_tree` [ RunTime:0.0020s ]
SQL: SHOW COLUMNS FROM `su_student` [ RunTime:0.0020s ]
SQL: SHOW COLUMNS FROM `su_student_choice` [ RunTime:0.0020s ]
SQL: SELECT `stu_Name`,`stu_Grade`,`stu_Profession`,`stu_Class` FROM `su_student` WHERE ( stu_Number = 123 )  [ RunTime:0.0010s ]
SQL: SELECT * FROM `su_student_choice` WHERE ( ch_StuNumber = 123 )  [ RunTime:0.0000s ]
SQL: INSERT INTO `su_student_choice` (`ch_TrNodeId`,`ch_StuNumber`) VALUES ('14','123') [ RunTime:0.0820s ]
SQL: INSERT INTO `su_student_choice` (`ch_TrNodeId`,`ch_StuNumber`) VALUES ('23','123') [ RunTime:0.0540s ]
SQL: INSERT INTO `su_student_choice` (`ch_TrNodeId`,`ch_StuNumber`) VALUES ('24','123') [ RunTime:0.0670s ]
INFO: [ app_end ] --START--
INFO: Run Behavior\ShowPageTraceBehavior [ RunTime:0.001000s ]
INFO: [ app_end ] --END-- [ RunTime:0.001000s ]

[ 2017-03-23T18:13:46+08:00 ] ::1 /SignUpSys/index.php/Home/Student/choiced
INFO: [ app_init ] --START--
INFO: Run Behavior\BuildLiteBehavior [ RunTime:0.000000s ]
INFO: [ app_init ] --END-- [ RunTime:0.000000s ]
INFO: [ app_begin ] --START--
INFO: Run Behavior\ReadHtmlCacheBehavior [ RunTime:0.001000s ]
INFO: [ app_begin ] --END-- [ RunTime:0.001000s ]
SQL: SHOW COLUMNS FROM `su_course_tree` [ RunTime:0.0020s ]
SQL: SHOW COLUMNS FROM `su_student` [ RunTime:0.0010s ]
SQL: SHOW COLUMNS FROM `su_student_choice` [ RunTime:0.0010s ]
SQL: SELECT `stu_Name`,`stu_Grade`,`stu_Profession`,`stu_Class` FROM `su_student` WHERE ( stu_Number = 123 )  [ RunTime:0.0000s ]
SQL: SELECT * FROM `su_student_choice` WHERE ( ch_StuNumber = 123 )  [ RunTime:0.0000s ]
SQL: SELECT `stu_Name`,`stu_Grade`,`stu_Profession`,`stu_Class` FROM `su_student` WHERE ( stu_Number = 123 )  [ RunTime:0.0010s ]
SQL: SELECT ch_TrNodeId AS ctr_NodeId FROM `su_student_choice` WHERE ( ch_StuNumber = 123 )  [ RunTime:0.0000s ]
SQL: SELECT `ctr_NodeId`,`ctr_ParentId`,`ctr_Name`,`ctr_Synopsis` FROM `su_course_tree` WHERE (  `ctr_NodeId` = '14' ) OR (  `ctr_NodeId` = '23' ) OR (  `ctr_NodeId` = '24' )  [ RunTime:0.0000s ]
SQL: SELECT COUNT(ch_StuNumber) AS count FROM `su_student_choice` WHERE ( ch_TrNodeId = 14 )  [ RunTime:0.0010s ]
SQL: SELECT `ctr_Limit` FROM `su_course_tree` WHERE ( ctr_NodeId = 12 )  [ RunTime:0.0000s ]
NOTIC: [8] Undefined variable: table E:\DevelopTools\xampp\htdocs\SignUpSys\App\Home\Controller\StudentController.class.php 第 170 行.
SQL: SELECT COUNT(ch_StuNumber) AS count FROM `su_student_choice` WHERE ( ch_TrNodeId = 23 )  [ RunTime:0.0000s ]
SQL: SELECT `ctr_Limit` FROM `su_course_tree` WHERE ( ctr_NodeId = 22 )  [ RunTime:0.0000s ]
SQL: SELECT COUNT(ch_StuNumber) AS count FROM `su_student_choice` WHERE ( ch_TrNodeId = 24 )  [ RunTime:0.0000s ]
SQL: SELECT `ctr_Limit` FROM `su_course_tree` WHERE ( ctr_NodeId = 22 )  [ RunTime:0.0000s ]
INFO: [ view_parse ] --START--
INFO: [ template_filter ] --START--
INFO: Run Behavior\ContentReplaceBehavior [ RunTime:0.000000s ]
INFO: [ template_filter ] --END-- [ RunTime:0.000000s ]
INFO: Run Behavior\ParseTemplateBehavior [ RunTime:0.007000s ]
INFO: [ view_parse ] --END-- [ RunTime:0.007000s ]
INFO: [ view_filter ] --START--
INFO: Run Behavior\WriteHtmlCacheBehavior [ RunTime:0.000000s ]
INFO: [ view_filter ] --END-- [ RunTime:0.000000s ]
INFO: [ app_end ] --START--
INFO: Run Behavior\ShowPageTraceBehavior [ RunTime:0.001000s ]
INFO: [ app_end ] --END-- [ RunTime:0.001000s ]

[ 2017-03-23T18:17:47+08:00 ] ::1 /SignUpSys/index.php/Home/Student/choiced
INFO: [ app_init ] --START--
INFO: Run Behavior\BuildLiteBehavior [ RunTime:0.000000s ]
INFO: [ app_init ] --END-- [ RunTime:0.000000s ]
INFO: [ app_begin ] --START--
INFO: Run Behavior\ReadHtmlCacheBehavior [ RunTime:0.001000s ]
INFO: [ app_begin ] --END-- [ RunTime:0.001000s ]
SQL: SHOW COLUMNS FROM `su_course_tree` [ RunTime:0.0020s ]
SQL: SHOW COLUMNS FROM `su_student` [ RunTime:0.0020s ]
SQL: SHOW COLUMNS FROM `su_student_choice` [ RunTime:0.0010s ]
SQL: SELECT `stu_Name`,`stu_Grade`,`stu_Profession`,`stu_Class` FROM `su_student` WHERE ( stu_Number = 123 )  [ RunTime:0.0010s ]
SQL: SELECT * FROM `su_student_choice` WHERE ( ch_StuNumber = 123 )  [ RunTime:0.0000s ]
SQL: SELECT `stu_Name`,`stu_Grade`,`stu_Profession`,`stu_Class` FROM `su_student` WHERE ( stu_Number = 123 )  [ RunTime:0.0000s ]
SQL: SELECT ch_TrNodeId AS ctr_NodeId FROM `su_student_choice` WHERE ( ch_StuNumber = 123 )  [ RunTime:0.0000s ]
SQL: SELECT `ctr_NodeId`,`ctr_ParentId`,`ctr_Name`,`ctr_Synopsis` FROM `su_course_tree` WHERE (  `ctr_NodeId` = '14' ) OR (  `ctr_NodeId` = '23' ) OR (  `ctr_NodeId` = '24' )  [ RunTime:0.0000s ]
SQL: SELECT COUNT(ch_StuNumber) AS count FROM `su_student_choice` WHERE ( ch_TrNodeId = 14 )  [ RunTime:0.0000s ]
SQL: SELECT `ctr_Limit` FROM `su_course_tree` WHERE ( ctr_NodeId = 12 )  [ RunTime:0.0000s ]
NOTIC: [8] Undefined variable: table E:\DevelopTools\xampp\htdocs\SignUpSys\App\Home\Controller\StudentController.class.php 第 170 行.
SQL: SELECT COUNT(ch_StuNumber) AS count FROM `su_student_choice` WHERE ( ch_TrNodeId = 23 )  [ RunTime:0.0000s ]
SQL: SELECT `ctr_Limit` FROM `su_course_tree` WHERE ( ctr_NodeId = 22 )  [ RunTime:0.0000s ]
SQL: SELECT COUNT(ch_StuNumber) AS count FROM `su_student_choice` WHERE ( ch_TrNodeId = 24 )  [ RunTime:0.0010s ]
SQL: SELECT `ctr_Limit` FROM `su_course_tree` WHERE ( ctr_NodeId = 22 )  [ RunTime:0.0000s ]
INFO: [ view_parse ] --START--
INFO: [ template_filter ] --START--
INFO: Run Behavior\ContentReplaceBehavior [ RunTime:0.000000s ]
INFO: [ template_filter ] --END-- [ RunTime:0.000000s ]
INFO: Run Behavior\ParseTemplateBehavior [ RunTime:0.005000s ]
INFO: [ view_parse ] --END-- [ RunTime:0.006000s ]
INFO: [ view_filter ] --START--
INFO: Run Behavior\WriteHtmlCacheBehavior [ RunTime:0.000000s ]
INFO: [ view_filter ] --END-- [ RunTime:0.000000s ]
INFO: [ app_end ] --START--
INFO: Run Behavior\ShowPageTraceBehavior [ RunTime:0.000000s ]
INFO: [ app_end ] --END-- [ RunTime:0.000000s ]

[ 2017-03-23T18:17:50+08:00 ] ::1 /SignUpSys/index.php/Home/Student/choiced
INFO: [ app_init ] --START--
INFO: Run Behavior\BuildLiteBehavior [ RunTime:0.000000s ]
INFO: [ app_init ] --END-- [ RunTime:0.000000s ]
INFO: [ app_begin ] --START--
INFO: Run Behavior\ReadHtmlCacheBehavior [ RunTime:0.001000s ]
INFO: [ app_begin ] --END-- [ RunTime:0.001000s ]
SQL: SHOW COLUMNS FROM `su_course_tree` [ RunTime:0.0020s ]
SQL: SHOW COLUMNS FROM `su_student` [ RunTime:0.0020s ]
SQL: SHOW COLUMNS FROM `su_student_choice` [ RunTime:0.0010s ]
SQL: SELECT `stu_Name`,`stu_Grade`,`stu_Profession`,`stu_Class` FROM `su_student` WHERE ( stu_Number = 123 )  [ RunTime:0.0010s ]
SQL: SELECT * FROM `su_student_choice` WHERE ( ch_StuNumber = 123 )  [ RunTime:0.0000s ]
SQL: SELECT `stu_Name`,`stu_Grade`,`stu_Profession`,`stu_Class` FROM `su_student` WHERE ( stu_Number = 123 )  [ RunTime:0.0000s ]
SQL: SELECT ch_TrNodeId AS ctr_NodeId FROM `su_student_choice` WHERE ( ch_StuNumber = 123 )  [ RunTime:0.0010s ]
SQL: SELECT `ctr_NodeId`,`ctr_ParentId`,`ctr_Name`,`ctr_Synopsis` FROM `su_course_tree` WHERE (  `ctr_NodeId` = '14' ) OR (  `ctr_NodeId` = '23' ) OR (  `ctr_NodeId` = '24' )  [ RunTime:0.0000s ]
SQL: SELECT COUNT(ch_StuNumber) AS count FROM `su_student_choice` WHERE ( ch_TrNodeId = 14 )  [ RunTime:0.0010s ]
SQL: SELECT `ctr_Limit` FROM `su_course_tree` WHERE ( ctr_NodeId = 12 )  [ RunTime:0.0010s ]
NOTIC: [8] Undefined variable: table E:\DevelopTools\xampp\htdocs\SignUpSys\App\Home\Controller\StudentController.class.php 第 170 行.
SQL: SELECT COUNT(ch_StuNumber) AS count FROM `su_student_choice` WHERE ( ch_TrNodeId = 23 )  [ RunTime:0.0000s ]
SQL: SELECT `ctr_Limit` FROM `su_course_tree` WHERE ( ctr_NodeId = 22 )  [ RunTime:0.0000s ]
SQL: SELECT COUNT(ch_StuNumber) AS count FROM `su_student_choice` WHERE ( ch_TrNodeId = 24 )  [ RunTime:0.0000s ]
SQL: SELECT `ctr_Limit` FROM `su_course_tree` WHERE ( ctr_NodeId = 22 )  [ RunTime:0.0000s ]
INFO: [ view_parse ] --START--
INFO: [ template_filter ] --START--
INFO: Run Behavior\ContentReplaceBehavior [ RunTime:0.000000s ]
INFO: [ template_filter ] --END-- [ RunTime:0.001000s ]
INFO: Run Behavior\ParseTemplateBehavior [ RunTime:0.007001s ]
INFO: [ view_parse ] --END-- [ RunTime:0.007001s ]
INFO: [ view_filter ] --START--
INFO: Run Behavior\WriteHtmlCacheBehavior [ RunTime:0.000000s ]
INFO: [ view_filter ] --END-- [ RunTime:0.000000s ]
INFO: [ app_end ] --START--
INFO: Run Behavior\ShowPageTraceBehavior [ RunTime:0.000000s ]
INFO: [ app_end ] --END-- [ RunTime:0.000000s ]

