[ 2018-05-28T02:21:38+08:00 ] 60.191.52.254 http://120.79.52.3/SignUpSys/index.php/Home/Login/
INFO: [ app_init ] --START--
INFO: Run Behavior\BuildLiteBehavior [ RunTime:0.000014s ]
INFO: [ app_init ] --END-- [ RunTime:0.000323s ]
INFO: [ app_begin ] --START--
INFO: Run Behavior\ReadHtmlCacheBehavior [ RunTime:0.000514s ]
INFO: [ app_begin ] --END-- [ RunTime:0.000554s ]
SQL: SHOW COLUMNS FROM `su_student_choice` [ RunTime:0.0013s ]
SQL: SHOW COLUMNS FROM `su_student` [ RunTime:0.0011s ]
INFO: [ view_parse ] --START--
INFO: [ template_filter ] --START--
INFO: Run Behavior\ContentReplaceBehavior [ RunTime:0.000048s ]
INFO: [ template_filter ] --END-- [ RunTime:0.000088s ]
NOTIC: [2] Use of undefined constant HOME_JS_URL - assumed 'HOME_JS_URL' (this will throw an Error in a future version of PHP) C:\xampp\htdocs\SignUpSys\Runtime\Cache\Home\29043a4c167ab71e7ddaec218a6a2780.php 第 37 行.
INFO: Run Behavior\ParseTemplateBehavior [ RunTime:0.004720s ]
INFO: [ view_parse ] --END-- [ RunTime:0.004756s ]
INFO: [ view_filter ] --START--
INFO: Run Behavior\WriteHtmlCacheBehavior [ RunTime:0.000249s ]
INFO: [ view_filter ] --END-- [ RunTime:0.000279s ]
INFO: [ app_end ] --START--
INFO: Run Behavior\ShowPageTraceBehavior [ RunTime:0.000548s ]
INFO: [ app_end ] --END-- [ RunTime:0.000580s ]

[ 2018-05-28T10:19:22+08:00 ] 218.201.8.40 /SignUpSys/index.php/Home/Login/
INFO: [ app_init ] --START--
INFO: Run Behavior\BuildLiteBehavior [ RunTime:0.000015s ]
INFO: [ app_init ] --END-- [ RunTime:0.000319s ]
INFO: [ app_begin ] --START--
INFO: Run Behavior\ReadHtmlCacheBehavior [ RunTime:0.000494s ]
INFO: [ app_begin ] --END-- [ RunTime:0.000531s ]
SQL: SHOW COLUMNS FROM `su_student_choice` [ RunTime:0.0012s ]
SQL: SHOW COLUMNS FROM `su_student` [ RunTime:0.0013s ]
INFO: [ view_parse ] --START--
INFO: [ template_filter ] --START--
INFO: Run Behavior\ContentReplaceBehavior [ RunTime:0.000062s ]
INFO: [ template_filter ] --END-- [ RunTime:0.000117s ]
NOTIC: [2] Use of undefined constant HOME_JS_URL - assumed 'HOME_JS_URL' (this will throw an Error in a future version of PHP) C:\xampp\htdocs\SignUpSys\Runtime\Cache\Home\29043a4c167ab71e7ddaec218a6a2780.php 第 37 行.
INFO: Run Behavior\ParseTemplateBehavior [ RunTime:0.005989s ]
INFO: [ view_parse ] --END-- [ RunTime:0.006034s ]
INFO: [ view_filter ] --START--
INFO: Run Behavior\WriteHtmlCacheBehavior [ RunTime:0.000297s ]
INFO: [ view_filter ] --END-- [ RunTime:0.000339s ]
INFO: [ app_end ] --START--
INFO: Run Behavior\ShowPageTraceBehavior [ RunTime:0.000679s ]
INFO: [ app_end ] --END-- [ RunTime:0.000722s ]

[ 2018-05-28T10:19:23+08:00 ] 218.201.8.40 /SignUpSys/index.php/Home/Login/verifyImg
INFO: [ app_init ] --START--
INFO: Run Behavior\BuildLiteBehavior [ RunTime:0.000014s ]
INFO: [ app_init ] --END-- [ RunTime:0.000301s ]
INFO: [ app_begin ] --START--
INFO: Run Behavior\ReadHtmlCacheBehavior [ RunTime:0.000413s ]
INFO: [ app_begin ] --END-- [ RunTime:0.000448s ]
SQL: SHOW COLUMNS FROM `su_student_choice` [ RunTime:0.0013s ]
SQL: SHOW COLUMNS FROM `su_student` [ RunTime:0.0014s ]
INFO: [ app_end ] --START--
INFO: Run Behavior\ShowPageTraceBehavior [ RunTime:0.000811s ]
INFO: [ app_end ] --END-- [ RunTime:0.000881s ]

[ 2018-05-28T10:19:58+08:00 ] 218.201.8.36 /SignUpSys/index.php/Home/Login/
INFO: [ app_init ] --START--
INFO: Run Behavior\BuildLiteBehavior [ RunTime:0.000014s ]
INFO: [ app_init ] --END-- [ RunTime:0.000288s ]
INFO: [ app_begin ] --START--
INFO: Run Behavior\ReadHtmlCacheBehavior [ RunTime:0.000411s ]
INFO: [ app_begin ] --END-- [ RunTime:0.000445s ]
SQL: SHOW COLUMNS FROM `su_student_choice` [ RunTime:0.0013s ]
SQL: SHOW COLUMNS FROM `su_student` [ RunTime:0.0011s ]
INFO: [ view_parse ] --START--
INFO: [ template_filter ] --START--
INFO: Run Behavior\ContentReplaceBehavior [ RunTime:0.000048s ]
INFO: [ template_filter ] --END-- [ RunTime:0.000089s ]
NOTIC: [2] Use of undefined constant HOME_JS_URL - assumed 'HOME_JS_URL' (this will throw an Error in a future version of PHP) C:\xampp\htdocs\SignUpSys\Runtime\Cache\Home\29043a4c167ab71e7ddaec218a6a2780.php 第 37 行.
INFO: Run Behavior\ParseTemplateBehavior [ RunTime:0.004247s ]
INFO: [ view_parse ] --END-- [ RunTime:0.004282s ]
INFO: [ view_filter ] --START--
INFO: Run Behavior\WriteHtmlCacheBehavior [ RunTime:0.000194s ]
INFO: [ view_filter ] --END-- [ RunTime:0.000225s ]
INFO: [ app_end ] --START--
INFO: Run Behavior\ShowPageTraceBehavior [ RunTime:0.000470s ]
INFO: [ app_end ] --END-- [ RunTime:0.000501s ]

[ 2018-05-28T10:19:58+08:00 ] 218.201.8.36 /SignUpSys/index.php/Home/Login/verifyImg
INFO: [ app_init ] --START--
INFO: Run Behavior\BuildLiteBehavior [ RunTime:0.000017s ]
INFO: [ app_init ] --END-- [ RunTime:0.000320s ]
INFO: [ app_begin ] --START--
INFO: Run Behavior\ReadHtmlCacheBehavior [ RunTime:0.000612s ]
INFO: [ app_begin ] --END-- [ RunTime:0.000651s ]
SQL: SHOW COLUMNS FROM `su_student_choice` [ RunTime:0.0012s ]
SQL: SHOW COLUMNS FROM `su_student` [ RunTime:0.0011s ]
INFO: [ app_end ] --START--
INFO: Run Behavior\ShowPageTraceBehavior [ RunTime:0.000553s ]
INFO: [ app_end ] --END-- [ RunTime:0.000595s ]

[ 2018-05-28T10:36:26+08:00 ] 218.201.8.36 /SignUpSys/index.php/Home/Login/
INFO: [ app_init ] --START--
INFO: Run Behavior\BuildLiteBehavior [ RunTime:0.000014s ]
INFO: [ app_init ] --END-- [ RunTime:0.000315s ]
INFO: [ app_begin ] --START--
INFO: Run Behavior\ReadHtmlCacheBehavior [ RunTime:0.000471s ]
INFO: [ app_begin ] --END-- [ RunTime:0.000507s ]
SQL: SHOW COLUMNS FROM `su_student_choice` [ RunTime:0.0013s ]
SQL: SHOW COLUMNS FROM `su_student` [ RunTime:0.0012s ]
INFO: [ view_parse ] --START--
INFO: [ template_filter ] --START--
INFO: Run Behavior\ContentReplaceBehavior [ RunTime:0.000046s ]
INFO: [ template_filter ] --END-- [ RunTime:0.000085s ]
NOTIC: [2] Use of undefined constant HOME_JS_URL - assumed 'HOME_JS_URL' (this will throw an Error in a future version of PHP) C:\xampp\htdocs\SignUpSys\Runtime\Cache\Home\29043a4c167ab71e7ddaec218a6a2780.php 第 37 行.
INFO: Run Behavior\ParseTemplateBehavior [ RunTime:0.004514s ]
INFO: [ view_parse ] --END-- [ RunTime:0.004548s ]
INFO: [ view_filter ] --START--
INFO: Run Behavior\WriteHtmlCacheBehavior [ RunTime:0.000236s ]
INFO: [ view_filter ] --END-- [ RunTime:0.000265s ]
INFO: [ app_end ] --START--
INFO: Run Behavior\ShowPageTraceBehavior [ RunTime:0.000493s ]
INFO: [ app_end ] --END-- [ RunTime:0.000525s ]

[ 2018-05-28T10:36:27+08:00 ] 218.201.8.36 /SignUpSys/index.php/Home/Login/verifyImg
INFO: [ app_init ] --START--
INFO: Run Behavior\BuildLiteBehavior [ RunTime:0.000014s ]
INFO: [ app_init ] --END-- [ RunTime:0.000322s ]
INFO: [ app_begin ] --START--
INFO: Run Behavior\ReadHtmlCacheBehavior [ RunTime:0.000473s ]
INFO: [ app_begin ] --END-- [ RunTime:0.000509s ]
SQL: SHOW COLUMNS FROM `su_student_choice` [ RunTime:0.0013s ]
SQL: SHOW COLUMNS FROM `su_student` [ RunTime:0.0011s ]
INFO: [ app_end ] --START--
INFO: Run Behavior\ShowPageTraceBehavior [ RunTime:0.000566s ]
INFO: [ app_end ] --END-- [ RunTime:0.000611s ]

[ 2018-05-28T10:37:27+08:00 ] 117.144.246.149 /SignUpSys/index.php/Home/Login/verifyImg
INFO: [ app_init ] --START--
INFO: Run Behavior\BuildLiteBehavior [ RunTime:0.000013s ]
INFO: [ app_init ] --END-- [ RunTime:0.000302s ]
INFO: [ app_begin ] --START--
INFO: Run Behavior\ReadHtmlCacheBehavior [ RunTime:0.000422s ]
INFO: [ app_begin ] --END-- [ RunTime:0.000458s ]
SQL: SHOW COLUMNS FROM `su_student_choice` [ RunTime:0.0012s ]
SQL: SHOW COLUMNS FROM `su_student` [ RunTime:0.0011s ]
INFO: [ app_end ] --START--
INFO: Run Behavior\ShowPageTraceBehavior [ RunTime:0.000515s ]
INFO: [ app_end ] --END-- [ RunTime:0.000558s ]

[ 2018-05-28T10:37:27+08:00 ] 117.185.117.52 /SignUpSys/index.php/Home/Login
INFO: [ app_init ] --START--
INFO: Run Behavior\BuildLiteBehavior [ RunTime:0.000015s ]
INFO: [ app_init ] --END-- [ RunTime:0.000352s ]
INFO: [ app_begin ] --START--
INFO: Run Behavior\ReadHtmlCacheBehavior [ RunTime:0.000495s ]
INFO: [ app_begin ] --END-- [ RunTime:0.000536s ]
SQL: SHOW COLUMNS FROM `su_student_choice` [ RunTime:0.0021s ]
SQL: SHOW COLUMNS FROM `su_student` [ RunTime:0.0012s ]
INFO: [ view_parse ] --START--
INFO: [ template_filter ] --START--
INFO: Run Behavior\ContentReplaceBehavior [ RunTime:0.000050s ]
INFO: [ template_filter ] --END-- [ RunTime:0.000094s ]
NOTIC: [2] Use of undefined constant HOME_JS_URL - assumed 'HOME_JS_URL' (this will throw an Error in a future version of PHP) C:\xampp\htdocs\SignUpSys\Runtime\Cache\Home\29043a4c167ab71e7ddaec218a6a2780.php 第 37 行.
INFO: Run Behavior\ParseTemplateBehavior [ RunTime:0.006433s ]
INFO: [ view_parse ] --END-- [ RunTime:0.006469s ]
INFO: [ view_filter ] --START--
INFO: Run Behavior\WriteHtmlCacheBehavior [ RunTime:0.000248s ]
INFO: [ view_filter ] --END-- [ RunTime:0.000278s ]
INFO: [ app_end ] --START--
INFO: Run Behavior\ShowPageTraceBehavior [ RunTime:0.000574s ]
INFO: [ app_end ] --END-- [ RunTime:0.000609s ]

[ 2018-05-28T11:14:51+08:00 ] 218.201.8.40 /SignUpSys/index.php/Home/Login/
INFO: [ app_init ] --START--
INFO: Run Behavior\BuildLiteBehavior [ RunTime:0.000015s ]
INFO: [ app_init ] --END-- [ RunTime:0.000326s ]
INFO: [ app_begin ] --START--
INFO: Run Behavior\ReadHtmlCacheBehavior [ RunTime:0.000482s ]
INFO: [ app_begin ] --END-- [ RunTime:0.000518s ]
SQL: SHOW COLUMNS FROM `su_student_choice` [ RunTime:0.0013s ]
SQL: SHOW COLUMNS FROM `su_student` [ RunTime:0.0012s ]
INFO: [ view_parse ] --START--
INFO: [ template_filter ] --START--
INFO: Run Behavior\ContentReplaceBehavior [ RunTime:0.000048s ]
INFO: [ template_filter ] --END-- [ RunTime:0.000090s ]
NOTIC: [2] Use of undefined constant HOME_JS_URL - assumed 'HOME_JS_URL' (this will throw an Error in a future version of PHP) C:\xampp\htdocs\SignUpSys\Runtime\Cache\Home\29043a4c167ab71e7ddaec218a6a2780.php 第 37 行.
INFO: Run Behavior\ParseTemplateBehavior [ RunTime:0.005055s ]
INFO: [ view_parse ] --END-- [ RunTime:0.005091s ]
INFO: [ view_filter ] --START--
INFO: Run Behavior\WriteHtmlCacheBehavior [ RunTime:0.000237s ]
INFO: [ view_filter ] --END-- [ RunTime:0.000268s ]
INFO: [ app_end ] --START--
INFO: Run Behavior\ShowPageTraceBehavior [ RunTime:0.000609s ]
INFO: [ app_end ] --END-- [ RunTime:0.000644s ]

[ 2018-05-28T11:14:51+08:00 ] 218.201.8.40 /SignUpSys/index.php/Home/Login/verifyImg
INFO: [ app_init ] --START--
INFO: Run Behavior\BuildLiteBehavior [ RunTime:0.000014s ]
INFO: [ app_init ] --END-- [ RunTime:0.000288s ]
INFO: [ app_begin ] --START--
INFO: Run Behavior\ReadHtmlCacheBehavior [ RunTime:0.000406s ]
INFO: [ app_begin ] --END-- [ RunTime:0.000442s ]
SQL: SHOW COLUMNS FROM `su_student_choice` [ RunTime:0.0012s ]
SQL: SHOW COLUMNS FROM `su_student` [ RunTime:0.0011s ]
INFO: [ app_end ] --START--
INFO: Run Behavior\ShowPageTraceBehavior [ RunTime:0.000560s ]
INFO: [ app_end ] --END-- [ RunTime:0.000609s ]

[ 2018-05-28T11:15:44+08:00 ] 101.226.86.164 /SignUpSys/index.php/Home/Login/
INFO: [ app_init ] --START--
INFO: Run Behavior\BuildLiteBehavior [ RunTime:0.000013s ]
INFO: [ app_init ] --END-- [ RunTime:0.000287s ]
INFO: [ app_begin ] --START--
INFO: Run Behavior\ReadHtmlCacheBehavior [ RunTime:0.000404s ]
INFO: [ app_begin ] --END-- [ RunTime:0.000438s ]
SQL: SHOW COLUMNS FROM `su_student_choice` [ RunTime:0.0013s ]
SQL: SHOW COLUMNS FROM `su_student` [ RunTime:0.0011s ]
INFO: [ view_parse ] --START--
INFO: [ template_filter ] --START--
INFO: Run Behavior\ContentReplaceBehavior [ RunTime:0.000046s ]
INFO: [ template_filter ] --END-- [ RunTime:0.000085s ]
NOTIC: [2] Use of undefined constant HOME_JS_URL - assumed 'HOME_JS_URL' (this will throw an Error in a future version of PHP) C:\xampp\htdocs\SignUpSys\Runtime\Cache\Home\29043a4c167ab71e7ddaec218a6a2780.php 第 37 行.
INFO: Run Behavior\ParseTemplateBehavior [ RunTime:0.004178s ]
INFO: [ view_parse ] --END-- [ RunTime:0.004212s ]
INFO: [ view_filter ] --START--
INFO: Run Behavior\WriteHtmlCacheBehavior [ RunTime:0.000181s ]
INFO: [ view_filter ] --END-- [ RunTime:0.000210s ]
INFO: [ app_end ] --START--
INFO: Run Behavior\ShowPageTraceBehavior [ RunTime:0.000459s ]
INFO: [ app_end ] --END-- [ RunTime:0.000491s ]

[ 2018-05-28T12:01:32+08:00 ] 47.100.100.21 /SignUpSys/index.php/Home/Login/
INFO: [ app_init ] --START--
INFO: Run Behavior\BuildLiteBehavior [ RunTime:0.000015s ]
INFO: [ app_init ] --END-- [ RunTime:0.000352s ]
INFO: [ app_begin ] --START--
INFO: Run Behavior\ReadHtmlCacheBehavior [ RunTime:0.000635s ]
INFO: [ app_begin ] --END-- [ RunTime:0.000676s ]
SQL: SHOW COLUMNS FROM `su_student_choice` [ RunTime:0.0014s ]
SQL: SHOW COLUMNS FROM `su_student` [ RunTime:0.0012s ]
INFO: [ view_parse ] --START--
INFO: [ template_filter ] --START--
INFO: Run Behavior\ContentReplaceBehavior [ RunTime:0.000049s ]
INFO: [ template_filter ] --END-- [ RunTime:0.000089s ]
NOTIC: [2] Use of undefined constant HOME_JS_URL - assumed 'HOME_JS_URL' (this will throw an Error in a future version of PHP) C:\xampp\htdocs\SignUpSys\Runtime\Cache\Home\29043a4c167ab71e7ddaec218a6a2780.php 第 37 行.
INFO: Run Behavior\ParseTemplateBehavior [ RunTime:0.004759s ]
INFO: [ view_parse ] --END-- [ RunTime:0.004797s ]
INFO: [ view_filter ] --START--
INFO: Run Behavior\WriteHtmlCacheBehavior [ RunTime:0.000255s ]
INFO: [ view_filter ] --END-- [ RunTime:0.000287s ]
INFO: [ app_end ] --START--
INFO: Run Behavior\ShowPageTraceBehavior [ RunTime:0.000543s ]
INFO: [ app_end ] --END-- [ RunTime:0.000578s ]

[ 2018-05-28T12:08:49+08:00 ] 118.31.15.238 /SignUpSys/index.php/Home/Login/
INFO: [ app_init ] --START--
INFO: Run Behavior\BuildLiteBehavior [ RunTime:0.000015s ]
INFO: [ app_init ] --END-- [ RunTime:0.000691s ]
INFO: [ app_begin ] --START--
INFO: Run Behavior\ReadHtmlCacheBehavior [ RunTime:0.000474s ]
INFO: [ app_begin ] --END-- [ RunTime:0.000511s ]
SQL: SHOW COLUMNS FROM `su_student_choice` [ RunTime:0.0015s ]
SQL: SHOW COLUMNS FROM `su_student` [ RunTime:0.0011s ]
INFO: [ view_parse ] --START--
INFO: [ template_filter ] --START--
INFO: Run Behavior\ContentReplaceBehavior [ RunTime:0.000058s ]
INFO: [ template_filter ] --END-- [ RunTime:0.000105s ]
NOTIC: [2] Use of undefined constant HOME_JS_URL - assumed 'HOME_JS_URL' (this will throw an Error in a future version of PHP) C:\xampp\htdocs\SignUpSys\Runtime\Cache\Home\29043a4c167ab71e7ddaec218a6a2780.php 第 37 行.
INFO: Run Behavior\ParseTemplateBehavior [ RunTime:0.004763s ]
INFO: [ view_parse ] --END-- [ RunTime:0.004799s ]
INFO: [ view_filter ] --START--
INFO: Run Behavior\WriteHtmlCacheBehavior [ RunTime:0.000298s ]
INFO: [ view_filter ] --END-- [ RunTime:0.000331s ]
INFO: [ app_end ] --START--
INFO: Run Behavior\ShowPageTraceBehavior [ RunTime:0.000536s ]
INFO: [ app_end ] --END-- [ RunTime:0.000575s ]

[ 2018-05-28T13:01:28+08:00 ] 47.100.57.133 /SignUpSys/index.php/Home/Login/
INFO: [ app_init ] --START--
INFO: Run Behavior\BuildLiteBehavior [ RunTime:0.000016s ]
INFO: [ app_init ] --END-- [ RunTime:0.000384s ]
INFO: [ app_begin ] --START--
INFO: Run Behavior\ReadHtmlCacheBehavior [ RunTime:0.000514s ]
INFO: [ app_begin ] --END-- [ RunTime:0.000553s ]
SQL: SHOW COLUMNS FROM `su_student_choice` [ RunTime:0.0013s ]
SQL: SHOW COLUMNS FROM `su_student` [ RunTime:0.0012s ]
INFO: [ view_parse ] --START--
INFO: [ template_filter ] --START--
INFO: Run Behavior\ContentReplaceBehavior [ RunTime:0.000051s ]
INFO: [ template_filter ] --END-- [ RunTime:0.000096s ]
NOTIC: [2] Use of undefined constant HOME_JS_URL - assumed 'HOME_JS_URL' (this will throw an Error in a future version of PHP) C:\xampp\htdocs\SignUpSys\Runtime\Cache\Home\29043a4c167ab71e7ddaec218a6a2780.php 第 37 行.
INFO: Run Behavior\ParseTemplateBehavior [ RunTime:0.005060s ]
INFO: [ view_parse ] --END-- [ RunTime:0.005099s ]
INFO: [ view_filter ] --START--
INFO: Run Behavior\WriteHtmlCacheBehavior [ RunTime:0.000259s ]
INFO: [ view_filter ] --END-- [ RunTime:0.000290s ]
INFO: [ app_end ] --START--
INFO: Run Behavior\ShowPageTraceBehavior [ RunTime:0.000613s ]
INFO: [ app_end ] --END-- [ RunTime:0.000648s ]

[ 2018-05-28T13:02:03+08:00 ] 218.201.8.40 /SignUpSys/index.php/Home/Login/verifyImg?0.048300114560010156
INFO: [ app_init ] --START--
INFO: Run Behavior\BuildLiteBehavior [ RunTime:0.000014s ]
INFO: [ app_init ] --END-- [ RunTime:0.000311s ]
INFO: [ app_begin ] --START--
INFO: Run Behavior\ReadHtmlCacheBehavior [ RunTime:0.000452s ]
INFO: [ app_begin ] --END-- [ RunTime:0.000501s ]
SQL: SHOW COLUMNS FROM `su_student_choice` [ RunTime:0.0014s ]
SQL: SHOW COLUMNS FROM `su_student` [ RunTime:0.0012s ]
INFO: [ app_end ] --START--
INFO: Run Behavior\ShowPageTraceBehavior [ RunTime:0.000575s ]
INFO: [ app_end ] --END-- [ RunTime:0.000627s ]

[ 2018-05-28T14:49:33+08:00 ] 218.201.8.40 /SignUpSys/index.php/Home/Login/
INFO: [ app_init ] --START--
INFO: Run Behavior\BuildLiteBehavior [ RunTime:0.000017s ]
INFO: [ app_init ] --END-- [ RunTime:0.000406s ]
INFO: [ app_begin ] --START--
INFO: Run Behavior\ReadHtmlCacheBehavior [ RunTime:0.000632s ]
INFO: [ app_begin ] --END-- [ RunTime:0.000678s ]
SQL: SHOW COLUMNS FROM `su_student_choice` [ RunTime:0.0015s ]
SQL: SHOW COLUMNS FROM `su_student` [ RunTime:0.0015s ]
INFO: [ view_parse ] --START--
INFO: [ template_filter ] --START--
INFO: Run Behavior\ContentReplaceBehavior [ RunTime:0.000061s ]
INFO: [ template_filter ] --END-- [ RunTime:0.000113s ]
NOTIC: [2] Use of undefined constant HOME_JS_URL - assumed 'HOME_JS_URL' (this will throw an Error in a future version of PHP) C:\xampp\htdocs\SignUpSys\Runtime\Cache\Home\29043a4c167ab71e7ddaec218a6a2780.php 第 37 行.
INFO: Run Behavior\ParseTemplateBehavior [ RunTime:0.005925s ]
INFO: [ view_parse ] --END-- [ RunTime:0.005971s ]
INFO: [ view_filter ] --START--
INFO: Run Behavior\WriteHtmlCacheBehavior [ RunTime:0.000309s ]
INFO: [ view_filter ] --END-- [ RunTime:0.000350s ]
INFO: [ app_end ] --START--
INFO: Run Behavior\ShowPageTraceBehavior [ RunTime:0.000676s ]
INFO: [ app_end ] --END-- [ RunTime:0.000718s ]

[ 2018-05-28T14:49:33+08:00 ] 218.201.8.40 /SignUpSys/index.php/Home/Login/verifyImg
INFO: [ app_init ] --START--
INFO: Run Behavior\BuildLiteBehavior [ RunTime:0.000016s ]
INFO: [ app_init ] --END-- [ RunTime:0.000343s ]
INFO: [ app_begin ] --START--
INFO: Run Behavior\ReadHtmlCacheBehavior [ RunTime:0.000433s ]
INFO: [ app_begin ] --END-- [ RunTime:0.000476s ]
SQL: SHOW COLUMNS FROM `su_student_choice` [ RunTime:0.0016s ]
SQL: SHOW COLUMNS FROM `su_student` [ RunTime:0.0011s ]
INFO: [ app_end ] --START--
INFO: Run Behavior\ShowPageTraceBehavior [ RunTime:0.000503s ]
INFO: [ app_end ] --END-- [ RunTime:0.000546s ]

[ 2018-05-28T14:53:48+08:00 ] 218.201.8.40 /SignUpSys/index.php/Home/Login/
INFO: [ app_init ] --START--
INFO: Run Behavior\BuildLiteBehavior [ RunTime:0.000013s ]
INFO: [ app_init ] --END-- [ RunTime:0.000307s ]
INFO: [ app_begin ] --START--
INFO: Run Behavior\ReadHtmlCacheBehavior [ RunTime:0.000460s ]
INFO: [ app_begin ] --END-- [ RunTime:0.000496s ]
SQL: SHOW COLUMNS FROM `su_student_choice` [ RunTime:0.0012s ]
SQL: SHOW COLUMNS FROM `su_student` [ RunTime:0.0012s ]
INFO: [ view_parse ] --START--
INFO: [ template_filter ] --START--
INFO: Run Behavior\ContentReplaceBehavior [ RunTime:0.000058s ]
INFO: [ template_filter ] --END-- [ RunTime:0.000097s ]
NOTIC: [2] Use of undefined constant HOME_JS_URL - assumed 'HOME_JS_URL' (this will throw an Error in a future version of PHP) C:\xampp\htdocs\SignUpSys\Runtime\Cache\Home\29043a4c167ab71e7ddaec218a6a2780.php 第 37 行.
INFO: Run Behavior\ParseTemplateBehavior [ RunTime:0.004550s ]
INFO: [ view_parse ] --END-- [ RunTime:0.004584s ]
INFO: [ view_filter ] --START--
INFO: Run Behavior\WriteHtmlCacheBehavior [ RunTime:0.000254s ]
INFO: [ view_filter ] --END-- [ RunTime:0.000285s ]
INFO: [ app_end ] --START--
INFO: Run Behavior\ShowPageTraceBehavior [ RunTime:0.000516s ]
INFO: [ app_end ] --END-- [ RunTime:0.000548s ]

[ 2018-05-28T14:53:48+08:00 ] 218.201.8.40 /SignUpSys/index.php/Home/Login/verifyImg
INFO: [ app_init ] --START--
INFO: Run Behavior\BuildLiteBehavior [ RunTime:0.000013s ]
INFO: [ app_init ] --END-- [ RunTime:0.000331s ]
INFO: [ app_begin ] --START--
INFO: Run Behavior\ReadHtmlCacheBehavior [ RunTime:0.000493s ]
INFO: [ app_begin ] --END-- [ RunTime:0.000529s ]
SQL: SHOW COLUMNS FROM `su_student_choice` [ RunTime:0.0015s ]
SQL: SHOW COLUMNS FROM `su_student` [ RunTime:0.0011s ]
INFO: [ app_end ] --START--
INFO: Run Behavior\ShowPageTraceBehavior [ RunTime:0.000547s ]
INFO: [ app_end ] --END-- [ RunTime:0.000588s ]

[ 2018-05-28T20:02:37+08:00 ] ::1 /SignUpSys/index.php/Home/Login/
INFO: [ app_init ] --START--
INFO: Run Behavior\BuildLiteBehavior [ RunTime:0.000009s ]
INFO: [ app_init ] --END-- [ RunTime:0.000441s ]
INFO: [ app_begin ] --START--
INFO: Run Behavior\ReadHtmlCacheBehavior [ RunTime:0.000508s ]
INFO: [ app_begin ] --END-- [ RunTime:0.000538s ]
SQL: SHOW COLUMNS FROM `su_student_choice` [ RunTime:0.0053s ]
SQL: SHOW COLUMNS FROM `su_student` [ RunTime:0.0032s ]
INFO: [ view_parse ] --START--
INFO: [ template_filter ] --START--
INFO: Run Behavior\ContentReplaceBehavior [ RunTime:0.000062s ]
INFO: [ template_filter ] --END-- [ RunTime:0.000089s ]
NOTIC: [2] Use of undefined constant HOME_JS_URL - assumed 'HOME_JS_URL' (this will throw an Error in a future version of PHP) E:\xampp\htdocs\SignUpSys\Runtime\Cache\Home\29043a4c167ab71e7ddaec218a6a2780.php 第 37 行.
INFO: Run Behavior\ParseTemplateBehavior [ RunTime:0.006125s ]
INFO: [ view_parse ] --END-- [ RunTime:0.006148s ]
INFO: [ view_filter ] --START--
INFO: Run Behavior\WriteHtmlCacheBehavior [ RunTime:0.000327s ]
INFO: [ view_filter ] --END-- [ RunTime:0.000347s ]
INFO: [ app_end ] --START--
INFO: Run Behavior\ShowPageTraceBehavior [ RunTime:0.000595s ]
INFO: [ app_end ] --END-- [ RunTime:0.000611s ]

[ 2018-05-28T20:02:37+08:00 ] ::1 /SignUpSys/index.php/Home/Login/verifyImg
INFO: [ app_init ] --START--
INFO: Run Behavior\BuildLiteBehavior [ RunTime:0.000012s ]
INFO: [ app_init ] --END-- [ RunTime:0.000495s ]
INFO: [ app_begin ] --START--
INFO: Run Behavior\ReadHtmlCacheBehavior [ RunTime:0.000562s ]
INFO: [ app_begin ] --END-- [ RunTime:0.000640s ]
SQL: SHOW COLUMNS FROM `su_student_choice` [ RunTime:0.0048s ]
SQL: SHOW COLUMNS FROM `su_student` [ RunTime:0.0067s ]
INFO: [ app_end ] --START--
INFO: Run Behavior\ShowPageTraceBehavior [ RunTime:0.000838s ]
INFO: [ app_end ] --END-- [ RunTime:0.000890s ]

[ 2018-05-28T20:03:20+08:00 ] ::1 /SignUpSys/index.php/Home/Login/verifyImg
INFO: [ app_init ] --START--
INFO: Run Behavior\BuildLiteBehavior [ RunTime:0.000009s ]
INFO: [ app_init ] --END-- [ RunTime:0.000380s ]
INFO: [ app_begin ] --START--
INFO: Run Behavior\ReadHtmlCacheBehavior [ RunTime:0.000579s ]
INFO: [ app_begin ] --END-- [ RunTime:0.000604s ]
SQL: SHOW COLUMNS FROM `su_student_choice` [ RunTime:0.0071s ]
SQL: SHOW COLUMNS FROM `su_student` [ RunTime:0.0048s ]
INFO: [ app_end ] --START--
INFO: Run Behavior\ShowPageTraceBehavior [ RunTime:0.001189s ]
INFO: [ app_end ] --END-- [ RunTime:0.001234s ]

[ 2018-05-28T20:03:51+08:00 ] ::1 /SignUpSys/index.php/Home/Login/
INFO: [ app_init ] --START--
INFO: Run Behavior\BuildLiteBehavior [ RunTime:0.000011s ]
INFO: [ app_init ] --END-- [ RunTime:0.000531s ]
INFO: [ app_begin ] --START--
INFO: Run Behavior\ReadHtmlCacheBehavior [ RunTime:0.000539s ]
INFO: [ app_begin ] --END-- [ RunTime:0.000570s ]
SQL: SHOW COLUMNS FROM `su_student_choice` [ RunTime:0.0040s ]
SQL: SHOW COLUMNS FROM `su_student` [ RunTime:0.0057s ]
INFO: [ view_parse ] --START--
INFO: [ template_filter ] --START--
INFO: Run Behavior\ContentReplaceBehavior [ RunTime:0.000034s ]
INFO: [ template_filter ] --END-- [ RunTime:0.000058s ]
NOTIC: [2] Use of undefined constant HOME_JS_URL - assumed 'HOME_JS_URL' (this will throw an Error in a future version of PHP) E:\xampp\htdocs\SignUpSys\Runtime\Cache\Home\29043a4c167ab71e7ddaec218a6a2780.php 第 37 行.
INFO: Run Behavior\ParseTemplateBehavior [ RunTime:0.005315s ]
INFO: [ view_parse ] --END-- [ RunTime:0.005340s ]
INFO: [ view_filter ] --START--
INFO: Run Behavior\WriteHtmlCacheBehavior [ RunTime:0.000304s ]
INFO: [ view_filter ] --END-- [ RunTime:0.000322s ]
INFO: [ app_end ] --START--
INFO: Run Behavior\ShowPageTraceBehavior [ RunTime:0.000445s ]
INFO: [ app_end ] --END-- [ RunTime:0.000462s ]

[ 2018-05-28T20:03:51+08:00 ] ::1 /SignUpSys/index.php/Home/Login/verifyImg
INFO: [ app_init ] --START--
INFO: Run Behavior\BuildLiteBehavior [ RunTime:0.000021s ]
INFO: [ app_init ] --END-- [ RunTime:0.000878s ]
INFO: [ app_begin ] --START--
INFO: Run Behavior\ReadHtmlCacheBehavior [ RunTime:0.001040s ]
INFO: [ app_begin ] --END-- [ RunTime:0.001100s ]
SQL: SHOW COLUMNS FROM `su_student_choice` [ RunTime:0.0052s ]
SQL: SHOW COLUMNS FROM `su_student` [ RunTime:0.0054s ]
INFO: [ app_end ] --START--
INFO: Run Behavior\ShowPageTraceBehavior [ RunTime:0.000933s ]
INFO: [ app_end ] --END-- [ RunTime:0.000984s ]

[ 2018-05-28T20:04:09+08:00 ] ::1 /SignUpSys/index.php/Home/Login/verifyImg?0.26279009424128874
INFO: [ app_init ] --START--
INFO: Run Behavior\BuildLiteBehavior [ RunTime:0.000030s ]
INFO: [ app_init ] --END-- [ RunTime:0.001062s ]
INFO: [ app_begin ] --START--
INFO: Run Behavior\ReadHtmlCacheBehavior [ RunTime:0.000704s ]
INFO: [ app_begin ] --END-- [ RunTime:0.000748s ]
SQL: SHOW COLUMNS FROM `su_student_choice` [ RunTime:0.0044s ]
SQL: SHOW COLUMNS FROM `su_student` [ RunTime:0.0050s ]
INFO: [ app_end ] --START--
INFO: Run Behavior\ShowPageTraceBehavior [ RunTime:0.000890s ]
INFO: [ app_end ] --END-- [ RunTime:0.000938s ]

[ 2018-05-28T20:29:45+08:00 ] ::1 /SignUpSys/index.php/Home/Login/doLogin
INFO: [ app_begin ] --START--
INFO: Run Behavior\ReadHtmlCacheBehavior [ RunTime:0.000826s ]
INFO: [ app_begin ] --END-- [ RunTime:0.001348s ]
SQL: SHOW COLUMNS FROM `su_student_choice` [ RunTime:0.0051s ]
SQL: SHOW COLUMNS FROM `su_student` [ RunTime:0.0033s ]
SQL: SELECT * FROM `su_student` WHERE ( stu_Number=1610504166 )  [ RunTime:0.0004s ]
INFO: [ app_end ] --START--
INFO: Run Behavior\ShowPageTraceBehavior [ RunTime:0.001271s ]
INFO: [ app_end ] --END-- [ RunTime:0.001310s ]

[ 2018-05-28T20:29:53+08:00 ] ::1 /SignUpSys/index.php/Home/Login/doChange
INFO: [ app_begin ] --START--
INFO: Run Behavior\ReadHtmlCacheBehavior [ RunTime:0.000810s ]
INFO: [ app_begin ] --END-- [ RunTime:0.001438s ]
SQL: SHOW COLUMNS FROM `su_student_choice` [ RunTime:0.0051s ]
SQL: SHOW COLUMNS FROM `su_student` [ RunTime:0.0041s ]
SQL: SELECT * FROM `su_student` WHERE ( stu_Number = 1610504166 AND stu_Password = 'e10adc3949ba59abbe56e057f20f883e'  )  [ RunTime:0.0003s ]
SQL: UPDATE `su_student` SET `stu_Password`='25d55ad283aa400af464c76d713c07ad',`stu_IsChange`='1' WHERE ( stu_Number = 1610504166 ) [ RunTime:0.1585s ]
INFO: [ app_end ] --START--
INFO: Run Behavior\ShowPageTraceBehavior [ RunTime:0.000680s ]
INFO: [ app_end ] --END-- [ RunTime:0.000713s ]

[ 2018-05-28T20:29:54+08:00 ] ::1 /SignUpSys/index.php/Home/Student/getCTree
INFO: [ app_begin ] --START--
INFO: Run Behavior\ReadHtmlCacheBehavior [ RunTime:0.000852s ]
INFO: [ app_begin ] --END-- [ RunTime:0.001456s ]
SQL: SHOW COLUMNS FROM `su_course_tree` [ RunTime:0.0047s ]
SQL: SHOW COLUMNS FROM `su_student` [ RunTime:0.0057s ]
SQL: SHOW COLUMNS FROM `su_student_choice` [ RunTime:0.0056s ]
SQL: SHOW COLUMNS FROM `su_manager` [ RunTime:0.0046s ]
SQL: SELECT `stu_Name`,`stu_Grade`,`stu_Profession`,`stu_Class` FROM `su_student` WHERE ( stu_Number = 1610504166 )  [ RunTime:0.0003s ]
SQL: SELECT * FROM `su_student_choice` WHERE ( ch_StuNumber = 1610504166 )  [ RunTime:0.0002s ]
SQL: SELECT `mg_Rule` FROM `su_manager` WHERE ( mg_Name = 'admin' )  [ RunTime:0.0002s ]
SQL: SELECT `ctr_NodeId`,`ctr_ParentId`,ctr_Name AS name,ctr_Level AS level,`ctr_Limit`,`ctr_Synopsis` FROM `su_course_tree` WHERE ( ctr_Name = '计算机科学与技术(中兴通讯云计算)' )  [ RunTime:0.0003s ]
SQL: SELECT `ctr_NodeId`,`ctr_ParentId`,ctr_Name AS name,ctr_Level AS level,`ctr_Limit`,`ctr_Synopsis` FROM `su_course_tree` WHERE ( ctr_ParentId = 106 )  [ RunTime:0.0007s ]
SQL: SELECT `ctr_NodeId`,`ctr_ParentId`,ctr_Name AS name,ctr_Level AS level,`ctr_Limit`,`ctr_Synopsis` FROM `su_course_tree` WHERE ( ctr_ParentId = 107 )  [ RunTime:0.0006s ]
SQL: SELECT `ctr_NodeId`,`ctr_ParentId`,ctr_Name AS name,ctr_Level AS level,`ctr_Limit`,`ctr_Synopsis` FROM `su_course_tree` WHERE ( ctr_ParentId = 108 )  [ RunTime:0.0007s ]
SQL: SELECT `ctr_NodeId`,`ctr_ParentId`,ctr_Name AS name,ctr_Level AS level,`ctr_Limit`,`ctr_Synopsis` FROM `su_course_tree` WHERE ( ctr_ParentId = 112 )  [ RunTime:0.0006s ]
SQL: SELECT `ctr_NodeId`,`ctr_ParentId`,ctr_Name AS name,ctr_Level AS level,`ctr_Limit`,`ctr_Synopsis` FROM `su_course_tree` WHERE ( ctr_ParentId = 113 )  [ RunTime:0.0012s ]
SQL: SELECT `ctr_NodeId`,`ctr_ParentId`,ctr_Name AS name,ctr_Level AS level,`ctr_Limit`,`ctr_Synopsis` FROM `su_course_tree` WHERE ( ctr_ParentId = 109 )  [ RunTime:0.0005s ]
SQL: SELECT `ctr_NodeId`,`ctr_ParentId`,ctr_Name AS name,ctr_Level AS level,`ctr_Limit`,`ctr_Synopsis` FROM `su_course_tree` WHERE ( ctr_ParentId = 114 )  [ RunTime:0.0007s ]
SQL: SELECT `ctr_NodeId`,`ctr_ParentId`,ctr_Name AS name,ctr_Level AS level,`ctr_Limit`,`ctr_Synopsis` FROM `su_course_tree` WHERE ( ctr_ParentId = 115 )  [ RunTime:0.0007s ]
SQL: SELECT `ctr_NodeId`,`ctr_ParentId`,ctr_Name AS name,ctr_Level AS level,`ctr_Limit`,`ctr_Synopsis` FROM `su_course_tree` WHERE ( ctr_ParentId = 110 )  [ RunTime:0.0007s ]
SQL: SELECT `ctr_NodeId`,`ctr_ParentId`,ctr_Name AS name,ctr_Level AS level,`ctr_Limit`,`ctr_Synopsis` FROM `su_course_tree` WHERE ( ctr_ParentId = 116 )  [ RunTime:0.0005s ]
SQL: SELECT `ctr_NodeId`,`ctr_ParentId`,ctr_Name AS name,ctr_Level AS level,`ctr_Limit`,`ctr_Synopsis` FROM `su_course_tree` WHERE ( ctr_ParentId = 117 )  [ RunTime:0.0005s ]
INFO: [ app_end ] --START--
INFO: Run Behavior\ShowPageTraceBehavior [ RunTime:0.000906s ]
INFO: [ app_end ] --END-- [ RunTime:0.000950s ]

[ 2018-05-28T20:30:03+08:00 ] ::1 /SignUpSys/index.php/Home/Student/submitResult?ids=112%2C113
INFO: [ app_begin ] --START--
INFO: Run Behavior\ReadHtmlCacheBehavior [ RunTime:0.000508s ]
INFO: [ app_begin ] --END-- [ RunTime:0.000905s ]
SQL: SHOW COLUMNS FROM `su_course_tree` [ RunTime:0.0045s ]
SQL: SHOW COLUMNS FROM `su_student` [ RunTime:0.0041s ]
SQL: SHOW COLUMNS FROM `su_student_choice` [ RunTime:0.0034s ]
SQL: SHOW COLUMNS FROM `su_manager` [ RunTime:0.0039s ]
SQL: SELECT `stu_Name`,`stu_Grade`,`stu_Profession`,`stu_Class` FROM `su_student` WHERE ( stu_Number = 1610504166 )  [ RunTime:0.0003s ]
SQL: SELECT * FROM `su_student_choice` WHERE ( ch_StuNumber = 1610504166 )  [ RunTime:0.0002s ]
SQL: SELECT `mg_Rule` FROM `su_manager` WHERE ( mg_Name = 'admin' )  [ RunTime:0.0002s ]
ERR: 1364:Field 'ch_strGrade' doesn't have a default value
 [ SQL语句 ] : INSERT INTO `su_student_choice` (`ch_TrNodeId`,`ch_StuNumber`) VALUES ('112','1610504166')
ERR: 1364:Field 'ch_strGrade' doesn't have a default value
 [ SQL语句 ] : INSERT INTO `su_student_choice` (`ch_TrNodeId`,`ch_StuNumber`) VALUES ('112','1610504166')

[ 2018-05-28T20:30:07+08:00 ] ::1 /SignUpSys/index.php/Home/Student/submitResult?ids=112%2C113
INFO: [ app_begin ] --START--
INFO: Run Behavior\ReadHtmlCacheBehavior [ RunTime:0.000416s ]
INFO: [ app_begin ] --END-- [ RunTime:0.000719s ]
SQL: SHOW COLUMNS FROM `su_course_tree` [ RunTime:0.0046s ]
SQL: SHOW COLUMNS FROM `su_student` [ RunTime:0.0049s ]
SQL: SHOW COLUMNS FROM `su_student_choice` [ RunTime:0.0035s ]
SQL: SHOW COLUMNS FROM `su_manager` [ RunTime:0.0034s ]
SQL: SELECT `stu_Name`,`stu_Grade`,`stu_Profession`,`stu_Class` FROM `su_student` WHERE ( stu_Number = 1610504166 )  [ RunTime:0.0004s ]
SQL: SELECT * FROM `su_student_choice` WHERE ( ch_StuNumber = 1610504166 )  [ RunTime:0.0002s ]
SQL: SELECT `mg_Rule` FROM `su_manager` WHERE ( mg_Name = 'admin' )  [ RunTime:0.0002s ]
ERR: 1364:Field 'ch_strGrade' doesn't have a default value
 [ SQL语句 ] : INSERT INTO `su_student_choice` (`ch_TrNodeId`,`ch_StuNumber`) VALUES ('112','1610504166')
ERR: 1364:Field 'ch_strGrade' doesn't have a default value
 [ SQL语句 ] : INSERT INTO `su_student_choice` (`ch_TrNodeId`,`ch_StuNumber`) VALUES ('112','1610504166')

[ 2018-05-28T20:30:10+08:00 ] ::1 /SignUpSys/index.php/Home/Student/submitResult?ids=112%2C113
INFO: [ app_begin ] --START--
INFO: Run Behavior\ReadHtmlCacheBehavior [ RunTime:0.000612s ]
INFO: [ app_begin ] --END-- [ RunTime:0.001089s ]
SQL: SHOW COLUMNS FROM `su_course_tree` [ RunTime:0.0056s ]
SQL: SHOW COLUMNS FROM `su_student` [ RunTime:0.0050s ]
SQL: SHOW COLUMNS FROM `su_student_choice` [ RunTime:0.0049s ]
SQL: SHOW COLUMNS FROM `su_manager` [ RunTime:0.0045s ]
SQL: SELECT `stu_Name`,`stu_Grade`,`stu_Profession`,`stu_Class` FROM `su_student` WHERE ( stu_Number = 1610504166 )  [ RunTime:0.0003s ]
SQL: SELECT * FROM `su_student_choice` WHERE ( ch_StuNumber = 1610504166 )  [ RunTime:0.0002s ]
SQL: SELECT `mg_Rule` FROM `su_manager` WHERE ( mg_Name = 'admin' )  [ RunTime:0.0001s ]
ERR: 1364:Field 'ch_strGrade' doesn't have a default value
 [ SQL语句 ] : INSERT INTO `su_student_choice` (`ch_TrNodeId`,`ch_StuNumber`) VALUES ('112','1610504166')
ERR: 1364:Field 'ch_strGrade' doesn't have a default value
 [ SQL语句 ] : INSERT INTO `su_student_choice` (`ch_TrNodeId`,`ch_StuNumber`) VALUES ('112','1610504166')

[ 2018-05-28T20:30:12+08:00 ] ::1 /SignUpSys/index.php/Home/Student/submitResult?ids=112%2C113
INFO: [ app_begin ] --START--
INFO: Run Behavior\ReadHtmlCacheBehavior [ RunTime:0.000526s ]
INFO: [ app_begin ] --END-- [ RunTime:0.000940s ]
SQL: SHOW COLUMNS FROM `su_course_tree` [ RunTime:0.0037s ]
SQL: SHOW COLUMNS FROM `su_student` [ RunTime:0.0043s ]
SQL: SHOW COLUMNS FROM `su_student_choice` [ RunTime:0.0044s ]
SQL: SHOW COLUMNS FROM `su_manager` [ RunTime:0.0058s ]
SQL: SELECT `stu_Name`,`stu_Grade`,`stu_Profession`,`stu_Class` FROM `su_student` WHERE ( stu_Number = 1610504166 )  [ RunTime:0.0004s ]
SQL: SELECT * FROM `su_student_choice` WHERE ( ch_StuNumber = 1610504166 )  [ RunTime:0.0003s ]
SQL: SELECT `mg_Rule` FROM `su_manager` WHERE ( mg_Name = 'admin' )  [ RunTime:0.0002s ]
ERR: 1364:Field 'ch_strGrade' doesn't have a default value
 [ SQL语句 ] : INSERT INTO `su_student_choice` (`ch_TrNodeId`,`ch_StuNumber`) VALUES ('112','1610504166')
ERR: 1364:Field 'ch_strGrade' doesn't have a default value
 [ SQL语句 ] : INSERT INTO `su_student_choice` (`ch_TrNodeId`,`ch_StuNumber`) VALUES ('112','1610504166')

[ 2018-05-28T20:30:29+08:00 ] ::1 /SignUpSys/index.php/Home/Student/submitResult?ids=112%2C113
INFO: [ app_begin ] --START--
INFO: Run Behavior\ReadHtmlCacheBehavior [ RunTime:0.000453s ]
INFO: [ app_begin ] --END-- [ RunTime:0.000821s ]
SQL: SHOW COLUMNS FROM `su_course_tree` [ RunTime:0.0053s ]
SQL: SHOW COLUMNS FROM `su_student` [ RunTime:0.0058s ]
SQL: SHOW COLUMNS FROM `su_student_choice` [ RunTime:0.0051s ]
SQL: SHOW COLUMNS FROM `su_manager` [ RunTime:0.0037s ]
SQL: SELECT `stu_Name`,`stu_Grade`,`stu_Profession`,`stu_Class` FROM `su_student` WHERE ( stu_Number = 1610504166 )  [ RunTime:0.0003s ]
SQL: SELECT * FROM `su_student_choice` WHERE ( ch_StuNumber = 1610504166 )  [ RunTime:0.0002s ]
SQL: SELECT `mg_Rule` FROM `su_manager` WHERE ( mg_Name = 'admin' )  [ RunTime:0.0002s ]
ERR: 1364:Field 'ch_strGrade' doesn't have a default value
 [ SQL语句 ] : INSERT INTO `su_student_choice` (`ch_TrNodeId`,`ch_StuNumber`) VALUES ('112','1610504166')
ERR: 1364:Field 'ch_strGrade' doesn't have a default value
 [ SQL语句 ] : INSERT INTO `su_student_choice` (`ch_TrNodeId`,`ch_StuNumber`) VALUES ('112','1610504166')

[ 2018-05-28T20:30:37+08:00 ] ::1 /SignUpSys/index.php/Home/Student/submitResult?ids=112%2C113
INFO: [ app_begin ] --START--
INFO: Run Behavior\ReadHtmlCacheBehavior [ RunTime:0.000584s ]
INFO: [ app_begin ] --END-- [ RunTime:0.001052s ]
SQL: SHOW COLUMNS FROM `su_course_tree` [ RunTime:0.0043s ]
SQL: SHOW COLUMNS FROM `su_student` [ RunTime:0.0040s ]
SQL: SHOW COLUMNS FROM `su_student_choice` [ RunTime:0.0044s ]
SQL: SHOW COLUMNS FROM `su_manager` [ RunTime:0.0061s ]
SQL: SELECT `stu_Name`,`stu_Grade`,`stu_Profession`,`stu_Class` FROM `su_student` WHERE ( stu_Number = 1610504166 )  [ RunTime:0.0004s ]
SQL: SELECT * FROM `su_student_choice` WHERE ( ch_StuNumber = 1610504166 )  [ RunTime:0.0002s ]
SQL: SELECT `mg_Rule` FROM `su_manager` WHERE ( mg_Name = 'admin' )  [ RunTime:0.0002s ]
ERR: 1364:Field 'ch_strGrade' doesn't have a default value
 [ SQL语句 ] : INSERT INTO `su_student_choice` (`ch_TrNodeId`,`ch_StuNumber`) VALUES ('112','1610504166')
ERR: 1364:Field 'ch_strGrade' doesn't have a default value
 [ SQL语句 ] : INSERT INTO `su_student_choice` (`ch_TrNodeId`,`ch_StuNumber`) VALUES ('112','1610504166')

[ 2018-05-28T20:32:45+08:00 ] ::1 /SignUpSys/index.php/Home/Student/getCTree
INFO: [ app_begin ] --START--
INFO: Run Behavior\ReadHtmlCacheBehavior [ RunTime:0.001829s ]
INFO: [ app_begin ] --END-- [ RunTime:0.002371s ]
SQL: SHOW COLUMNS FROM `su_course_tree` [ RunTime:0.0063s ]
SQL: SHOW COLUMNS FROM `su_student` [ RunTime:0.0061s ]
SQL: SHOW COLUMNS FROM `su_student_choice` [ RunTime:0.0053s ]
SQL: SHOW COLUMNS FROM `su_manager` [ RunTime:0.0075s ]
SQL: SELECT `stu_Name`,`stu_Grade`,`stu_Profession`,`stu_Class` FROM `su_student` WHERE ( stu_Number = 1610504166 )  [ RunTime:0.0004s ]
SQL: SELECT * FROM `su_student_choice` WHERE ( ch_StuNumber = 1610504166 )  [ RunTime:0.0002s ]
SQL: SELECT `mg_Rule` FROM `su_manager` WHERE ( mg_Name = 'admin' )  [ RunTime:0.0003s ]
SQL: SELECT `ctr_NodeId`,`ctr_ParentId`,ctr_Name AS name,ctr_Level AS level,`ctr_Limit`,`ctr_Synopsis` FROM `su_course_tree` WHERE ( ctr_Name = '计算机科学与技术(中兴通讯云计算)' )  [ RunTime:0.0005s ]
SQL: SELECT `ctr_NodeId`,`ctr_ParentId`,ctr_Name AS name,ctr_Level AS level,`ctr_Limit`,`ctr_Synopsis` FROM `su_course_tree` WHERE ( ctr_ParentId = 106 )  [ RunTime:0.0004s ]
SQL: SELECT `ctr_NodeId`,`ctr_ParentId`,ctr_Name AS name,ctr_Level AS level,`ctr_Limit`,`ctr_Synopsis` FROM `su_course_tree` WHERE ( ctr_ParentId = 107 )  [ RunTime:0.0004s ]
SQL: SELECT `ctr_NodeId`,`ctr_ParentId`,ctr_Name AS name,ctr_Level AS level,`ctr_Limit`,`ctr_Synopsis` FROM `su_course_tree` WHERE ( ctr_ParentId = 108 )  [ RunTime:0.0003s ]
SQL: SELECT `ctr_NodeId`,`ctr_ParentId`,ctr_Name AS name,ctr_Level AS level,`ctr_Limit`,`ctr_Synopsis` FROM `su_course_tree` WHERE ( ctr_ParentId = 112 )  [ RunTime:0.0004s ]
SQL: SELECT `ctr_NodeId`,`ctr_ParentId`,ctr_Name AS name,ctr_Level AS level,`ctr_Limit`,`ctr_Synopsis` FROM `su_course_tree` WHERE ( ctr_ParentId = 113 )  [ RunTime:0.0004s ]
SQL: SELECT `ctr_NodeId`,`ctr_ParentId`,ctr_Name AS name,ctr_Level AS level,`ctr_Limit`,`ctr_Synopsis` FROM `su_course_tree` WHERE ( ctr_ParentId = 109 )  [ RunTime:0.0004s ]
SQL: SELECT `ctr_NodeId`,`ctr_ParentId`,ctr_Name AS name,ctr_Level AS level,`ctr_Limit`,`ctr_Synopsis` FROM `su_course_tree` WHERE ( ctr_ParentId = 114 )  [ RunTime:0.0003s ]
SQL: SELECT `ctr_NodeId`,`ctr_ParentId`,ctr_Name AS name,ctr_Level AS level,`ctr_Limit`,`ctr_Synopsis` FROM `su_course_tree` WHERE ( ctr_ParentId = 115 )  [ RunTime:0.0003s ]
SQL: SELECT `ctr_NodeId`,`ctr_ParentId`,ctr_Name AS name,ctr_Level AS level,`ctr_Limit`,`ctr_Synopsis` FROM `su_course_tree` WHERE ( ctr_ParentId = 110 )  [ RunTime:0.0003s ]
SQL: SELECT `ctr_NodeId`,`ctr_ParentId`,ctr_Name AS name,ctr_Level AS level,`ctr_Limit`,`ctr_Synopsis` FROM `su_course_tree` WHERE ( ctr_ParentId = 116 )  [ RunTime:0.0003s ]
SQL: SELECT `ctr_NodeId`,`ctr_ParentId`,ctr_Name AS name,ctr_Level AS level,`ctr_Limit`,`ctr_Synopsis` FROM `su_course_tree` WHERE ( ctr_ParentId = 117 )  [ RunTime:0.0008s ]
INFO: [ app_end ] --START--
INFO: Run Behavior\ShowPageTraceBehavior [ RunTime:0.001680s ]
INFO: [ app_end ] --END-- [ RunTime:0.001728s ]

[ 2018-05-28T20:32:48+08:00 ] ::1 /SignUpSys/index.php/Home/Student/getCTree
INFO: [ app_begin ] --START--
INFO: Run Behavior\ReadHtmlCacheBehavior [ RunTime:0.000885s ]
INFO: [ app_begin ] --END-- [ RunTime:0.001636s ]
SQL: SHOW COLUMNS FROM `su_course_tree` [ RunTime:0.0060s ]
SQL: SHOW COLUMNS FROM `su_student` [ RunTime:0.0057s ]
SQL: SHOW COLUMNS FROM `su_student_choice` [ RunTime:0.0041s ]
SQL: SHOW COLUMNS FROM `su_manager` [ RunTime:0.0047s ]
SQL: SELECT `stu_Name`,`stu_Grade`,`stu_Profession`,`stu_Class` FROM `su_student` WHERE ( stu_Number = 1610504166 )  [ RunTime:0.0003s ]
SQL: SELECT * FROM `su_student_choice` WHERE ( ch_StuNumber = 1610504166 )  [ RunTime:0.0003s ]
SQL: SELECT `mg_Rule` FROM `su_manager` WHERE ( mg_Name = 'admin' )  [ RunTime:0.0005s ]
SQL: SELECT `ctr_NodeId`,`ctr_ParentId`,ctr_Name AS name,ctr_Level AS level,`ctr_Limit`,`ctr_Synopsis` FROM `su_course_tree` WHERE ( ctr_Name = '计算机科学与技术(中兴通讯云计算)' )  [ RunTime:0.0007s ]
SQL: SELECT `ctr_NodeId`,`ctr_ParentId`,ctr_Name AS name,ctr_Level AS level,`ctr_Limit`,`ctr_Synopsis` FROM `su_course_tree` WHERE ( ctr_ParentId = 106 )  [ RunTime:0.0008s ]
SQL: SELECT `ctr_NodeId`,`ctr_ParentId`,ctr_Name AS name,ctr_Level AS level,`ctr_Limit`,`ctr_Synopsis` FROM `su_course_tree` WHERE ( ctr_ParentId = 107 )  [ RunTime:0.0006s ]
SQL: SELECT `ctr_NodeId`,`ctr_ParentId`,ctr_Name AS name,ctr_Level AS level,`ctr_Limit`,`ctr_Synopsis` FROM `su_course_tree` WHERE ( ctr_ParentId = 108 )  [ RunTime:0.0006s ]
SQL: SELECT `ctr_NodeId`,`ctr_ParentId`,ctr_Name AS name,ctr_Level AS level,`ctr_Limit`,`ctr_Synopsis` FROM `su_course_tree` WHERE ( ctr_ParentId = 112 )  [ RunTime:0.0006s ]
SQL: SELECT `ctr_NodeId`,`ctr_ParentId`,ctr_Name AS name,ctr_Level AS level,`ctr_Limit`,`ctr_Synopsis` FROM `su_course_tree` WHERE ( ctr_ParentId = 113 )  [ RunTime:0.0005s ]
SQL: SELECT `ctr_NodeId`,`ctr_ParentId`,ctr_Name AS name,ctr_Level AS level,`ctr_Limit`,`ctr_Synopsis` FROM `su_course_tree` WHERE ( ctr_ParentId = 109 )  [ RunTime:0.0009s ]
SQL: SELECT `ctr_NodeId`,`ctr_ParentId`,ctr_Name AS name,ctr_Level AS level,`ctr_Limit`,`ctr_Synopsis` FROM `su_course_tree` WHERE ( ctr_ParentId = 114 )  [ RunTime:0.0007s ]
SQL: SELECT `ctr_NodeId`,`ctr_ParentId`,ctr_Name AS name,ctr_Level AS level,`ctr_Limit`,`ctr_Synopsis` FROM `su_course_tree` WHERE ( ctr_ParentId = 115 )  [ RunTime:0.0007s ]
SQL: SELECT `ctr_NodeId`,`ctr_ParentId`,ctr_Name AS name,ctr_Level AS level,`ctr_Limit`,`ctr_Synopsis` FROM `su_course_tree` WHERE ( ctr_ParentId = 110 )  [ RunTime:0.0004s ]
SQL: SELECT `ctr_NodeId`,`ctr_ParentId`,ctr_Name AS name,ctr_Level AS level,`ctr_Limit`,`ctr_Synopsis` FROM `su_course_tree` WHERE ( ctr_ParentId = 116 )  [ RunTime:0.0004s ]
SQL: SELECT `ctr_NodeId`,`ctr_ParentId`,ctr_Name AS name,ctr_Level AS level,`ctr_Limit`,`ctr_Synopsis` FROM `su_course_tree` WHERE ( ctr_ParentId = 117 )  [ RunTime:0.0003s ]
INFO: [ app_end ] --START--
INFO: Run Behavior\ShowPageTraceBehavior [ RunTime:0.000852s ]
INFO: [ app_end ] --END-- [ RunTime:0.000892s ]

[ 2018-05-28T20:32:55+08:00 ] ::1 /SignUpSys/index.php/Home/Student/submitResult?ids=112%2C113
INFO: [ app_begin ] --START--
INFO: Run Behavior\ReadHtmlCacheBehavior [ RunTime:0.000474s ]
INFO: [ app_begin ] --END-- [ RunTime:0.000732s ]
SQL: SHOW COLUMNS FROM `su_course_tree` [ RunTime:0.0042s ]
SQL: SHOW COLUMNS FROM `su_student` [ RunTime:0.0036s ]
SQL: SHOW COLUMNS FROM `su_student_choice` [ RunTime:0.0051s ]
SQL: SHOW COLUMNS FROM `su_manager` [ RunTime:0.0032s ]
SQL: SELECT `stu_Name`,`stu_Grade`,`stu_Profession`,`stu_Class` FROM `su_student` WHERE ( stu_Number = 1610504166 )  [ RunTime:0.0002s ]
SQL: SELECT * FROM `su_student_choice` WHERE ( ch_StuNumber = 1610504166 )  [ RunTime:0.0001s ]
SQL: SELECT `mg_Rule` FROM `su_manager` WHERE ( mg_Name = 'admin' )  [ RunTime:0.0001s ]
ERR: 1364:Field 'ch_strGrade' doesn't have a default value
 [ SQL语句 ] : INSERT INTO `su_student_choice` (`ch_TrNodeId`,`ch_StuNumber`) VALUES ('112','1610504166')
ERR: 1364:Field 'ch_strGrade' doesn't have a default value
 [ SQL语句 ] : INSERT INTO `su_student_choice` (`ch_TrNodeId`,`ch_StuNumber`) VALUES ('112','1610504166')

[ 2018-05-28T20:32:56+08:00 ] ::1 /SignUpSys/index.php/Home/Student/submitResult?ids=112%2C113
INFO: [ app_begin ] --START--
INFO: Run Behavior\ReadHtmlCacheBehavior [ RunTime:0.000355s ]
INFO: [ app_begin ] --END-- [ RunTime:0.000622s ]
SQL: SHOW COLUMNS FROM `su_course_tree` [ RunTime:0.0042s ]
SQL: SHOW COLUMNS FROM `su_student` [ RunTime:0.0029s ]
SQL: SHOW COLUMNS FROM `su_student_choice` [ RunTime:0.0033s ]
SQL: SHOW COLUMNS FROM `su_manager` [ RunTime:0.0030s ]
SQL: SELECT `stu_Name`,`stu_Grade`,`stu_Profession`,`stu_Class` FROM `su_student` WHERE ( stu_Number = 1610504166 )  [ RunTime:0.0002s ]
SQL: SELECT * FROM `su_student_choice` WHERE ( ch_StuNumber = 1610504166 )  [ RunTime:0.0002s ]
SQL: SELECT `mg_Rule` FROM `su_manager` WHERE ( mg_Name = 'admin' )  [ RunTime:0.0001s ]
ERR: 1364:Field 'ch_strGrade' doesn't have a default value
 [ SQL语句 ] : INSERT INTO `su_student_choice` (`ch_TrNodeId`,`ch_StuNumber`) VALUES ('112','1610504166')
ERR: 1364:Field 'ch_strGrade' doesn't have a default value
 [ SQL语句 ] : INSERT INTO `su_student_choice` (`ch_TrNodeId`,`ch_StuNumber`) VALUES ('112','1610504166')

[ 2018-05-28T20:32:56+08:00 ] ::1 /SignUpSys/index.php/Home/Student/submitResult?ids=112%2C113
INFO: [ app_begin ] --START--
INFO: Run Behavior\ReadHtmlCacheBehavior [ RunTime:0.000491s ]
INFO: [ app_begin ] --END-- [ RunTime:0.000917s ]
SQL: SHOW COLUMNS FROM `su_course_tree` [ RunTime:0.0036s ]
SQL: SHOW COLUMNS FROM `su_student` [ RunTime:0.0039s ]
SQL: SHOW COLUMNS FROM `su_student_choice` [ RunTime:0.0041s ]
SQL: SHOW COLUMNS FROM `su_manager` [ RunTime:0.0033s ]
SQL: SELECT `stu_Name`,`stu_Grade`,`stu_Profession`,`stu_Class` FROM `su_student` WHERE ( stu_Number = 1610504166 )  [ RunTime:0.0002s ]
SQL: SELECT * FROM `su_student_choice` WHERE ( ch_StuNumber = 1610504166 )  [ RunTime:0.0001s ]
SQL: SELECT `mg_Rule` FROM `su_manager` WHERE ( mg_Name = 'admin' )  [ RunTime:0.0001s ]
ERR: 1364:Field 'ch_strGrade' doesn't have a default value
 [ SQL语句 ] : INSERT INTO `su_student_choice` (`ch_TrNodeId`,`ch_StuNumber`) VALUES ('112','1610504166')
ERR: 1364:Field 'ch_strGrade' doesn't have a default value
 [ SQL语句 ] : INSERT INTO `su_student_choice` (`ch_TrNodeId`,`ch_StuNumber`) VALUES ('112','1610504166')

[ 2018-05-28T20:32:56+08:00 ] ::1 /SignUpSys/index.php/Home/Student/submitResult?ids=112%2C113
INFO: [ app_begin ] --START--
INFO: Run Behavior\ReadHtmlCacheBehavior [ RunTime:0.000567s ]
INFO: [ app_begin ] --END-- [ RunTime:0.001025s ]
SQL: SHOW COLUMNS FROM `su_course_tree` [ RunTime:0.0056s ]
SQL: SHOW COLUMNS FROM `su_student` [ RunTime:0.0043s ]
SQL: SHOW COLUMNS FROM `su_student_choice` [ RunTime:0.0040s ]
SQL: SHOW COLUMNS FROM `su_manager` [ RunTime:0.0052s ]
SQL: SELECT `stu_Name`,`stu_Grade`,`stu_Profession`,`stu_Class` FROM `su_student` WHERE ( stu_Number = 1610504166 )  [ RunTime:0.0004s ]
SQL: SELECT * FROM `su_student_choice` WHERE ( ch_StuNumber = 1610504166 )  [ RunTime:0.0002s ]
SQL: SELECT `mg_Rule` FROM `su_manager` WHERE ( mg_Name = 'admin' )  [ RunTime:0.0002s ]
ERR: 1364:Field 'ch_strGrade' doesn't have a default value
 [ SQL语句 ] : INSERT INTO `su_student_choice` (`ch_TrNodeId`,`ch_StuNumber`) VALUES ('112','1610504166')
ERR: 1364:Field 'ch_strGrade' doesn't have a default value
 [ SQL语句 ] : INSERT INTO `su_student_choice` (`ch_TrNodeId`,`ch_StuNumber`) VALUES ('112','1610504166')

[ 2018-05-28T20:32:57+08:00 ] ::1 /SignUpSys/index.php/Home/Student/submitResult?ids=112%2C113
INFO: [ app_begin ] --START--
INFO: Run Behavior\ReadHtmlCacheBehavior [ RunTime:0.000507s ]
INFO: [ app_begin ] --END-- [ RunTime:0.000873s ]
SQL: SHOW COLUMNS FROM `su_course_tree` [ RunTime:0.0037s ]
SQL: SHOW COLUMNS FROM `su_student` [ RunTime:0.0048s ]
SQL: SHOW COLUMNS FROM `su_student_choice` [ RunTime:0.0046s ]
SQL: SHOW COLUMNS FROM `su_manager` [ RunTime:0.0048s ]
SQL: SELECT `stu_Name`,`stu_Grade`,`stu_Profession`,`stu_Class` FROM `su_student` WHERE ( stu_Number = 1610504166 )  [ RunTime:0.0004s ]
SQL: SELECT * FROM `su_student_choice` WHERE ( ch_StuNumber = 1610504166 )  [ RunTime:0.0002s ]
SQL: SELECT `mg_Rule` FROM `su_manager` WHERE ( mg_Name = 'admin' )  [ RunTime:0.0002s ]
ERR: 1364:Field 'ch_strGrade' doesn't have a default value
 [ SQL语句 ] : INSERT INTO `su_student_choice` (`ch_TrNodeId`,`ch_StuNumber`) VALUES ('112','1610504166')
ERR: 1364:Field 'ch_strGrade' doesn't have a default value
 [ SQL语句 ] : INSERT INTO `su_student_choice` (`ch_TrNodeId`,`ch_StuNumber`) VALUES ('112','1610504166')

[ 2018-05-28T20:32:57+08:00 ] ::1 /SignUpSys/index.php/Home/Student/submitResult?ids=112%2C113
INFO: [ app_begin ] --START--
INFO: Run Behavior\ReadHtmlCacheBehavior [ RunTime:0.000624s ]
INFO: [ app_begin ] --END-- [ RunTime:0.001092s ]
SQL: SHOW COLUMNS FROM `su_course_tree` [ RunTime:0.0064s ]
SQL: SHOW COLUMNS FROM `su_student` [ RunTime:0.0033s ]
SQL: SHOW COLUMNS FROM `su_student_choice` [ RunTime:0.0040s ]
SQL: SHOW COLUMNS FROM `su_manager` [ RunTime:0.0063s ]
SQL: SELECT `stu_Name`,`stu_Grade`,`stu_Profession`,`stu_Class` FROM `su_student` WHERE ( stu_Number = 1610504166 )  [ RunTime:0.0003s ]
SQL: SELECT * FROM `su_student_choice` WHERE ( ch_StuNumber = 1610504166 )  [ RunTime:0.0001s ]
SQL: SELECT `mg_Rule` FROM `su_manager` WHERE ( mg_Name = 'admin' )  [ RunTime:0.0001s ]
ERR: 1364:Field 'ch_strGrade' doesn't have a default value
 [ SQL语句 ] : INSERT INTO `su_student_choice` (`ch_TrNodeId`,`ch_StuNumber`) VALUES ('112','1610504166')
ERR: 1364:Field 'ch_strGrade' doesn't have a default value
 [ SQL语句 ] : INSERT INTO `su_student_choice` (`ch_TrNodeId`,`ch_StuNumber`) VALUES ('112','1610504166')

[ 2018-05-28T20:34:46+08:00 ] ::1 /SignUpSys/index.php/Home/Student/submitResult?ids=112%2C113
INFO: [ app_begin ] --START--
INFO: Run Behavior\ReadHtmlCacheBehavior [ RunTime:0.000732s ]
INFO: [ app_begin ] --END-- [ RunTime:0.001334s ]
SQL: SHOW COLUMNS FROM `su_course_tree` [ RunTime:0.0031s ]
SQL: SHOW COLUMNS FROM `su_student` [ RunTime:0.0033s ]
SQL: SHOW COLUMNS FROM `su_student_choice` [ RunTime:0.0046s ]
SQL: SHOW COLUMNS FROM `su_manager` [ RunTime:0.0029s ]
SQL: SELECT `stu_Name`,`stu_Grade`,`stu_Profession`,`stu_Class` FROM `su_student` WHERE ( stu_Number = 1610504166 )  [ RunTime:0.0002s ]
SQL: SELECT * FROM `su_student_choice` WHERE ( ch_StuNumber = 1610504166 )  [ RunTime:0.0002s ]
SQL: SELECT `mg_Rule` FROM `su_manager` WHERE ( mg_Name = 'admin' )  [ RunTime:0.0002s ]
NOTIC: [8] Array to string conversion E:\xampp\htdocs\SignUpSys\App\Home\Controller\StudentController.class.php 第 155 行.
ERR: 1364:Field 'ch_strGrade' doesn't have a default value
 [ SQL语句 ] : INSERT INTO `su_student_choice` (`ch_TrNodeId`,`ch_StuNumber`) VALUES ('112','1610504166')
ERR: 1364:Field 'ch_strGrade' doesn't have a default value
 [ SQL语句 ] : INSERT INTO `su_student_choice` (`ch_TrNodeId`,`ch_StuNumber`) VALUES ('112','1610504166')

[ 2018-05-28T20:36:51+08:00 ] ::1 /SignUpSys/index.php/Home/Student/submitResult?ids=112%2C113
INFO: [ app_begin ] --START--
INFO: Run Behavior\ReadHtmlCacheBehavior [ RunTime:0.000379s ]
INFO: [ app_begin ] --END-- [ RunTime:0.000624s ]
SQL: SHOW COLUMNS FROM `su_course_tree` [ RunTime:0.0031s ]
SQL: SHOW COLUMNS FROM `su_student` [ RunTime:0.0031s ]
SQL: SHOW COLUMNS FROM `su_student_choice` [ RunTime:0.0038s ]
SQL: SHOW COLUMNS FROM `su_manager` [ RunTime:0.0052s ]
SQL: SELECT `stu_Name`,`stu_Grade`,`stu_Profession`,`stu_Class` FROM `su_student` WHERE ( stu_Number = 1610504166 )  [ RunTime:0.0004s ]
SQL: SELECT * FROM `su_student_choice` WHERE ( ch_StuNumber = 1610504166 )  [ RunTime:0.0003s ]
SQL: SELECT `mg_Rule` FROM `su_manager` WHERE ( mg_Name = 'admin' )  [ RunTime:0.0002s ]
NOTIC: [8] Array to string conversion E:\xampp\htdocs\SignUpSys\App\Home\Controller\StudentController.class.php 第 155 行.
NOTIC: [2] Use of undefined constant i - assumed 'i' (this will throw an Error in a future version of PHP) E:\xampp\htdocs\SignUpSys\App\Home\Controller\StudentController.class.php 第 160 行.
NOTIC: [2] Use of undefined constant i - assumed 'i' (this will throw an Error in a future version of PHP) E:\xampp\htdocs\SignUpSys\App\Home\Controller\StudentController.class.php 第 160 行.
ERR: 1364:Field 'ch_strGrade' doesn't have a default value
 [ SQL语句 ] : INSERT INTO `su_student_choice` (`ch_TrNodeId`,`ch_StuNumber`) VALUES ('112','1610504166')
ERR: 1364:Field 'ch_strGrade' doesn't have a default value
 [ SQL语句 ] : INSERT INTO `su_student_choice` (`ch_TrNodeId`,`ch_StuNumber`) VALUES ('112','1610504166')

[ 2018-05-28T20:37:05+08:00 ] ::1 /SignUpSys/index.php/Home/Student/submitResult?ids=112,113
ERR: 1364:Field 'ch_strGrade' doesn't have a default value
 [ SQL语句 ] : INSERT INTO `su_student_choice` (`ch_TrNodeId`,`ch_StuNumber`) VALUES ('112','1610504166')

[ 2018-05-28T20:39:38+08:00 ] ::1 /SignUpSys/index.php/Home/Student/getCTree
INFO: [ app_begin ] --START--
INFO: Run Behavior\ReadHtmlCacheBehavior [ RunTime:0.000996s ]
INFO: [ app_begin ] --END-- [ RunTime:0.001787s ]
SQL: SHOW COLUMNS FROM `su_course_tree` [ RunTime:0.0050s ]
SQL: SHOW COLUMNS FROM `su_student` [ RunTime:0.0074s ]
SQL: SHOW COLUMNS FROM `su_student_choice` [ RunTime:0.0060s ]
SQL: SHOW COLUMNS FROM `su_manager` [ RunTime:0.0062s ]
SQL: SELECT `stu_Name`,`stu_Grade`,`stu_Profession`,`stu_Class` FROM `su_student` WHERE ( stu_Number = 1610504166 )  [ RunTime:0.0004s ]
SQL: SELECT * FROM `su_student_choice` WHERE ( ch_StuNumber = 1610504166 )  [ RunTime:0.0002s ]
SQL: SELECT `mg_Rule` FROM `su_manager` WHERE ( mg_Name = 'admin' )  [ RunTime:0.0002s ]
SQL: SELECT `ctr_NodeId`,`ctr_ParentId`,ctr_Name AS name,ctr_Level AS level,`ctr_Limit`,`ctr_Synopsis` FROM `su_course_tree` WHERE ( ctr_Name = '计算机科学与技术(中兴通讯云计算)' )  [ RunTime:0.0003s ]
SQL: SELECT `ctr_NodeId`,`ctr_ParentId`,ctr_Name AS name,ctr_Level AS level,`ctr_Limit`,`ctr_Synopsis` FROM `su_course_tree` WHERE ( ctr_ParentId = 106 )  [ RunTime:0.0005s ]
SQL: SELECT `ctr_NodeId`,`ctr_ParentId`,ctr_Name AS name,ctr_Level AS level,`ctr_Limit`,`ctr_Synopsis` FROM `su_course_tree` WHERE ( ctr_ParentId = 107 )  [ RunTime:0.0004s ]
SQL: SELECT `ctr_NodeId`,`ctr_ParentId`,ctr_Name AS name,ctr_Level AS level,`ctr_Limit`,`ctr_Synopsis` FROM `su_course_tree` WHERE ( ctr_ParentId = 108 )  [ RunTime:0.0003s ]
SQL: SELECT `ctr_NodeId`,`ctr_ParentId`,ctr_Name AS name,ctr_Level AS level,`ctr_Limit`,`ctr_Synopsis` FROM `su_course_tree` WHERE ( ctr_ParentId = 112 )  [ RunTime:0.0002s ]
SQL: SELECT `ctr_NodeId`,`ctr_ParentId`,ctr_Name AS name,ctr_Level AS level,`ctr_Limit`,`ctr_Synopsis` FROM `su_course_tree` WHERE ( ctr_ParentId = 113 )  [ RunTime:0.0002s ]
SQL: SELECT `ctr_NodeId`,`ctr_ParentId`,ctr_Name AS name,ctr_Level AS level,`ctr_Limit`,`ctr_Synopsis` FROM `su_course_tree` WHERE ( ctr_ParentId = 109 )  [ RunTime:0.0002s ]
SQL: SELECT `ctr_NodeId`,`ctr_ParentId`,ctr_Name AS name,ctr_Level AS level,`ctr_Limit`,`ctr_Synopsis` FROM `su_course_tree` WHERE ( ctr_ParentId = 114 )  [ RunTime:0.0002s ]
SQL: SELECT `ctr_NodeId`,`ctr_ParentId`,ctr_Name AS name,ctr_Level AS level,`ctr_Limit`,`ctr_Synopsis` FROM `su_course_tree` WHERE ( ctr_ParentId = 115 )  [ RunTime:0.0002s ]
SQL: SELECT `ctr_NodeId`,`ctr_ParentId`,ctr_Name AS name,ctr_Level AS level,`ctr_Limit`,`ctr_Synopsis` FROM `su_course_tree` WHERE ( ctr_ParentId = 110 )  [ RunTime:0.0002s ]
SQL: SELECT `ctr_NodeId`,`ctr_ParentId`,ctr_Name AS name,ctr_Level AS level,`ctr_Limit`,`ctr_Synopsis` FROM `su_course_tree` WHERE ( ctr_ParentId = 116 )  [ RunTime:0.0002s ]
SQL: SELECT `ctr_NodeId`,`ctr_ParentId`,ctr_Name AS name,ctr_Level AS level,`ctr_Limit`,`ctr_Synopsis` FROM `su_course_tree` WHERE ( ctr_ParentId = 117 )  [ RunTime:0.0002s ]
INFO: [ app_end ] --START--
INFO: Run Behavior\ShowPageTraceBehavior [ RunTime:0.000636s ]
INFO: [ app_end ] --END-- [ RunTime:0.000660s ]

[ 2018-05-28T20:42:17+08:00 ] ::1 /SignUpSys/index.php/Home/Student/submitResult?ids=112,113
ERR: syntax error, unexpected '}', expecting ',' or ';'

[ 2018-05-28T20:42:23+08:00 ] ::1 /SignUpSys/index.php/Home/Student/submitResult?ids=112,113
ERR: syntax error, unexpected '}', expecting ',' or ';'

[ 2018-05-28T20:42:56+08:00 ] ::1 /SignUpSys/index.php/Home/Student/submitResult?ids=112,113
ERR: 1364:Field 'ch_strGrade' doesn't have a default value
 [ SQL语句 ] : INSERT INTO `su_student_choice` (`ch_TrNodeId`,`ch_StuNumber`) VALUES ('112','1610504166')

[ 2018-05-28T20:43:00+08:00 ] ::1 /SignUpSys/index.php/Home/Student/submitResult?ids=112,113
ERR: 1364:Field 'ch_strGrade' doesn't have a default value
 [ SQL语句 ] : INSERT INTO `su_student_choice` (`ch_TrNodeId`,`ch_StuNumber`) VALUES ('112','1610504166')

[ 2018-05-28T20:44:14+08:00 ] ::1 /SignUpSys/index.php/Home/Student/submitResult?ids=112,113
ERR: 1364:Field 'ch_stuGrade' doesn't have a default value
 [ SQL语句 ] : INSERT INTO `su_student_choice` (`ch_TrNodeId`,`ch_StuNumber`) VALUES ('112','1610504166')

[ 2018-05-28T20:45:06+08:00 ] ::1 /SignUpSys/index.php/Home/Student/submitResult?ids=112,113
ERR: 1364:Field 'ch_stuGrade' doesn't have a default value
 [ SQL语句 ] : INSERT INTO `su_student_choice` (`ch_TrNodeId`,`ch_StuNumber`) VALUES ('112','1610504166')

[ 2018-05-28T20:45:16+08:00 ] ::1 /SignUpSys/index.php/Home/Student/submitResult?ids=112,113
ERR: syntax error, unexpected '$map' (T_VARIABLE)

[ 2018-05-28T20:45:33+08:00 ] ::1 /SignUpSys/index.php/Home/Student/submitResult?ids=112,113
ERR: 1364:Field 'ch_stuGrade' doesn't have a default value
 [ SQL语句 ] : INSERT INTO `su_student_choice` (`ch_TrNodeId`,`ch_StuNumber`) VALUES ('112','1610504166')

