[ 2017-06-05T09:53:12+08:00 ] ::1 /SignUpSys/index.php/Admin/Login
INFO: [ app_init ] --START--
INFO: Run Behavior\BuildLiteBehavior [ RunTime:0.000000s ]
INFO: [ app_init ] --END-- [ RunTime:0.000000s ]
INFO: [ app_begin ] --START--
INFO: Run Behavior\ReadHtmlCacheBehavior [ RunTime:0.001000s ]
INFO: [ app_begin ] --END-- [ RunTime:0.001000s ]
SQL: SHOW COLUMNS FROM `su_manager` [ RunTime:0.1470s ]
INFO: [ view_parse ] --START--
INFO: [ template_filter ] --START--
INFO: Run Behavior\ContentReplaceBehavior [ RunTime:0.001000s ]
INFO: [ template_filter ] --END-- [ RunTime:0.001000s ]
INFO: Run Behavior\ParseTemplateBehavior [ RunTime:0.122007s ]
INFO: [ view_parse ] --END-- [ RunTime:0.122007s ]
INFO: [ view_filter ] --START--
INFO: Run Behavior\WriteHtmlCacheBehavior [ RunTime:0.001000s ]
INFO: [ view_filter ] --END-- [ RunTime:0.001000s ]
INFO: [ app_end ] --START--
INFO: Run Behavior\ShowPageTraceBehavior [ RunTime:0.001001s ]
INFO: [ app_end ] --END-- [ RunTime:0.001001s ]

[ 2017-06-05T09:53:19+08:00 ] ::1 /SignUpSys/index.php/Admin/Login/doLogin
INFO: [ app_init ] --START--
INFO: Run Behavior\BuildLiteBehavior [ RunTime:0.000000s ]
INFO: [ app_init ] --END-- [ RunTime:0.000000s ]
INFO: [ app_begin ] --START--
INFO: Run Behavior\ReadHtmlCacheBehavior [ RunTime:0.001000s ]
INFO: [ app_begin ] --END-- [ RunTime:0.001000s ]
SQL: SHOW COLUMNS FROM `su_manager` [ RunTime:0.0030s ]
SQL: SELECT `mg_Id` FROM `su_manager` WHERE `mg_Name` = 'admin' AND `mg_Password` = '123456' LIMIT 1   [ RunTime:0.0010s ]
INFO: [ view_parse ] --START--
INFO: [ template_filter ] --START--
INFO: Run Behavior\ContentReplaceBehavior [ RunTime:0.000000s ]
INFO: [ template_filter ] --END-- [ RunTime:0.000000s ]
INFO: Run Behavior\ParseTemplateBehavior [ RunTime:0.057003s ]
INFO: [ view_parse ] --END-- [ RunTime:0.057003s ]
INFO: [ view_filter ] --START--
INFO: Run Behavior\WriteHtmlCacheBehavior [ RunTime:0.001000s ]
INFO: [ view_filter ] --END-- [ RunTime:0.001000s ]
INFO: [ app_end ] --START--
INFO: Run Behavior\ShowPageTraceBehavior [ RunTime:0.000000s ]
INFO: [ app_end ] --END-- [ RunTime:0.000000s ]

[ 2017-06-05T09:53:21+08:00 ] ::1 /SignUpSys/index.php/Admin/Student/index.html
INFO: [ app_init ] --START--
INFO: Run Behavior\BuildLiteBehavior [ RunTime:0.000000s ]
INFO: [ app_init ] --END-- [ RunTime:0.000000s ]
INFO: [ app_begin ] --START--
INFO: Run Behavior\ReadHtmlCacheBehavior [ RunTime:0.000000s ]
INFO: [ app_begin ] --END-- [ RunTime:0.000000s ]
SQL: SHOW COLUMNS FROM `su_student` [ RunTime:0.0020s ]
SQL: SHOW COLUMNS FROM `su_student_choice` [ RunTime:0.0020s ]
SQL: SHOW COLUMNS FROM `su_student_training` [ RunTime:0.0600s ]
SQL: SHOW COLUMNS FROM `su_course_tree` [ RunTime:0.0350s ]
SQL: SHOW COLUMNS FROM `su_training_tree` [ RunTime:0.0230s ]
SQL: SELECT DISTINCT stu_Grade FROM `su_student`  [ RunTime:0.0160s ]
NOTIC: [8] Undefined variable: str E:\DevelopTools\xampp\htdocs\SignUpSys\App\Admin\Controller\StudentController.class.php 第 42 行.
INFO: [ view_parse ] --START--
INFO: [ template_filter ] --START--
INFO: Run Behavior\ContentReplaceBehavior [ RunTime:0.000000s ]
INFO: [ template_filter ] --END-- [ RunTime:0.000000s ]
INFO: Run Behavior\ParseTemplateBehavior [ RunTime:0.025001s ]
INFO: [ view_parse ] --END-- [ RunTime:0.025001s ]
INFO: [ view_filter ] --START--
INFO: Run Behavior\WriteHtmlCacheBehavior [ RunTime:0.000000s ]
INFO: [ view_filter ] --END-- [ RunTime:0.000000s ]
INFO: [ app_end ] --START--
INFO: Run Behavior\ShowPageTraceBehavior [ RunTime:0.001000s ]
INFO: [ app_end ] --END-- [ RunTime:0.001000s ]

[ 2017-06-05T09:53:22+08:00 ] ::1 /SignUpSys/index.php/Admin/Student/getAllStudentInfo?order=asc&offset=0&limit=20
INFO: [ app_init ] --START--
INFO: Run Behavior\BuildLiteBehavior [ RunTime:0.000000s ]
INFO: [ app_init ] --END-- [ RunTime:0.000000s ]
INFO: [ app_begin ] --START--
INFO: Run Behavior\ReadHtmlCacheBehavior [ RunTime:0.001000s ]
INFO: [ app_begin ] --END-- [ RunTime:0.001000s ]
SQL: SHOW COLUMNS FROM `su_student` [ RunTime:0.0020s ]
SQL: SHOW COLUMNS FROM `su_student_choice` [ RunTime:0.0020s ]
SQL: SHOW COLUMNS FROM `su_student_training` [ RunTime:0.0100s ]
SQL: SHOW COLUMNS FROM `su_course_tree` [ RunTime:0.0020s ]
SQL: SHOW COLUMNS FROM `su_training_tree` [ RunTime:0.0030s ]
SQL: SELECT `stu_Number`,`stu_Name`,`stu_Sex`,`stu_Grade`,`stu_Profession`,`stu_Class` FROM `su_student`  [ RunTime:0.0040s ]
INFO: [ app_end ] --START--
INFO: Run Behavior\ShowPageTraceBehavior [ RunTime:0.001000s ]
INFO: [ app_end ] --END-- [ RunTime:0.001000s ]

[ 2017-06-05T09:53:25+08:00 ] ::1 /SignUpSys/index.php/Admin/CTree/
INFO: [ app_init ] --START--
INFO: Run Behavior\BuildLiteBehavior [ RunTime:0.000000s ]
INFO: [ app_init ] --END-- [ RunTime:0.000000s ]
INFO: [ app_begin ] --START--
INFO: Run Behavior\ReadHtmlCacheBehavior [ RunTime:0.000000s ]
INFO: [ app_begin ] --END-- [ RunTime:0.000000s ]
SQL: SHOW COLUMNS FROM `su_course_tree` [ RunTime:0.0020s ]
SQL: SHOW COLUMNS FROM `su_student_choice` [ RunTime:0.0030s ]
SQL: SHOW COLUMNS FROM `su_manager` [ RunTime:0.0020s ]
SQL: SELECT `mg_Rule` FROM `su_manager` WHERE ( mg_Name = 'admin' )  [ RunTime:0.0010s ]
INFO: [ view_parse ] --START--
INFO: [ template_filter ] --START--
INFO: Run Behavior\ContentReplaceBehavior [ RunTime:0.001000s ]
INFO: [ template_filter ] --END-- [ RunTime:0.002000s ]
INFO: Run Behavior\ParseTemplateBehavior [ RunTime:0.126007s ]
INFO: [ view_parse ] --END-- [ RunTime:0.126007s ]
INFO: [ view_filter ] --START--
INFO: Run Behavior\WriteHtmlCacheBehavior [ RunTime:0.001000s ]
INFO: [ view_filter ] --END-- [ RunTime:0.001000s ]
INFO: [ app_end ] --START--
INFO: Run Behavior\ShowPageTraceBehavior [ RunTime:0.001001s ]
INFO: [ app_end ] --END-- [ RunTime:0.001001s ]

[ 2017-06-05T09:53:26+08:00 ] ::1 /SignUpSys/index.php/Admin/CTree/getTree
INFO: [ app_init ] --START--
INFO: Run Behavior\BuildLiteBehavior [ RunTime:0.000000s ]
INFO: [ app_init ] --END-- [ RunTime:0.000000s ]
INFO: [ app_begin ] --START--
INFO: Run Behavior\ReadHtmlCacheBehavior [ RunTime:0.000000s ]
INFO: [ app_begin ] --END-- [ RunTime:0.000000s ]
SQL: SHOW COLUMNS FROM `su_course_tree` [ RunTime:0.0030s ]
SQL: SHOW COLUMNS FROM `su_student_choice` [ RunTime:0.0030s ]
SQL: SHOW COLUMNS FROM `su_manager` [ RunTime:0.0020s ]
SQL: SELECT `ctr_NodeId`,`ctr_ParentId`,ctr_Name AS name,`ctr_Limit`,`ctr_Level`,`ctr_Synopsis` FROM `su_course_tree`  [ RunTime:0.0010s ]
SQL: SELECT `ctr_NodeId` FROM `su_course_tree` WHERE ( ctr_ParentId = 12 )  [ RunTime:0.0000s ]
SQL: SELECT COUNT(ch_StuNumber) AS count FROM `su_student_choice` WHERE ( ch_TrNodeId = 14 )  [ RunTime:0.0000s ]
SQL: SELECT `ctr_NodeId` FROM `su_course_tree` WHERE ( ctr_ParentId = 15 )  [ RunTime:0.0000s ]
SQL: SELECT COUNT(ch_StuNumber) AS count FROM `su_student_choice` WHERE ( ch_TrNodeId = 16 )  [ RunTime:0.0010s ]
SQL: SELECT `ctr_NodeId` FROM `su_course_tree` WHERE ( ctr_ParentId = 19 )  [ RunTime:0.0000s ]
SQL: SELECT COUNT(ch_StuNumber) AS count FROM `su_student_choice` WHERE ( ch_TrNodeId = 20 )  [ RunTime:0.0000s ]
SQL: SELECT `ctr_NodeId` FROM `su_course_tree` WHERE ( ctr_ParentId = 22 )  [ RunTime:0.0000s ]
SQL: SELECT COUNT(ch_StuNumber) AS count FROM `su_student_choice` WHERE ( ch_TrNodeId = 23 )  [ RunTime:0.0010s ]
SQL: SELECT `ctr_NodeId` FROM `su_course_tree` WHERE ( ctr_ParentId = 25 )  [ RunTime:0.0000s ]
SQL: SELECT COUNT(ch_StuNumber) AS count FROM `su_student_choice` WHERE ( ch_TrNodeId = 26 )  [ RunTime:0.0000s ]
SQL: SELECT `ctr_NodeId` FROM `su_course_tree` WHERE ( ctr_ParentId = 28 )  [ RunTime:0.0000s ]
SQL: SELECT COUNT(ch_StuNumber) AS count FROM `su_student_choice` WHERE ( ch_TrNodeId = 29 )  [ RunTime:0.0000s ]
SQL: SELECT `ctr_NodeId` FROM `su_course_tree` WHERE ( ctr_ParentId = 33 )  [ RunTime:0.0000s ]
SQL: SELECT COUNT(ch_StuNumber) AS count FROM `su_student_choice` WHERE ( ch_TrNodeId = 35 )  [ RunTime:0.0000s ]
SQL: SELECT `ctr_NodeId` FROM `su_course_tree` WHERE ( ctr_ParentId = 34 )  [ RunTime:0.0000s ]
SQL: SELECT COUNT(ch_StuNumber) AS count FROM `su_student_choice` WHERE ( ch_TrNodeId = 37 )  [ RunTime:0.0000s ]
SQL: SELECT `ctr_NodeId` FROM `su_course_tree` WHERE ( ctr_ParentId = 40 )  [ RunTime:0.0000s ]
SQL: SELECT COUNT(ch_StuNumber) AS count FROM `su_student_choice` WHERE ( ch_TrNodeId = 44 )  [ RunTime:0.0000s ]
SQL: SELECT `ctr_NodeId` FROM `su_course_tree` WHERE ( ctr_ParentId = 41 )  [ RunTime:0.0000s ]
SQL: SELECT COUNT(ch_StuNumber) AS count FROM `su_student_choice` WHERE ( ch_TrNodeId = 46 )  [ RunTime:0.0000s ]
SQL: SELECT `ctr_NodeId` FROM `su_course_tree` WHERE ( ctr_ParentId = 42 )  [ RunTime:0.0000s ]
SQL: SELECT COUNT(ch_StuNumber) AS count FROM `su_student_choice` WHERE ( ch_TrNodeId = 48 )  [ RunTime:0.0000s ]
SQL: SELECT `ctr_NodeId` FROM `su_course_tree` WHERE ( ctr_ParentId = 43 )  [ RunTime:0.0010s ]
SQL: SELECT COUNT(ch_StuNumber) AS count FROM `su_student_choice` WHERE ( ch_TrNodeId = 50 )  [ RunTime:0.0000s ]
SQL: SELECT `ctr_NodeId` FROM `su_course_tree` WHERE ( ctr_ParentId = 55 )  [ RunTime:0.0000s ]
SQL: SELECT COUNT(ch_StuNumber) AS count FROM `su_student_choice` WHERE ( ch_TrNodeId = 59 )  [ RunTime:0.0000s ]
SQL: SELECT `ctr_NodeId` FROM `su_course_tree` WHERE ( ctr_ParentId = 56 )  [ RunTime:0.0010s ]
SQL: SELECT COUNT(ch_StuNumber) AS count FROM `su_student_choice` WHERE ( ch_TrNodeId = 62 )  [ RunTime:0.0000s ]
SQL: SELECT `ctr_NodeId` FROM `su_course_tree` WHERE ( ctr_ParentId = 57 )  [ RunTime:0.0010s ]
SQL: SELECT COUNT(ch_StuNumber) AS count FROM `su_student_choice` WHERE ( ch_TrNodeId = 65 )  [ RunTime:0.0000s ]
SQL: SELECT `ctr_NodeId` FROM `su_course_tree` WHERE ( ctr_ParentId = 58 )  [ RunTime:0.0000s ]
SQL: SELECT COUNT(ch_StuNumber) AS count FROM `su_student_choice` WHERE ( ch_TrNodeId = 67 )  [ RunTime:0.0000s ]
INFO: [ app_end ] --START--
INFO: Run Behavior\ShowPageTraceBehavior [ RunTime:0.000000s ]
INFO: [ app_end ] --END-- [ RunTime:0.000000s ]

[ 2017-06-05T10:03:23+08:00 ] ::1 /SignUpSys/index.php/Admin/CTree/
INFO: [ app_init ] --START--
INFO: Run Behavior\BuildLiteBehavior [ RunTime:0.000000s ]
INFO: [ app_init ] --END-- [ RunTime:0.000000s ]
INFO: [ app_begin ] --START--
INFO: Run Behavior\ReadHtmlCacheBehavior [ RunTime:0.001000s ]
INFO: [ app_begin ] --END-- [ RunTime:0.001000s ]
SQL: SHOW COLUMNS FROM `su_course_tree` [ RunTime:0.0020s ]
SQL: SHOW COLUMNS FROM `su_student_choice` [ RunTime:0.0020s ]
SQL: SHOW COLUMNS FROM `su_manager` [ RunTime:0.0040s ]
SQL: SELECT `mg_Rule` FROM `su_manager` WHERE ( mg_Name = 'admin' )  [ RunTime:0.0010s ]
INFO: [ view_parse ] --START--
INFO: [ template_filter ] --START--
INFO: Run Behavior\ContentReplaceBehavior [ RunTime:0.000000s ]
INFO: [ template_filter ] --END-- [ RunTime:0.000000s ]
INFO: Run Behavior\ParseTemplateBehavior [ RunTime:0.008000s ]
INFO: [ view_parse ] --END-- [ RunTime:0.008000s ]
INFO: [ view_filter ] --START--
INFO: Run Behavior\WriteHtmlCacheBehavior [ RunTime:0.001000s ]
INFO: [ view_filter ] --END-- [ RunTime:0.001000s ]
INFO: [ app_end ] --START--
INFO: Run Behavior\ShowPageTraceBehavior [ RunTime:0.001000s ]
INFO: [ app_end ] --END-- [ RunTime:0.001000s ]

[ 2017-06-05T10:03:23+08:00 ] ::1 /SignUpSys/index.php/Admin/CTree/getTree
INFO: [ app_init ] --START--
INFO: Run Behavior\BuildLiteBehavior [ RunTime:0.000000s ]
INFO: [ app_init ] --END-- [ RunTime:0.000000s ]
INFO: [ app_begin ] --START--
INFO: Run Behavior\ReadHtmlCacheBehavior [ RunTime:0.000000s ]
INFO: [ app_begin ] --END-- [ RunTime:0.000000s ]
SQL: SHOW COLUMNS FROM `su_course_tree` [ RunTime:0.0020s ]
SQL: SHOW COLUMNS FROM `su_student_choice` [ RunTime:0.0020s ]
SQL: SHOW COLUMNS FROM `su_manager` [ RunTime:0.0030s ]
SQL: SELECT `ctr_NodeId`,`ctr_ParentId`,ctr_Name AS name,`ctr_Limit`,`ctr_Level`,`ctr_Synopsis` FROM `su_course_tree`  [ RunTime:0.0000s ]
SQL: SELECT `ctr_NodeId` FROM `su_course_tree` WHERE ( ctr_ParentId = 12 )  [ RunTime:0.0000s ]
SQL: SELECT COUNT(ch_StuNumber) AS count FROM `su_student_choice` WHERE ( ch_TrNodeId = 14 )  [ RunTime:0.0000s ]
SQL: SELECT `ctr_NodeId` FROM `su_course_tree` WHERE ( ctr_ParentId = 15 )  [ RunTime:0.0000s ]
SQL: SELECT COUNT(ch_StuNumber) AS count FROM `su_student_choice` WHERE ( ch_TrNodeId = 16 )  [ RunTime:0.0000s ]
SQL: SELECT `ctr_NodeId` FROM `su_course_tree` WHERE ( ctr_ParentId = 19 )  [ RunTime:0.0000s ]
SQL: SELECT COUNT(ch_StuNumber) AS count FROM `su_student_choice` WHERE ( ch_TrNodeId = 20 )  [ RunTime:0.0000s ]
SQL: SELECT `ctr_NodeId` FROM `su_course_tree` WHERE ( ctr_ParentId = 22 )  [ RunTime:0.0000s ]
SQL: SELECT COUNT(ch_StuNumber) AS count FROM `su_student_choice` WHERE ( ch_TrNodeId = 23 )  [ RunTime:0.0000s ]
SQL: SELECT `ctr_NodeId` FROM `su_course_tree` WHERE ( ctr_ParentId = 25 )  [ RunTime:0.0000s ]
SQL: SELECT COUNT(ch_StuNumber) AS count FROM `su_student_choice` WHERE ( ch_TrNodeId = 26 )  [ RunTime:0.0000s ]
SQL: SELECT `ctr_NodeId` FROM `su_course_tree` WHERE ( ctr_ParentId = 28 )  [ RunTime:0.0000s ]
SQL: SELECT COUNT(ch_StuNumber) AS count FROM `su_student_choice` WHERE ( ch_TrNodeId = 29 )  [ RunTime:0.0000s ]
SQL: SELECT `ctr_NodeId` FROM `su_course_tree` WHERE ( ctr_ParentId = 33 )  [ RunTime:0.0010s ]
SQL: SELECT COUNT(ch_StuNumber) AS count FROM `su_student_choice` WHERE ( ch_TrNodeId = 35 )  [ RunTime:0.0000s ]
SQL: SELECT `ctr_NodeId` FROM `su_course_tree` WHERE ( ctr_ParentId = 34 )  [ RunTime:0.0000s ]
SQL: SELECT COUNT(ch_StuNumber) AS count FROM `su_student_choice` WHERE ( ch_TrNodeId = 37 )  [ RunTime:0.0000s ]
SQL: SELECT `ctr_NodeId` FROM `su_course_tree` WHERE ( ctr_ParentId = 40 )  [ RunTime:0.0000s ]
SQL: SELECT COUNT(ch_StuNumber) AS count FROM `su_student_choice` WHERE ( ch_TrNodeId = 44 )  [ RunTime:0.0010s ]
SQL: SELECT `ctr_NodeId` FROM `su_course_tree` WHERE ( ctr_ParentId = 41 )  [ RunTime:0.0000s ]
SQL: SELECT COUNT(ch_StuNumber) AS count FROM `su_student_choice` WHERE ( ch_TrNodeId = 46 )  [ RunTime:0.0000s ]
SQL: SELECT `ctr_NodeId` FROM `su_course_tree` WHERE ( ctr_ParentId = 42 )  [ RunTime:0.0000s ]
SQL: SELECT COUNT(ch_StuNumber) AS count FROM `su_student_choice` WHERE ( ch_TrNodeId = 48 )  [ RunTime:0.0000s ]
SQL: SELECT `ctr_NodeId` FROM `su_course_tree` WHERE ( ctr_ParentId = 43 )  [ RunTime:0.0010s ]
SQL: SELECT COUNT(ch_StuNumber) AS count FROM `su_student_choice` WHERE ( ch_TrNodeId = 50 )  [ RunTime:0.0000s ]
SQL: SELECT `ctr_NodeId` FROM `su_course_tree` WHERE ( ctr_ParentId = 55 )  [ RunTime:0.0000s ]
SQL: SELECT COUNT(ch_StuNumber) AS count FROM `su_student_choice` WHERE ( ch_TrNodeId = 59 )  [ RunTime:0.0010s ]
SQL: SELECT `ctr_NodeId` FROM `su_course_tree` WHERE ( ctr_ParentId = 56 )  [ RunTime:0.0000s ]
SQL: SELECT COUNT(ch_StuNumber) AS count FROM `su_student_choice` WHERE ( ch_TrNodeId = 62 )  [ RunTime:0.0000s ]
SQL: SELECT `ctr_NodeId` FROM `su_course_tree` WHERE ( ctr_ParentId = 57 )  [ RunTime:0.0000s ]
SQL: SELECT COUNT(ch_StuNumber) AS count FROM `su_student_choice` WHERE ( ch_TrNodeId = 65 )  [ RunTime:0.0000s ]
SQL: SELECT `ctr_NodeId` FROM `su_course_tree` WHERE ( ctr_ParentId = 58 )  [ RunTime:0.0010s ]
SQL: SELECT COUNT(ch_StuNumber) AS count FROM `su_student_choice` WHERE ( ch_TrNodeId = 67 )  [ RunTime:0.0000s ]
INFO: [ app_end ] --START--
INFO: Run Behavior\ShowPageTraceBehavior [ RunTime:0.001000s ]
INFO: [ app_end ] --END-- [ RunTime:0.001000s ]

[ 2017-06-05T10:04:22+08:00 ] ::1 /SignUpSys/index.php/Admin/CTree/
INFO: [ app_init ] --START--
INFO: Run Behavior\BuildLiteBehavior [ RunTime:0.000000s ]
INFO: [ app_init ] --END-- [ RunTime:0.001000s ]
INFO: [ app_begin ] --START--
INFO: Run Behavior\ReadHtmlCacheBehavior [ RunTime:0.001000s ]
INFO: [ app_begin ] --END-- [ RunTime:0.001000s ]
SQL: SHOW COLUMNS FROM `su_course_tree` [ RunTime:0.0030s ]
SQL: SHOW COLUMNS FROM `su_student_choice` [ RunTime:0.0030s ]
SQL: SHOW COLUMNS FROM `su_manager` [ RunTime:0.0040s ]
SQL: SELECT `mg_Rule` FROM `su_manager` WHERE ( mg_Name = 'admin' )  [ RunTime:0.0010s ]
INFO: [ view_parse ] --START--
INFO: [ template_filter ] --START--
INFO: Run Behavior\ContentReplaceBehavior [ RunTime:0.000000s ]
INFO: [ template_filter ] --END-- [ RunTime:0.000000s ]
INFO: Run Behavior\ParseTemplateBehavior [ RunTime:0.008000s ]
INFO: [ view_parse ] --END-- [ RunTime:0.008000s ]
INFO: [ view_filter ] --START--
INFO: Run Behavior\WriteHtmlCacheBehavior [ RunTime:0.001000s ]
INFO: [ view_filter ] --END-- [ RunTime:0.001000s ]
INFO: [ app_end ] --START--
INFO: Run Behavior\ShowPageTraceBehavior [ RunTime:0.001000s ]
INFO: [ app_end ] --END-- [ RunTime:0.001000s ]

[ 2017-06-05T10:04:22+08:00 ] ::1 /SignUpSys/index.php/Admin/CTree/getTree
INFO: [ app_init ] --START--
INFO: Run Behavior\BuildLiteBehavior [ RunTime:0.000000s ]
INFO: [ app_init ] --END-- [ RunTime:0.000000s ]
INFO: [ app_begin ] --START--
INFO: Run Behavior\ReadHtmlCacheBehavior [ RunTime:0.000000s ]
INFO: [ app_begin ] --END-- [ RunTime:0.000000s ]
SQL: SHOW COLUMNS FROM `su_course_tree` [ RunTime:0.0040s ]
SQL: SHOW COLUMNS FROM `su_student_choice` [ RunTime:0.0020s ]
SQL: SHOW COLUMNS FROM `su_manager` [ RunTime:0.0020s ]
SQL: SELECT `ctr_NodeId`,`ctr_ParentId`,ctr_Name AS name,`ctr_Limit`,`ctr_Level`,`ctr_Synopsis` FROM `su_course_tree`  [ RunTime:0.0040s ]
SQL: SELECT `ctr_NodeId` FROM `su_course_tree` WHERE ( ctr_ParentId = 12 )  [ RunTime:0.0000s ]
SQL: SELECT COUNT(ch_StuNumber) AS count FROM `su_student_choice` WHERE ( ch_TrNodeId = 14 )  [ RunTime:0.0000s ]
SQL: SELECT `ctr_NodeId` FROM `su_course_tree` WHERE ( ctr_ParentId = 15 )  [ RunTime:0.0000s ]
SQL: SELECT COUNT(ch_StuNumber) AS count FROM `su_student_choice` WHERE ( ch_TrNodeId = 16 )  [ RunTime:0.0000s ]
SQL: SELECT `ctr_NodeId` FROM `su_course_tree` WHERE ( ctr_ParentId = 19 )  [ RunTime:0.0000s ]
SQL: SELECT COUNT(ch_StuNumber) AS count FROM `su_student_choice` WHERE ( ch_TrNodeId = 20 )  [ RunTime:0.0000s ]
SQL: SELECT `ctr_NodeId` FROM `su_course_tree` WHERE ( ctr_ParentId = 22 )  [ RunTime:0.0010s ]
SQL: SELECT COUNT(ch_StuNumber) AS count FROM `su_student_choice` WHERE ( ch_TrNodeId = 23 )  [ RunTime:0.0000s ]
SQL: SELECT `ctr_NodeId` FROM `su_course_tree` WHERE ( ctr_ParentId = 25 )  [ RunTime:0.0000s ]
SQL: SELECT COUNT(ch_StuNumber) AS count FROM `su_student_choice` WHERE ( ch_TrNodeId = 26 )  [ RunTime:0.0000s ]
SQL: SELECT `ctr_NodeId` FROM `su_course_tree` WHERE ( ctr_ParentId = 28 )  [ RunTime:0.0010s ]
SQL: SELECT COUNT(ch_StuNumber) AS count FROM `su_student_choice` WHERE ( ch_TrNodeId = 29 )  [ RunTime:0.0000s ]
SQL: SELECT `ctr_NodeId` FROM `su_course_tree` WHERE ( ctr_ParentId = 33 )  [ RunTime:0.0000s ]
SQL: SELECT COUNT(ch_StuNumber) AS count FROM `su_student_choice` WHERE ( ch_TrNodeId = 35 )  [ RunTime:0.0000s ]
SQL: SELECT `ctr_NodeId` FROM `su_course_tree` WHERE ( ctr_ParentId = 34 )  [ RunTime:0.0000s ]
SQL: SELECT COUNT(ch_StuNumber) AS count FROM `su_student_choice` WHERE ( ch_TrNodeId = 37 )  [ RunTime:0.0010s ]
SQL: SELECT `ctr_NodeId` FROM `su_course_tree` WHERE ( ctr_ParentId = 40 )  [ RunTime:0.0000s ]
SQL: SELECT COUNT(ch_StuNumber) AS count FROM `su_student_choice` WHERE ( ch_TrNodeId = 44 )  [ RunTime:0.0000s ]
SQL: SELECT `ctr_NodeId` FROM `su_course_tree` WHERE ( ctr_ParentId = 41 )  [ RunTime:0.0000s ]
SQL: SELECT COUNT(ch_StuNumber) AS count FROM `su_student_choice` WHERE ( ch_TrNodeId = 46 )  [ RunTime:0.0000s ]
SQL: SELECT `ctr_NodeId` FROM `su_course_tree` WHERE ( ctr_ParentId = 42 )  [ RunTime:0.0000s ]
SQL: SELECT COUNT(ch_StuNumber) AS count FROM `su_student_choice` WHERE ( ch_TrNodeId = 48 )  [ RunTime:0.0000s ]
SQL: SELECT `ctr_NodeId` FROM `su_course_tree` WHERE ( ctr_ParentId = 43 )  [ RunTime:0.0010s ]
SQL: SELECT COUNT(ch_StuNumber) AS count FROM `su_student_choice` WHERE ( ch_TrNodeId = 50 )  [ RunTime:0.0000s ]
SQL: SELECT `ctr_NodeId` FROM `su_course_tree` WHERE ( ctr_ParentId = 55 )  [ RunTime:0.0000s ]
SQL: SELECT COUNT(ch_StuNumber) AS count FROM `su_student_choice` WHERE ( ch_TrNodeId = 59 )  [ RunTime:0.0000s ]
SQL: SELECT `ctr_NodeId` FROM `su_course_tree` WHERE ( ctr_ParentId = 56 )  [ RunTime:0.0000s ]
SQL: SELECT COUNT(ch_StuNumber) AS count FROM `su_student_choice` WHERE ( ch_TrNodeId = 62 )  [ RunTime:0.0000s ]
SQL: SELECT `ctr_NodeId` FROM `su_course_tree` WHERE ( ctr_ParentId = 57 )  [ RunTime:0.0010s ]
SQL: SELECT COUNT(ch_StuNumber) AS count FROM `su_student_choice` WHERE ( ch_TrNodeId = 65 )  [ RunTime:0.0000s ]
SQL: SELECT `ctr_NodeId` FROM `su_course_tree` WHERE ( ctr_ParentId = 58 )  [ RunTime:0.0000s ]
SQL: SELECT COUNT(ch_StuNumber) AS count FROM `su_student_choice` WHERE ( ch_TrNodeId = 67 )  [ RunTime:0.0000s ]
INFO: [ app_end ] --START--
INFO: Run Behavior\ShowPageTraceBehavior [ RunTime:0.001000s ]
INFO: [ app_end ] --END-- [ RunTime:0.001000s ]

[ 2017-06-05T10:05:03+08:00 ] ::1 /SignUpSys/index.php/Admin/CTree/
INFO: [ app_init ] --START--
INFO: Run Behavior\BuildLiteBehavior [ RunTime:0.000000s ]
INFO: [ app_init ] --END-- [ RunTime:0.001000s ]
INFO: [ app_begin ] --START--
INFO: Run Behavior\ReadHtmlCacheBehavior [ RunTime:0.001000s ]
INFO: [ app_begin ] --END-- [ RunTime:0.001000s ]
SQL: SHOW COLUMNS FROM `su_course_tree` [ RunTime:0.0030s ]
SQL: SHOW COLUMNS FROM `su_student_choice` [ RunTime:0.0020s ]
SQL: SHOW COLUMNS FROM `su_manager` [ RunTime:0.0020s ]
SQL: SELECT `mg_Rule` FROM `su_manager` WHERE ( mg_Name = 'admin' )  [ RunTime:0.0000s ]
INFO: [ view_parse ] --START--
INFO: [ template_filter ] --START--
INFO: Run Behavior\ContentReplaceBehavior [ RunTime:0.000000s ]
INFO: [ template_filter ] --END-- [ RunTime:0.000000s ]
INFO: Run Behavior\ParseTemplateBehavior [ RunTime:0.009001s ]
INFO: [ view_parse ] --END-- [ RunTime:0.009001s ]
INFO: [ view_filter ] --START--
INFO: Run Behavior\WriteHtmlCacheBehavior [ RunTime:0.000000s ]
INFO: [ view_filter ] --END-- [ RunTime:0.000000s ]
INFO: [ app_end ] --START--
INFO: Run Behavior\ShowPageTraceBehavior [ RunTime:0.000000s ]
INFO: [ app_end ] --END-- [ RunTime:0.001000s ]

[ 2017-06-05T10:05:03+08:00 ] ::1 /SignUpSys/index.php/Admin/CTree/getTree
INFO: [ app_init ] --START--
INFO: Run Behavior\BuildLiteBehavior [ RunTime:0.000000s ]
INFO: [ app_init ] --END-- [ RunTime:0.000000s ]
INFO: [ app_begin ] --START--
INFO: Run Behavior\ReadHtmlCacheBehavior [ RunTime:0.000000s ]
INFO: [ app_begin ] --END-- [ RunTime:0.000000s ]
SQL: SHOW COLUMNS FROM `su_course_tree` [ RunTime:0.0020s ]
SQL: SHOW COLUMNS FROM `su_student_choice` [ RunTime:0.0030s ]
SQL: SHOW COLUMNS FROM `su_manager` [ RunTime:0.0020s ]
SQL: SELECT `ctr_NodeId`,`ctr_ParentId`,ctr_Name AS name,`ctr_Limit`,`ctr_Level`,`ctr_Synopsis` FROM `su_course_tree`  [ RunTime:0.0000s ]
SQL: SELECT `ctr_NodeId` FROM `su_course_tree` WHERE ( ctr_ParentId = 12 )  [ RunTime:0.0010s ]
SQL: SELECT COUNT(ch_StuNumber) AS count FROM `su_student_choice` WHERE ( ch_TrNodeId = 14 )  [ RunTime:0.0010s ]
SQL: SELECT `ctr_NodeId` FROM `su_course_tree` WHERE ( ctr_ParentId = 15 )  [ RunTime:0.0000s ]
SQL: SELECT COUNT(ch_StuNumber) AS count FROM `su_student_choice` WHERE ( ch_TrNodeId = 16 )  [ RunTime:0.0000s ]
SQL: SELECT `ctr_NodeId` FROM `su_course_tree` WHERE ( ctr_ParentId = 19 )  [ RunTime:0.0010s ]
SQL: SELECT COUNT(ch_StuNumber) AS count FROM `su_student_choice` WHERE ( ch_TrNodeId = 20 )  [ RunTime:0.0000s ]
SQL: SELECT `ctr_NodeId` FROM `su_course_tree` WHERE ( ctr_ParentId = 22 )  [ RunTime:0.0000s ]
SQL: SELECT COUNT(ch_StuNumber) AS count FROM `su_student_choice` WHERE ( ch_TrNodeId = 23 )  [ RunTime:0.0010s ]
SQL: SELECT `ctr_NodeId` FROM `su_course_tree` WHERE ( ctr_ParentId = 25 )  [ RunTime:0.0000s ]
SQL: SELECT COUNT(ch_StuNumber) AS count FROM `su_student_choice` WHERE ( ch_TrNodeId = 26 )  [ RunTime:0.0000s ]
SQL: SELECT `ctr_NodeId` FROM `su_course_tree` WHERE ( ctr_ParentId = 28 )  [ RunTime:0.0000s ]
SQL: SELECT COUNT(ch_StuNumber) AS count FROM `su_student_choice` WHERE ( ch_TrNodeId = 29 )  [ RunTime:0.0000s ]
SQL: SELECT `ctr_NodeId` FROM `su_course_tree` WHERE ( ctr_ParentId = 33 )  [ RunTime:0.0000s ]
SQL: SELECT COUNT(ch_StuNumber) AS count FROM `su_student_choice` WHERE ( ch_TrNodeId = 35 )  [ RunTime:0.0000s ]
SQL: SELECT `ctr_NodeId` FROM `su_course_tree` WHERE ( ctr_ParentId = 34 )  [ RunTime:0.0000s ]
SQL: SELECT COUNT(ch_StuNumber) AS count FROM `su_student_choice` WHERE ( ch_TrNodeId = 37 )  [ RunTime:0.0000s ]
SQL: SELECT `ctr_NodeId` FROM `su_course_tree` WHERE ( ctr_ParentId = 40 )  [ RunTime:0.0010s ]
SQL: SELECT COUNT(ch_StuNumber) AS count FROM `su_student_choice` WHERE ( ch_TrNodeId = 44 )  [ RunTime:0.0000s ]
SQL: SELECT `ctr_NodeId` FROM `su_course_tree` WHERE ( ctr_ParentId = 41 )  [ RunTime:0.0000s ]
SQL: SELECT COUNT(ch_StuNumber) AS count FROM `su_student_choice` WHERE ( ch_TrNodeId = 46 )  [ RunTime:0.0000s ]
SQL: SELECT `ctr_NodeId` FROM `su_course_tree` WHERE ( ctr_ParentId = 42 )  [ RunTime:0.0000s ]
SQL: SELECT COUNT(ch_StuNumber) AS count FROM `su_student_choice` WHERE ( ch_TrNodeId = 48 )  [ RunTime:0.0000s ]
SQL: SELECT `ctr_NodeId` FROM `su_course_tree` WHERE ( ctr_ParentId = 43 )  [ RunTime:0.0000s ]
SQL: SELECT COUNT(ch_StuNumber) AS count FROM `su_student_choice` WHERE ( ch_TrNodeId = 50 )  [ RunTime:0.0000s ]
SQL: SELECT `ctr_NodeId` FROM `su_course_tree` WHERE ( ctr_ParentId = 55 )  [ RunTime:0.0000s ]
SQL: SELECT COUNT(ch_StuNumber) AS count FROM `su_student_choice` WHERE ( ch_TrNodeId = 59 )  [ RunTime:0.0000s ]
SQL: SELECT `ctr_NodeId` FROM `su_course_tree` WHERE ( ctr_ParentId = 56 )  [ RunTime:0.0010s ]
SQL: SELECT COUNT(ch_StuNumber) AS count FROM `su_student_choice` WHERE ( ch_TrNodeId = 62 )  [ RunTime:0.0000s ]
SQL: SELECT `ctr_NodeId` FROM `su_course_tree` WHERE ( ctr_ParentId = 57 )  [ RunTime:0.0000s ]
SQL: SELECT COUNT(ch_StuNumber) AS count FROM `su_student_choice` WHERE ( ch_TrNodeId = 65 )  [ RunTime:0.0000s ]
SQL: SELECT `ctr_NodeId` FROM `su_course_tree` WHERE ( ctr_ParentId = 58 )  [ RunTime:0.0000s ]
SQL: SELECT COUNT(ch_StuNumber) AS count FROM `su_student_choice` WHERE ( ch_TrNodeId = 67 )  [ RunTime:0.0000s ]
INFO: [ app_end ] --START--
INFO: Run Behavior\ShowPageTraceBehavior [ RunTime:0.000000s ]
INFO: [ app_end ] --END-- [ RunTime:0.001000s ]

