[ 2017-03-20T14:14:44+08:00 ] ::1 /SignUpSys/index.php/Admin/Student/index.html
INFO: [ app_init ] --START--
INFO: Run Behavior\BuildLiteBehavior [ RunTime:0.000000s ]
INFO: [ app_init ] --END-- [ RunTime:0.001000s ]
INFO: [ app_begin ] --START--
INFO: Run Behavior\ReadHtmlCacheBehavior [ RunTime:0.001000s ]
INFO: [ app_begin ] --END-- [ RunTime:0.001000s ]

[ 2017-03-20T14:14:44+08:00 ] ::1 /SignUpSys/index.php/Admin/Login/index.html
INFO: [ app_init ] --START--
INFO: Run Behavior\BuildLiteBehavior [ RunTime:0.000000s ]
INFO: [ app_init ] --END-- [ RunTime:0.000000s ]
INFO: [ app_begin ] --START--
INFO: Run Behavior\ReadHtmlCacheBehavior [ RunTime:0.000000s ]
INFO: [ app_begin ] --END-- [ RunTime:0.000000s ]
SQL: SHOW COLUMNS FROM `su_manager` [ RunTime:0.0020s ]
INFO: [ view_parse ] --START--
INFO: [ template_filter ] --START--
INFO: Run Behavior\ContentReplaceBehavior [ RunTime:0.000000s ]
INFO: [ template_filter ] --END-- [ RunTime:0.000000s ]
INFO: Run Behavior\ParseTemplateBehavior [ RunTime:0.037002s ]
INFO: [ view_parse ] --END-- [ RunTime:0.037002s ]
INFO: [ view_filter ] --START--
INFO: Run Behavior\WriteHtmlCacheBehavior [ RunTime:0.000000s ]
INFO: [ view_filter ] --END-- [ RunTime:0.000000s ]
INFO: [ app_end ] --START--
INFO: Run Behavior\ShowPageTraceBehavior [ RunTime:0.000000s ]
INFO: [ app_end ] --END-- [ RunTime:0.000000s ]

[ 2017-03-20T14:14:47+08:00 ] ::1 /SignUpSys/index.php/Admin/Login/doLogin
INFO: [ app_init ] --START--
INFO: Run Behavior\BuildLiteBehavior [ RunTime:0.000000s ]
INFO: [ app_init ] --END-- [ RunTime:0.000000s ]
INFO: [ app_begin ] --START--
INFO: Run Behavior\ReadHtmlCacheBehavior [ RunTime:0.001000s ]
INFO: [ app_begin ] --END-- [ RunTime:0.001000s ]
SQL: SHOW COLUMNS FROM `su_manager` [ RunTime:0.0010s ]
SQL: SELECT `mg_Id` FROM `su_manager` WHERE `mg_Name` = 'admin' AND `mg_Password` = '123456' LIMIT 1   [ RunTime:0.0000s ]
INFO: [ view_parse ] --START--
INFO: [ template_filter ] --START--
INFO: Run Behavior\ContentReplaceBehavior [ RunTime:0.000000s ]
INFO: [ template_filter ] --END-- [ RunTime:0.000000s ]
INFO: Run Behavior\ParseTemplateBehavior [ RunTime:0.097005s ]
INFO: [ view_parse ] --END-- [ RunTime:0.097005s ]
INFO: [ view_filter ] --START--
INFO: Run Behavior\WriteHtmlCacheBehavior [ RunTime:0.000000s ]
INFO: [ view_filter ] --END-- [ RunTime:0.000000s ]
INFO: [ app_end ] --START--
INFO: Run Behavior\ShowPageTraceBehavior [ RunTime:0.000000s ]
INFO: [ app_end ] --END-- [ RunTime:0.000000s ]

[ 2017-03-20T14:14:49+08:00 ] ::1 /SignUpSys/index.php/Admin/Student/index.html
INFO: [ app_init ] --START--
INFO: Run Behavior\BuildLiteBehavior [ RunTime:0.000000s ]
INFO: [ app_init ] --END-- [ RunTime:0.000000s ]
INFO: [ app_begin ] --START--
INFO: Run Behavior\ReadHtmlCacheBehavior [ RunTime:0.000000s ]
INFO: [ app_begin ] --END-- [ RunTime:0.000000s ]
SQL: SHOW COLUMNS FROM `su_student` [ RunTime:0.0030s ]
SQL: SELECT DISTINCT stu_Grade FROM `su_student`  [ RunTime:0.0010s ]
NOTIC: [8] Undefined variable: str E:\DevelopTools\xampp\htdocs\SignUpSys\App\Admin\Controller\StudentController.class.php 第 30 行.
INFO: [ view_parse ] --START--
INFO: [ template_filter ] --START--
INFO: Run Behavior\ContentReplaceBehavior [ RunTime:0.000000s ]
INFO: [ template_filter ] --END-- [ RunTime:0.000000s ]
INFO: Run Behavior\ParseTemplateBehavior [ RunTime:0.039002s ]
INFO: [ view_parse ] --END-- [ RunTime:0.039002s ]
INFO: [ view_filter ] --START--
INFO: Run Behavior\WriteHtmlCacheBehavior [ RunTime:0.000000s ]
INFO: [ view_filter ] --END-- [ RunTime:0.000000s ]
INFO: [ app_end ] --START--
INFO: Run Behavior\ShowPageTraceBehavior [ RunTime:0.000000s ]
INFO: [ app_end ] --END-- [ RunTime:0.000000s ]

[ 2017-03-20T14:14:49+08:00 ] ::1 /SignUpSys/index.php/Admin/Student/getAllStudentInfo?order=asc&offset=0&limit=20
INFO: [ app_init ] --START--
INFO: Run Behavior\BuildLiteBehavior [ RunTime:0.000000s ]
INFO: [ app_init ] --END-- [ RunTime:0.001000s ]
INFO: [ app_begin ] --START--
INFO: Run Behavior\ReadHtmlCacheBehavior [ RunTime:0.001000s ]
INFO: [ app_begin ] --END-- [ RunTime:0.001000s ]
SQL: SHOW COLUMNS FROM `su_student` [ RunTime:0.0020s ]
SQL: SELECT `stu_Number`,`stu_Name`,`stu_Sex`,`stu_Grade`,`stu_Profession`,`stu_Class` FROM `su_student`  [ RunTime:0.0020s ]
INFO: [ app_end ] --START--
INFO: Run Behavior\ShowPageTraceBehavior [ RunTime:0.001000s ]
INFO: [ app_end ] --END-- [ RunTime:0.001000s ]

[ 2017-03-20T14:14:53+08:00 ] ::1 /SignUpSys/index.php/Admin/CTree/
INFO: [ app_init ] --START--
INFO: Run Behavior\BuildLiteBehavior [ RunTime:0.000000s ]
INFO: [ app_init ] --END-- [ RunTime:0.001000s ]
INFO: [ app_begin ] --START--
INFO: Run Behavior\ReadHtmlCacheBehavior [ RunTime:0.001000s ]
INFO: [ app_begin ] --END-- [ RunTime:0.001000s ]
SQL: SHOW COLUMNS FROM `su_course_tree` [ RunTime:0.0020s ]
SQL: SELECT max(ctr_NodeId) AS maxId FROM `su_course_tree`  [ RunTime:0.0000s ]
INFO: [ view_parse ] --START--
INFO: [ template_filter ] --START--
INFO: Run Behavior\ContentReplaceBehavior [ RunTime:0.000000s ]
INFO: [ template_filter ] --END-- [ RunTime:0.000000s ]
INFO: Run Behavior\ParseTemplateBehavior [ RunTime:0.010001s ]
INFO: [ view_parse ] --END-- [ RunTime:0.010001s ]
INFO: [ view_filter ] --START--
INFO: Run Behavior\WriteHtmlCacheBehavior [ RunTime:0.001000s ]
INFO: [ view_filter ] --END-- [ RunTime:0.001000s ]
INFO: [ app_end ] --START--
INFO: Run Behavior\ShowPageTraceBehavior [ RunTime:0.001000s ]
INFO: [ app_end ] --END-- [ RunTime:0.001000s ]

[ 2017-03-20T14:14:53+08:00 ] ::1 /SignUpSys/index.php/Admin/CTree/getTree
INFO: [ app_init ] --START--
INFO: Run Behavior\BuildLiteBehavior [ RunTime:0.000000s ]
INFO: [ app_init ] --END-- [ RunTime:0.000000s ]
INFO: [ app_begin ] --START--
INFO: Run Behavior\ReadHtmlCacheBehavior [ RunTime:0.000000s ]
INFO: [ app_begin ] --END-- [ RunTime:0.000000s ]
SQL: SHOW COLUMNS FROM `su_course_tree` [ RunTime:0.0020s ]
SQL: SELECT `ctr_NodeId`,`ctr_ParentId`,ctr_Name AS name,`ctr_Level`,`ctr_Synopsis` FROM `su_course_tree`  [ RunTime:0.0010s ]
INFO: [ app_end ] --START--
INFO: Run Behavior\ShowPageTraceBehavior [ RunTime:0.000000s ]
INFO: [ app_end ] --END-- [ RunTime:0.000000s ]

[ 2017-03-20T14:14:56+08:00 ] ::1 /SignUpSys/index.php/Admin/CTree/addChild?pId=5&level=2
INFO: [ app_init ] --START--
INFO: Run Behavior\BuildLiteBehavior [ RunTime:0.000000s ]
INFO: [ app_init ] --END-- [ RunTime:0.001000s ]
INFO: [ app_begin ] --START--
INFO: Run Behavior\ReadHtmlCacheBehavior [ RunTime:0.001000s ]
INFO: [ app_begin ] --END-- [ RunTime:0.001000s ]
SQL: SHOW COLUMNS FROM `su_course_tree` [ RunTime:0.0010s ]
SQL: INSERT INTO `su_course_tree` (`ctr_ParentId`,`ctr_Level`,`ctr_Name`) VALUES ('5','3','newNode') [ RunTime:0.0610s ]
INFO: [ app_end ] --START--
INFO: Run Behavior\ShowPageTraceBehavior [ RunTime:0.001000s ]
INFO: [ app_end ] --END-- [ RunTime:0.001000s ]

[ 2017-03-20T14:14:57+08:00 ] ::1 /SignUpSys/index.php/Admin/CTree/getTree
INFO: [ app_init ] --START--
INFO: Run Behavior\BuildLiteBehavior [ RunTime:0.000000s ]
INFO: [ app_init ] --END-- [ RunTime:0.001000s ]
INFO: [ app_begin ] --START--
INFO: Run Behavior\ReadHtmlCacheBehavior [ RunTime:0.001000s ]
INFO: [ app_begin ] --END-- [ RunTime:0.001000s ]
SQL: SHOW COLUMNS FROM `su_course_tree` [ RunTime:0.0010s ]
SQL: SELECT `ctr_NodeId`,`ctr_ParentId`,ctr_Name AS name,`ctr_Level`,`ctr_Synopsis` FROM `su_course_tree`  [ RunTime:0.0000s ]
INFO: [ app_end ] --START--
INFO: Run Behavior\ShowPageTraceBehavior [ RunTime:0.001000s ]
INFO: [ app_end ] --END-- [ RunTime:0.001000s ]

[ 2017-03-20T14:15:08+08:00 ] ::1 /SignUpSys/index.php/Admin/CTree/saveInfo?ctr_NodeId=15&ctr_Name=%E6%96%B9%E5%90%91%E4%BA%8C&ctr_Synopsis=1234
INFO: [ app_init ] --START--
INFO: Run Behavior\BuildLiteBehavior [ RunTime:0.000000s ]
INFO: [ app_init ] --END-- [ RunTime:0.000000s ]
INFO: [ app_begin ] --START--
INFO: Run Behavior\ReadHtmlCacheBehavior [ RunTime:0.000000s ]
INFO: [ app_begin ] --END-- [ RunTime:0.000000s ]
SQL: SHOW COLUMNS FROM `su_course_tree` [ RunTime:0.0010s ]
SQL: UPDATE `su_course_tree` SET `ctr_Name`='方向二',`ctr_Synopsis`='1234' WHERE `ctr_NodeId` = 15 [ RunTime:0.1000s ]
INFO: [ app_end ] --START--
INFO: Run Behavior\ShowPageTraceBehavior [ RunTime:0.000000s ]
INFO: [ app_end ] --END-- [ RunTime:0.001000s ]

[ 2017-03-20T14:15:09+08:00 ] ::1 /SignUpSys/index.php/Admin/CTree/getTree
INFO: [ app_init ] --START--
INFO: Run Behavior\BuildLiteBehavior [ RunTime:0.000000s ]
INFO: [ app_init ] --END-- [ RunTime:0.001000s ]
INFO: [ app_begin ] --START--
INFO: Run Behavior\ReadHtmlCacheBehavior [ RunTime:0.001000s ]
INFO: [ app_begin ] --END-- [ RunTime:0.001000s ]
SQL: SHOW COLUMNS FROM `su_course_tree` [ RunTime:0.0010s ]
SQL: SELECT `ctr_NodeId`,`ctr_ParentId`,ctr_Name AS name,`ctr_Level`,`ctr_Synopsis` FROM `su_course_tree`  [ RunTime:0.0000s ]
INFO: [ app_end ] --START--
INFO: Run Behavior\ShowPageTraceBehavior [ RunTime:0.001000s ]
INFO: [ app_end ] --END-- [ RunTime:0.001000s ]

[ 2017-03-20T14:15:12+08:00 ] ::1 /SignUpSys/index.php/Admin/CTree/addChild?pId=15&level=3
INFO: [ app_init ] --START--
INFO: Run Behavior\BuildLiteBehavior [ RunTime:0.000000s ]
INFO: [ app_init ] --END-- [ RunTime:0.000000s ]
INFO: [ app_begin ] --START--
INFO: Run Behavior\ReadHtmlCacheBehavior [ RunTime:0.000000s ]
INFO: [ app_begin ] --END-- [ RunTime:0.000000s ]
SQL: SHOW COLUMNS FROM `su_course_tree` [ RunTime:0.0020s ]
SQL: INSERT INTO `su_course_tree` (`ctr_ParentId`,`ctr_Level`,`ctr_Name`) VALUES ('15','4','newNode') [ RunTime:0.2350s ]
INFO: [ app_end ] --START--
INFO: Run Behavior\ShowPageTraceBehavior [ RunTime:0.001000s ]
INFO: [ app_end ] --END-- [ RunTime:0.001000s ]

[ 2017-03-20T14:15:13+08:00 ] ::1 /SignUpSys/index.php/Admin/CTree/getTree
INFO: [ app_init ] --START--
INFO: Run Behavior\BuildLiteBehavior [ RunTime:0.000000s ]
INFO: [ app_init ] --END-- [ RunTime:0.001000s ]
INFO: [ app_begin ] --START--
INFO: Run Behavior\ReadHtmlCacheBehavior [ RunTime:0.001000s ]
INFO: [ app_begin ] --END-- [ RunTime:0.001000s ]
SQL: SHOW COLUMNS FROM `su_course_tree` [ RunTime:0.0010s ]
SQL: SELECT `ctr_NodeId`,`ctr_ParentId`,ctr_Name AS name,`ctr_Level`,`ctr_Synopsis` FROM `su_course_tree`  [ RunTime:0.0010s ]
INFO: [ app_end ] --START--
INFO: Run Behavior\ShowPageTraceBehavior [ RunTime:0.000000s ]
INFO: [ app_end ] --END-- [ RunTime:0.000000s ]

[ 2017-03-20T14:15:30+08:00 ] ::1 /SignUpSys/index.php/Admin/CTree/saveInfo?ctr_NodeId=16&ctr_Name=.NET%20%E5%BC%80%E5%8F%91&ctr_Synopsis=12314
INFO: [ app_init ] --START--
INFO: Run Behavior\BuildLiteBehavior [ RunTime:0.000000s ]
INFO: [ app_init ] --END-- [ RunTime:0.001000s ]
INFO: [ app_begin ] --START--
INFO: Run Behavior\ReadHtmlCacheBehavior [ RunTime:0.001000s ]
INFO: [ app_begin ] --END-- [ RunTime:0.001000s ]
SQL: SHOW COLUMNS FROM `su_course_tree` [ RunTime:0.0020s ]
SQL: UPDATE `su_course_tree` SET `ctr_Name`='.NET 开发',`ctr_Synopsis`='12314' WHERE `ctr_NodeId` = 16 [ RunTime:0.1720s ]
INFO: [ app_end ] --START--
INFO: Run Behavior\ShowPageTraceBehavior [ RunTime:0.001000s ]
INFO: [ app_end ] --END-- [ RunTime:0.001000s ]

[ 2017-03-20T14:15:31+08:00 ] ::1 /SignUpSys/index.php/Admin/CTree/getTree
INFO: [ app_init ] --START--
INFO: Run Behavior\BuildLiteBehavior [ RunTime:0.000000s ]
INFO: [ app_init ] --END-- [ RunTime:0.001000s ]
INFO: [ app_begin ] --START--
INFO: Run Behavior\ReadHtmlCacheBehavior [ RunTime:0.001000s ]
INFO: [ app_begin ] --END-- [ RunTime:0.001000s ]
SQL: SHOW COLUMNS FROM `su_course_tree` [ RunTime:0.0010s ]
SQL: SELECT `ctr_NodeId`,`ctr_ParentId`,ctr_Name AS name,`ctr_Level`,`ctr_Synopsis` FROM `su_course_tree`  [ RunTime:0.0000s ]
INFO: [ app_end ] --START--
INFO: Run Behavior\ShowPageTraceBehavior [ RunTime:0.001000s ]
INFO: [ app_end ] --END-- [ RunTime:0.001000s ]

[ 2017-03-20T14:17:39+08:00 ] ::1 /SignUpSys/index.php/Admin/CTree/
INFO: [ app_init ] --START--
INFO: Run Behavior\BuildLiteBehavior [ RunTime:0.000000s ]
INFO: [ app_init ] --END-- [ RunTime:0.001000s ]
INFO: [ app_begin ] --START--
INFO: Run Behavior\ReadHtmlCacheBehavior [ RunTime:0.001000s ]
INFO: [ app_begin ] --END-- [ RunTime:0.001000s ]
SQL: SHOW COLUMNS FROM `su_course_tree` [ RunTime:0.0020s ]
SQL: SELECT max(ctr_NodeId) AS maxId FROM `su_course_tree`  [ RunTime:0.0000s ]
INFO: [ view_parse ] --START--
INFO: [ template_filter ] --START--
INFO: Run Behavior\ContentReplaceBehavior [ RunTime:0.000000s ]
INFO: [ template_filter ] --END-- [ RunTime:0.000000s ]
INFO: Run Behavior\ParseTemplateBehavior [ RunTime:0.006001s ]
INFO: [ view_parse ] --END-- [ RunTime:0.006001s ]
INFO: [ view_filter ] --START--
INFO: Run Behavior\WriteHtmlCacheBehavior [ RunTime:0.001000s ]
INFO: [ view_filter ] --END-- [ RunTime:0.001000s ]
INFO: [ app_end ] --START--
INFO: Run Behavior\ShowPageTraceBehavior [ RunTime:0.000000s ]
INFO: [ app_end ] --END-- [ RunTime:0.000000s ]

[ 2017-03-20T14:17:39+08:00 ] ::1 /SignUpSys/index.php/Admin/CTree/getTree
INFO: [ app_init ] --START--
INFO: Run Behavior\BuildLiteBehavior [ RunTime:0.000000s ]
INFO: [ app_init ] --END-- [ RunTime:0.000000s ]
INFO: [ app_begin ] --START--
INFO: Run Behavior\ReadHtmlCacheBehavior [ RunTime:0.001000s ]
INFO: [ app_begin ] --END-- [ RunTime:0.001000s ]
SQL: SHOW COLUMNS FROM `su_course_tree` [ RunTime:0.0020s ]
SQL: SELECT `ctr_NodeId`,`ctr_ParentId`,ctr_Name AS name,`ctr_Level`,`ctr_Synopsis` FROM `su_course_tree`  [ RunTime:0.0000s ]
INFO: [ app_end ] --START--
INFO: Run Behavior\ShowPageTraceBehavior [ RunTime:0.000000s ]
INFO: [ app_end ] --END-- [ RunTime:0.001000s ]

[ 2017-03-20T14:17:41+08:00 ] ::1 /SignUpSys/index.php/Admin/CTree/addChild?pId=15&level=3
INFO: [ app_init ] --START--
INFO: Run Behavior\BuildLiteBehavior [ RunTime:0.000000s ]
INFO: [ app_init ] --END-- [ RunTime:0.000000s ]
INFO: [ app_begin ] --START--
INFO: Run Behavior\ReadHtmlCacheBehavior [ RunTime:0.000000s ]
INFO: [ app_begin ] --END-- [ RunTime:0.000000s ]
SQL: SHOW COLUMNS FROM `su_course_tree` [ RunTime:0.0020s ]
SQL: INSERT INTO `su_course_tree` (`ctr_ParentId`,`ctr_Level`,`ctr_Name`) VALUES ('15','4','newNode') [ RunTime:0.0760s ]
INFO: [ app_end ] --START--
INFO: Run Behavior\ShowPageTraceBehavior [ RunTime:0.001000s ]
INFO: [ app_end ] --END-- [ RunTime:0.001000s ]

[ 2017-03-20T14:17:42+08:00 ] ::1 /SignUpSys/index.php/Admin/CTree/getTree
INFO: [ app_init ] --START--
INFO: Run Behavior\BuildLiteBehavior [ RunTime:0.000000s ]
INFO: [ app_init ] --END-- [ RunTime:0.001000s ]
INFO: [ app_begin ] --START--
INFO: Run Behavior\ReadHtmlCacheBehavior [ RunTime:0.000000s ]
INFO: [ app_begin ] --END-- [ RunTime:0.000000s ]
SQL: SHOW COLUMNS FROM `su_course_tree` [ RunTime:0.0010s ]
SQL: SELECT `ctr_NodeId`,`ctr_ParentId`,ctr_Name AS name,`ctr_Level`,`ctr_Synopsis` FROM `su_course_tree`  [ RunTime:0.0010s ]
INFO: [ app_end ] --START--
INFO: Run Behavior\ShowPageTraceBehavior [ RunTime:0.000000s ]
INFO: [ app_end ] --END-- [ RunTime:0.000000s ]

[ 2017-03-20T14:17:57+08:00 ] ::1 /SignUpSys/index.php/Admin/CTree/saveInfo?ctr_NodeId=17&ctr_Name=.Net%E6%A1%86%E6%9E%B6%E5%BC%80%E5%8F%91&ctr_Synopsis=%C2%B7123
INFO: [ app_init ] --START--
INFO: Run Behavior\BuildLiteBehavior [ RunTime:0.000000s ]
INFO: [ app_init ] --END-- [ RunTime:0.000000s ]
INFO: [ app_begin ] --START--
INFO: Run Behavior\ReadHtmlCacheBehavior [ RunTime:0.001000s ]
INFO: [ app_begin ] --END-- [ RunTime:0.001000s ]
SQL: SHOW COLUMNS FROM `su_course_tree` [ RunTime:0.0020s ]
SQL: UPDATE `su_course_tree` SET `ctr_Name`='.Net框架开发',`ctr_Synopsis`='·123' WHERE `ctr_NodeId` = 17 [ RunTime:0.0960s ]
INFO: [ app_end ] --START--
INFO: Run Behavior\ShowPageTraceBehavior [ RunTime:0.001000s ]
INFO: [ app_end ] --END-- [ RunTime:0.001000s ]

[ 2017-03-20T14:17:57+08:00 ] ::1 /SignUpSys/index.php/Admin/CTree/getTree
INFO: [ app_init ] --START--
INFO: Run Behavior\BuildLiteBehavior [ RunTime:0.000000s ]
INFO: [ app_init ] --END-- [ RunTime:0.001000s ]
INFO: [ app_begin ] --START--
INFO: Run Behavior\ReadHtmlCacheBehavior [ RunTime:0.001000s ]
INFO: [ app_begin ] --END-- [ RunTime:0.001000s ]
SQL: SHOW COLUMNS FROM `su_course_tree` [ RunTime:0.0010s ]
SQL: SELECT `ctr_NodeId`,`ctr_ParentId`,ctr_Name AS name,`ctr_Level`,`ctr_Synopsis` FROM `su_course_tree`  [ RunTime:0.0010s ]
INFO: [ app_end ] --START--
INFO: Run Behavior\ShowPageTraceBehavior [ RunTime:0.000000s ]
INFO: [ app_end ] --END-- [ RunTime:0.000000s ]

[ 2017-03-20T17:05:40+08:00 ] ::1 /SignUpSys/index.php/Admin/CTree/
INFO: [ app_init ] --START--
INFO: Run Behavior\BuildLiteBehavior [ RunTime:0.000000s ]
INFO: [ app_init ] --END-- [ RunTime:0.000000s ]
INFO: [ app_begin ] --START--
INFO: Run Behavior\ReadHtmlCacheBehavior [ RunTime:0.001000s ]
INFO: [ app_begin ] --END-- [ RunTime:0.001000s ]
SQL: SHOW COLUMNS FROM `su_course_tree` [ RunTime:0.0020s ]
SQL: SELECT max(ctr_NodeId) AS maxId FROM `su_course_tree`  [ RunTime:0.0000s ]
INFO: [ view_parse ] --START--
INFO: [ template_filter ] --START--
INFO: Run Behavior\ContentReplaceBehavior [ RunTime:0.000000s ]
INFO: [ template_filter ] --END-- [ RunTime:0.000000s ]
INFO: Run Behavior\ParseTemplateBehavior [ RunTime:0.006000s ]
INFO: [ view_parse ] --END-- [ RunTime:0.007000s ]
INFO: [ view_filter ] --START--
INFO: Run Behavior\WriteHtmlCacheBehavior [ RunTime:0.000000s ]
INFO: [ view_filter ] --END-- [ RunTime:0.000000s ]
INFO: [ app_end ] --START--
INFO: Run Behavior\ShowPageTraceBehavior [ RunTime:0.001000s ]
INFO: [ app_end ] --END-- [ RunTime:0.001000s ]

[ 2017-03-20T17:05:40+08:00 ] ::1 /SignUpSys/index.php/Admin/CTree/getTree
INFO: [ app_init ] --START--
INFO: Run Behavior\BuildLiteBehavior [ RunTime:0.000000s ]
INFO: [ app_init ] --END-- [ RunTime:0.001000s ]
INFO: [ app_begin ] --START--
INFO: Run Behavior\ReadHtmlCacheBehavior [ RunTime:0.001000s ]
INFO: [ app_begin ] --END-- [ RunTime:0.001000s ]
SQL: SHOW COLUMNS FROM `su_course_tree` [ RunTime:0.0010s ]
SQL: SELECT `ctr_NodeId`,`ctr_ParentId`,ctr_Name AS name,`ctr_Level`,`ctr_Synopsis` FROM `su_course_tree`  [ RunTime:0.0010s ]
INFO: [ app_end ] --START--
INFO: Run Behavior\ShowPageTraceBehavior [ RunTime:0.000000s ]
INFO: [ app_end ] --END-- [ RunTime:0.000000s ]

[ 2017-03-20T17:06:02+08:00 ] ::1 /SignUpSys/index.php/Admin/CTree/
INFO: [ app_init ] --START--
INFO: Run Behavior\BuildLiteBehavior [ RunTime:0.000000s ]
INFO: [ app_init ] --END-- [ RunTime:0.001000s ]
INFO: [ app_begin ] --START--
INFO: Run Behavior\ReadHtmlCacheBehavior [ RunTime:0.000000s ]
INFO: [ app_begin ] --END-- [ RunTime:0.000000s ]
SQL: SHOW COLUMNS FROM `su_course_tree` [ RunTime:0.0010s ]
SQL: SELECT max(ctr_NodeId) AS maxId FROM `su_course_tree`  [ RunTime:0.0000s ]
INFO: [ view_parse ] --START--
INFO: [ template_filter ] --START--
INFO: Run Behavior\ContentReplaceBehavior [ RunTime:0.000000s ]
INFO: [ template_filter ] --END-- [ RunTime:0.000000s ]
INFO: Run Behavior\ParseTemplateBehavior [ RunTime:0.006001s ]
INFO: [ view_parse ] --END-- [ RunTime:0.006001s ]
INFO: [ view_filter ] --START--
INFO: Run Behavior\WriteHtmlCacheBehavior [ RunTime:0.000000s ]
INFO: [ view_filter ] --END-- [ RunTime:0.000000s ]
INFO: [ app_end ] --START--
INFO: Run Behavior\ShowPageTraceBehavior [ RunTime:0.001000s ]
INFO: [ app_end ] --END-- [ RunTime:0.001000s ]

[ 2017-03-20T17:06:02+08:00 ] ::1 /SignUpSys/index.php/Admin/CTree/getTree
INFO: [ app_init ] --START--
INFO: Run Behavior\BuildLiteBehavior [ RunTime:0.000000s ]
INFO: [ app_init ] --END-- [ RunTime:0.001000s ]
INFO: [ app_begin ] --START--
INFO: Run Behavior\ReadHtmlCacheBehavior [ RunTime:0.000000s ]
INFO: [ app_begin ] --END-- [ RunTime:0.000000s ]
SQL: SHOW COLUMNS FROM `su_course_tree` [ RunTime:0.0020s ]
SQL: SELECT `ctr_NodeId`,`ctr_ParentId`,ctr_Name AS name,`ctr_Level`,`ctr_Synopsis` FROM `su_course_tree`  [ RunTime:0.0010s ]
INFO: [ app_end ] --START--
INFO: Run Behavior\ShowPageTraceBehavior [ RunTime:0.001000s ]
INFO: [ app_end ] --END-- [ RunTime:0.001000s ]

[ 2017-03-20T17:06:25+08:00 ] ::1 /SignUpSys/index.php/Admin/CTree/
INFO: [ app_init ] --START--
INFO: Run Behavior\BuildLiteBehavior [ RunTime:0.000000s ]
INFO: [ app_init ] --END-- [ RunTime:0.000000s ]
INFO: [ app_begin ] --START--
INFO: Run Behavior\ReadHtmlCacheBehavior [ RunTime:0.001000s ]
INFO: [ app_begin ] --END-- [ RunTime:0.001000s ]
SQL: SHOW COLUMNS FROM `su_course_tree` [ RunTime:0.0020s ]
SQL: SELECT max(ctr_NodeId) AS maxId FROM `su_course_tree`  [ RunTime:0.0010s ]
INFO: [ view_parse ] --START--
INFO: [ template_filter ] --START--
INFO: Run Behavior\ContentReplaceBehavior [ RunTime:0.000000s ]
INFO: [ template_filter ] --END-- [ RunTime:0.000000s ]
INFO: Run Behavior\ParseTemplateBehavior [ RunTime:0.006000s ]
INFO: [ view_parse ] --END-- [ RunTime:0.006000s ]
INFO: [ view_filter ] --START--
INFO: Run Behavior\WriteHtmlCacheBehavior [ RunTime:0.000000s ]
INFO: [ view_filter ] --END-- [ RunTime:0.001000s ]
INFO: [ app_end ] --START--
INFO: Run Behavior\ShowPageTraceBehavior [ RunTime:0.001000s ]
INFO: [ app_end ] --END-- [ RunTime:0.001000s ]

[ 2017-03-20T17:06:25+08:00 ] ::1 /SignUpSys/index.php/Admin/CTree/getTree
INFO: [ app_init ] --START--
INFO: Run Behavior\BuildLiteBehavior [ RunTime:0.000000s ]
INFO: [ app_init ] --END-- [ RunTime:0.001000s ]
INFO: [ app_begin ] --START--
INFO: Run Behavior\ReadHtmlCacheBehavior [ RunTime:0.001000s ]
INFO: [ app_begin ] --END-- [ RunTime:0.001000s ]
SQL: SHOW COLUMNS FROM `su_course_tree` [ RunTime:0.0030s ]
SQL: SELECT `ctr_NodeId`,`ctr_ParentId`,ctr_Name AS name,`ctr_Level`,`ctr_Synopsis` FROM `su_course_tree`  [ RunTime:0.0000s ]
INFO: [ app_end ] --START--
INFO: Run Behavior\ShowPageTraceBehavior [ RunTime:0.001000s ]
INFO: [ app_end ] --END-- [ RunTime:0.001000s ]

[ 2017-03-20T17:16:39+08:00 ] ::1 /SignUpSys/index.php/Admin/CTree/
INFO: [ app_init ] --START--
INFO: Run Behavior\BuildLiteBehavior [ RunTime:0.000000s ]
INFO: [ app_init ] --END-- [ RunTime:0.001000s ]
INFO: [ app_begin ] --START--
INFO: Run Behavior\ReadHtmlCacheBehavior [ RunTime:0.000000s ]
INFO: [ app_begin ] --END-- [ RunTime:0.001000s ]
SQL: SHOW COLUMNS FROM `su_course_tree` [ RunTime:0.0020s ]
SQL: SELECT max(ctr_NodeId) AS maxId FROM `su_course_tree`  [ RunTime:0.0000s ]
INFO: [ view_parse ] --START--
INFO: [ template_filter ] --START--
INFO: Run Behavior\ContentReplaceBehavior [ RunTime:0.000000s ]
INFO: [ template_filter ] --END-- [ RunTime:0.000000s ]
INFO: Run Behavior\ParseTemplateBehavior [ RunTime:0.007001s ]
INFO: [ view_parse ] --END-- [ RunTime:0.007001s ]
INFO: [ view_filter ] --START--
INFO: Run Behavior\WriteHtmlCacheBehavior [ RunTime:0.000000s ]
INFO: [ view_filter ] --END-- [ RunTime:0.000000s ]
INFO: [ app_end ] --START--
INFO: Run Behavior\ShowPageTraceBehavior [ RunTime:0.000000s ]
INFO: [ app_end ] --END-- [ RunTime:0.000000s ]

[ 2017-03-20T17:16:40+08:00 ] ::1 /SignUpSys/index.php/Admin/CTree/getTree
INFO: [ app_init ] --START--
INFO: Run Behavior\BuildLiteBehavior [ RunTime:0.000000s ]
INFO: [ app_init ] --END-- [ RunTime:0.000000s ]
INFO: [ app_begin ] --START--
INFO: Run Behavior\ReadHtmlCacheBehavior [ RunTime:0.001000s ]
INFO: [ app_begin ] --END-- [ RunTime:0.001000s ]
SQL: SHOW COLUMNS FROM `su_course_tree` [ RunTime:0.0020s ]
SQL: SELECT `ctr_NodeId`,`ctr_ParentId`,ctr_Name AS name,`ctr_Level`,`ctr_Synopsis` FROM `su_course_tree`  [ RunTime:0.0000s ]
INFO: [ app_end ] --START--
INFO: Run Behavior\ShowPageTraceBehavior [ RunTime:0.001000s ]
INFO: [ app_end ] --END-- [ RunTime:0.001000s ]

[ 2017-03-20T17:49:25+08:00 ] ::1 /SignUpSys/index.php/Admin/CTree/
INFO: [ app_init ] --START--
INFO: Run Behavior\BuildLiteBehavior [ RunTime:0.000000s ]
INFO: [ app_init ] --END-- [ RunTime:0.000000s ]
INFO: [ app_begin ] --START--
INFO: Run Behavior\ReadHtmlCacheBehavior [ RunTime:0.001000s ]
INFO: [ app_begin ] --END-- [ RunTime:0.001000s ]
SQL: SHOW COLUMNS FROM `su_course_tree` [ RunTime:0.0020s ]
SQL: SELECT max(ctr_NodeId) AS maxId FROM `su_course_tree`  [ RunTime:0.0000s ]
INFO: [ view_parse ] --START--
INFO: [ template_filter ] --START--
INFO: Run Behavior\ContentReplaceBehavior [ RunTime:0.000000s ]
INFO: [ template_filter ] --END-- [ RunTime:0.000000s ]
INFO: Run Behavior\ParseTemplateBehavior [ RunTime:0.007000s ]
INFO: [ view_parse ] --END-- [ RunTime:0.007000s ]
INFO: [ view_filter ] --START--
INFO: Run Behavior\WriteHtmlCacheBehavior [ RunTime:0.000000s ]
INFO: [ view_filter ] --END-- [ RunTime:0.000000s ]
INFO: [ app_end ] --START--
INFO: Run Behavior\ShowPageTraceBehavior [ RunTime:0.001000s ]
INFO: [ app_end ] --END-- [ RunTime:0.001000s ]

[ 2017-03-20T17:49:25+08:00 ] ::1 /SignUpSys/index.php/Admin/CTree/getTree
INFO: [ app_init ] --START--
INFO: Run Behavior\BuildLiteBehavior [ RunTime:0.000000s ]
INFO: [ app_init ] --END-- [ RunTime:0.000000s ]
INFO: [ app_begin ] --START--
INFO: Run Behavior\ReadHtmlCacheBehavior [ RunTime:0.001000s ]
INFO: [ app_begin ] --END-- [ RunTime:0.001000s ]
SQL: SHOW COLUMNS FROM `su_course_tree` [ RunTime:0.0010s ]
SQL: SELECT `ctr_NodeId`,`ctr_ParentId`,ctr_Name AS name,`ctr_Limit`,`ctr_Level`,`ctr_Synopsis` FROM `su_course_tree`  [ RunTime:0.0000s ]
INFO: [ app_end ] --START--
INFO: Run Behavior\ShowPageTraceBehavior [ RunTime:0.000000s ]
INFO: [ app_end ] --END-- [ RunTime:0.000000s ]

[ 2017-03-20T17:50:17+08:00 ] ::1 /SignUpSys/index.php/Admin/CTree/
INFO: [ app_init ] --START--
INFO: Run Behavior\BuildLiteBehavior [ RunTime:0.000000s ]
INFO: [ app_init ] --END-- [ RunTime:0.001000s ]
INFO: [ app_begin ] --START--
INFO: Run Behavior\ReadHtmlCacheBehavior [ RunTime:0.001000s ]
INFO: [ app_begin ] --END-- [ RunTime:0.001000s ]
SQL: SHOW COLUMNS FROM `su_course_tree` [ RunTime:0.0010s ]
SQL: SELECT max(ctr_NodeId) AS maxId FROM `su_course_tree`  [ RunTime:0.0000s ]
INFO: [ view_parse ] --START--
INFO: [ template_filter ] --START--
INFO: Run Behavior\ContentReplaceBehavior [ RunTime:0.000000s ]
INFO: [ template_filter ] --END-- [ RunTime:0.000000s ]
INFO: Run Behavior\ParseTemplateBehavior [ RunTime:0.006000s ]
INFO: [ view_parse ] --END-- [ RunTime:0.007000s ]
INFO: [ view_filter ] --START--
INFO: Run Behavior\WriteHtmlCacheBehavior [ RunTime:0.000000s ]
INFO: [ view_filter ] --END-- [ RunTime:0.000000s ]
INFO: [ app_end ] --START--
INFO: Run Behavior\ShowPageTraceBehavior [ RunTime:0.001000s ]
INFO: [ app_end ] --END-- [ RunTime:0.001000s ]

[ 2017-03-20T17:50:20+08:00 ] ::1 /SignUpSys/index.php/Admin/CTree/
INFO: [ app_init ] --START--
INFO: Run Behavior\BuildLiteBehavior [ RunTime:0.000000s ]
INFO: [ app_init ] --END-- [ RunTime:0.001000s ]
INFO: [ app_begin ] --START--
INFO: Run Behavior\ReadHtmlCacheBehavior [ RunTime:0.001000s ]
INFO: [ app_begin ] --END-- [ RunTime:0.001000s ]
SQL: SHOW COLUMNS FROM `su_course_tree` [ RunTime:0.0050s ]
SQL: SELECT max(ctr_NodeId) AS maxId FROM `su_course_tree`  [ RunTime:0.0000s ]
INFO: [ view_parse ] --START--
INFO: [ template_filter ] --START--
INFO: Run Behavior\ContentReplaceBehavior [ RunTime:0.000000s ]
INFO: [ template_filter ] --END-- [ RunTime:0.000000s ]
INFO: Run Behavior\ParseTemplateBehavior [ RunTime:0.007001s ]
INFO: [ view_parse ] --END-- [ RunTime:0.007001s ]
INFO: [ view_filter ] --START--
INFO: Run Behavior\WriteHtmlCacheBehavior [ RunTime:0.001000s ]
INFO: [ view_filter ] --END-- [ RunTime:0.001000s ]
INFO: [ app_end ] --START--
INFO: Run Behavior\ShowPageTraceBehavior [ RunTime:0.000000s ]
INFO: [ app_end ] --END-- [ RunTime:0.000000s ]

[ 2017-03-20T17:50:21+08:00 ] ::1 /SignUpSys/index.php/Admin/CTree/
INFO: [ app_init ] --START--
INFO: Run Behavior\BuildLiteBehavior [ RunTime:0.000000s ]
INFO: [ app_init ] --END-- [ RunTime:0.000000s ]
INFO: [ app_begin ] --START--
INFO: Run Behavior\ReadHtmlCacheBehavior [ RunTime:0.000000s ]
INFO: [ app_begin ] --END-- [ RunTime:0.000000s ]
SQL: SHOW COLUMNS FROM `su_course_tree` [ RunTime:0.0010s ]
SQL: SELECT max(ctr_NodeId) AS maxId FROM `su_course_tree`  [ RunTime:0.0000s ]
INFO: [ view_parse ] --START--
INFO: [ template_filter ] --START--
INFO: Run Behavior\ContentReplaceBehavior [ RunTime:0.000000s ]
INFO: [ template_filter ] --END-- [ RunTime:0.001000s ]
INFO: Run Behavior\ParseTemplateBehavior [ RunTime:0.006000s ]
INFO: [ view_parse ] --END-- [ RunTime:0.006000s ]
INFO: [ view_filter ] --START--
INFO: Run Behavior\WriteHtmlCacheBehavior [ RunTime:0.001000s ]
INFO: [ view_filter ] --END-- [ RunTime:0.001000s ]
INFO: [ app_end ] --START--
INFO: Run Behavior\ShowPageTraceBehavior [ RunTime:0.002000s ]
INFO: [ app_end ] --END-- [ RunTime:0.002000s ]

[ 2017-03-20T17:50:30+08:00 ] ::1 /SignUpSys/index.php/Admin/CTree/
INFO: [ app_init ] --START--
INFO: Run Behavior\BuildLiteBehavior [ RunTime:0.000000s ]
INFO: [ app_init ] --END-- [ RunTime:0.001000s ]
INFO: [ app_begin ] --START--
INFO: Run Behavior\ReadHtmlCacheBehavior [ RunTime:0.000000s ]
INFO: [ app_begin ] --END-- [ RunTime:0.000000s ]
SQL: SHOW COLUMNS FROM `su_course_tree` [ RunTime:0.0020s ]
SQL: SELECT max(ctr_NodeId) AS maxId FROM `su_course_tree`  [ RunTime:0.0000s ]
INFO: [ view_parse ] --START--
INFO: [ template_filter ] --START--
INFO: Run Behavior\ContentReplaceBehavior [ RunTime:0.000000s ]
INFO: [ template_filter ] --END-- [ RunTime:0.000000s ]
INFO: Run Behavior\ParseTemplateBehavior [ RunTime:0.007000s ]
INFO: [ view_parse ] --END-- [ RunTime:0.007000s ]
INFO: [ view_filter ] --START--
INFO: Run Behavior\WriteHtmlCacheBehavior [ RunTime:0.000000s ]
INFO: [ view_filter ] --END-- [ RunTime:0.000000s ]
INFO: [ app_end ] --START--
INFO: Run Behavior\ShowPageTraceBehavior [ RunTime:0.000000s ]
INFO: [ app_end ] --END-- [ RunTime:0.001000s ]

[ 2017-03-20T17:50:31+08:00 ] ::1 /SignUpSys/index.php/Admin/CTree/
INFO: [ app_init ] --START--
INFO: Run Behavior\BuildLiteBehavior [ RunTime:0.000000s ]
INFO: [ app_init ] --END-- [ RunTime:0.000000s ]
INFO: [ app_begin ] --START--
INFO: Run Behavior\ReadHtmlCacheBehavior [ RunTime:0.001000s ]
INFO: [ app_begin ] --END-- [ RunTime:0.001000s ]
SQL: SHOW COLUMNS FROM `su_course_tree` [ RunTime:0.0020s ]
SQL: SELECT max(ctr_NodeId) AS maxId FROM `su_course_tree`  [ RunTime:0.0000s ]
INFO: [ view_parse ] --START--
INFO: [ template_filter ] --START--
INFO: Run Behavior\ContentReplaceBehavior [ RunTime:0.000000s ]
INFO: [ template_filter ] --END-- [ RunTime:0.000000s ]
INFO: Run Behavior\ParseTemplateBehavior [ RunTime:0.006001s ]
INFO: [ view_parse ] --END-- [ RunTime:0.006001s ]
INFO: [ view_filter ] --START--
INFO: Run Behavior\WriteHtmlCacheBehavior [ RunTime:0.000000s ]
INFO: [ view_filter ] --END-- [ RunTime:0.000000s ]
INFO: [ app_end ] --START--
INFO: Run Behavior\ShowPageTraceBehavior [ RunTime:0.003000s ]
INFO: [ app_end ] --END-- [ RunTime:0.003000s ]

[ 2017-03-20T17:50:31+08:00 ] ::1 /SignUpSys/index.php/Admin/CTree/
INFO: [ app_init ] --START--
INFO: Run Behavior\BuildLiteBehavior [ RunTime:0.000000s ]
INFO: [ app_init ] --END-- [ RunTime:0.001000s ]
INFO: [ app_begin ] --START--
INFO: Run Behavior\ReadHtmlCacheBehavior [ RunTime:0.001000s ]
INFO: [ app_begin ] --END-- [ RunTime:0.001000s ]
SQL: SHOW COLUMNS FROM `su_course_tree` [ RunTime:0.0020s ]
SQL: SELECT max(ctr_NodeId) AS maxId FROM `su_course_tree`  [ RunTime:0.0000s ]
INFO: [ view_parse ] --START--
INFO: [ template_filter ] --START--
INFO: Run Behavior\ContentReplaceBehavior [ RunTime:0.001000s ]
INFO: [ template_filter ] --END-- [ RunTime:0.001000s ]
INFO: Run Behavior\ParseTemplateBehavior [ RunTime:0.008001s ]
INFO: [ view_parse ] --END-- [ RunTime:0.008001s ]
INFO: [ view_filter ] --START--
INFO: Run Behavior\WriteHtmlCacheBehavior [ RunTime:0.000000s ]
INFO: [ view_filter ] --END-- [ RunTime:0.000000s ]
INFO: [ app_end ] --START--
INFO: Run Behavior\ShowPageTraceBehavior [ RunTime:0.001000s ]
INFO: [ app_end ] --END-- [ RunTime:0.001000s ]

[ 2017-03-20T17:50:32+08:00 ] ::1 /SignUpSys/index.php/Admin/CTree/
INFO: [ app_init ] --START--
INFO: Run Behavior\BuildLiteBehavior [ RunTime:0.000000s ]
INFO: [ app_init ] --END-- [ RunTime:0.000000s ]
INFO: [ app_begin ] --START--
INFO: Run Behavior\ReadHtmlCacheBehavior [ RunTime:0.001000s ]
INFO: [ app_begin ] --END-- [ RunTime:0.001000s ]
SQL: SHOW COLUMNS FROM `su_course_tree` [ RunTime:0.0030s ]
SQL: SELECT max(ctr_NodeId) AS maxId FROM `su_course_tree`  [ RunTime:0.0000s ]
INFO: [ view_parse ] --START--
INFO: [ template_filter ] --START--
INFO: Run Behavior\ContentReplaceBehavior [ RunTime:0.001000s ]
INFO: [ template_filter ] --END-- [ RunTime:0.001000s ]
INFO: Run Behavior\ParseTemplateBehavior [ RunTime:0.010000s ]
INFO: [ view_parse ] --END-- [ RunTime:0.010000s ]
INFO: [ view_filter ] --START--
INFO: Run Behavior\WriteHtmlCacheBehavior [ RunTime:0.000000s ]
INFO: [ view_filter ] --END-- [ RunTime:0.000000s ]
INFO: [ app_end ] --START--
INFO: Run Behavior\ShowPageTraceBehavior [ RunTime:0.001000s ]
INFO: [ app_end ] --END-- [ RunTime:0.002000s ]

[ 2017-03-20T17:50:32+08:00 ] ::1 /SignUpSys/index.php/Admin/CTree/
INFO: [ app_init ] --START--
INFO: Run Behavior\BuildLiteBehavior [ RunTime:0.000000s ]
INFO: [ app_init ] --END-- [ RunTime:0.000000s ]
INFO: [ app_begin ] --START--
INFO: Run Behavior\ReadHtmlCacheBehavior [ RunTime:0.001000s ]
INFO: [ app_begin ] --END-- [ RunTime:0.001000s ]
SQL: SHOW COLUMNS FROM `su_course_tree` [ RunTime:0.0020s ]
SQL: SELECT max(ctr_NodeId) AS maxId FROM `su_course_tree`  [ RunTime:0.0010s ]
INFO: [ view_parse ] --START--
INFO: [ template_filter ] --START--
INFO: Run Behavior\ContentReplaceBehavior [ RunTime:0.000000s ]
INFO: [ template_filter ] --END-- [ RunTime:0.000000s ]
INFO: Run Behavior\ParseTemplateBehavior [ RunTime:0.007000s ]
INFO: [ view_parse ] --END-- [ RunTime:0.007000s ]
INFO: [ view_filter ] --START--
INFO: Run Behavior\WriteHtmlCacheBehavior [ RunTime:0.001000s ]
INFO: [ view_filter ] --END-- [ RunTime:0.001000s ]
INFO: [ app_end ] --START--
INFO: Run Behavior\ShowPageTraceBehavior [ RunTime:0.001000s ]
INFO: [ app_end ] --END-- [ RunTime:0.001000s ]

[ 2017-03-20T17:50:32+08:00 ] ::1 /SignUpSys/index.php/Admin/CTree/
INFO: [ app_init ] --START--
INFO: Run Behavior\BuildLiteBehavior [ RunTime:0.000000s ]
INFO: [ app_init ] --END-- [ RunTime:0.000000s ]
INFO: [ app_begin ] --START--
INFO: Run Behavior\ReadHtmlCacheBehavior [ RunTime:0.001000s ]
INFO: [ app_begin ] --END-- [ RunTime:0.001000s ]
SQL: SHOW COLUMNS FROM `su_course_tree` [ RunTime:0.0020s ]
SQL: SELECT max(ctr_NodeId) AS maxId FROM `su_course_tree`  [ RunTime:0.0000s ]
INFO: [ view_parse ] --START--
INFO: [ template_filter ] --START--
INFO: Run Behavior\ContentReplaceBehavior [ RunTime:0.000000s ]
INFO: [ template_filter ] --END-- [ RunTime:0.000000s ]
INFO: Run Behavior\ParseTemplateBehavior [ RunTime:0.008000s ]
INFO: [ view_parse ] --END-- [ RunTime:0.009001s ]
INFO: [ view_filter ] --START--
INFO: Run Behavior\WriteHtmlCacheBehavior [ RunTime:0.000000s ]
INFO: [ view_filter ] --END-- [ RunTime:0.000000s ]
INFO: [ app_end ] --START--
INFO: Run Behavior\ShowPageTraceBehavior [ RunTime:0.001000s ]
INFO: [ app_end ] --END-- [ RunTime:0.001000s ]

[ 2017-03-20T17:50:42+08:00 ] ::1 /SignUpSys/index.php/Admin/CTree/
INFO: [ app_init ] --START--
INFO: Run Behavior\BuildLiteBehavior [ RunTime:0.000000s ]
INFO: [ app_init ] --END-- [ RunTime:0.000000s ]
INFO: [ app_begin ] --START--
INFO: Run Behavior\ReadHtmlCacheBehavior [ RunTime:0.001000s ]
INFO: [ app_begin ] --END-- [ RunTime:0.001000s ]
SQL: SHOW COLUMNS FROM `su_course_tree` [ RunTime:0.0020s ]
SQL: SELECT max(ctr_NodeId) AS maxId FROM `su_course_tree`  [ RunTime:0.0000s ]
INFO: [ view_parse ] --START--
INFO: [ template_filter ] --START--
INFO: Run Behavior\ContentReplaceBehavior [ RunTime:0.000000s ]
INFO: [ template_filter ] --END-- [ RunTime:0.000000s ]
INFO: Run Behavior\ParseTemplateBehavior [ RunTime:0.006000s ]
INFO: [ view_parse ] --END-- [ RunTime:0.006000s ]
INFO: [ view_filter ] --START--
INFO: Run Behavior\WriteHtmlCacheBehavior [ RunTime:0.001000s ]
INFO: [ view_filter ] --END-- [ RunTime:0.001000s ]
INFO: [ app_end ] --START--
INFO: Run Behavior\ShowPageTraceBehavior [ RunTime:0.000000s ]
INFO: [ app_end ] --END-- [ RunTime:0.000000s ]

[ 2017-03-20T17:50:42+08:00 ] ::1 /SignUpSys/index.php/Admin/CTree/getTree
INFO: [ app_init ] --START--
INFO: Run Behavior\BuildLiteBehavior [ RunTime:0.000000s ]
INFO: [ app_init ] --END-- [ RunTime:0.000000s ]
INFO: [ app_begin ] --START--
INFO: Run Behavior\ReadHtmlCacheBehavior [ RunTime:0.000000s ]
INFO: [ app_begin ] --END-- [ RunTime:0.000000s ]
SQL: SHOW COLUMNS FROM `su_course_tree` [ RunTime:0.0020s ]
SQL: SELECT `ctr_NodeId`,`ctr_ParentId`,ctr_Name AS name,`ctr_Limit`,`ctr_Level`,`ctr_Synopsis` FROM `su_course_tree`  [ RunTime:0.0000s ]
INFO: [ app_end ] --START--
INFO: Run Behavior\ShowPageTraceBehavior [ RunTime:0.000000s ]
INFO: [ app_end ] --END-- [ RunTime:0.000000s ]

[ 2017-03-20T17:53:48+08:00 ] ::1 /SignUpSys/index.php/Admin/CTree/
INFO: [ app_init ] --START--
INFO: Run Behavior\BuildLiteBehavior [ RunTime:0.000000s ]
INFO: [ app_init ] --END-- [ RunTime:0.001000s ]
INFO: [ app_begin ] --START--
INFO: Run Behavior\ReadHtmlCacheBehavior [ RunTime:0.000000s ]
INFO: [ app_begin ] --END-- [ RunTime:0.000000s ]
SQL: SHOW COLUMNS FROM `su_course_tree` [ RunTime:0.0020s ]
SQL: SELECT max(ctr_NodeId) AS maxId FROM `su_course_tree`  [ RunTime:0.0000s ]
INFO: [ view_parse ] --START--
INFO: [ template_filter ] --START--
INFO: Run Behavior\ContentReplaceBehavior [ RunTime:0.000000s ]
INFO: [ template_filter ] --END-- [ RunTime:0.000000s ]
INFO: Run Behavior\ParseTemplateBehavior [ RunTime:0.006001s ]
INFO: [ view_parse ] --END-- [ RunTime:0.006001s ]
INFO: [ view_filter ] --START--
INFO: Run Behavior\WriteHtmlCacheBehavior [ RunTime:0.000000s ]
INFO: [ view_filter ] --END-- [ RunTime:0.000000s ]
INFO: [ app_end ] --START--
INFO: Run Behavior\ShowPageTraceBehavior [ RunTime:0.001000s ]
INFO: [ app_end ] --END-- [ RunTime:0.001000s ]

[ 2017-03-20T17:53:48+08:00 ] ::1 /SignUpSys/index.php/Admin/CTree/getTree
INFO: [ app_init ] --START--
INFO: Run Behavior\BuildLiteBehavior [ RunTime:0.000000s ]
INFO: [ app_init ] --END-- [ RunTime:0.000000s ]
INFO: [ app_begin ] --START--
INFO: Run Behavior\ReadHtmlCacheBehavior [ RunTime:0.001000s ]
INFO: [ app_begin ] --END-- [ RunTime:0.001000s ]
SQL: SHOW COLUMNS FROM `su_course_tree` [ RunTime:0.0010s ]
SQL: SELECT `ctr_NodeId`,`ctr_ParentId`,ctr_Name AS name,`ctr_Limit`,`ctr_Level`,`ctr_Synopsis` FROM `su_course_tree`  [ RunTime:0.0000s ]
INFO: [ app_end ] --START--
INFO: Run Behavior\ShowPageTraceBehavior [ RunTime:0.001000s ]
INFO: [ app_end ] --END-- [ RunTime:0.001000s ]

[ 2017-03-20T17:54:17+08:00 ] ::1 /SignUpSys/index.php/Admin/CTree/
INFO: [ app_init ] --START--
INFO: Run Behavior\BuildLiteBehavior [ RunTime:0.000000s ]
INFO: [ app_init ] --END-- [ RunTime:0.000000s ]
INFO: [ app_begin ] --START--
INFO: Run Behavior\ReadHtmlCacheBehavior [ RunTime:0.000000s ]
INFO: [ app_begin ] --END-- [ RunTime:0.000000s ]
SQL: SHOW COLUMNS FROM `su_course_tree` [ RunTime:0.0020s ]
SQL: SELECT max(ctr_NodeId) AS maxId FROM `su_course_tree`  [ RunTime:0.0000s ]
INFO: [ view_parse ] --START--
INFO: [ template_filter ] --START--
INFO: Run Behavior\ContentReplaceBehavior [ RunTime:0.000000s ]
INFO: [ template_filter ] --END-- [ RunTime:0.000000s ]
INFO: Run Behavior\ParseTemplateBehavior [ RunTime:0.007001s ]
INFO: [ view_parse ] --END-- [ RunTime:0.007001s ]
INFO: [ view_filter ] --START--
INFO: Run Behavior\WriteHtmlCacheBehavior [ RunTime:0.001000s ]
INFO: [ view_filter ] --END-- [ RunTime:0.001000s ]
INFO: [ app_end ] --START--
INFO: Run Behavior\ShowPageTraceBehavior [ RunTime:0.001000s ]
INFO: [ app_end ] --END-- [ RunTime:0.001000s ]

[ 2017-03-20T17:54:18+08:00 ] ::1 /SignUpSys/index.php/Admin/CTree/getTree
INFO: [ app_init ] --START--
INFO: Run Behavior\BuildLiteBehavior [ RunTime:0.000000s ]
INFO: [ app_init ] --END-- [ RunTime:0.000000s ]
INFO: [ app_begin ] --START--
INFO: Run Behavior\ReadHtmlCacheBehavior [ RunTime:0.001000s ]
INFO: [ app_begin ] --END-- [ RunTime:0.001000s ]
SQL: SHOW COLUMNS FROM `su_course_tree` [ RunTime:0.0020s ]
SQL: SELECT `ctr_NodeId`,`ctr_ParentId`,ctr_Name AS name,`ctr_Limit`,`ctr_Level`,`ctr_Synopsis` FROM `su_course_tree`  [ RunTime:0.0000s ]
INFO: [ app_end ] --START--
INFO: Run Behavior\ShowPageTraceBehavior [ RunTime:0.001000s ]
INFO: [ app_end ] --END-- [ RunTime:0.001000s ]

[ 2017-03-20T17:59:37+08:00 ] ::1 /SignUpSys/index.php/Admin/CTree/
INFO: [ app_init ] --START--
INFO: Run Behavior\BuildLiteBehavior [ RunTime:0.000000s ]
INFO: [ app_init ] --END-- [ RunTime:0.000000s ]
INFO: [ app_begin ] --START--
INFO: Run Behavior\ReadHtmlCacheBehavior [ RunTime:0.000000s ]
INFO: [ app_begin ] --END-- [ RunTime:0.000000s ]
SQL: SHOW COLUMNS FROM `su_course_tree` [ RunTime:0.0020s ]
SQL: SELECT max(ctr_NodeId) AS maxId FROM `su_course_tree`  [ RunTime:0.0000s ]
INFO: [ view_parse ] --START--
INFO: [ template_filter ] --START--
INFO: Run Behavior\ContentReplaceBehavior [ RunTime:0.001000s ]
INFO: [ template_filter ] --END-- [ RunTime:0.001000s ]
INFO: Run Behavior\ParseTemplateBehavior [ RunTime:0.006000s ]
INFO: [ view_parse ] --END-- [ RunTime:0.006000s ]
INFO: [ view_filter ] --START--
INFO: Run Behavior\WriteHtmlCacheBehavior [ RunTime:0.001000s ]
INFO: [ view_filter ] --END-- [ RunTime:0.001000s ]
INFO: [ app_end ] --START--
INFO: Run Behavior\ShowPageTraceBehavior [ RunTime:0.001001s ]
INFO: [ app_end ] --END-- [ RunTime:0.001001s ]

[ 2017-03-20T17:59:37+08:00 ] ::1 /SignUpSys/index.php/Admin/CTree/getTree
INFO: [ app_init ] --START--
INFO: Run Behavior\BuildLiteBehavior [ RunTime:0.000000s ]
INFO: [ app_init ] --END-- [ RunTime:0.001000s ]
INFO: [ app_begin ] --START--
INFO: Run Behavior\ReadHtmlCacheBehavior [ RunTime:0.000000s ]
INFO: [ app_begin ] --END-- [ RunTime:0.000000s ]
SQL: SHOW COLUMNS FROM `su_course_tree` [ RunTime:0.0020s ]
SQL: SELECT `ctr_NodeId`,`ctr_ParentId`,ctr_Name AS name,`ctr_Limit`,`ctr_Level`,`ctr_Synopsis` FROM `su_course_tree`  [ RunTime:0.0000s ]
INFO: [ app_end ] --START--
INFO: Run Behavior\ShowPageTraceBehavior [ RunTime:0.000000s ]
INFO: [ app_end ] --END-- [ RunTime:0.000000s ]

[ 2017-03-20T18:01:27+08:00 ] ::1 /SignUpSys/index.php/Admin/CTree/
INFO: [ app_init ] --START--
INFO: Run Behavior\BuildLiteBehavior [ RunTime:0.001000s ]
INFO: [ app_init ] --END-- [ RunTime:0.001000s ]
INFO: [ app_begin ] --START--
INFO: Run Behavior\ReadHtmlCacheBehavior [ RunTime:0.000000s ]
INFO: [ app_begin ] --END-- [ RunTime:0.001000s ]
SQL: SHOW COLUMNS FROM `su_course_tree` [ RunTime:0.0020s ]
SQL: SELECT max(ctr_NodeId) AS maxId FROM `su_course_tree`  [ RunTime:0.0000s ]
INFO: [ view_parse ] --START--
INFO: [ template_filter ] --START--
INFO: Run Behavior\ContentReplaceBehavior [ RunTime:0.000000s ]
INFO: [ template_filter ] --END-- [ RunTime:0.000000s ]
INFO: Run Behavior\ParseTemplateBehavior [ RunTime:0.007001s ]
INFO: [ view_parse ] --END-- [ RunTime:0.007001s ]
INFO: [ view_filter ] --START--
INFO: Run Behavior\WriteHtmlCacheBehavior [ RunTime:0.000000s ]
INFO: [ view_filter ] --END-- [ RunTime:0.000000s ]
INFO: [ app_end ] --START--
INFO: Run Behavior\ShowPageTraceBehavior [ RunTime:0.001000s ]
INFO: [ app_end ] --END-- [ RunTime:0.001000s ]

[ 2017-03-20T18:01:27+08:00 ] ::1 /SignUpSys/index.php/Admin/CTree/getTree
INFO: [ app_init ] --START--
INFO: Run Behavior\BuildLiteBehavior [ RunTime:0.000000s ]
INFO: [ app_init ] --END-- [ RunTime:0.001000s ]
INFO: [ app_begin ] --START--
INFO: Run Behavior\ReadHtmlCacheBehavior [ RunTime:0.000000s ]
INFO: [ app_begin ] --END-- [ RunTime:0.000000s ]
SQL: SHOW COLUMNS FROM `su_course_tree` [ RunTime:0.0010s ]
SQL: SELECT `ctr_NodeId`,`ctr_ParentId`,ctr_Name AS name,`ctr_Limit`,`ctr_Level`,`ctr_Synopsis` FROM `su_course_tree`  [ RunTime:0.0000s ]
INFO: [ app_end ] --START--
INFO: Run Behavior\ShowPageTraceBehavior [ RunTime:0.000000s ]
INFO: [ app_end ] --END-- [ RunTime:0.000000s ]

[ 2017-03-20T18:01:39+08:00 ] ::1 /SignUpSys/index.php/Admin/CTree/saveInfo?ctr_NodeId=12&ctr_Name=%E6%96%B9%E5%90%91%E4%B8%80&ctr_Synopsis=123
INFO: [ app_init ] --START--
INFO: Run Behavior\BuildLiteBehavior [ RunTime:0.000000s ]
INFO: [ app_init ] --END-- [ RunTime:0.000000s ]
INFO: [ app_begin ] --START--
INFO: Run Behavior\ReadHtmlCacheBehavior [ RunTime:0.000000s ]
INFO: [ app_begin ] --END-- [ RunTime:0.000000s ]
SQL: SHOW COLUMNS FROM `su_course_tree` [ RunTime:0.0010s ]
SQL: UPDATE `su_course_tree` SET `ctr_Name`='方向一',`ctr_Limit`=NULL,`ctr_Synopsis`='123' WHERE `ctr_NodeId` = 12 [ RunTime:0.0670s ]
INFO: [ app_end ] --START--
INFO: Run Behavior\ShowPageTraceBehavior [ RunTime:0.001000s ]
INFO: [ app_end ] --END-- [ RunTime:0.001000s ]

[ 2017-03-20T18:01:40+08:00 ] ::1 /SignUpSys/index.php/Admin/CTree/getTree
INFO: [ app_init ] --START--
INFO: Run Behavior\BuildLiteBehavior [ RunTime:0.000000s ]
INFO: [ app_init ] --END-- [ RunTime:0.001000s ]
INFO: [ app_begin ] --START--
INFO: Run Behavior\ReadHtmlCacheBehavior [ RunTime:0.000000s ]
INFO: [ app_begin ] --END-- [ RunTime:0.000000s ]
SQL: SHOW COLUMNS FROM `su_course_tree` [ RunTime:0.0020s ]
SQL: SELECT `ctr_NodeId`,`ctr_ParentId`,ctr_Name AS name,`ctr_Limit`,`ctr_Level`,`ctr_Synopsis` FROM `su_course_tree`  [ RunTime:0.0000s ]
INFO: [ app_end ] --START--
INFO: Run Behavior\ShowPageTraceBehavior [ RunTime:0.001000s ]
INFO: [ app_end ] --END-- [ RunTime:0.001000s ]

[ 2017-03-20T18:04:36+08:00 ] ::1 /SignUpSys/index.php/Admin/CTree/
INFO: [ app_init ] --START--
INFO: Run Behavior\BuildLiteBehavior [ RunTime:0.000000s ]
INFO: [ app_init ] --END-- [ RunTime:0.000000s ]
INFO: [ app_begin ] --START--
INFO: Run Behavior\ReadHtmlCacheBehavior [ RunTime:0.001000s ]
INFO: [ app_begin ] --END-- [ RunTime:0.001000s ]
SQL: SHOW COLUMNS FROM `su_course_tree` [ RunTime:0.0020s ]
SQL: SELECT max(ctr_NodeId) AS maxId FROM `su_course_tree`  [ RunTime:0.0000s ]
INFO: [ view_parse ] --START--
INFO: [ template_filter ] --START--
INFO: Run Behavior\ContentReplaceBehavior [ RunTime:0.001000s ]
INFO: [ template_filter ] --END-- [ RunTime:0.001000s ]
INFO: Run Behavior\ParseTemplateBehavior [ RunTime:0.006001s ]
INFO: [ view_parse ] --END-- [ RunTime:0.006001s ]
INFO: [ view_filter ] --START--
INFO: Run Behavior\WriteHtmlCacheBehavior [ RunTime:0.001000s ]
INFO: [ view_filter ] --END-- [ RunTime:0.001000s ]
INFO: [ app_end ] --START--
INFO: Run Behavior\ShowPageTraceBehavior [ RunTime:0.001000s ]
INFO: [ app_end ] --END-- [ RunTime:0.001000s ]

[ 2017-03-20T18:04:36+08:00 ] ::1 /SignUpSys/index.php/Admin/CTree/getTree
INFO: [ app_init ] --START--
INFO: Run Behavior\BuildLiteBehavior [ RunTime:0.000000s ]
INFO: [ app_init ] --END-- [ RunTime:0.000000s ]
INFO: [ app_begin ] --START--
INFO: Run Behavior\ReadHtmlCacheBehavior [ RunTime:0.000000s ]
INFO: [ app_begin ] --END-- [ RunTime:0.000000s ]
SQL: SHOW COLUMNS FROM `su_course_tree` [ RunTime:0.0020s ]
SQL: SELECT `ctr_NodeId`,`ctr_ParentId`,ctr_Name AS name,`ctr_Limit`,`ctr_Level`,`ctr_Synopsis` FROM `su_course_tree`  [ RunTime:0.0000s ]
INFO: [ app_end ] --START--
INFO: Run Behavior\ShowPageTraceBehavior [ RunTime:0.001000s ]
INFO: [ app_end ] --END-- [ RunTime:0.001000s ]

[ 2017-03-20T18:04:41+08:00 ] ::1 /SignUpSys/index.php/Admin/CTree/saveInfo?ctr_NodeId=12&ctr_Name=%E6%96%B9%E5%90%91%E4%B8%80&ctr_Limit=100&ctr_Synopsis=123
INFO: [ app_init ] --START--
INFO: Run Behavior\BuildLiteBehavior [ RunTime:0.000000s ]
INFO: [ app_init ] --END-- [ RunTime:0.000000s ]
INFO: [ app_begin ] --START--
INFO: Run Behavior\ReadHtmlCacheBehavior [ RunTime:0.000000s ]
INFO: [ app_begin ] --END-- [ RunTime:0.000000s ]
SQL: SHOW COLUMNS FROM `su_course_tree` [ RunTime:0.0020s ]
SQL: UPDATE `su_course_tree` SET `ctr_Name`='方向一',`ctr_Limit`='100',`ctr_Synopsis`='123' WHERE `ctr_NodeId` = 12 [ RunTime:0.1110s ]
INFO: [ app_end ] --START--
INFO: Run Behavior\ShowPageTraceBehavior [ RunTime:0.001000s ]
INFO: [ app_end ] --END-- [ RunTime:0.001000s ]

[ 2017-03-20T18:04:42+08:00 ] ::1 /SignUpSys/index.php/Admin/CTree/getTree
INFO: [ app_init ] --START--
INFO: Run Behavior\BuildLiteBehavior [ RunTime:0.000000s ]
INFO: [ app_init ] --END-- [ RunTime:0.001000s ]
INFO: [ app_begin ] --START--
INFO: Run Behavior\ReadHtmlCacheBehavior [ RunTime:0.001001s ]
INFO: [ app_begin ] --END-- [ RunTime:0.001001s ]
SQL: SHOW COLUMNS FROM `su_course_tree` [ RunTime:0.0020s ]
SQL: SELECT `ctr_NodeId`,`ctr_ParentId`,ctr_Name AS name,`ctr_Limit`,`ctr_Level`,`ctr_Synopsis` FROM `su_course_tree`  [ RunTime:0.0000s ]
INFO: [ app_end ] --START--
INFO: Run Behavior\ShowPageTraceBehavior [ RunTime:0.001000s ]
INFO: [ app_end ] --END-- [ RunTime:0.001000s ]

[ 2017-03-20T18:05:01+08:00 ] ::1 /SignUpSys/index.php/Admin/CTree/
INFO: [ app_init ] --START--
INFO: Run Behavior\BuildLiteBehavior [ RunTime:0.000000s ]
INFO: [ app_init ] --END-- [ RunTime:0.000000s ]
INFO: [ app_begin ] --START--
INFO: Run Behavior\ReadHtmlCacheBehavior [ RunTime:0.000000s ]
INFO: [ app_begin ] --END-- [ RunTime:0.000000s ]
SQL: SHOW COLUMNS FROM `su_course_tree` [ RunTime:0.0020s ]
SQL: SELECT max(ctr_NodeId) AS maxId FROM `su_course_tree`  [ RunTime:0.0000s ]
INFO: [ view_parse ] --START--
INFO: [ template_filter ] --START--
INFO: Run Behavior\ContentReplaceBehavior [ RunTime:0.001000s ]
INFO: [ template_filter ] --END-- [ RunTime:0.001000s ]
INFO: Run Behavior\ParseTemplateBehavior [ RunTime:0.006000s ]
INFO: [ view_parse ] --END-- [ RunTime:0.006000s ]
INFO: [ view_filter ] --START--
INFO: Run Behavior\WriteHtmlCacheBehavior [ RunTime:0.000000s ]
INFO: [ view_filter ] --END-- [ RunTime:0.001000s ]
INFO: [ app_end ] --START--
INFO: Run Behavior\ShowPageTraceBehavior [ RunTime:0.001000s ]
INFO: [ app_end ] --END-- [ RunTime:0.001000s ]

[ 2017-03-20T18:05:01+08:00 ] ::1 /SignUpSys/index.php/Admin/CTree/getTree
INFO: [ app_init ] --START--
INFO: Run Behavior\BuildLiteBehavior [ RunTime:0.000000s ]
INFO: [ app_init ] --END-- [ RunTime:0.001000s ]
INFO: [ app_begin ] --START--
INFO: Run Behavior\ReadHtmlCacheBehavior [ RunTime:0.000000s ]
INFO: [ app_begin ] --END-- [ RunTime:0.000000s ]
SQL: SHOW COLUMNS FROM `su_course_tree` [ RunTime:0.0030s ]
SQL: SELECT `ctr_NodeId`,`ctr_ParentId`,ctr_Name AS name,`ctr_Limit`,`ctr_Level`,`ctr_Synopsis` FROM `su_course_tree`  [ RunTime:0.0000s ]
INFO: [ app_end ] --START--
INFO: Run Behavior\ShowPageTraceBehavior [ RunTime:0.001000s ]
INFO: [ app_end ] --END-- [ RunTime:0.001000s ]

[ 2017-03-20T18:05:08+08:00 ] ::1 /SignUpSys/index.php/Admin/CTree/saveInfo?ctr_NodeId=12&ctr_Name=%E6%96%B9%E5%90%91%E4%B8%80&ctr_Limit=100&ctr_Synopsis=123
INFO: [ app_init ] --START--
INFO: Run Behavior\BuildLiteBehavior [ RunTime:0.000000s ]
INFO: [ app_init ] --END-- [ RunTime:0.000000s ]
INFO: [ app_begin ] --START--
INFO: Run Behavior\ReadHtmlCacheBehavior [ RunTime:0.000000s ]
INFO: [ app_begin ] --END-- [ RunTime:0.000000s ]
SQL: SHOW COLUMNS FROM `su_course_tree` [ RunTime:0.0020s ]
SQL: UPDATE `su_course_tree` SET `ctr_Name`='方向一',`ctr_Limit`='100',`ctr_Synopsis`='123' WHERE `ctr_NodeId` = 12 [ RunTime:0.0980s ]
INFO: [ app_end ] --START--
INFO: Run Behavior\ShowPageTraceBehavior [ RunTime:0.001000s ]
INFO: [ app_end ] --END-- [ RunTime:0.001000s ]

[ 2017-03-20T18:05:10+08:00 ] ::1 /SignUpSys/index.php/Admin/CTree/getTree
INFO: [ app_init ] --START--
INFO: Run Behavior\BuildLiteBehavior [ RunTime:0.000000s ]
INFO: [ app_init ] --END-- [ RunTime:0.001000s ]
INFO: [ app_begin ] --START--
INFO: Run Behavior\ReadHtmlCacheBehavior [ RunTime:0.001000s ]
INFO: [ app_begin ] --END-- [ RunTime:0.001000s ]
SQL: SHOW COLUMNS FROM `su_course_tree` [ RunTime:0.0010s ]
SQL: SELECT `ctr_NodeId`,`ctr_ParentId`,ctr_Name AS name,`ctr_Limit`,`ctr_Level`,`ctr_Synopsis` FROM `su_course_tree`  [ RunTime:0.0000s ]
INFO: [ app_end ] --START--
INFO: Run Behavior\ShowPageTraceBehavior [ RunTime:0.000000s ]
INFO: [ app_end ] --END-- [ RunTime:0.001000s ]

[ 2017-03-20T18:05:13+08:00 ] ::1 /SignUpSys/index.php/Admin/CTree/saveInfo?ctr_NodeId=12&ctr_Name=%E6%96%B9%E5%90%91%E4%B8%80&ctr_Limit=101&ctr_Synopsis=123
INFO: [ app_init ] --START--
INFO: Run Behavior\BuildLiteBehavior [ RunTime:0.000000s ]
INFO: [ app_init ] --END-- [ RunTime:0.001000s ]
INFO: [ app_begin ] --START--
INFO: Run Behavior\ReadHtmlCacheBehavior [ RunTime:0.001000s ]
INFO: [ app_begin ] --END-- [ RunTime:0.001000s ]
SQL: SHOW COLUMNS FROM `su_course_tree` [ RunTime:0.0020s ]
SQL: UPDATE `su_course_tree` SET `ctr_Name`='方向一',`ctr_Limit`='101',`ctr_Synopsis`='123' WHERE `ctr_NodeId` = 12 [ RunTime:0.1550s ]
INFO: [ app_end ] --START--
INFO: Run Behavior\ShowPageTraceBehavior [ RunTime:0.001000s ]
INFO: [ app_end ] --END-- [ RunTime:0.001000s ]

[ 2017-03-20T18:05:14+08:00 ] ::1 /SignUpSys/index.php/Admin/CTree/getTree
INFO: [ app_init ] --START--
INFO: Run Behavior\BuildLiteBehavior [ RunTime:0.000000s ]
INFO: [ app_init ] --END-- [ RunTime:0.001000s ]
INFO: [ app_begin ] --START--
INFO: Run Behavior\ReadHtmlCacheBehavior [ RunTime:0.001000s ]
INFO: [ app_begin ] --END-- [ RunTime:0.001000s ]
SQL: SHOW COLUMNS FROM `su_course_tree` [ RunTime:0.0020s ]
SQL: SELECT `ctr_NodeId`,`ctr_ParentId`,ctr_Name AS name,`ctr_Limit`,`ctr_Level`,`ctr_Synopsis` FROM `su_course_tree`  [ RunTime:0.0000s ]
INFO: [ app_end ] --START--
INFO: Run Behavior\ShowPageTraceBehavior [ RunTime:0.001000s ]
INFO: [ app_end ] --END-- [ RunTime:0.001000s ]

[ 2017-03-20T18:34:01+08:00 ] ::1 /SignUpSys/index.php/Admin/CTree/addChild?pId=4&level=1
INFO: [ app_init ] --START--
INFO: Run Behavior\BuildLiteBehavior [ RunTime:0.000000s ]
INFO: [ app_init ] --END-- [ RunTime:0.000000s ]
INFO: [ app_begin ] --START--
INFO: Run Behavior\ReadHtmlCacheBehavior [ RunTime:0.000000s ]
INFO: [ app_begin ] --END-- [ RunTime:0.000000s ]
SQL: SHOW COLUMNS FROM `su_course_tree` [ RunTime:0.0020s ]
SQL: INSERT INTO `su_course_tree` (`ctr_ParentId`,`ctr_Level`,`ctr_Name`) VALUES ('4','2','newNode') [ RunTime:0.1460s ]
INFO: [ app_end ] --START--
INFO: Run Behavior\ShowPageTraceBehavior [ RunTime:0.000000s ]
INFO: [ app_end ] --END-- [ RunTime:0.000000s ]

[ 2017-03-20T18:34:01+08:00 ] ::1 /SignUpSys/index.php/Admin/CTree/getTree
INFO: [ app_init ] --START--
INFO: Run Behavior\BuildLiteBehavior [ RunTime:0.000000s ]
INFO: [ app_init ] --END-- [ RunTime:0.000000s ]
INFO: [ app_begin ] --START--
INFO: Run Behavior\ReadHtmlCacheBehavior [ RunTime:0.001000s ]
INFO: [ app_begin ] --END-- [ RunTime:0.001000s ]
SQL: SHOW COLUMNS FROM `su_course_tree` [ RunTime:0.0020s ]
SQL: SELECT `ctr_NodeId`,`ctr_ParentId`,ctr_Name AS name,`ctr_Limit`,`ctr_Level`,`ctr_Synopsis` FROM `su_course_tree`  [ RunTime:0.0000s ]
INFO: [ app_end ] --START--
INFO: Run Behavior\ShowPageTraceBehavior [ RunTime:0.001000s ]
INFO: [ app_end ] --END-- [ RunTime:0.001000s ]

[ 2017-03-20T18:34:11+08:00 ] ::1 /SignUpSys/index.php/Admin/CTree/saveInfo?ctr_NodeId=18&ctr_Name=%E6%A8%A1%E5%9D%97%E9%80%89%E6%8B%A9
INFO: [ app_init ] --START--
INFO: Run Behavior\BuildLiteBehavior [ RunTime:0.000000s ]
INFO: [ app_init ] --END-- [ RunTime:0.001000s ]
INFO: [ app_begin ] --START--
INFO: Run Behavior\ReadHtmlCacheBehavior [ RunTime:0.001000s ]
INFO: [ app_begin ] --END-- [ RunTime:0.001000s ]
SQL: SHOW COLUMNS FROM `su_course_tree` [ RunTime:0.0010s ]
SQL: UPDATE `su_course_tree` SET `ctr_Name`='模块选择',`ctr_Limit`=NULL,`ctr_Synopsis`=NULL WHERE `ctr_NodeId` = 18 [ RunTime:0.0900s ]
INFO: [ app_end ] --START--
INFO: Run Behavior\ShowPageTraceBehavior [ RunTime:0.000000s ]
INFO: [ app_end ] --END-- [ RunTime:0.000000s ]

[ 2017-03-20T18:34:11+08:00 ] ::1 /SignUpSys/index.php/Admin/CTree/getTree
INFO: [ app_init ] --START--
INFO: Run Behavior\BuildLiteBehavior [ RunTime:0.000000s ]
INFO: [ app_init ] --END-- [ RunTime:0.000000s ]
INFO: [ app_begin ] --START--
INFO: Run Behavior\ReadHtmlCacheBehavior [ RunTime:0.000000s ]
INFO: [ app_begin ] --END-- [ RunTime:0.000000s ]
SQL: SHOW COLUMNS FROM `su_course_tree` [ RunTime:0.0020s ]
SQL: SELECT `ctr_NodeId`,`ctr_ParentId`,ctr_Name AS name,`ctr_Limit`,`ctr_Level`,`ctr_Synopsis` FROM `su_course_tree`  [ RunTime:0.0000s ]
INFO: [ app_end ] --START--
INFO: Run Behavior\ShowPageTraceBehavior [ RunTime:0.001000s ]
INFO: [ app_end ] --END-- [ RunTime:0.001000s ]

[ 2017-03-20T18:34:13+08:00 ] ::1 /SignUpSys/index.php/Admin/CTree/addChild?pId=18&level=2
INFO: [ app_init ] --START--
INFO: Run Behavior\BuildLiteBehavior [ RunTime:0.000000s ]
INFO: [ app_init ] --END-- [ RunTime:0.001000s ]
INFO: [ app_begin ] --START--
INFO: Run Behavior\ReadHtmlCacheBehavior [ RunTime:0.001000s ]
INFO: [ app_begin ] --END-- [ RunTime:0.001000s ]
SQL: SHOW COLUMNS FROM `su_course_tree` [ RunTime:0.0010s ]
SQL: INSERT INTO `su_course_tree` (`ctr_ParentId`,`ctr_Level`,`ctr_Name`) VALUES ('18','3','newNode') [ RunTime:0.0950s ]
INFO: [ app_end ] --START--
INFO: Run Behavior\ShowPageTraceBehavior [ RunTime:0.000000s ]
INFO: [ app_end ] --END-- [ RunTime:0.000000s ]

[ 2017-03-20T18:34:14+08:00 ] ::1 /SignUpSys/index.php/Admin/CTree/getTree
INFO: [ app_init ] --START--
INFO: Run Behavior\BuildLiteBehavior [ RunTime:0.000000s ]
INFO: [ app_init ] --END-- [ RunTime:0.001000s ]
INFO: [ app_begin ] --START--
INFO: Run Behavior\ReadHtmlCacheBehavior [ RunTime:0.001000s ]
INFO: [ app_begin ] --END-- [ RunTime:0.001000s ]
SQL: SHOW COLUMNS FROM `su_course_tree` [ RunTime:0.0020s ]
SQL: SELECT `ctr_NodeId`,`ctr_ParentId`,ctr_Name AS name,`ctr_Limit`,`ctr_Level`,`ctr_Synopsis` FROM `su_course_tree`  [ RunTime:0.0000s ]
INFO: [ app_end ] --START--
INFO: Run Behavior\ShowPageTraceBehavior [ RunTime:0.001000s ]
INFO: [ app_end ] --END-- [ RunTime:0.001000s ]

[ 2017-03-20T18:35:16+08:00 ] ::1 /SignUpSys/index.php/Admin/CTree/saveInfo?ctr_NodeId=19&ctr_Name=%E8%BD%AF%E4%BB%B6%E5%B7%A5%E7%A8%8B%E6%A8%A1%E5%9D%97&ctr_Limit=100&ctr_Synopsis=2343432
INFO: [ app_init ] --START--
INFO: Run Behavior\BuildLiteBehavior [ RunTime:0.000000s ]
INFO: [ app_init ] --END-- [ RunTime:0.001000s ]
INFO: [ app_begin ] --START--
INFO: Run Behavior\ReadHtmlCacheBehavior [ RunTime:0.001000s ]
INFO: [ app_begin ] --END-- [ RunTime:0.001000s ]
SQL: SHOW COLUMNS FROM `su_course_tree` [ RunTime:0.0020s ]
SQL: UPDATE `su_course_tree` SET `ctr_Name`='软件工程模块',`ctr_Limit`='100',`ctr_Synopsis`='2343432' WHERE `ctr_NodeId` = 19 [ RunTime:0.0810s ]
INFO: [ app_end ] --START--
INFO: Run Behavior\ShowPageTraceBehavior [ RunTime:0.001000s ]
INFO: [ app_end ] --END-- [ RunTime:0.001000s ]

[ 2017-03-20T18:35:17+08:00 ] ::1 /SignUpSys/index.php/Admin/CTree/getTree
INFO: [ app_init ] --START--
INFO: Run Behavior\BuildLiteBehavior [ RunTime:0.000000s ]
INFO: [ app_init ] --END-- [ RunTime:0.000000s ]
INFO: [ app_begin ] --START--
INFO: Run Behavior\ReadHtmlCacheBehavior [ RunTime:0.000000s ]
INFO: [ app_begin ] --END-- [ RunTime:0.000000s ]
SQL: SHOW COLUMNS FROM `su_course_tree` [ RunTime:0.0020s ]
SQL: SELECT `ctr_NodeId`,`ctr_ParentId`,ctr_Name AS name,`ctr_Limit`,`ctr_Level`,`ctr_Synopsis` FROM `su_course_tree`  [ RunTime:0.0000s ]
INFO: [ app_end ] --START--
INFO: Run Behavior\ShowPageTraceBehavior [ RunTime:0.001000s ]
INFO: [ app_end ] --END-- [ RunTime:0.001000s ]

[ 2017-03-20T18:35:22+08:00 ] ::1 /SignUpSys/index.php/Admin/CTree/addChild?pId=19&level=3
INFO: [ app_init ] --START--
INFO: Run Behavior\BuildLiteBehavior [ RunTime:0.000000s ]
INFO: [ app_init ] --END-- [ RunTime:0.001000s ]
INFO: [ app_begin ] --START--
INFO: Run Behavior\ReadHtmlCacheBehavior [ RunTime:0.001000s ]
INFO: [ app_begin ] --END-- [ RunTime:0.001000s ]
SQL: SHOW COLUMNS FROM `su_course_tree` [ RunTime:0.0010s ]
SQL: INSERT INTO `su_course_tree` (`ctr_ParentId`,`ctr_Level`,`ctr_Name`) VALUES ('19','4','newNode') [ RunTime:0.0900s ]
INFO: [ app_end ] --START--
INFO: Run Behavior\ShowPageTraceBehavior [ RunTime:0.000000s ]
INFO: [ app_end ] --END-- [ RunTime:0.000000s ]

[ 2017-03-20T18:35:23+08:00 ] ::1 /SignUpSys/index.php/Admin/CTree/getTree
INFO: [ app_init ] --START--
INFO: Run Behavior\BuildLiteBehavior [ RunTime:0.000000s ]
INFO: [ app_init ] --END-- [ RunTime:0.000000s ]
INFO: [ app_begin ] --START--
INFO: Run Behavior\ReadHtmlCacheBehavior [ RunTime:0.000000s ]
INFO: [ app_begin ] --END-- [ RunTime:0.000000s ]
SQL: SHOW COLUMNS FROM `su_course_tree` [ RunTime:0.0010s ]
SQL: SELECT `ctr_NodeId`,`ctr_ParentId`,ctr_Name AS name,`ctr_Limit`,`ctr_Level`,`ctr_Synopsis` FROM `su_course_tree`  [ RunTime:0.0000s ]
INFO: [ app_end ] --START--
INFO: Run Behavior\ShowPageTraceBehavior [ RunTime:0.001000s ]
INFO: [ app_end ] --END-- [ RunTime:0.001000s ]

[ 2017-03-20T18:35:43+08:00 ] ::1 /SignUpSys/index.php/Admin/CTree/saveInfo?ctr_NodeId=20&ctr_Name=%E6%95%B0%E6%8D%AE%E5%BA%93%E8%84%9A%E6%9C%AC%E8%AF%AD%E8%A8%80&ctr_Limit=&ctr_Synopsis=123423
INFO: [ app_init ] --START--
INFO: Run Behavior\BuildLiteBehavior [ RunTime:0.000000s ]
INFO: [ app_init ] --END-- [ RunTime:0.000000s ]
INFO: [ app_begin ] --START--
INFO: Run Behavior\ReadHtmlCacheBehavior [ RunTime:0.000000s ]
INFO: [ app_begin ] --END-- [ RunTime:0.000000s ]
SQL: SHOW COLUMNS FROM `su_course_tree` [ RunTime:0.0020s ]
SQL: UPDATE `su_course_tree` SET `ctr_Name`='数据库脚本语言',`ctr_Limit`='0',`ctr_Synopsis`='123423' WHERE `ctr_NodeId` = 20 [ RunTime:0.0820s ]
INFO: [ app_end ] --START--
INFO: Run Behavior\ShowPageTraceBehavior [ RunTime:0.001000s ]
INFO: [ app_end ] --END-- [ RunTime:0.001000s ]

[ 2017-03-20T18:35:44+08:00 ] ::1 /SignUpSys/index.php/Admin/CTree/getTree
INFO: [ app_init ] --START--
INFO: Run Behavior\BuildLiteBehavior [ RunTime:0.000000s ]
INFO: [ app_init ] --END-- [ RunTime:0.000000s ]
INFO: [ app_begin ] --START--
INFO: Run Behavior\ReadHtmlCacheBehavior [ RunTime:0.000000s ]
INFO: [ app_begin ] --END-- [ RunTime:0.000000s ]
SQL: SHOW COLUMNS FROM `su_course_tree` [ RunTime:0.0010s ]
SQL: SELECT `ctr_NodeId`,`ctr_ParentId`,ctr_Name AS name,`ctr_Limit`,`ctr_Level`,`ctr_Synopsis` FROM `su_course_tree`  [ RunTime:0.0010s ]
INFO: [ app_end ] --START--
INFO: Run Behavior\ShowPageTraceBehavior [ RunTime:0.000000s ]
INFO: [ app_end ] --END-- [ RunTime:0.000000s ]

[ 2017-03-20T18:35:46+08:00 ] ::1 /SignUpSys/index.php/Admin/CTree/addChild?pId=19&level=3
INFO: [ app_init ] --START--
INFO: Run Behavior\BuildLiteBehavior [ RunTime:0.000000s ]
INFO: [ app_init ] --END-- [ RunTime:0.000000s ]
INFO: [ app_begin ] --START--
INFO: Run Behavior\ReadHtmlCacheBehavior [ RunTime:0.001001s ]
INFO: [ app_begin ] --END-- [ RunTime:0.001001s ]
SQL: SHOW COLUMNS FROM `su_course_tree` [ RunTime:0.0020s ]
SQL: INSERT INTO `su_course_tree` (`ctr_ParentId`,`ctr_Level`,`ctr_Name`) VALUES ('19','4','newNode') [ RunTime:0.0760s ]
INFO: [ app_end ] --START--
INFO: Run Behavior\ShowPageTraceBehavior [ RunTime:0.001000s ]
INFO: [ app_end ] --END-- [ RunTime:0.001000s ]

[ 2017-03-20T18:35:47+08:00 ] ::1 /SignUpSys/index.php/Admin/CTree/getTree
INFO: [ app_init ] --START--
INFO: Run Behavior\BuildLiteBehavior [ RunTime:0.000000s ]
INFO: [ app_init ] --END-- [ RunTime:0.000000s ]
INFO: [ app_begin ] --START--
INFO: Run Behavior\ReadHtmlCacheBehavior [ RunTime:0.001000s ]
INFO: [ app_begin ] --END-- [ RunTime:0.001000s ]
SQL: SHOW COLUMNS FROM `su_course_tree` [ RunTime:0.0020s ]
SQL: SELECT `ctr_NodeId`,`ctr_ParentId`,ctr_Name AS name,`ctr_Limit`,`ctr_Level`,`ctr_Synopsis` FROM `su_course_tree`  [ RunTime:0.0000s ]
INFO: [ app_end ] --START--
INFO: Run Behavior\ShowPageTraceBehavior [ RunTime:0.001000s ]
INFO: [ app_end ] --END-- [ RunTime:0.001000s ]

[ 2017-03-20T18:36:00+08:00 ] ::1 /SignUpSys/index.php/Admin/CTree/saveInfo?ctr_NodeId=21&ctr_Name=%E6%B5%8B%E8%AF%95%E6%8A%80%E6%9C%AF&ctr_Limit=&ctr_Synopsis=%E5%BD%93%E6%97%B6%E7%9A%84%E5%A4%8D%E8%8B%8F%E7%9A%84
INFO: [ app_init ] --START--
INFO: Run Behavior\BuildLiteBehavior [ RunTime:0.000000s ]
INFO: [ app_init ] --END-- [ RunTime:0.000000s ]
INFO: [ app_begin ] --START--
INFO: Run Behavior\ReadHtmlCacheBehavior [ RunTime:0.001000s ]
INFO: [ app_begin ] --END-- [ RunTime:0.001000s ]
SQL: SHOW COLUMNS FROM `su_course_tree` [ RunTime:0.0020s ]
SQL: UPDATE `su_course_tree` SET `ctr_Name`='测试技术',`ctr_Limit`='0',`ctr_Synopsis`='当时的复苏的' WHERE `ctr_NodeId` = 21 [ RunTime:0.0880s ]
INFO: [ app_end ] --START--
INFO: Run Behavior\ShowPageTraceBehavior [ RunTime:0.001000s ]
INFO: [ app_end ] --END-- [ RunTime:0.001000s ]

[ 2017-03-20T18:36:01+08:00 ] ::1 /SignUpSys/index.php/Admin/CTree/getTree
INFO: [ app_init ] --START--
INFO: Run Behavior\BuildLiteBehavior [ RunTime:0.000000s ]
INFO: [ app_init ] --END-- [ RunTime:0.000000s ]
INFO: [ app_begin ] --START--
INFO: Run Behavior\ReadHtmlCacheBehavior [ RunTime:0.000000s ]
INFO: [ app_begin ] --END-- [ RunTime:0.000000s ]
SQL: SHOW COLUMNS FROM `su_course_tree` [ RunTime:0.0010s ]
SQL: SELECT `ctr_NodeId`,`ctr_ParentId`,ctr_Name AS name,`ctr_Limit`,`ctr_Level`,`ctr_Synopsis` FROM `su_course_tree`  [ RunTime:0.0000s ]
INFO: [ app_end ] --START--
INFO: Run Behavior\ShowPageTraceBehavior [ RunTime:0.001000s ]
INFO: [ app_end ] --END-- [ RunTime:0.001000s ]

[ 2017-03-20T18:36:03+08:00 ] ::1 /SignUpSys/index.php/Admin/CTree/addChild?pId=18&level=2
INFO: [ app_init ] --START--
INFO: Run Behavior\BuildLiteBehavior [ RunTime:0.000000s ]
INFO: [ app_init ] --END-- [ RunTime:0.000000s ]
INFO: [ app_begin ] --START--
INFO: Run Behavior\ReadHtmlCacheBehavior [ RunTime:0.001000s ]
INFO: [ app_begin ] --END-- [ RunTime:0.001000s ]
SQL: SHOW COLUMNS FROM `su_course_tree` [ RunTime:0.0010s ]
SQL: INSERT INTO `su_course_tree` (`ctr_ParentId`,`ctr_Level`,`ctr_Name`) VALUES ('18','3','newNode') [ RunTime:0.0890s ]
INFO: [ app_end ] --START--
INFO: Run Behavior\ShowPageTraceBehavior [ RunTime:0.000000s ]
INFO: [ app_end ] --END-- [ RunTime:0.000000s ]

[ 2017-03-20T18:36:04+08:00 ] ::1 /SignUpSys/index.php/Admin/CTree/getTree
INFO: [ app_init ] --START--
INFO: Run Behavior\BuildLiteBehavior [ RunTime:0.000000s ]
INFO: [ app_init ] --END-- [ RunTime:0.001000s ]
INFO: [ app_begin ] --START--
INFO: Run Behavior\ReadHtmlCacheBehavior [ RunTime:0.001000s ]
INFO: [ app_begin ] --END-- [ RunTime:0.001000s ]
SQL: SHOW COLUMNS FROM `su_course_tree` [ RunTime:0.0020s ]
SQL: SELECT `ctr_NodeId`,`ctr_ParentId`,ctr_Name AS name,`ctr_Limit`,`ctr_Level`,`ctr_Synopsis` FROM `su_course_tree`  [ RunTime:0.0000s ]
INFO: [ app_end ] --START--
INFO: Run Behavior\ShowPageTraceBehavior [ RunTime:0.001000s ]
INFO: [ app_end ] --END-- [ RunTime:0.001000s ]

[ 2017-03-20T18:36:30+08:00 ] ::1 /SignUpSys/index.php/Admin/CTree/saveInfo?ctr_NodeId=22&ctr_Name=%E7%BD%91%E7%BB%9C%E5%B7%A5%E7%A8%8B%E6%A8%A1%E5%9D%97&ctr_Limit=100&ctr_Synopsis=%E9%98%BF%E8%BE%BE%E5%B2%81%E7%9A%84%E5%A4%A7%E5%A4%A7%E6%9D%BE
INFO: [ app_init ] --START--
INFO: Run Behavior\BuildLiteBehavior [ RunTime:0.000000s ]
INFO: [ app_init ] --END-- [ RunTime:0.000000s ]
INFO: [ app_begin ] --START--
INFO: Run Behavior\ReadHtmlCacheBehavior [ RunTime:0.000000s ]
INFO: [ app_begin ] --END-- [ RunTime:0.000000s ]
SQL: SHOW COLUMNS FROM `su_course_tree` [ RunTime:0.0010s ]
SQL: UPDATE `su_course_tree` SET `ctr_Name`='网络工程模块',`ctr_Limit`='100',`ctr_Synopsis`='阿达岁的大大松' WHERE `ctr_NodeId` = 22 [ RunTime:0.1160s ]
INFO: [ app_end ] --START--
INFO: Run Behavior\ShowPageTraceBehavior [ RunTime:0.000000s ]
INFO: [ app_end ] --END-- [ RunTime:0.000000s ]

[ 2017-03-20T18:36:30+08:00 ] ::1 /SignUpSys/index.php/Admin/CTree/getTree
INFO: [ app_init ] --START--
INFO: Run Behavior\BuildLiteBehavior [ RunTime:0.000000s ]
INFO: [ app_init ] --END-- [ RunTime:0.001000s ]
INFO: [ app_begin ] --START--
INFO: Run Behavior\ReadHtmlCacheBehavior [ RunTime:0.001000s ]
INFO: [ app_begin ] --END-- [ RunTime:0.001000s ]
SQL: SHOW COLUMNS FROM `su_course_tree` [ RunTime:0.0010s ]
SQL: SELECT `ctr_NodeId`,`ctr_ParentId`,ctr_Name AS name,`ctr_Limit`,`ctr_Level`,`ctr_Synopsis` FROM `su_course_tree`  [ RunTime:0.0000s ]
INFO: [ app_end ] --START--
INFO: Run Behavior\ShowPageTraceBehavior [ RunTime:0.000000s ]
INFO: [ app_end ] --END-- [ RunTime:0.000000s ]

[ 2017-03-20T18:36:33+08:00 ] ::1 /SignUpSys/index.php/Admin/CTree/addChild?pId=22&level=3
INFO: [ app_init ] --START--
INFO: Run Behavior\BuildLiteBehavior [ RunTime:0.000000s ]
INFO: [ app_init ] --END-- [ RunTime:0.000000s ]
INFO: [ app_begin ] --START--
INFO: Run Behavior\ReadHtmlCacheBehavior [ RunTime:0.001000s ]
INFO: [ app_begin ] --END-- [ RunTime:0.001000s ]
SQL: SHOW COLUMNS FROM `su_course_tree` [ RunTime:0.0020s ]
SQL: INSERT INTO `su_course_tree` (`ctr_ParentId`,`ctr_Level`,`ctr_Name`) VALUES ('22','4','newNode') [ RunTime:0.0850s ]
INFO: [ app_end ] --START--
INFO: Run Behavior\ShowPageTraceBehavior [ RunTime:0.000000s ]
INFO: [ app_end ] --END-- [ RunTime:0.000000s ]

[ 2017-03-20T18:36:34+08:00 ] ::1 /SignUpSys/index.php/Admin/CTree/getTree
INFO: [ app_init ] --START--
INFO: Run Behavior\BuildLiteBehavior [ RunTime:0.000000s ]
INFO: [ app_init ] --END-- [ RunTime:0.001000s ]
INFO: [ app_begin ] --START--
INFO: Run Behavior\ReadHtmlCacheBehavior [ RunTime:0.001000s ]
INFO: [ app_begin ] --END-- [ RunTime:0.001000s ]
SQL: SHOW COLUMNS FROM `su_course_tree` [ RunTime:0.0020s ]
SQL: SELECT `ctr_NodeId`,`ctr_ParentId`,ctr_Name AS name,`ctr_Limit`,`ctr_Level`,`ctr_Synopsis` FROM `su_course_tree`  [ RunTime:0.0000s ]
INFO: [ app_end ] --START--
INFO: Run Behavior\ShowPageTraceBehavior [ RunTime:0.001000s ]
INFO: [ app_end ] --END-- [ RunTime:0.001000s ]

[ 2017-03-20T18:36:55+08:00 ] ::1 /SignUpSys/index.php/Admin/CTree/saveInfo?ctr_NodeId=23&ctr_Name=%E7%BD%91%E7%BB%9C%E5%B7%A5%E7%A8%8B%E6%8A%80%E6%9C%AF&ctr_Limit=&ctr_Synopsis=%E5%95%8A%E4%B8%89%E5%A4%A7%E4%B8%89%E7%9A%84%E4%B8%87%E9%98%BF%E8%BE%BE%E4%BA%94%E5%A4%A7%E5%95%8A%E6%92%92%E5%95%8A%E6%98%AF%E5%95%8A%E6%98%AF
INFO: [ app_init ] --START--
INFO: Run Behavior\BuildLiteBehavior [ RunTime:0.000000s ]
INFO: [ app_init ] --END-- [ RunTime:0.000000s ]
INFO: [ app_begin ] --START--
INFO: Run Behavior\ReadHtmlCacheBehavior [ RunTime:0.000000s ]
INFO: [ app_begin ] --END-- [ RunTime:0.000000s ]
SQL: SHOW COLUMNS FROM `su_course_tree` [ RunTime:0.0030s ]
SQL: UPDATE `su_course_tree` SET `ctr_Name`='网络工程技术',`ctr_Limit`='0',`ctr_Synopsis`='啊三大三的万阿达五大啊撒啊是啊是' WHERE `ctr_NodeId` = 23 [ RunTime:0.1840s ]
INFO: [ app_end ] --START--
INFO: Run Behavior\ShowPageTraceBehavior [ RunTime:0.001000s ]
INFO: [ app_end ] --END-- [ RunTime:0.001000s ]

[ 2017-03-20T18:36:56+08:00 ] ::1 /SignUpSys/index.php/Admin/CTree/getTree
INFO: [ app_init ] --START--
INFO: Run Behavior\BuildLiteBehavior [ RunTime:0.000000s ]
INFO: [ app_init ] --END-- [ RunTime:0.001000s ]
INFO: [ app_begin ] --START--
INFO: Run Behavior\ReadHtmlCacheBehavior [ RunTime:0.001000s ]
INFO: [ app_begin ] --END-- [ RunTime:0.001000s ]
SQL: SHOW COLUMNS FROM `su_course_tree` [ RunTime:0.0020s ]
SQL: SELECT `ctr_NodeId`,`ctr_ParentId`,ctr_Name AS name,`ctr_Limit`,`ctr_Level`,`ctr_Synopsis` FROM `su_course_tree`  [ RunTime:0.0000s ]
INFO: [ app_end ] --START--
INFO: Run Behavior\ShowPageTraceBehavior [ RunTime:0.000000s ]
INFO: [ app_end ] --END-- [ RunTime:0.000000s ]

[ 2017-03-20T18:36:59+08:00 ] ::1 /SignUpSys/index.php/Admin/CTree/addChild?pId=22&level=3
INFO: [ app_init ] --START--
INFO: Run Behavior\BuildLiteBehavior [ RunTime:0.000000s ]
INFO: [ app_init ] --END-- [ RunTime:0.000000s ]
INFO: [ app_begin ] --START--
INFO: Run Behavior\ReadHtmlCacheBehavior [ RunTime:0.000000s ]
INFO: [ app_begin ] --END-- [ RunTime:0.000000s ]
SQL: SHOW COLUMNS FROM `su_course_tree` [ RunTime:0.0020s ]
SQL: INSERT INTO `su_course_tree` (`ctr_ParentId`,`ctr_Level`,`ctr_Name`) VALUES ('22','4','newNode') [ RunTime:0.1300s ]
INFO: [ app_end ] --START--
INFO: Run Behavior\ShowPageTraceBehavior [ RunTime:0.001000s ]
INFO: [ app_end ] --END-- [ RunTime:0.001000s ]

[ 2017-03-20T18:37:00+08:00 ] ::1 /SignUpSys/index.php/Admin/CTree/getTree
INFO: [ app_init ] --START--
INFO: Run Behavior\BuildLiteBehavior [ RunTime:0.000000s ]
INFO: [ app_init ] --END-- [ RunTime:0.001000s ]
INFO: [ app_begin ] --START--
INFO: Run Behavior\ReadHtmlCacheBehavior [ RunTime:0.000000s ]
INFO: [ app_begin ] --END-- [ RunTime:0.000000s ]
SQL: SHOW COLUMNS FROM `su_course_tree` [ RunTime:0.0010s ]
SQL: SELECT `ctr_NodeId`,`ctr_ParentId`,ctr_Name AS name,`ctr_Limit`,`ctr_Level`,`ctr_Synopsis` FROM `su_course_tree`  [ RunTime:0.0000s ]
INFO: [ app_end ] --START--
INFO: Run Behavior\ShowPageTraceBehavior [ RunTime:0.001000s ]
INFO: [ app_end ] --END-- [ RunTime:0.001000s ]

[ 2017-03-20T18:37:22+08:00 ] ::1 /SignUpSys/index.php/Admin/CTree/saveInfo?ctr_NodeId=24&ctr_Name=%E4%BF%A1%E6%81%AF%E5%AE%89%E5%85%A8&ctr_Limit=&ctr_Synopsis=%E9%98%BF%E6%89%80%E5%8F%91%E7%94%9F%E7%9A%84%E5%A4%8D%E8%8B%8F%E7%9A%84%E5%A4%8D%E8%8B%8F%E5%8F%91%E9%80%81
INFO: [ app_init ] --START--
INFO: Run Behavior\BuildLiteBehavior [ RunTime:0.000000s ]
INFO: [ app_init ] --END-- [ RunTime:0.001000s ]
INFO: [ app_begin ] --START--
INFO: Run Behavior\ReadHtmlCacheBehavior [ RunTime:0.001000s ]
INFO: [ app_begin ] --END-- [ RunTime:0.001000s ]
SQL: SHOW COLUMNS FROM `su_course_tree` [ RunTime:0.0020s ]
SQL: UPDATE `su_course_tree` SET `ctr_Name`='信息安全',`ctr_Limit`='0',`ctr_Synopsis`='阿所发生的复苏的复苏发送' WHERE `ctr_NodeId` = 24 [ RunTime:0.1070s ]
INFO: [ app_end ] --START--
INFO: Run Behavior\ShowPageTraceBehavior [ RunTime:0.001000s ]
INFO: [ app_end ] --END-- [ RunTime:0.001000s ]

[ 2017-03-20T18:37:23+08:00 ] ::1 /SignUpSys/index.php/Admin/CTree/getTree
INFO: [ app_init ] --START--
INFO: Run Behavior\BuildLiteBehavior [ RunTime:0.000000s ]
INFO: [ app_init ] --END-- [ RunTime:0.001000s ]
INFO: [ app_begin ] --START--
INFO: Run Behavior\ReadHtmlCacheBehavior [ RunTime:0.001000s ]
INFO: [ app_begin ] --END-- [ RunTime:0.001000s ]
SQL: SHOW COLUMNS FROM `su_course_tree` [ RunTime:0.0020s ]
SQL: SELECT `ctr_NodeId`,`ctr_ParentId`,ctr_Name AS name,`ctr_Limit`,`ctr_Level`,`ctr_Synopsis` FROM `su_course_tree`  [ RunTime:0.0000s ]
INFO: [ app_end ] --START--
INFO: Run Behavior\ShowPageTraceBehavior [ RunTime:0.001000s ]
INFO: [ app_end ] --END-- [ RunTime:0.001000s ]

[ 2017-03-20T18:37:27+08:00 ] ::1 /SignUpSys/index.php/Admin/CTree/addChild?pId=18&level=2
INFO: [ app_init ] --START--
INFO: Run Behavior\BuildLiteBehavior [ RunTime:0.000000s ]
INFO: [ app_init ] --END-- [ RunTime:0.000000s ]
INFO: [ app_begin ] --START--
INFO: Run Behavior\ReadHtmlCacheBehavior [ RunTime:0.000000s ]
INFO: [ app_begin ] --END-- [ RunTime:0.000000s ]
SQL: SHOW COLUMNS FROM `su_course_tree` [ RunTime:0.0020s ]
SQL: INSERT INTO `su_course_tree` (`ctr_ParentId`,`ctr_Level`,`ctr_Name`) VALUES ('18','3','newNode') [ RunTime:0.0940s ]
INFO: [ app_end ] --START--
INFO: Run Behavior\ShowPageTraceBehavior [ RunTime:0.001000s ]
INFO: [ app_end ] --END-- [ RunTime:0.001000s ]

[ 2017-03-20T18:37:28+08:00 ] ::1 /SignUpSys/index.php/Admin/CTree/getTree
INFO: [ app_init ] --START--
INFO: Run Behavior\BuildLiteBehavior [ RunTime:0.000000s ]
INFO: [ app_init ] --END-- [ RunTime:0.000000s ]
INFO: [ app_begin ] --START--
INFO: Run Behavior\ReadHtmlCacheBehavior [ RunTime:0.000000s ]
INFO: [ app_begin ] --END-- [ RunTime:0.000000s ]
SQL: SHOW COLUMNS FROM `su_course_tree` [ RunTime:0.0020s ]
SQL: SELECT `ctr_NodeId`,`ctr_ParentId`,ctr_Name AS name,`ctr_Limit`,`ctr_Level`,`ctr_Synopsis` FROM `su_course_tree`  [ RunTime:0.0000s ]
INFO: [ app_end ] --START--
INFO: Run Behavior\ShowPageTraceBehavior [ RunTime:0.001000s ]
INFO: [ app_end ] --END-- [ RunTime:0.001000s ]

[ 2017-03-20T18:37:44+08:00 ] ::1 /SignUpSys/index.php/Admin/CTree/saveInfo?ctr_NodeId=25&ctr_Name=%E8%AE%A1%E7%AE%97%E6%9C%BA%E7%90%86%E8%AE%BA%E6%A8%A1%E5%9D%97&ctr_Limit=100&ctr_Synopsis=%E9%98%BF%E6%96%AF%E5%A4%A7%E4%B8%89%E5%A4%A7%E5%9B%9B%E7%9A%84
INFO: [ app_init ] --START--
INFO: Run Behavior\BuildLiteBehavior [ RunTime:0.000000s ]
INFO: [ app_init ] --END-- [ RunTime:0.001000s ]
INFO: [ app_begin ] --START--
INFO: Run Behavior\ReadHtmlCacheBehavior [ RunTime:0.001000s ]
INFO: [ app_begin ] --END-- [ RunTime:0.001000s ]
SQL: SHOW COLUMNS FROM `su_course_tree` [ RunTime:0.0020s ]
SQL: UPDATE `su_course_tree` SET `ctr_Name`='计算机理论模块',`ctr_Limit`='100',`ctr_Synopsis`='阿斯大三大四的' WHERE `ctr_NodeId` = 25 [ RunTime:0.0750s ]
INFO: [ app_end ] --START--
INFO: Run Behavior\ShowPageTraceBehavior [ RunTime:0.000000s ]
INFO: [ app_end ] --END-- [ RunTime:0.000000s ]

[ 2017-03-20T18:37:45+08:00 ] ::1 /SignUpSys/index.php/Admin/CTree/getTree
INFO: [ app_init ] --START--
INFO: Run Behavior\BuildLiteBehavior [ RunTime:0.000000s ]
INFO: [ app_init ] --END-- [ RunTime:0.001000s ]
INFO: [ app_begin ] --START--
INFO: Run Behavior\ReadHtmlCacheBehavior [ RunTime:0.001000s ]
INFO: [ app_begin ] --END-- [ RunTime:0.001000s ]
SQL: SHOW COLUMNS FROM `su_course_tree` [ RunTime:0.0010s ]
SQL: SELECT `ctr_NodeId`,`ctr_ParentId`,ctr_Name AS name,`ctr_Limit`,`ctr_Level`,`ctr_Synopsis` FROM `su_course_tree`  [ RunTime:0.0000s ]
INFO: [ app_end ] --START--
INFO: Run Behavior\ShowPageTraceBehavior [ RunTime:0.001000s ]
INFO: [ app_end ] --END-- [ RunTime:0.001000s ]

[ 2017-03-20T18:37:47+08:00 ] ::1 /SignUpSys/index.php/Admin/CTree/addChild?pId=25&level=3
INFO: [ app_init ] --START--
INFO: Run Behavior\BuildLiteBehavior [ RunTime:0.000000s ]
INFO: [ app_init ] --END-- [ RunTime:0.000000s ]
INFO: [ app_begin ] --START--
INFO: Run Behavior\ReadHtmlCacheBehavior [ RunTime:0.000000s ]
INFO: [ app_begin ] --END-- [ RunTime:0.000000s ]
SQL: SHOW COLUMNS FROM `su_course_tree` [ RunTime:0.0010s ]
SQL: INSERT INTO `su_course_tree` (`ctr_ParentId`,`ctr_Level`,`ctr_Name`) VALUES ('25','4','newNode') [ RunTime:0.1490s ]
INFO: [ app_end ] --START--
INFO: Run Behavior\ShowPageTraceBehavior [ RunTime:0.001000s ]
INFO: [ app_end ] --END-- [ RunTime:0.001000s ]

[ 2017-03-20T18:37:48+08:00 ] ::1 /SignUpSys/index.php/Admin/CTree/getTree
INFO: [ app_init ] --START--
INFO: Run Behavior\BuildLiteBehavior [ RunTime:0.000000s ]
INFO: [ app_init ] --END-- [ RunTime:0.000000s ]
INFO: [ app_begin ] --START--
INFO: Run Behavior\ReadHtmlCacheBehavior [ RunTime:0.000000s ]
INFO: [ app_begin ] --END-- [ RunTime:0.000000s ]
SQL: SHOW COLUMNS FROM `su_course_tree` [ RunTime:0.0010s ]
SQL: SELECT `ctr_NodeId`,`ctr_ParentId`,ctr_Name AS name,`ctr_Limit`,`ctr_Level`,`ctr_Synopsis` FROM `su_course_tree`  [ RunTime:0.0010s ]
INFO: [ app_end ] --START--
INFO: Run Behavior\ShowPageTraceBehavior [ RunTime:0.000000s ]
INFO: [ app_end ] --END-- [ RunTime:0.000000s ]

[ 2017-03-20T18:38:07+08:00 ] ::1 /SignUpSys/index.php/Admin/CTree/saveInfo?ctr_NodeId=26&ctr_Name=%E6%93%8D%E4%BD%9C%E7%B3%BB%E7%BB%9F&ctr_Limit=&ctr_Synopsis=%E9%98%BF%E5%A6%B9%E6%87%82%E5%95%8A%E9%80%81%E5%95%8A%E5%8F%B8%E6%9C%BA%E5%93%A6%E4%BD%8E%E4%BB%B7%E5%A5%A5%E6%96%AF
INFO: [ app_init ] --START--
INFO: Run Behavior\BuildLiteBehavior [ RunTime:0.000000s ]
INFO: [ app_init ] --END-- [ RunTime:0.000000s ]
INFO: [ app_begin ] --START--
INFO: Run Behavior\ReadHtmlCacheBehavior [ RunTime:0.000000s ]
INFO: [ app_begin ] --END-- [ RunTime:0.000000s ]
SQL: SHOW COLUMNS FROM `su_course_tree` [ RunTime:0.0010s ]
SQL: UPDATE `su_course_tree` SET `ctr_Name`='操作系统',`ctr_Limit`='0',`ctr_Synopsis`='阿妹懂啊送啊司机哦低价奥斯' WHERE `ctr_NodeId` = 26 [ RunTime:0.1010s ]
INFO: [ app_end ] --START--
INFO: Run Behavior\ShowPageTraceBehavior [ RunTime:0.000000s ]
INFO: [ app_end ] --END-- [ RunTime:0.000000s ]

[ 2017-03-20T18:38:08+08:00 ] ::1 /SignUpSys/index.php/Admin/CTree/getTree
INFO: [ app_init ] --START--
INFO: Run Behavior\BuildLiteBehavior [ RunTime:0.000000s ]
INFO: [ app_init ] --END-- [ RunTime:0.001000s ]
INFO: [ app_begin ] --START--
INFO: Run Behavior\ReadHtmlCacheBehavior [ RunTime:0.001000s ]
INFO: [ app_begin ] --END-- [ RunTime:0.001000s ]
SQL: SHOW COLUMNS FROM `su_course_tree` [ RunTime:0.0010s ]
SQL: SELECT `ctr_NodeId`,`ctr_ParentId`,ctr_Name AS name,`ctr_Limit`,`ctr_Level`,`ctr_Synopsis` FROM `su_course_tree`  [ RunTime:0.0000s ]
INFO: [ app_end ] --START--
INFO: Run Behavior\ShowPageTraceBehavior [ RunTime:0.001000s ]
INFO: [ app_end ] --END-- [ RunTime:0.001000s ]

[ 2017-03-20T18:38:10+08:00 ] ::1 /SignUpSys/index.php/Admin/CTree/addChild?pId=25&level=3
INFO: [ app_init ] --START--
INFO: Run Behavior\BuildLiteBehavior [ RunTime:0.000000s ]
INFO: [ app_init ] --END-- [ RunTime:0.001000s ]
INFO: [ app_begin ] --START--
INFO: Run Behavior\ReadHtmlCacheBehavior [ RunTime:0.001000s ]
INFO: [ app_begin ] --END-- [ RunTime:0.001000s ]
SQL: SHOW COLUMNS FROM `su_course_tree` [ RunTime:0.0010s ]
SQL: INSERT INTO `su_course_tree` (`ctr_ParentId`,`ctr_Level`,`ctr_Name`) VALUES ('25','4','newNode') [ RunTime:0.0760s ]
INFO: [ app_end ] --START--
INFO: Run Behavior\ShowPageTraceBehavior [ RunTime:0.001000s ]
INFO: [ app_end ] --END-- [ RunTime:0.001000s ]

[ 2017-03-20T18:38:11+08:00 ] ::1 /SignUpSys/index.php/Admin/CTree/getTree
INFO: [ app_init ] --START--
INFO: Run Behavior\BuildLiteBehavior [ RunTime:0.000000s ]
INFO: [ app_init ] --END-- [ RunTime:0.000000s ]
INFO: [ app_begin ] --START--
INFO: Run Behavior\ReadHtmlCacheBehavior [ RunTime:0.001000s ]
INFO: [ app_begin ] --END-- [ RunTime:0.001000s ]
SQL: SHOW COLUMNS FROM `su_course_tree` [ RunTime:0.0010s ]
SQL: SELECT `ctr_NodeId`,`ctr_ParentId`,ctr_Name AS name,`ctr_Limit`,`ctr_Level`,`ctr_Synopsis` FROM `su_course_tree`  [ RunTime:0.0000s ]
INFO: [ app_end ] --START--
INFO: Run Behavior\ShowPageTraceBehavior [ RunTime:0.000000s ]
INFO: [ app_end ] --END-- [ RunTime:0.001000s ]

[ 2017-03-20T18:38:25+08:00 ] ::1 /SignUpSys/index.php/Admin/CTree/saveInfo?ctr_NodeId=27&ctr_Name=%E8%AE%A1%E7%AE%97%E6%9C%BA%E7%BB%84%E6%88%90%E5%8E%9F%E7%90%86&ctr_Limit=&ctr_Synopsis=%E9%98%BF%E6%96%AF%E6%89%93%E6%89%AB%E6%89%93%E6%89%AB%E5%A4%A7%E9%98%BF%E7%A6%8F%E6%96%AF%E8%92%82%E8%8A%AC%E7%AC%AC%E4%B8%89%E6%96%B9%E5%9C%A8%E7%BA%BF
INFO: [ app_init ] --START--
INFO: Run Behavior\BuildLiteBehavior [ RunTime:0.000000s ]
INFO: [ app_init ] --END-- [ RunTime:0.000000s ]
INFO: [ app_begin ] --START--
INFO: Run Behavior\ReadHtmlCacheBehavior [ RunTime:0.000000s ]
INFO: [ app_begin ] --END-- [ RunTime:0.000000s ]
SQL: SHOW COLUMNS FROM `su_course_tree` [ RunTime:0.0020s ]
SQL: UPDATE `su_course_tree` SET `ctr_Name`='计算机组成原理',`ctr_Limit`='0',`ctr_Synopsis`='阿斯打扫打扫大阿福斯蒂芬第三方在线' WHERE `ctr_NodeId` = 27 [ RunTime:0.0780s ]
INFO: [ app_end ] --START--
INFO: Run Behavior\ShowPageTraceBehavior [ RunTime:0.001000s ]
INFO: [ app_end ] --END-- [ RunTime:0.001000s ]

[ 2017-03-20T18:38:26+08:00 ] ::1 /SignUpSys/index.php/Admin/CTree/getTree
INFO: [ app_init ] --START--
INFO: Run Behavior\BuildLiteBehavior [ RunTime:0.000000s ]
INFO: [ app_init ] --END-- [ RunTime:0.001000s ]
INFO: [ app_begin ] --START--
INFO: Run Behavior\ReadHtmlCacheBehavior [ RunTime:0.001000s ]
INFO: [ app_begin ] --END-- [ RunTime:0.001000s ]
SQL: SHOW COLUMNS FROM `su_course_tree` [ RunTime:0.0010s ]
SQL: SELECT `ctr_NodeId`,`ctr_ParentId`,ctr_Name AS name,`ctr_Limit`,`ctr_Level`,`ctr_Synopsis` FROM `su_course_tree`  [ RunTime:0.0000s ]
INFO: [ app_end ] --START--
INFO: Run Behavior\ShowPageTraceBehavior [ RunTime:0.001000s ]
INFO: [ app_end ] --END-- [ RunTime:0.001000s ]

[ 2017-03-20T18:38:30+08:00 ] ::1 /SignUpSys/index.php/Admin/CTree/addChild?pId=18&level=2
INFO: [ app_init ] --START--
INFO: Run Behavior\BuildLiteBehavior [ RunTime:0.000000s ]
INFO: [ app_init ] --END-- [ RunTime:0.000000s ]
INFO: [ app_begin ] --START--
INFO: Run Behavior\ReadHtmlCacheBehavior [ RunTime:0.000000s ]
INFO: [ app_begin ] --END-- [ RunTime:0.001000s ]
SQL: SHOW COLUMNS FROM `su_course_tree` [ RunTime:0.0020s ]
SQL: INSERT INTO `su_course_tree` (`ctr_ParentId`,`ctr_Level`,`ctr_Name`) VALUES ('18','3','newNode') [ RunTime:0.0880s ]
INFO: [ app_end ] --START--
INFO: Run Behavior\ShowPageTraceBehavior [ RunTime:0.000000s ]
INFO: [ app_end ] --END-- [ RunTime:0.000000s ]

[ 2017-03-20T18:38:30+08:00 ] ::1 /SignUpSys/index.php/Admin/CTree/getTree
INFO: [ app_init ] --START--
INFO: Run Behavior\BuildLiteBehavior [ RunTime:0.000000s ]
INFO: [ app_init ] --END-- [ RunTime:0.000000s ]
INFO: [ app_begin ] --START--
INFO: Run Behavior\ReadHtmlCacheBehavior [ RunTime:0.000000s ]
INFO: [ app_begin ] --END-- [ RunTime:0.000000s ]
SQL: SHOW COLUMNS FROM `su_course_tree` [ RunTime:0.0020s ]
SQL: SELECT `ctr_NodeId`,`ctr_ParentId`,ctr_Name AS name,`ctr_Limit`,`ctr_Level`,`ctr_Synopsis` FROM `su_course_tree`  [ RunTime:0.0000s ]
INFO: [ app_end ] --START--
INFO: Run Behavior\ShowPageTraceBehavior [ RunTime:0.000000s ]
INFO: [ app_end ] --END-- [ RunTime:0.000000s ]

[ 2017-03-20T18:39:07+08:00 ] ::1 /SignUpSys/index.php/Admin/CTree/saveInfo?ctr_NodeId=28&ctr_Name=%E9%80%9A%E4%BF%A1%E5%8E%9F%E7%90%86&ctr_Limit=100&ctr_Synopsis=%E9%98%BF%E6%96%AF%E6%89%93%E6%89%AB%E5%A4%A7%E9%81%93%E8%A5%BF%E4%BE%A7vxvddfhfhfgnjf
INFO: [ app_init ] --START--
INFO: Run Behavior\BuildLiteBehavior [ RunTime:0.000000s ]
INFO: [ app_init ] --END-- [ RunTime:0.001000s ]
INFO: [ app_begin ] --START--
INFO: Run Behavior\ReadHtmlCacheBehavior [ RunTime:0.001000s ]
INFO: [ app_begin ] --END-- [ RunTime:0.001000s ]
SQL: SHOW COLUMNS FROM `su_course_tree` [ RunTime:0.0030s ]
SQL: UPDATE `su_course_tree` SET `ctr_Name`='通信原理',`ctr_Limit`='100',`ctr_Synopsis`='阿斯打扫大道西侧vxvddfhfhfgnjf' WHERE `ctr_NodeId` = 28 [ RunTime:0.1230s ]
INFO: [ app_end ] --START--
INFO: Run Behavior\ShowPageTraceBehavior [ RunTime:0.000000s ]
INFO: [ app_end ] --END-- [ RunTime:0.000000s ]

[ 2017-03-20T18:39:08+08:00 ] ::1 /SignUpSys/index.php/Admin/CTree/getTree
INFO: [ app_init ] --START--
INFO: Run Behavior\BuildLiteBehavior [ RunTime:0.000000s ]
INFO: [ app_init ] --END-- [ RunTime:0.000000s ]
INFO: [ app_begin ] --START--
INFO: Run Behavior\ReadHtmlCacheBehavior [ RunTime:0.001000s ]
INFO: [ app_begin ] --END-- [ RunTime:0.001000s ]
SQL: SHOW COLUMNS FROM `su_course_tree` [ RunTime:0.0010s ]
SQL: SELECT `ctr_NodeId`,`ctr_ParentId`,ctr_Name AS name,`ctr_Limit`,`ctr_Level`,`ctr_Synopsis` FROM `su_course_tree`  [ RunTime:0.0000s ]
INFO: [ app_end ] --START--
INFO: Run Behavior\ShowPageTraceBehavior [ RunTime:0.001000s ]
INFO: [ app_end ] --END-- [ RunTime:0.001000s ]

[ 2017-03-20T18:39:10+08:00 ] ::1 /SignUpSys/index.php/Admin/CTree/addChild?pId=28&level=3
INFO: [ app_init ] --START--
INFO: Run Behavior\BuildLiteBehavior [ RunTime:0.000000s ]
INFO: [ app_init ] --END-- [ RunTime:0.001000s ]
INFO: [ app_begin ] --START--
INFO: Run Behavior\ReadHtmlCacheBehavior [ RunTime:0.001000s ]
INFO: [ app_begin ] --END-- [ RunTime:0.001000s ]
SQL: SHOW COLUMNS FROM `su_course_tree` [ RunTime:0.0010s ]
SQL: INSERT INTO `su_course_tree` (`ctr_ParentId`,`ctr_Level`,`ctr_Name`) VALUES ('28','4','newNode') [ RunTime:0.0780s ]
INFO: [ app_end ] --START--
INFO: Run Behavior\ShowPageTraceBehavior [ RunTime:0.001000s ]
INFO: [ app_end ] --END-- [ RunTime:0.001000s ]

[ 2017-03-20T18:39:11+08:00 ] ::1 /SignUpSys/index.php/Admin/CTree/getTree
INFO: [ app_init ] --START--
INFO: Run Behavior\BuildLiteBehavior [ RunTime:0.000000s ]
INFO: [ app_init ] --END-- [ RunTime:0.001000s ]
INFO: [ app_begin ] --START--
INFO: Run Behavior\ReadHtmlCacheBehavior [ RunTime:0.001000s ]
INFO: [ app_begin ] --END-- [ RunTime:0.001000s ]
SQL: SHOW COLUMNS FROM `su_course_tree` [ RunTime:0.0020s ]
SQL: SELECT `ctr_NodeId`,`ctr_ParentId`,ctr_Name AS name,`ctr_Limit`,`ctr_Level`,`ctr_Synopsis` FROM `su_course_tree`  [ RunTime:0.0000s ]
INFO: [ app_end ] --START--
INFO: Run Behavior\ShowPageTraceBehavior [ RunTime:0.001000s ]
INFO: [ app_end ] --END-- [ RunTime:0.001000s ]

[ 2017-03-20T18:39:25+08:00 ] ::1 /SignUpSys/index.php/Admin/CTree/saveInfo?ctr_NodeId=29&ctr_Name=%E4%BF%A1%E5%8F%B7%E4%B8%8E%E7%B3%BB%E7%BB%9F&ctr_Limit=&ctr_Synopsis=%E9%98%BF%E6%96%AF%E6%89%93%E6%89%AB%E6%89%93%E6%89%AB%E7%9A%84%E8%BF%87%E7%9A%84%E9%9D%9E%E5%AE%98%E6%96%B9
INFO: [ app_init ] --START--
INFO: Run Behavior\BuildLiteBehavior [ RunTime:0.000000s ]
INFO: [ app_init ] --END-- [ RunTime:0.000000s ]
INFO: [ app_begin ] --START--
INFO: Run Behavior\ReadHtmlCacheBehavior [ RunTime:0.000000s ]
INFO: [ app_begin ] --END-- [ RunTime:0.000000s ]
SQL: SHOW COLUMNS FROM `su_course_tree` [ RunTime:0.0020s ]
SQL: UPDATE `su_course_tree` SET `ctr_Name`='信号与系统',`ctr_Limit`='0',`ctr_Synopsis`='阿斯打扫打扫的过的非官方' WHERE `ctr_NodeId` = 29 [ RunTime:0.0700s ]
INFO: [ app_end ] --START--
INFO: Run Behavior\ShowPageTraceBehavior [ RunTime:0.001000s ]
INFO: [ app_end ] --END-- [ RunTime:0.001000s ]

[ 2017-03-20T18:39:26+08:00 ] ::1 /SignUpSys/index.php/Admin/CTree/getTree
INFO: [ app_init ] --START--
INFO: Run Behavior\BuildLiteBehavior [ RunTime:0.000000s ]
INFO: [ app_init ] --END-- [ RunTime:0.001000s ]
INFO: [ app_begin ] --START--
INFO: Run Behavior\ReadHtmlCacheBehavior [ RunTime:0.001000s ]
INFO: [ app_begin ] --END-- [ RunTime:0.001000s ]
SQL: SHOW COLUMNS FROM `su_course_tree` [ RunTime:0.0010s ]
SQL: SELECT `ctr_NodeId`,`ctr_ParentId`,ctr_Name AS name,`ctr_Limit`,`ctr_Level`,`ctr_Synopsis` FROM `su_course_tree`  [ RunTime:0.0000s ]
INFO: [ app_end ] --START--
INFO: Run Behavior\ShowPageTraceBehavior [ RunTime:0.001000s ]
INFO: [ app_end ] --END-- [ RunTime:0.001000s ]

[ 2017-03-20T18:39:29+08:00 ] ::1 /SignUpSys/index.php/Admin/CTree/addChild?pId=28&level=3
INFO: [ app_init ] --START--
INFO: Run Behavior\BuildLiteBehavior [ RunTime:0.000000s ]
INFO: [ app_init ] --END-- [ RunTime:0.000000s ]
INFO: [ app_begin ] --START--
INFO: Run Behavior\ReadHtmlCacheBehavior [ RunTime:0.000000s ]
INFO: [ app_begin ] --END-- [ RunTime:0.000000s ]
SQL: SHOW COLUMNS FROM `su_course_tree` [ RunTime:0.0020s ]
SQL: INSERT INTO `su_course_tree` (`ctr_ParentId`,`ctr_Level`,`ctr_Name`) VALUES ('28','4','newNode') [ RunTime:0.0590s ]
INFO: [ app_end ] --START--
INFO: Run Behavior\ShowPageTraceBehavior [ RunTime:0.001000s ]
INFO: [ app_end ] --END-- [ RunTime:0.001000s ]

[ 2017-03-20T18:39:30+08:00 ] ::1 /SignUpSys/index.php/Admin/CTree/getTree
INFO: [ app_init ] --START--
INFO: Run Behavior\BuildLiteBehavior [ RunTime:0.000000s ]
INFO: [ app_init ] --END-- [ RunTime:0.000000s ]
INFO: [ app_begin ] --START--
INFO: Run Behavior\ReadHtmlCacheBehavior [ RunTime:0.000000s ]
INFO: [ app_begin ] --END-- [ RunTime:0.000000s ]
SQL: SHOW COLUMNS FROM `su_course_tree` [ RunTime:0.0020s ]
SQL: SELECT `ctr_NodeId`,`ctr_ParentId`,ctr_Name AS name,`ctr_Limit`,`ctr_Level`,`ctr_Synopsis` FROM `su_course_tree`  [ RunTime:0.0010s ]
INFO: [ app_end ] --START--
INFO: Run Behavior\ShowPageTraceBehavior [ RunTime:0.000000s ]
INFO: [ app_end ] --END-- [ RunTime:0.000000s ]

[ 2017-03-20T18:39:48+08:00 ] ::1 /SignUpSys/index.php/Admin/CTree/saveInfo?ctr_NodeId=30&ctr_Name=%E9%80%9A%E4%BF%A1%E5%8E%9F%E7%90%86&ctr_Limit=&ctr_Synopsis=%E9%98%BF%E6%96%AF%E8%BE%BE%E4%BD%A0%E5%93%A6%E5%8F%97%E6%88%BF%E4%BB%B7%E6%9D%BE%E5%8A%A8i%E9%87%91%E4%BD%9B%E5%B1%B1%E7%9A%84%E5%9B%A7%E9%87%8C%E5%93%A6iko
INFO: [ app_init ] --START--
INFO: Run Behavior\BuildLiteBehavior [ RunTime:0.000000s ]
INFO: [ app_init ] --END-- [ RunTime:0.001000s ]
INFO: [ app_begin ] --START--
INFO: Run Behavior\ReadHtmlCacheBehavior [ RunTime:0.001000s ]
INFO: [ app_begin ] --END-- [ RunTime:0.001000s ]
SQL: SHOW COLUMNS FROM `su_course_tree` [ RunTime:0.0010s ]
SQL: UPDATE `su_course_tree` SET `ctr_Name`='通信原理',`ctr_Limit`='0',`ctr_Synopsis`='阿斯达你哦受房价松动i金佛山的囧里哦iko' WHERE `ctr_NodeId` = 30 [ RunTime:0.0840s ]
INFO: [ app_end ] --START--
INFO: Run Behavior\ShowPageTraceBehavior [ RunTime:0.000000s ]
INFO: [ app_end ] --END-- [ RunTime:0.000000s ]

[ 2017-03-20T18:39:48+08:00 ] ::1 /SignUpSys/index.php/Admin/CTree/getTree
INFO: [ app_init ] --START--
INFO: Run Behavior\BuildLiteBehavior [ RunTime:0.000000s ]
INFO: [ app_init ] --END-- [ RunTime:0.001000s ]
INFO: [ app_begin ] --START--
INFO: Run Behavior\ReadHtmlCacheBehavior [ RunTime:0.001000s ]
INFO: [ app_begin ] --END-- [ RunTime:0.001000s ]
SQL: SHOW COLUMNS FROM `su_course_tree` [ RunTime:0.0010s ]
SQL: SELECT `ctr_NodeId`,`ctr_ParentId`,ctr_Name AS name,`ctr_Limit`,`ctr_Level`,`ctr_Synopsis` FROM `su_course_tree`  [ RunTime:0.0010s ]
INFO: [ app_end ] --START--
INFO: Run Behavior\ShowPageTraceBehavior [ RunTime:0.000000s ]
INFO: [ app_end ] --END-- [ RunTime:0.000000s ]

