[ 2018-05-25T17:13:04+08:00 ] 222.209.10.175 /SignUpSys/index.php/Admin/Login/
INFO: [ app_init ] --START--
INFO: Run Behavior\BuildLiteBehavior [ RunTime:0.000014s ]
INFO: [ app_init ] --END-- [ RunTime:0.000342s ]
INFO: [ app_begin ] --START--
INFO: Run Behavior\ReadHtmlCacheBehavior [ RunTime:0.000506s ]
INFO: [ app_begin ] --END-- [ RunTime:0.000555s ]
SQL: SHOW COLUMNS FROM `su_manager` [ RunTime:0.0014s ]
INFO: [ view_parse ] --START--
INFO: [ template_filter ] --START--
INFO: Run Behavior\ContentReplaceBehavior [ RunTime:0.000041s ]
INFO: [ template_filter ] --END-- [ RunTime:0.000086s ]
INFO: Run Behavior\ParseTemplateBehavior [ RunTime:0.006240s ]
INFO: [ view_parse ] --END-- [ RunTime:0.006282s ]
INFO: [ view_filter ] --START--
INFO: Run Behavior\WriteHtmlCacheBehavior [ RunTime:0.000269s ]
INFO: [ view_filter ] --END-- [ RunTime:0.000299s ]
INFO: [ app_end ] --START--
INFO: Run Behavior\ShowPageTraceBehavior [ RunTime:0.000569s ]
INFO: [ app_end ] --END-- [ RunTime:0.000602s ]

[ 2018-05-25T17:14:06+08:00 ] 222.209.10.175 /SignUpSys/index.php/Admin/Login/doLogin
INFO: [ app_init ] --START--
INFO: Run Behavior\BuildLiteBehavior [ RunTime:0.000015s ]
INFO: [ app_init ] --END-- [ RunTime:0.000318s ]
INFO: [ app_begin ] --START--
INFO: Run Behavior\ReadHtmlCacheBehavior [ RunTime:0.000748s ]
INFO: [ app_begin ] --END-- [ RunTime:0.000789s ]
SQL: SHOW COLUMNS FROM `su_manager` [ RunTime:0.0013s ]
SQL: SELECT `mg_Id` FROM `su_manager` WHERE `mg_Name` = 'admin' AND `mg_Password` = '123456' LIMIT 1   [ RunTime:0.0003s ]
INFO: [ view_parse ] --START--
INFO: [ template_filter ] --START--
INFO: Run Behavior\ContentReplaceBehavior [ RunTime:0.000032s ]
INFO: [ template_filter ] --END-- [ RunTime:0.000067s ]
INFO: Run Behavior\ParseTemplateBehavior [ RunTime:0.005644s ]
INFO: [ view_parse ] --END-- [ RunTime:0.005681s ]
INFO: [ view_filter ] --START--
INFO: Run Behavior\WriteHtmlCacheBehavior [ RunTime:0.000232s ]
INFO: [ view_filter ] --END-- [ RunTime:0.000274s ]

[ 2018-05-25T17:14:31+08:00 ] 222.209.10.175 /SignUpSys/index.php/Admin/Login/doLogin
INFO: [ app_init ] --START--
INFO: Run Behavior\BuildLiteBehavior [ RunTime:0.000016s ]
INFO: [ app_init ] --END-- [ RunTime:0.000324s ]
INFO: [ app_begin ] --START--
INFO: Run Behavior\ReadHtmlCacheBehavior [ RunTime:0.000515s ]
INFO: [ app_begin ] --END-- [ RunTime:0.000558s ]
SQL: SHOW COLUMNS FROM `su_manager` [ RunTime:0.0013s ]
SQL: SELECT `mg_Id` FROM `su_manager` WHERE `mg_Name` = 'admin' AND `mg_Password` = 'sx654321' LIMIT 1   [ RunTime:0.0003s ]
INFO: [ view_parse ] --START--
INFO: [ template_filter ] --START--
INFO: Run Behavior\ContentReplaceBehavior [ RunTime:0.000032s ]
INFO: [ template_filter ] --END-- [ RunTime:0.000070s ]
INFO: Run Behavior\ParseTemplateBehavior [ RunTime:0.005581s ]
INFO: [ view_parse ] --END-- [ RunTime:0.005619s ]
INFO: [ view_filter ] --START--
INFO: Run Behavior\WriteHtmlCacheBehavior [ RunTime:0.000245s ]
INFO: [ view_filter ] --END-- [ RunTime:0.000276s ]
INFO: [ app_end ] --START--
INFO: Run Behavior\ShowPageTraceBehavior [ RunTime:0.000581s ]
INFO: [ app_end ] --END-- [ RunTime:0.000619s ]

[ 2018-05-25T17:14:32+08:00 ] 222.209.10.175 /SignUpSys/index.php/Admin/Student/index.html
INFO: [ app_init ] --START--
INFO: Run Behavior\BuildLiteBehavior [ RunTime:0.000015s ]
INFO: [ app_init ] --END-- [ RunTime:0.000327s ]
INFO: [ app_begin ] --START--
INFO: Run Behavior\ReadHtmlCacheBehavior [ RunTime:0.000455s ]
INFO: [ app_begin ] --END-- [ RunTime:0.000494s ]
SQL: SHOW COLUMNS FROM `su_student` [ RunTime:0.0016s ]
SQL: SHOW COLUMNS FROM `su_student_choice` [ RunTime:0.0011s ]
SQL: SHOW COLUMNS FROM `su_student_training` [ RunTime:0.0010s ]
SQL: SHOW COLUMNS FROM `su_course_tree` [ RunTime:0.0013s ]
SQL: SHOW COLUMNS FROM `su_training_tree` [ RunTime:0.0011s ]
SQL: SELECT DISTINCT stu_Grade FROM `su_student`  [ RunTime:0.0006s ]
NOTIC: [8] Undefined variable: str C:\xampp\htdocs\SignUpSys\App\Admin\Controller\StudentController.class.php 第 42 行.
INFO: [ view_parse ] --START--
INFO: [ template_filter ] --START--
INFO: Run Behavior\ContentReplaceBehavior [ RunTime:0.000107s ]
INFO: [ template_filter ] --END-- [ RunTime:0.000147s ]
INFO: Run Behavior\ParseTemplateBehavior [ RunTime:0.005360s ]
INFO: [ view_parse ] --END-- [ RunTime:0.005398s ]
INFO: [ view_filter ] --START--
INFO: Run Behavior\WriteHtmlCacheBehavior [ RunTime:0.000202s ]
INFO: [ view_filter ] --END-- [ RunTime:0.000233s ]
INFO: [ app_end ] --START--
INFO: Run Behavior\ShowPageTraceBehavior [ RunTime:0.000503s ]
INFO: [ app_end ] --END-- [ RunTime:0.000543s ]

[ 2018-05-25T17:14:35+08:00 ] 222.209.10.175 /SignUpSys/index.php/Admin/Student/getAllStudentInfo?order=asc&offset=0&limit=20
INFO: [ app_init ] --START--
INFO: Run Behavior\BuildLiteBehavior [ RunTime:0.000014s ]
INFO: [ app_init ] --END-- [ RunTime:0.000292s ]
INFO: [ app_begin ] --START--
INFO: Run Behavior\ReadHtmlCacheBehavior [ RunTime:0.000413s ]
INFO: [ app_begin ] --END-- [ RunTime:0.000445s ]
SQL: SHOW COLUMNS FROM `su_student` [ RunTime:0.0014s ]
SQL: SHOW COLUMNS FROM `su_student_choice` [ RunTime:0.0012s ]
SQL: SHOW COLUMNS FROM `su_student_training` [ RunTime:0.0010s ]
SQL: SHOW COLUMNS FROM `su_course_tree` [ RunTime:0.0011s ]
SQL: SHOW COLUMNS FROM `su_training_tree` [ RunTime:0.0010s ]
SQL: SELECT `stu_Number`,`stu_Name`,`stu_Sex`,`stu_Grade`,`stu_Profession`,`stu_Class` FROM `su_student`  [ RunTime:0.0033s ]
INFO: [ app_end ] --START--
INFO: Run Behavior\ShowPageTraceBehavior [ RunTime:0.000574s ]
INFO: [ app_end ] --END-- [ RunTime:0.000613s ]

[ 2018-05-25T17:14:41+08:00 ] 222.209.10.175 /SignUpSys/index.php/Admin/CTree/
INFO: [ app_init ] --START--
INFO: Run Behavior\BuildLiteBehavior [ RunTime:0.000014s ]
INFO: [ app_init ] --END-- [ RunTime:0.000303s ]
INFO: [ app_begin ] --START--
INFO: Run Behavior\ReadHtmlCacheBehavior [ RunTime:0.000427s ]
INFO: [ app_begin ] --END-- [ RunTime:0.000464s ]
SQL: SHOW COLUMNS FROM `su_course_tree` [ RunTime:0.0013s ]
SQL: SHOW COLUMNS FROM `su_student_choice` [ RunTime:0.0011s ]
SQL: SHOW COLUMNS FROM `su_manager` [ RunTime:0.0011s ]
SQL: SELECT `mg_Rule` FROM `su_manager` WHERE ( mg_Name = 'admin' )  [ RunTime:0.0003s ]
INFO: [ view_parse ] --START--
INFO: [ template_filter ] --START--
INFO: Run Behavior\ContentReplaceBehavior [ RunTime:0.000100s ]
INFO: [ template_filter ] --END-- [ RunTime:0.000139s ]
INFO: Run Behavior\ParseTemplateBehavior [ RunTime:0.005510s ]
INFO: [ view_parse ] --END-- [ RunTime:0.005548s ]
INFO: [ view_filter ] --START--
INFO: Run Behavior\WriteHtmlCacheBehavior [ RunTime:0.000200s ]
INFO: [ view_filter ] --END-- [ RunTime:0.000231s ]
INFO: [ app_end ] --START--
INFO: Run Behavior\ShowPageTraceBehavior [ RunTime:0.000483s ]
INFO: [ app_end ] --END-- [ RunTime:0.000518s ]

[ 2018-05-25T17:14:42+08:00 ] 222.209.10.175 /SignUpSys/index.php/Admin/CTree/getTree
INFO: [ app_init ] --START--
INFO: Run Behavior\BuildLiteBehavior [ RunTime:0.000014s ]
INFO: [ app_init ] --END-- [ RunTime:0.000288s ]
INFO: [ app_begin ] --START--
INFO: Run Behavior\ReadHtmlCacheBehavior [ RunTime:0.000408s ]
INFO: [ app_begin ] --END-- [ RunTime:0.000440s ]
SQL: SHOW COLUMNS FROM `su_course_tree` [ RunTime:0.0013s ]
SQL: SHOW COLUMNS FROM `su_student_choice` [ RunTime:0.0011s ]
SQL: SHOW COLUMNS FROM `su_manager` [ RunTime:0.0011s ]
SQL: SELECT `ctr_NodeId`,`ctr_ParentId`,ctr_Name AS name,`ctr_Limit`,`ctr_Level`,`ctr_Synopsis` FROM `su_course_tree`  [ RunTime:0.0005s ]
SQL: SELECT `ctr_NodeId` FROM `su_course_tree` WHERE ( ctr_ParentId = 12 )  [ RunTime:0.0004s ]
SQL: SELECT COUNT(ch_StuNumber) AS count FROM `su_student_choice` WHERE ( ch_TrNodeId = 14 )  [ RunTime:0.0002s ]
SQL: SELECT `ctr_NodeId` FROM `su_course_tree` WHERE ( ctr_ParentId = 15 )  [ RunTime:0.0002s ]
SQL: SELECT COUNT(ch_StuNumber) AS count FROM `su_student_choice` WHERE ( ch_TrNodeId = 16 )  [ RunTime:0.0002s ]
SQL: SELECT `ctr_NodeId` FROM `su_course_tree` WHERE ( ctr_ParentId = 19 )  [ RunTime:0.0002s ]
SQL: SELECT COUNT(ch_StuNumber) AS count FROM `su_student_choice` WHERE ( ch_TrNodeId = 20 )  [ RunTime:0.0002s ]
SQL: SELECT `ctr_NodeId` FROM `su_course_tree` WHERE ( ctr_ParentId = 22 )  [ RunTime:0.0002s ]
SQL: SELECT COUNT(ch_StuNumber) AS count FROM `su_student_choice` WHERE ( ch_TrNodeId = 23 )  [ RunTime:0.0002s ]
SQL: SELECT `ctr_NodeId` FROM `su_course_tree` WHERE ( ctr_ParentId = 25 )  [ RunTime:0.0002s ]
SQL: SELECT COUNT(ch_StuNumber) AS count FROM `su_student_choice` WHERE ( ch_TrNodeId = 26 )  [ RunTime:0.0002s ]
SQL: SELECT `ctr_NodeId` FROM `su_course_tree` WHERE ( ctr_ParentId = 28 )  [ RunTime:0.0002s ]
SQL: SELECT COUNT(ch_StuNumber) AS count FROM `su_student_choice` WHERE ( ch_TrNodeId = 29 )  [ RunTime:0.0002s ]
SQL: SELECT `ctr_NodeId` FROM `su_course_tree` WHERE ( ctr_ParentId = 33 )  [ RunTime:0.0002s ]
SQL: SELECT COUNT(ch_StuNumber) AS count FROM `su_student_choice` WHERE ( ch_TrNodeId = 35 )  [ RunTime:0.0002s ]
SQL: SELECT `ctr_NodeId` FROM `su_course_tree` WHERE ( ctr_ParentId = 34 )  [ RunTime:0.0002s ]
SQL: SELECT COUNT(ch_StuNumber) AS count FROM `su_student_choice` WHERE ( ch_TrNodeId = 37 )  [ RunTime:0.0002s ]
SQL: SELECT `ctr_NodeId` FROM `su_course_tree` WHERE ( ctr_ParentId = 40 )  [ RunTime:0.0002s ]
SQL: SELECT COUNT(ch_StuNumber) AS count FROM `su_student_choice` WHERE ( ch_TrNodeId = 44 )  [ RunTime:0.0002s ]
SQL: SELECT `ctr_NodeId` FROM `su_course_tree` WHERE ( ctr_ParentId = 41 )  [ RunTime:0.0002s ]
SQL: SELECT COUNT(ch_StuNumber) AS count FROM `su_student_choice` WHERE ( ch_TrNodeId = 46 )  [ RunTime:0.0002s ]
SQL: SELECT `ctr_NodeId` FROM `su_course_tree` WHERE ( ctr_ParentId = 42 )  [ RunTime:0.0002s ]
SQL: SELECT COUNT(ch_StuNumber) AS count FROM `su_student_choice` WHERE ( ch_TrNodeId = 48 )  [ RunTime:0.0002s ]
SQL: SELECT `ctr_NodeId` FROM `su_course_tree` WHERE ( ctr_ParentId = 43 )  [ RunTime:0.0002s ]
SQL: SELECT COUNT(ch_StuNumber) AS count FROM `su_student_choice` WHERE ( ch_TrNodeId = 50 )  [ RunTime:0.0002s ]
SQL: SELECT `ctr_NodeId` FROM `su_course_tree` WHERE ( ctr_ParentId = 55 )  [ RunTime:0.0002s ]
SQL: SELECT COUNT(ch_StuNumber) AS count FROM `su_student_choice` WHERE ( ch_TrNodeId = 59 )  [ RunTime:0.0002s ]
SQL: SELECT `ctr_NodeId` FROM `su_course_tree` WHERE ( ctr_ParentId = 56 )  [ RunTime:0.0002s ]
SQL: SELECT COUNT(ch_StuNumber) AS count FROM `su_student_choice` WHERE ( ch_TrNodeId = 62 )  [ RunTime:0.0002s ]
SQL: SELECT `ctr_NodeId` FROM `su_course_tree` WHERE ( ctr_ParentId = 57 )  [ RunTime:0.0002s ]
SQL: SELECT COUNT(ch_StuNumber) AS count FROM `su_student_choice` WHERE ( ch_TrNodeId = 65 )  [ RunTime:0.0002s ]
SQL: SELECT `ctr_NodeId` FROM `su_course_tree` WHERE ( ctr_ParentId = 58 )  [ RunTime:0.0002s ]
SQL: SELECT COUNT(ch_StuNumber) AS count FROM `su_student_choice` WHERE ( ch_TrNodeId = 67 )  [ RunTime:0.0002s ]
INFO: [ app_end ] --START--
INFO: Run Behavior\ShowPageTraceBehavior [ RunTime:0.000619s ]
INFO: [ app_end ] --END-- [ RunTime:0.000654s ]

[ 2018-05-25T17:17:43+08:00 ] 222.209.10.175 /SignUpSys/index.php/Admin/CSelection/
INFO: [ app_init ] --START--
INFO: Run Behavior\BuildLiteBehavior [ RunTime:0.000015s ]
INFO: [ app_init ] --END-- [ RunTime:0.000329s ]
INFO: [ app_begin ] --START--
INFO: Run Behavior\ReadHtmlCacheBehavior [ RunTime:0.000523s ]
INFO: [ app_begin ] --END-- [ RunTime:0.000563s ]
SQL: SHOW COLUMNS FROM `su_course_tree` [ RunTime:0.0013s ]
SQL: SHOW COLUMNS FROM `su_student_choice` [ RunTime:0.0011s ]
SQL: SHOW COLUMNS FROM `su_student` [ RunTime:0.0011s ]
SQL: SHOW COLUMNS FROM `su_manager` [ RunTime:0.0011s ]
SQL: SELECT DISTINCT ctr_Name FROM `su_course_tree` WHERE ( ctr_Level = 1 )  [ RunTime:0.0004s ]
NOTIC: [8] Undefined variable: major C:\xampp\htdocs\SignUpSys\App\Admin\Controller\CSelectionController.class.php 第 33 行.
SQL: SELECT `mg_Rule` FROM `su_manager` WHERE ( mg_Name='admin' )  [ RunTime:0.0026s ]
INFO: [ view_parse ] --START--
INFO: [ template_filter ] --START--
INFO: Run Behavior\ContentReplaceBehavior [ RunTime:0.000086s ]
INFO: [ template_filter ] --END-- [ RunTime:0.000123s ]
INFO: Run Behavior\ParseTemplateBehavior [ RunTime:0.005239s ]
INFO: [ view_parse ] --END-- [ RunTime:0.005278s ]
INFO: [ view_filter ] --START--
INFO: Run Behavior\WriteHtmlCacheBehavior [ RunTime:0.000255s ]
INFO: [ view_filter ] --END-- [ RunTime:0.000285s ]
INFO: [ app_end ] --START--
INFO: Run Behavior\ShowPageTraceBehavior [ RunTime:0.000560s ]
INFO: [ app_end ] --END-- [ RunTime:0.000594s ]

[ 2018-05-25T17:17:43+08:00 ] 222.209.10.175 /SignUpSys/index.php/Admin/Student/getAllStudentInfo?order=asc&offset=0&limit=20
INFO: [ app_init ] --START--
INFO: Run Behavior\BuildLiteBehavior [ RunTime:0.000013s ]
INFO: [ app_init ] --END-- [ RunTime:0.000336s ]
INFO: [ app_begin ] --START--
INFO: Run Behavior\ReadHtmlCacheBehavior [ RunTime:0.000504s ]
INFO: [ app_begin ] --END-- [ RunTime:0.000537s ]
SQL: SHOW COLUMNS FROM `su_student` [ RunTime:0.0013s ]
SQL: SHOW COLUMNS FROM `su_student_choice` [ RunTime:0.0011s ]
SQL: SHOW COLUMNS FROM `su_student_training` [ RunTime:0.0010s ]
SQL: SHOW COLUMNS FROM `su_course_tree` [ RunTime:0.0011s ]
SQL: SHOW COLUMNS FROM `su_training_tree` [ RunTime:0.0016s ]
SQL: SELECT `stu_Number`,`stu_Name`,`stu_Sex`,`stu_Grade`,`stu_Profession`,`stu_Class` FROM `su_student`  [ RunTime:0.0031s ]
INFO: [ app_end ] --START--
INFO: Run Behavior\ShowPageTraceBehavior [ RunTime:0.000605s ]
INFO: [ app_end ] --END-- [ RunTime:0.000643s ]

[ 2018-05-25T17:17:45+08:00 ] 222.209.10.175 /SignUpSys/index.php/Admin/CSelection/getDirection?major=%E8%AE%A1%E7%AE%97%E6%9C%BA%E7%A7%91%E5%AD%A6%E4%B8%8E%E6%8A%80%E6%9C%AF
INFO: [ app_init ] --START--
INFO: Run Behavior\BuildLiteBehavior [ RunTime:0.000013s ]
INFO: [ app_init ] --END-- [ RunTime:0.000290s ]
INFO: [ app_begin ] --START--
INFO: Run Behavior\ReadHtmlCacheBehavior [ RunTime:0.000426s ]
INFO: [ app_begin ] --END-- [ RunTime:0.000457s ]
SQL: SHOW COLUMNS FROM `su_course_tree` [ RunTime:0.0013s ]
SQL: SHOW COLUMNS FROM `su_student_choice` [ RunTime:0.0011s ]
SQL: SHOW COLUMNS FROM `su_student` [ RunTime:0.0011s ]
SQL: SHOW COLUMNS FROM `su_manager` [ RunTime:0.0010s ]
SQL: SELECT `ctr_NodeId` FROM `su_course_tree` WHERE ( ctr_Name = '计算机科学与技术' )  [ RunTime:0.0003s ]
SQL: SELECT `ctr_NodeId` FROM `su_course_tree` WHERE ( ctr_ParentId = 4 )  [ RunTime:0.0002s ]
SQL: SELECT `ctr_Name`,`ctr_NodeId` FROM `su_course_tree` WHERE ( ctr_ParentId = 5 )  [ RunTime:0.0002s ]
NOTIC: [8] Undefined variable: str C:\xampp\htdocs\SignUpSys\App\Admin\Controller\CSelectionController.class.php 第 70 行.
SQL: SELECT `ctr_Name`,`ctr_NodeId` FROM `su_course_tree` WHERE ( ctr_ParentId = 18 )  [ RunTime:0.0002s ]
INFO: [ app_end ] --START--
INFO: Run Behavior\ShowPageTraceBehavior [ RunTime:0.000518s ]
INFO: [ app_end ] --END-- [ RunTime:0.000549s ]

[ 2018-05-25T17:17:46+08:00 ] 222.209.10.175 /SignUpSys/index.php/Admin/CSelection/getDirection?major=%E7%89%A9%E8%81%94%E7%BD%91%E5%B7%A5%E7%A8%8B
INFO: [ app_init ] --START--
INFO: Run Behavior\BuildLiteBehavior [ RunTime:0.000014s ]
INFO: [ app_init ] --END-- [ RunTime:0.000297s ]
INFO: [ app_begin ] --START--
INFO: Run Behavior\ReadHtmlCacheBehavior [ RunTime:0.000400s ]
INFO: [ app_begin ] --END-- [ RunTime:0.000432s ]
SQL: SHOW COLUMNS FROM `su_course_tree` [ RunTime:0.0014s ]
SQL: SHOW COLUMNS FROM `su_student_choice` [ RunTime:0.0012s ]
SQL: SHOW COLUMNS FROM `su_student` [ RunTime:0.0011s ]
SQL: SHOW COLUMNS FROM `su_manager` [ RunTime:0.0010s ]
SQL: SELECT `ctr_NodeId` FROM `su_course_tree` WHERE ( ctr_Name = '物联网工程' )  [ RunTime:0.0003s ]
SQL: SELECT `ctr_NodeId` FROM `su_course_tree` WHERE ( ctr_ParentId = 31 )  [ RunTime:0.0002s ]
SQL: SELECT `ctr_Name`,`ctr_NodeId` FROM `su_course_tree` WHERE ( ctr_ParentId = 32 )  [ RunTime:0.0002s ]
NOTIC: [8] Undefined variable: str C:\xampp\htdocs\SignUpSys\App\Admin\Controller\CSelectionController.class.php 第 70 行.
SQL: SELECT `ctr_Name`,`ctr_NodeId` FROM `su_course_tree` WHERE ( ctr_ParentId = 39 )  [ RunTime:0.0002s ]
INFO: [ app_end ] --START--
INFO: Run Behavior\ShowPageTraceBehavior [ RunTime:0.000586s ]
INFO: [ app_end ] --END-- [ RunTime:0.000621s ]

[ 2018-05-25T17:17:49+08:00 ] 222.209.10.175 /SignUpSys/index.php/Admin/CSelection/getInfo?nodeID=34&grade=2015&order=asc&offset=0&limit=20
INFO: [ app_init ] --START--
INFO: Run Behavior\BuildLiteBehavior [ RunTime:0.000014s ]
INFO: [ app_init ] --END-- [ RunTime:0.000304s ]
INFO: [ app_begin ] --START--
INFO: Run Behavior\ReadHtmlCacheBehavior [ RunTime:0.000418s ]
INFO: [ app_begin ] --END-- [ RunTime:0.000449s ]
SQL: SHOW COLUMNS FROM `su_course_tree` [ RunTime:0.0015s ]
SQL: SHOW COLUMNS FROM `su_student_choice` [ RunTime:0.0013s ]
SQL: SHOW COLUMNS FROM `su_student` [ RunTime:0.0011s ]
SQL: SHOW COLUMNS FROM `su_manager` [ RunTime:0.0010s ]
SQL: SELECT `ctr_NodeId` FROM `su_course_tree` WHERE ( ctr_ParentId = 34 )  [ RunTime:0.0003s ]
SQL: SELECT ctr_NodeId AS ch_TrNodeId FROM `su_course_tree` WHERE (  `ctr_NodeId` = '37' ) OR (  `ctr_NodeId` = '38' ) OR (  `ctr_NodeId` = '71' )  [ RunTime:0.0003s ]
SQL: SELECT ch_StuNumber AS stu_Number FROM `su_student_choice` WHERE (  `ch_TrNodeId` = '37' ) OR (  `ch_TrNodeId` = '38' ) OR (  `ch_TrNodeId` = '71' )  [ RunTime:0.0002s ]
INFO: [ app_end ] --START--
INFO: Run Behavior\ShowPageTraceBehavior [ RunTime:0.000511s ]
INFO: [ app_end ] --END-- [ RunTime:0.000545s ]

[ 2018-05-25T17:17:52+08:00 ] 222.209.10.175 /SignUpSys/index.php/Admin/TSelection/
INFO: [ app_init ] --START--
INFO: Run Behavior\BuildLiteBehavior [ RunTime:0.000014s ]
INFO: [ app_init ] --END-- [ RunTime:0.000289s ]
INFO: [ app_begin ] --START--
INFO: Run Behavior\ReadHtmlCacheBehavior [ RunTime:0.000418s ]
INFO: [ app_begin ] --END-- [ RunTime:0.000452s ]
SQL: SHOW COLUMNS FROM `su_training_tree` [ RunTime:0.0013s ]
SQL: SHOW COLUMNS FROM `su_student_training` [ RunTime:0.0011s ]
SQL: SHOW COLUMNS FROM `su_student` [ RunTime:0.0013s ]
SQL: SELECT `ttr_Name` FROM `su_training_tree` WHERE ( ttr_Level = 1 )  [ RunTime:0.0003s ]
NOTIC: [8] Undefined variable: profession C:\xampp\htdocs\SignUpSys\App\Admin\Controller\TSelectionController.class.php 第 36 行.
INFO: [ view_parse ] --START--
INFO: [ template_filter ] --START--
INFO: Run Behavior\ContentReplaceBehavior [ RunTime:0.000081s ]
INFO: [ template_filter ] --END-- [ RunTime:0.000118s ]
INFO: Run Behavior\ParseTemplateBehavior [ RunTime:0.005081s ]
INFO: [ view_parse ] --END-- [ RunTime:0.005119s ]
INFO: [ view_filter ] --START--
INFO: Run Behavior\WriteHtmlCacheBehavior [ RunTime:0.000239s ]
INFO: [ view_filter ] --END-- [ RunTime:0.000269s ]
INFO: [ app_end ] --START--
INFO: Run Behavior\ShowPageTraceBehavior [ RunTime:0.000496s ]
INFO: [ app_end ] --END-- [ RunTime:0.000531s ]

[ 2018-05-25T17:17:52+08:00 ] 222.209.10.175 /SignUpSys/index.php/Admin/Student/getAllStudentInfo?order=asc&offset=0&limit=20
INFO: [ app_init ] --START--
INFO: Run Behavior\BuildLiteBehavior [ RunTime:0.000014s ]
INFO: [ app_init ] --END-- [ RunTime:0.000290s ]
INFO: [ app_begin ] --START--
INFO: Run Behavior\ReadHtmlCacheBehavior [ RunTime:0.000407s ]
INFO: [ app_begin ] --END-- [ RunTime:0.000440s ]
SQL: SHOW COLUMNS FROM `su_student` [ RunTime:0.0014s ]
SQL: SHOW COLUMNS FROM `su_student_choice` [ RunTime:0.0036s ]
SQL: SHOW COLUMNS FROM `su_student_training` [ RunTime:0.0011s ]
SQL: SHOW COLUMNS FROM `su_course_tree` [ RunTime:0.0011s ]
SQL: SHOW COLUMNS FROM `su_training_tree` [ RunTime:0.0010s ]
SQL: SELECT `stu_Number`,`stu_Name`,`stu_Sex`,`stu_Grade`,`stu_Profession`,`stu_Class` FROM `su_student`  [ RunTime:0.0031s ]
INFO: [ app_end ] --START--
INFO: Run Behavior\ShowPageTraceBehavior [ RunTime:0.000550s ]
INFO: [ app_end ] --END-- [ RunTime:0.000599s ]

[ 2018-05-25T17:17:54+08:00 ] 222.209.10.175 /SignUpSys/index.php/Admin/TSelection/getGrade?profession=%E8%AE%A1%E7%AE%97%E6%9C%BA%E7%A7%91%E5%AD%A6%E4%B8%8E%E6%8A%80%E6%9C%AF
INFO: [ app_init ] --START--
INFO: Run Behavior\BuildLiteBehavior [ RunTime:0.000013s ]
INFO: [ app_init ] --END-- [ RunTime:0.000286s ]
INFO: [ app_begin ] --START--
INFO: Run Behavior\ReadHtmlCacheBehavior [ RunTime:0.000414s ]
INFO: [ app_begin ] --END-- [ RunTime:0.000444s ]
SQL: SHOW COLUMNS FROM `su_training_tree` [ RunTime:0.0013s ]
SQL: SHOW COLUMNS FROM `su_student_training` [ RunTime:0.0014s ]
SQL: SHOW COLUMNS FROM `su_student` [ RunTime:0.0011s ]
SQL: SELECT `ttr_NodeId` FROM `su_training_tree` WHERE ( ttr_Name = '计算机科学与技术' )  [ RunTime:0.0003s ]
SQL: SELECT `ttr_Name` FROM `su_training_tree` WHERE ( ttr_ParentId = 5 )  [ RunTime:0.0002s ]
NOTIC: [8] Undefined variable: str C:\xampp\htdocs\SignUpSys\App\Admin\Controller\TSelectionController.class.php 第 47 行.
INFO: [ app_end ] --START--
INFO: Run Behavior\ShowPageTraceBehavior [ RunTime:0.000527s ]
INFO: [ app_end ] --END-- [ RunTime:0.000559s ]

[ 2018-05-25T17:17:55+08:00 ] 222.209.10.175 /SignUpSys/index.php/Admin/TSelection/getGrade?profession=%E8%AE%A1%E7%AE%97%E6%9C%BA%E7%A7%91%E5%AD%A6%E4%B8%8E%E6%8A%80%E6%9C%AF
INFO: [ app_init ] --START--
INFO: Run Behavior\BuildLiteBehavior [ RunTime:0.000013s ]
INFO: [ app_init ] --END-- [ RunTime:0.000295s ]
INFO: [ app_begin ] --START--
INFO: Run Behavior\ReadHtmlCacheBehavior [ RunTime:0.000404s ]
INFO: [ app_begin ] --END-- [ RunTime:0.000436s ]
SQL: SHOW COLUMNS FROM `su_training_tree` [ RunTime:0.0013s ]
SQL: SHOW COLUMNS FROM `su_student_training` [ RunTime:0.0011s ]
SQL: SHOW COLUMNS FROM `su_student` [ RunTime:0.0011s ]
SQL: SELECT `ttr_NodeId` FROM `su_training_tree` WHERE ( ttr_Name = '计算机科学与技术' )  [ RunTime:0.0003s ]
SQL: SELECT `ttr_Name` FROM `su_training_tree` WHERE ( ttr_ParentId = 5 )  [ RunTime:0.0002s ]
NOTIC: [8] Undefined variable: str C:\xampp\htdocs\SignUpSys\App\Admin\Controller\TSelectionController.class.php 第 47 行.
INFO: [ app_end ] --START--
INFO: Run Behavior\ShowPageTraceBehavior [ RunTime:0.000509s ]
INFO: [ app_end ] --END-- [ RunTime:0.000542s ]

[ 2018-05-25T17:17:56+08:00 ] 222.209.10.175 /SignUpSys/index.php/Admin/TSelection/getTime?grade=2014&profession=%E8%AE%A1%E7%AE%97%E6%9C%BA%E7%A7%91%E5%AD%A6%E4%B8%8E%E6%8A%80%E6%9C%AF
INFO: [ app_init ] --START--
INFO: Run Behavior\BuildLiteBehavior [ RunTime:0.000013s ]
INFO: [ app_init ] --END-- [ RunTime:0.000285s ]
INFO: [ app_begin ] --START--
INFO: Run Behavior\ReadHtmlCacheBehavior [ RunTime:0.000401s ]
INFO: [ app_begin ] --END-- [ RunTime:0.000432s ]
SQL: SHOW COLUMNS FROM `su_training_tree` [ RunTime:0.0013s ]
SQL: SHOW COLUMNS FROM `su_student_training` [ RunTime:0.0011s ]
SQL: SHOW COLUMNS FROM `su_student` [ RunTime:0.0011s ]
SQL: SELECT `ttr_NodeId` FROM `su_training_tree` WHERE ( ttr_Name = '计算机科学与技术' )  [ RunTime:0.0003s ]
SQL: SELECT `ttr_NodeId` FROM `su_training_tree` WHERE ( ttr_ParentId = '5' AND ttr_Name = '2014' )  [ RunTime:0.0002s ]
SQL: SELECT `ttr_Name` FROM `su_training_tree` WHERE ( ttr_ParentId = '6' )  [ RunTime:0.0002s ]
NOTIC: [8] Undefined variable: str C:\xampp\htdocs\SignUpSys\App\Admin\Controller\TSelectionController.class.php 第 71 行.
INFO: [ app_end ] --START--
INFO: Run Behavior\ShowPageTraceBehavior [ RunTime:0.000506s ]
INFO: [ app_end ] --END-- [ RunTime:0.000538s ]

[ 2018-05-25T17:17:58+08:00 ] 222.209.10.175 /SignUpSys/index.php/Admin/TSelection/getTime?grade=2014&profession=%E8%AE%A1%E7%AE%97%E6%9C%BA%E7%A7%91%E5%AD%A6%E4%B8%8E%E6%8A%80%E6%9C%AF
INFO: [ app_init ] --START--
INFO: Run Behavior\BuildLiteBehavior [ RunTime:0.000014s ]
INFO: [ app_init ] --END-- [ RunTime:0.000289s ]
INFO: [ app_begin ] --START--
INFO: Run Behavior\ReadHtmlCacheBehavior [ RunTime:0.000406s ]
INFO: [ app_begin ] --END-- [ RunTime:0.000437s ]
SQL: SHOW COLUMNS FROM `su_training_tree` [ RunTime:0.0013s ]
SQL: SHOW COLUMNS FROM `su_student_training` [ RunTime:0.0011s ]
SQL: SHOW COLUMNS FROM `su_student` [ RunTime:0.0011s ]
SQL: SELECT `ttr_NodeId` FROM `su_training_tree` WHERE ( ttr_Name = '计算机科学与技术' )  [ RunTime:0.0003s ]
SQL: SELECT `ttr_NodeId` FROM `su_training_tree` WHERE ( ttr_ParentId = '5' AND ttr_Name = '2014' )  [ RunTime:0.0002s ]
SQL: SELECT `ttr_Name` FROM `su_training_tree` WHERE ( ttr_ParentId = '6' )  [ RunTime:0.0002s ]
NOTIC: [8] Undefined variable: str C:\xampp\htdocs\SignUpSys\App\Admin\Controller\TSelectionController.class.php 第 71 行.
INFO: [ app_end ] --START--
INFO: Run Behavior\ShowPageTraceBehavior [ RunTime:0.000525s ]
INFO: [ app_end ] --END-- [ RunTime:0.000558s ]

[ 2018-05-25T17:18:00+08:00 ] 222.209.10.175 /SignUpSys/index.php/Admin/TSelection/getCourse?grade=2014&profession=%E8%AE%A1%E7%AE%97%E6%9C%BA%E7%A7%91%E5%AD%A6%E4%B8%8E%E6%8A%80%E6%9C%AF&time=2016%E5%B9%B4%E4%B8%8B%E6%9C%9F%E5%AE%9E%E8%AE%AD
INFO: [ app_init ] --START--
INFO: Run Behavior\BuildLiteBehavior [ RunTime:0.000013s ]
INFO: [ app_init ] --END-- [ RunTime:0.000296s ]
INFO: [ app_begin ] --START--
INFO: Run Behavior\ReadHtmlCacheBehavior [ RunTime:0.000414s ]
INFO: [ app_begin ] --END-- [ RunTime:0.000443s ]
SQL: SHOW COLUMNS FROM `su_training_tree` [ RunTime:0.0017s ]
SQL: SHOW COLUMNS FROM `su_student_training` [ RunTime:0.0012s ]
SQL: SHOW COLUMNS FROM `su_student` [ RunTime:0.0011s ]
SQL: SELECT `ttr_NodeId` FROM `su_training_tree` WHERE ( ttr_Name = '计算机科学与技术' )  [ RunTime:0.0003s ]
SQL: SELECT `ttr_NodeId` FROM `su_training_tree` WHERE ( ttr_ParentId = '5' AND ttr_Name = '2014' )  [ RunTime:0.0002s ]
SQL: SELECT `ttr_NodeId` FROM `su_training_tree` WHERE ( ttr_ParentId = '6' AND ttr_Name = '2016年下期实训' )  [ RunTime:0.0002s ]
SQL: SELECT `ttr_NodeId`,`ttr_Name` FROM `su_training_tree` WHERE ( ttr_ParentId = '13' )  [ RunTime:0.0002s ]
NOTIC: [8] Undefined variable: str C:\xampp\htdocs\SignUpSys\App\Admin\Controller\TSelectionController.class.php 第 60 行.
INFO: [ app_end ] --START--
INFO: Run Behavior\ShowPageTraceBehavior [ RunTime:0.000531s ]
INFO: [ app_end ] --END-- [ RunTime:0.000564s ]

[ 2018-05-25T17:18:01+08:00 ] 222.209.10.175 /SignUpSys/index.php/Admin/TSelection/getCourse?grade=2014&profession=%E8%AE%A1%E7%AE%97%E6%9C%BA%E7%A7%91%E5%AD%A6%E4%B8%8E%E6%8A%80%E6%9C%AF&time=2016%E5%B9%B4%E4%B8%8B%E6%9C%9F%E5%AE%9E%E8%AE%AD
INFO: [ app_init ] --START--
INFO: Run Behavior\BuildLiteBehavior [ RunTime:0.000014s ]
INFO: [ app_init ] --END-- [ RunTime:0.000296s ]
INFO: [ app_begin ] --START--
INFO: Run Behavior\ReadHtmlCacheBehavior [ RunTime:0.000424s ]
INFO: [ app_begin ] --END-- [ RunTime:0.000456s ]
SQL: SHOW COLUMNS FROM `su_training_tree` [ RunTime:0.0013s ]
SQL: SHOW COLUMNS FROM `su_student_training` [ RunTime:0.0011s ]
SQL: SHOW COLUMNS FROM `su_student` [ RunTime:0.0011s ]
SQL: SELECT `ttr_NodeId` FROM `su_training_tree` WHERE ( ttr_Name = '计算机科学与技术' )  [ RunTime:0.0003s ]
SQL: SELECT `ttr_NodeId` FROM `su_training_tree` WHERE ( ttr_ParentId = '5' AND ttr_Name = '2014' )  [ RunTime:0.0002s ]
SQL: SELECT `ttr_NodeId` FROM `su_training_tree` WHERE ( ttr_ParentId = '6' AND ttr_Name = '2016年下期实训' )  [ RunTime:0.0002s ]
SQL: SELECT `ttr_NodeId`,`ttr_Name` FROM `su_training_tree` WHERE ( ttr_ParentId = '13' )  [ RunTime:0.0003s ]
NOTIC: [8] Undefined variable: str C:\xampp\htdocs\SignUpSys\App\Admin\Controller\TSelectionController.class.php 第 60 行.
INFO: [ app_end ] --START--
INFO: Run Behavior\ShowPageTraceBehavior [ RunTime:0.000545s ]
INFO: [ app_end ] --END-- [ RunTime:0.000577s ]

[ 2018-05-25T17:18:03+08:00 ] 222.209.10.175 /SignUpSys/index.php/Admin/TSelection/getInfo?nodeId=19&order=asc&offset=0&limit=20
INFO: [ app_init ] --START--
INFO: Run Behavior\BuildLiteBehavior [ RunTime:0.000013s ]
INFO: [ app_init ] --END-- [ RunTime:0.000288s ]
INFO: [ app_begin ] --START--
INFO: Run Behavior\ReadHtmlCacheBehavior [ RunTime:0.000408s ]
INFO: [ app_begin ] --END-- [ RunTime:0.000439s ]
SQL: SHOW COLUMNS FROM `su_training_tree` [ RunTime:0.0014s ]
SQL: SHOW COLUMNS FROM `su_student_training` [ RunTime:0.0011s ]
SQL: SHOW COLUMNS FROM `su_student` [ RunTime:0.0011s ]
SQL: SELECT tra_StuNumber AS stu_Number FROM `su_student_training` WHERE ( tra_TrNodeId = 19 )  [ RunTime:0.0003s ]
SQL: SELECT `stu_Number`,`stu_Sex`,`stu_Name`,`stu_Grade`,`stu_Profession`,`stu_Class` FROM `su_student` WHERE (  `stu_Number` = '123' )  [ RunTime:0.0004s ]
INFO: [ app_end ] --START--
INFO: Run Behavior\ShowPageTraceBehavior [ RunTime:0.000497s ]
INFO: [ app_end ] --END-- [ RunTime:0.000533s ]

[ 2018-05-25T17:21:17+08:00 ] 222.209.10.175 /SignUpSys/index.php/Admin/Login/
INFO: [ app_init ] --START--
INFO: Run Behavior\BuildLiteBehavior [ RunTime:0.000013s ]
INFO: [ app_init ] --END-- [ RunTime:0.000314s ]
INFO: [ app_begin ] --START--
INFO: Run Behavior\ReadHtmlCacheBehavior [ RunTime:0.000491s ]
INFO: [ app_begin ] --END-- [ RunTime:0.000530s ]
SQL: SHOW COLUMNS FROM `su_manager` [ RunTime:0.0013s ]
INFO: [ view_parse ] --START--
INFO: [ template_filter ] --START--
INFO: Run Behavior\ContentReplaceBehavior [ RunTime:0.000036s ]
INFO: [ template_filter ] --END-- [ RunTime:0.000089s ]
INFO: Run Behavior\ParseTemplateBehavior [ RunTime:0.004343s ]
INFO: [ view_parse ] --END-- [ RunTime:0.004380s ]
INFO: [ view_filter ] --START--
INFO: Run Behavior\WriteHtmlCacheBehavior [ RunTime:0.000236s ]
INFO: [ view_filter ] --END-- [ RunTime:0.000266s ]
INFO: [ app_end ] --START--
INFO: Run Behavior\ShowPageTraceBehavior [ RunTime:0.000670s ]
INFO: [ app_end ] --END-- [ RunTime:0.000707s ]

[ 2018-05-25T17:21:18+08:00 ] 222.209.10.175 /SignUpSys/index.php/Admin/Login/
INFO: [ app_init ] --START--
INFO: Run Behavior\BuildLiteBehavior [ RunTime:0.000014s ]
INFO: [ app_init ] --END-- [ RunTime:0.000295s ]
INFO: [ app_begin ] --START--
INFO: Run Behavior\ReadHtmlCacheBehavior [ RunTime:0.000513s ]
INFO: [ app_begin ] --END-- [ RunTime:0.000553s ]
SQL: SHOW COLUMNS FROM `su_manager` [ RunTime:0.0013s ]
INFO: [ view_parse ] --START--
INFO: [ template_filter ] --START--
INFO: Run Behavior\ContentReplaceBehavior [ RunTime:0.000035s ]
INFO: [ template_filter ] --END-- [ RunTime:0.000078s ]
INFO: Run Behavior\ParseTemplateBehavior [ RunTime:0.004159s ]
INFO: [ view_parse ] --END-- [ RunTime:0.004195s ]
INFO: [ view_filter ] --START--
INFO: Run Behavior\WriteHtmlCacheBehavior [ RunTime:0.000181s ]
INFO: [ view_filter ] --END-- [ RunTime:0.000211s ]
INFO: [ app_end ] --START--
INFO: Run Behavior\ShowPageTraceBehavior [ RunTime:0.000466s ]
INFO: [ app_end ] --END-- [ RunTime:0.000498s ]

[ 2018-05-25T17:21:25+08:00 ] 222.209.10.175 /SignUpSys/index.php/Admin/Login/doLogin
INFO: [ app_init ] --START--
INFO: Run Behavior\BuildLiteBehavior [ RunTime:0.000014s ]
INFO: [ app_init ] --END-- [ RunTime:0.000317s ]
INFO: [ app_begin ] --START--
INFO: Run Behavior\ReadHtmlCacheBehavior [ RunTime:0.000477s ]
INFO: [ app_begin ] --END-- [ RunTime:0.000516s ]
SQL: SHOW COLUMNS FROM `su_manager` [ RunTime:0.0014s ]
SQL: SELECT `mg_Id` FROM `su_manager` WHERE `mg_Name` = 'admin' AND `mg_Password` = 'sx654321' LIMIT 1   [ RunTime:0.0003s ]
INFO: [ view_parse ] --START--
INFO: [ template_filter ] --START--
INFO: Run Behavior\ContentReplaceBehavior [ RunTime:0.000031s ]
INFO: [ template_filter ] --END-- [ RunTime:0.000066s ]
INFO: Run Behavior\ParseTemplateBehavior [ RunTime:0.004226s ]
INFO: [ view_parse ] --END-- [ RunTime:0.004263s ]
INFO: [ view_filter ] --START--
INFO: Run Behavior\WriteHtmlCacheBehavior [ RunTime:0.000232s ]
INFO: [ view_filter ] --END-- [ RunTime:0.000263s ]
INFO: [ app_end ] --START--
INFO: Run Behavior\ShowPageTraceBehavior [ RunTime:0.000520s ]
INFO: [ app_end ] --END-- [ RunTime:0.000553s ]

[ 2018-05-25T17:21:26+08:00 ] 222.209.10.175 /SignUpSys/index.php/Admin/Student/index.html
INFO: [ app_init ] --START--
INFO: Run Behavior\BuildLiteBehavior [ RunTime:0.000014s ]
INFO: [ app_init ] --END-- [ RunTime:0.000288s ]
INFO: [ app_begin ] --START--
INFO: Run Behavior\ReadHtmlCacheBehavior [ RunTime:0.000408s ]
INFO: [ app_begin ] --END-- [ RunTime:0.000446s ]
SQL: SHOW COLUMNS FROM `su_student` [ RunTime:0.0014s ]
SQL: SHOW COLUMNS FROM `su_student_choice` [ RunTime:0.0011s ]
SQL: SHOW COLUMNS FROM `su_student_training` [ RunTime:0.0010s ]
SQL: SHOW COLUMNS FROM `su_course_tree` [ RunTime:0.0011s ]
SQL: SHOW COLUMNS FROM `su_training_tree` [ RunTime:0.0011s ]
SQL: SELECT DISTINCT stu_Grade FROM `su_student`  [ RunTime:0.0006s ]
NOTIC: [8] Undefined variable: str C:\xampp\htdocs\SignUpSys\App\Admin\Controller\StudentController.class.php 第 42 行.
INFO: [ view_parse ] --START--
INFO: [ template_filter ] --START--
INFO: Run Behavior\ContentReplaceBehavior [ RunTime:0.000108s ]
INFO: [ template_filter ] --END-- [ RunTime:0.000148s ]
INFO: Run Behavior\ParseTemplateBehavior [ RunTime:0.005381s ]
INFO: [ view_parse ] --END-- [ RunTime:0.005418s ]
INFO: [ view_filter ] --START--
INFO: Run Behavior\WriteHtmlCacheBehavior [ RunTime:0.000187s ]
INFO: [ view_filter ] --END-- [ RunTime:0.000215s ]
INFO: [ app_end ] --START--
INFO: Run Behavior\ShowPageTraceBehavior [ RunTime:0.000477s ]
INFO: [ app_end ] --END-- [ RunTime:0.000511s ]

[ 2018-05-25T17:21:26+08:00 ] 222.209.10.175 /SignUpSys/index.php/Admin/Student/getAllStudentInfo?order=asc&offset=0&limit=20
INFO: [ app_init ] --START--
INFO: Run Behavior\BuildLiteBehavior [ RunTime:0.000029s ]
INFO: [ app_init ] --END-- [ RunTime:0.000434s ]
INFO: [ app_begin ] --START--
INFO: Run Behavior\ReadHtmlCacheBehavior [ RunTime:0.000409s ]
INFO: [ app_begin ] --END-- [ RunTime:0.000440s ]
SQL: SHOW COLUMNS FROM `su_student` [ RunTime:0.0015s ]
SQL: SHOW COLUMNS FROM `su_student_choice` [ RunTime:0.0015s ]
SQL: SHOW COLUMNS FROM `su_student_training` [ RunTime:0.0011s ]
SQL: SHOW COLUMNS FROM `su_course_tree` [ RunTime:0.0012s ]
SQL: SHOW COLUMNS FROM `su_training_tree` [ RunTime:0.0014s ]
SQL: SELECT `stu_Number`,`stu_Name`,`stu_Sex`,`stu_Grade`,`stu_Profession`,`stu_Class` FROM `su_student`  [ RunTime:0.0032s ]
INFO: [ app_end ] --START--
INFO: Run Behavior\ShowPageTraceBehavior [ RunTime:0.000560s ]
INFO: [ app_end ] --END-- [ RunTime:0.000600s ]

[ 2018-05-25T17:21:47+08:00 ] 222.209.10.175 /SignUpSys/index.php/Admin/Student/detail?stu_Number=123
INFO: [ app_init ] --START--
INFO: Run Behavior\BuildLiteBehavior [ RunTime:0.000013s ]
INFO: [ app_init ] --END-- [ RunTime:0.000284s ]
INFO: [ app_begin ] --START--
INFO: Run Behavior\ReadHtmlCacheBehavior [ RunTime:0.000405s ]
INFO: [ app_begin ] --END-- [ RunTime:0.000440s ]
SQL: SHOW COLUMNS FROM `su_student` [ RunTime:0.0015s ]
SQL: SHOW COLUMNS FROM `su_student_choice` [ RunTime:0.0011s ]
SQL: SHOW COLUMNS FROM `su_student_training` [ RunTime:0.0010s ]
SQL: SHOW COLUMNS FROM `su_course_tree` [ RunTime:0.0013s ]
SQL: SHOW COLUMNS FROM `su_training_tree` [ RunTime:0.0011s ]
SQL: SELECT `stu_Name`,`stu_Sex`,`stu_Grade`,`stu_Profession`,`stu_Class`,`stu_IsChange` FROM `su_student` WHERE `stu_Number` = 123  [ RunTime:0.0003s ]
SQL: SELECT ch_TrNodeId AS ctr_NodeId FROM `su_student_choice` WHERE ( ch_StuNumber = 123 )  [ RunTime:0.0002s ]
SQL: SELECT tra_TrNodeId AS ttr_NodeId FROM `su_student_training` WHERE ( tra_StuNumber = 123 )  [ RunTime:0.0003s ]
SQL: SELECT `ttr_NodeId`,`ttr_Name`,`ttr_Limit` FROM `su_training_tree` WHERE (  `ttr_NodeId` = '19' )  [ RunTime:0.0002s ]
SQL: SELECT COUNT(tra_StuNumber) AS count FROM `su_student_training` WHERE ( tra_TrNodeId = 19 )  [ RunTime:0.0002s ]
NOTIC: [8] Undefined variable: str C:\xampp\htdocs\SignUpSys\App\Admin\Controller\StudentController.class.php 第 205 行.
INFO: [ view_parse ] --START--
INFO: [ template_filter ] --START--
INFO: Run Behavior\ContentReplaceBehavior [ RunTime:0.000043s ]
INFO: [ template_filter ] --END-- [ RunTime:0.000080s ]
INFO: Run Behavior\ParseTemplateBehavior [ RunTime:0.004176s ]
INFO: [ view_parse ] --END-- [ RunTime:0.004213s ]
INFO: [ view_filter ] --START--
INFO: Run Behavior\WriteHtmlCacheBehavior [ RunTime:0.000183s ]
INFO: [ view_filter ] --END-- [ RunTime:0.000212s ]
INFO: [ app_end ] --START--
INFO: Run Behavior\ShowPageTraceBehavior [ RunTime:0.000468s ]
INFO: [ app_end ] --END-- [ RunTime:0.000499s ]

[ 2018-05-25T17:21:51+08:00 ] 222.209.10.175 /SignUpSys/index.php/Admin/Student/detail?stu_Number=12345
INFO: [ app_init ] --START--
INFO: Run Behavior\BuildLiteBehavior [ RunTime:0.000013s ]
INFO: [ app_init ] --END-- [ RunTime:0.000288s ]
INFO: [ app_begin ] --START--
INFO: Run Behavior\ReadHtmlCacheBehavior [ RunTime:0.000427s ]
INFO: [ app_begin ] --END-- [ RunTime:0.000462s ]
SQL: SHOW COLUMNS FROM `su_student` [ RunTime:0.0013s ]
SQL: SHOW COLUMNS FROM `su_student_choice` [ RunTime:0.0011s ]
SQL: SHOW COLUMNS FROM `su_student_training` [ RunTime:0.0010s ]
SQL: SHOW COLUMNS FROM `su_course_tree` [ RunTime:0.0011s ]
SQL: SHOW COLUMNS FROM `su_training_tree` [ RunTime:0.0011s ]
SQL: SELECT `stu_Name`,`stu_Sex`,`stu_Grade`,`stu_Profession`,`stu_Class`,`stu_IsChange` FROM `su_student` WHERE `stu_Number` = 12345  [ RunTime:0.0003s ]
SQL: SELECT ch_TrNodeId AS ctr_NodeId FROM `su_student_choice` WHERE ( ch_StuNumber = 12345 )  [ RunTime:0.0002s ]
SQL: SELECT tra_TrNodeId AS ttr_NodeId FROM `su_student_training` WHERE ( tra_StuNumber = 12345 )  [ RunTime:0.0002s ]
INFO: [ view_parse ] --START--
INFO: [ template_filter ] --START--
INFO: Run Behavior\ContentReplaceBehavior [ RunTime:0.000043s ]
INFO: [ template_filter ] --END-- [ RunTime:0.000081s ]
INFO: Run Behavior\ParseTemplateBehavior [ RunTime:0.004179s ]
INFO: [ view_parse ] --END-- [ RunTime:0.004214s ]
INFO: [ view_filter ] --START--
INFO: Run Behavior\WriteHtmlCacheBehavior [ RunTime:0.000191s ]
INFO: [ view_filter ] --END-- [ RunTime:0.000222s ]
INFO: [ app_end ] --START--
INFO: Run Behavior\ShowPageTraceBehavior [ RunTime:0.000453s ]
INFO: [ app_end ] --END-- [ RunTime:0.000483s ]

[ 2018-05-25T17:21:53+08:00 ] 222.209.10.175 /SignUpSys/index.php/Admin/Student/detail?stu_Number=1410501102
INFO: [ app_init ] --START--
INFO: Run Behavior\BuildLiteBehavior [ RunTime:0.000013s ]
INFO: [ app_init ] --END-- [ RunTime:0.000300s ]
INFO: [ app_begin ] --START--
INFO: Run Behavior\ReadHtmlCacheBehavior [ RunTime:0.000417s ]
INFO: [ app_begin ] --END-- [ RunTime:0.000453s ]
SQL: SHOW COLUMNS FROM `su_student` [ RunTime:0.0014s ]
SQL: SHOW COLUMNS FROM `su_student_choice` [ RunTime:0.0011s ]
SQL: SHOW COLUMNS FROM `su_student_training` [ RunTime:0.0012s ]
SQL: SHOW COLUMNS FROM `su_course_tree` [ RunTime:0.0012s ]
SQL: SHOW COLUMNS FROM `su_training_tree` [ RunTime:0.0011s ]
SQL: SELECT `stu_Name`,`stu_Sex`,`stu_Grade`,`stu_Profession`,`stu_Class`,`stu_IsChange` FROM `su_student` WHERE `stu_Number` = 1410501102  [ RunTime:0.0003s ]
SQL: SELECT ch_TrNodeId AS ctr_NodeId FROM `su_student_choice` WHERE ( ch_StuNumber = 1410501102 )  [ RunTime:0.0002s ]
SQL: SELECT tra_TrNodeId AS ttr_NodeId FROM `su_student_training` WHERE ( tra_StuNumber = 1410501102 )  [ RunTime:0.0002s ]
INFO: [ view_parse ] --START--
INFO: [ template_filter ] --START--
INFO: Run Behavior\ContentReplaceBehavior [ RunTime:0.000042s ]
INFO: [ template_filter ] --END-- [ RunTime:0.000079s ]
INFO: Run Behavior\ParseTemplateBehavior [ RunTime:0.004303s ]
INFO: [ view_parse ] --END-- [ RunTime:0.004339s ]
INFO: [ view_filter ] --START--
INFO: Run Behavior\WriteHtmlCacheBehavior [ RunTime:0.000194s ]
INFO: [ view_filter ] --END-- [ RunTime:0.000225s ]
INFO: [ app_end ] --START--
INFO: Run Behavior\ShowPageTraceBehavior [ RunTime:0.000457s ]
INFO: [ app_end ] --END-- [ RunTime:0.000488s ]

[ 2018-05-25T17:22:01+08:00 ] 222.209.10.175 /SignUpSys/index.php/Admin/Student/detail?stu_Number=1410501115
INFO: [ app_init ] --START--
INFO: Run Behavior\BuildLiteBehavior [ RunTime:0.000014s ]
INFO: [ app_init ] --END-- [ RunTime:0.000292s ]
INFO: [ app_begin ] --START--
INFO: Run Behavior\ReadHtmlCacheBehavior [ RunTime:0.000424s ]
INFO: [ app_begin ] --END-- [ RunTime:0.000460s ]
SQL: SHOW COLUMNS FROM `su_student` [ RunTime:0.0015s ]
SQL: SHOW COLUMNS FROM `su_student_choice` [ RunTime:0.0011s ]
SQL: SHOW COLUMNS FROM `su_student_training` [ RunTime:0.0012s ]
SQL: SHOW COLUMNS FROM `su_course_tree` [ RunTime:0.0011s ]
SQL: SHOW COLUMNS FROM `su_training_tree` [ RunTime:0.0011s ]
SQL: SELECT `stu_Name`,`stu_Sex`,`stu_Grade`,`stu_Profession`,`stu_Class`,`stu_IsChange` FROM `su_student` WHERE `stu_Number` = 1410501115  [ RunTime:0.0003s ]
SQL: SELECT ch_TrNodeId AS ctr_NodeId FROM `su_student_choice` WHERE ( ch_StuNumber = 1410501115 )  [ RunTime:0.0002s ]
SQL: SELECT tra_TrNodeId AS ttr_NodeId FROM `su_student_training` WHERE ( tra_StuNumber = 1410501115 )  [ RunTime:0.0002s ]
INFO: [ view_parse ] --START--
INFO: [ template_filter ] --START--
INFO: Run Behavior\ContentReplaceBehavior [ RunTime:0.000045s ]
INFO: [ template_filter ] --END-- [ RunTime:0.000082s ]
INFO: Run Behavior\ParseTemplateBehavior [ RunTime:0.004281s ]
INFO: [ view_parse ] --END-- [ RunTime:0.004318s ]
INFO: [ view_filter ] --START--
INFO: Run Behavior\WriteHtmlCacheBehavior [ RunTime:0.000308s ]
INFO: [ view_filter ] --END-- [ RunTime:0.000338s ]
INFO: [ app_end ] --START--
INFO: Run Behavior\ShowPageTraceBehavior [ RunTime:0.000584s ]
INFO: [ app_end ] --END-- [ RunTime:0.000619s ]

